859 7842 262
9159 3403 262
4107 844 238
782 3501 217
9810 1041 262
5910 9634 262
6972 3722 262
5554 2864 238
5271 1057 238
9976 2628 262
8565 3557 262
3898 2385 238
1433 5294 238
6864 9385 260
4277 654 238
2203 981 182
4223 1544 238
299 867 171
1471 4557 238
5328 2578 238
2090 490 182
7985 1742 262
3450 466 217
8746 6933 257
4942 3329 238
1768 7802 262
5486 6000 236
383 3185 217
7652 5661 262
2059 5142 238
3331 2946 199
228 7720 262
7225 2062 262
5559 8770 262
1432 8597 262
4021 3680 238
9489 6837 260
1740 4641 238
1492 76 182
8305 4908 262
6148 9907 262
6429 8662 257
2528 4077 238
1725 3953 238
9362 594 262
7016 451 262
3108 8041 262
162 9429 262
1440 6128 238
6387 3560 262
5854 7287 262
5700 4368 236
9949 547 262
3386 2925 199
9221 5312 262
9495 5489 262
7976 1182 262
297 3696 217
1696 5612 238
1605 5115 238
4449 1541 238
4891 9694 262
2044 2892 209
167 1162 182
147 5287 238
1176 3610 217
9305 9968 242
3716 4709 215
2000 4820 238
7154 8403 252
4035 6722 262
1592 904 182
9385 8799 260
4208 2172 238
5384 7138 262
7578 6004 262
9432 5127 262
6680 3256 262
7810 214 262
9642 7592 260
1583 3941 238
8526 8344 234
2053 6030 238
6155 1389 238
3180 4093 238
5695 9853 262
1346 2540 209
5665 3786 236
6917 5020 262
1199 1186 120
4188 7155 262
5552 2300 238
319 2996 217
976 2186 182
6918 7715 257
8943 1202 262
2916 3917 238
7942 225 262
3904 6939 262
7906 9009 252
4537 1894 238
7143 573 262
5904 7681 262
4210 6126 236
6173 1451 262
6164 4552 236
7117 5286 262
4804 9785 262
5335 7639 262
3645 3594 163
5684 9645 262
7785 6045 262
2659 7206 262
6503 1710 262
8811 9832 260
8812 3918 262
1552 8969 262
5685 1754 238
5372 1877 238
7054 3787 262
4113 530 238
5279 7904 262
2409 177 183
1066 5747 238
5295 3280 238
7047 3519 262
1464 7515 262
5535 1381 238
5140 5796 236
2632 7186 262
4230 9087 262
9755 377 262
7685 7547 177
1233 2951 217
9210 7060 252
4219 9784 262
9399 1748 262
8476 1552 262
8921 5280 262
5252 4586 210
6720 1432 262
4981 1860 238
736 4083 238
9737 8573 260
9042 9234 229
3887 8367 262
4493 1513 238
1608 8058 262
7377 5028 262
8072 6719 257
223 1196 182
502 6803 262
5777 9848 262
8137 2549 262
1914 7901 262
6825 5164 262
1983 3606 217
626 4705 238
1984 1973 144
4986 4063 215
2868 9682 262
3258 5109 238
9927 3460 262
5563 1792 238
8713 2937 262
4289 5707 236
153 6609 262
8925 7833 252
8494 4307 262
3199 2110 217
7896 6134 262
7986 1238 262
2934 5121 238
5346 8671 262
5096 9181 262
349 3918 238
4195 3731 189
6820 8140 257
4894 6759 262
6326 1270 262
7539 8343 252
8719 819 262
1824 9083 262
2891 8155 262
2396 8286 262
8785 1569 262
1948 202 182
8351 7986 234
2565 2116 209
205 4570 238
6088 554 238
8401 3541 262
2869 7902 262
2456 8818 262
4700 714 238
4600 3605 238
1732 5927 238
9991 3827 262
6112 2647 238
6560 6479 200
6729 2420 262
6609 2038 262
7361 7940 239
624 4551 238
8362 5771 262
5075 351 238
510 2980 217
6767 5994 262
8331 7602 252
9185 8153 247
7385 6167 262
3199 4619 238
8429 9320 260
2592 2089 209
4377 710 238
3129 142 217
5674 7650 262
5853 1465 238
7372 4248 262
1512 2253 183
6674 2317 262
2148 7483 262
9986 6515 260
5054 5993 236
2014 6886 262
2968 8998 262
325 3858 238
6048 3594 238
7557 6852 257
9803 1684 262
7122 20 262
8035 6864 257
2245 572 183
8515 1570 262
3843 7454 262
8804 4320 262
8102 1700 262
2736 2634 160
4946 2544 238
3800 245 238
5314 8924 262
9726 5742 262
5920 9749 262
3766 1200 238
1021 6896 262
9590 807 262
5529 6338 262
6150 6832 262
7784 8802 252
2179 7114 262
7551 3870 262
2148 2406 183
7787 1411 262
8356 3446 262
2554 7254 262
7939 4333 262
9479 3024 262
9277 545 262
1245 4271 238
6509 5621 262
1600 7888 262
8455 5713 262
8775 8677 216
7545 5427 262
7233 6343 257
4504 8618 262
7075 6668 257
4284 2729 238
5844 3765 236
582 5987 238
922 7951 262
6751 9728 260
5291 820 238
4787 3144 238
5715 3181 238
4443 7629 262
8118 985 262
2534 5337 238
3606 6237 262
2258 8143 262
7386 2763 262
6516 184 262
8230 9390 260
5196 1873 238
7991 9296 260
7800 1662 262
7239 49 262
6197 949 262
2483 746 209
7224 7078 195
5249 7357 262
1871 7248 262
1454 2826 209
8483 9777 260
3849 2086 238
2724 617 209
2679 8709 262
139 2514 209
1667 6037 238
9207 1767 262
8287 7994 190
2279 4712 238
5787 4079 236
744 1714 182
1841 1813 162
7627 43 262
3528 1091 217
6915 9032 257
7348 490 262
2478 8195 262
9825 7380 260
9392 9276 198
1465 1580 172
8392 7629 252
7425 2248 262
6358 9083 257
3029 7435 262
4099 3114 238
8353 6998 252
1309 1332 146
8881 6337 257
6161 965 238
8664 4857 262
7544 1772 262
3196 7132 262
6111 2597 238
4369 4454 215
5219 2223 238
382 6917 262
5412 5288 192
6930 1885 262
4486 9544 262
7362 9342 260
8547 5254 262
7613 6541 257
283 5986 238
8779 5857 262
9510 8548 260
8825 3180 262
5882 5355 236
7498 5628 262
2214 5706 238
7975 3103 262
7884 7623 221
4316 8239 262
4545 5602 236
5725 6855 262
8982 6862 257
1317 5179 238
4682 4119 215
592 7302 262
2690 2913 173
2377 1337 183
45 6976 262
619 4847 238
1451 9254 262
9997 4762 262
2464 408 209
295 9222 262
8736 2057 262
2283 3783 238
2163 5753 238
7954 8489 252
4136 5392 215
4689 7431 262
221 7589 262
2926 5490 238
1892 4992 238
6762 2278 262
3782 6739 262
2044 4782 238
9686 5764 262
3948 9422 262
8545 3329 262
3938 7506 262
9354 6328 260
969 4375 238
8359 7002 252
9012 8843 247
3981 8685 262
8954 650 262
7849 4720 262
4104 4852 215
8686 4851 262
4105 3610 238
256 9288 262
5812 3399 238
8493 9391 260
7155 6574 257
1459 5390 238
2042 3089 217
5643 7804 262
3800 2481 238
3644 3305 194
98 6298 262
4761 1706 238
4763 6864 262
1617 2862 209
1713 5404 238
3966 2676 238
9022 5301 262
5935 5076 236
6940 9991 260
5320 7523 262
2770 6768 262
9980 7958 260
8530 5459 262
7527 4050 262
5004 713 238
602 6989 262
7955 6334 257
2174 3597 217
6196 9534 260
419 8825 262
8643 4909 262
6772 1341 262
1776 4759 238
987 1933 182
6563 3886 262
3490 9842 262
6307 6363 200
1711 3012 217
9286 1877 262
976 2529 209
6337 2494 262
2537 7326 262
2175 2170 139
6977 5716 262
3981 7258 262
5331 4372 215
1080 6415 262
830 7844 262
821 2614 209
3618 2264 217
6323 7111 257
8465 1908 262
6791 9957 260
7535 982 262
6772 35 262
681 1700 182
3332 5342 238
6762 5168 262
9999 8069 260
7777 9916 260
4181 5710 236
9287 7985 260
8805 9347 260
5877 7344 262
2600 814 209
7258 8864 252
2519 607 209
9017 6345 257
7228 5486 262
229 5898 238
149 1703 182
2410 6510 262
4394 3753 215
6586 3407 262
6269 6707 244
7557 789 262
457 3246 217
5570 3324 238
9437 1421 262
8373 4510 262
892 8112 262
3971 3097 238
5682 1888 238
4972 2639 238
6248 8020 257
6664 2095 262
7230 617 262
9299 2727 262
6686 5402 262
4320 8923 262
8747 786 262
3158 9522 262
6634 1504 262
3512 7946 262
1704 8261 262
6455 3708 262
1349 6426 262
3115 2940 186
3285 3231 168
3378 7814 262
5520 8855 262
3644 4894 238
8428 5986 262
2179 2915 209
7653 8870 252
3296 4706 238
5382 5000 192
5859 762 238
2464 1121 209
3424 1291 217
8289 4230 262
6869 61 262
2135 2485 209
137 8502 262
9456 1329 262
7016 3109 262
1782 8201 262
8978 704 262
2834 4142 238
1535 3484 217
2256 9827 262
7709 1124 262
9558 5201 262
9758 2521 262
121 9937 262
8484 7272 252
8903 9177 247
5064 6390 262
8992 7263 252
8733 6530 257
5538 9392 262
2920 128 217
4743 8730 262
8217 6451 257
9642 2797 262
8312 473 262
7239 6697 257
3099 9654 262
8246 2832 262
9982 5805 262
7188 2686 262
1851 613 182
3697 1471 217
8761 258 262
9747 7978 260
859 5412 238
9022 4499 262
5424 9435 262
8428 8740 203
3580 6525 262
3797 5717 236
3995 7385 262
6387 9577 260
5517 6695 262
2606 2700 191
3733 7971 262
1768 8922 262
924 1750 182
7292 1590 262
3331 7928 262
9230 5815 262
9933 7641 260
5644 2693 238
6247 9389 260
2532 5371 238
5263 1453 238
3591 1672 217
2585 4624 238
3198 3535 181
449 7139 262
4105 7955 262
6835 1491 262
4302 5325 215
6604 1789 262
719 6111 238
1103 3191 217
6746 5166 262
9709 4044 262
1791 2554 209
5100 4151 215
2634 18 209
6971 1431 262
2458 7999 262
2291 311 183
8070 3734 262
5913 7975 262
8415 5804 262
5313 6169 236
8405 7665 252
2689 8716 262
3299 2066 217
6443 4605 262
9038 7 262
1793 4800 238
3646 2414 217
9491 3255 262
9696 1425 262
957 3288 217
8815 6627 257
3090 3181 199
2177 5314 238
7890 4230 262
8871 2739 262
8431 6390 257
276 4126 238
5191 6708 262
6459 474 262
9265 9718 198
2999 4559 238
4840 396 238
3788 9847 262
2385 53 183
2930 1788 217
6089 7332 262
5530 7746 262
3406 223 217
828 4917 238
8926 3394 262
9262 5697 262
9122 5645 262
5689 8822 262
114 674 145
8620 134 262
4620 5135 210
7567 182 262
5433 9568 262
2643 3770 238
6806 5352 262
318 7047 262
2239 7215 262
1113 3290 217
5667 1486 238
7115 2673 262
5904 1728 238
890 351 179
4300 8195 262
4204 7400 262
5045 7948 262
4711 8284 262
4478 190 238
583 9567 262
9313 604 262
9358 1602 262
8891 6071 262
2202 2054 170
9080 933 262
7971 8755 234
5577 821 238
1320 231 182
1559 9778 262
8009 699 262
5751 3523 238
7992 4682 262
7248 1088 262
5310 29 238
1554 4526 238
19 5610 238
9815 3582 262
2796 1380 209
6455 6576 213
5042 7441 262
4344 300 238
3411 5887 238
7136 7619 239
5539 9127 262
750 6151 238
341 8756 262
3833 8505 262
6313 4306 262
6229 9312 260
6615 9803 260
4328 7039 262
1311 6753 262
2730 9458 262
6086 8145 262
5875 1014 238
4720 1300 238
6667 1932 262
7030 2902 262
195 3750 238
3564 6885 262
2382 1222 183
8273 9642 260
8299 6555 257
1359 2496 209
1914 7689 262
6189 3047 262
3479 1863 217
5016 446 238
7624 3035 262
9984 8417 260
6965 2936 262
2877 1892 209
8376 6620 257
6778 2893 262
6485 5059 262
1143 414 179
8070 7486 252
6551 2354 262
5412 9011 262
7338 649 262
6629 8978 257
4915 371 238
4804 702 238
9539 5204 262
6760 1565 262
8467 384 262
6738 4845 262
7553 963 262
3027 8105 262
679 6694 262
8721 683 262
1942 1258 180
4732 6338 262
776 5700 238
2978 1925 217
3933 4448 215
9470 4034 262
4922 4552 197
5955 4684 236
7566 5950 262
9108 9917 260
3661 4927 238
3754 3530 238
9865 2410 262
693 5348 238
2223 8604 262
8937 2673 262
8275 6692 257
2477 6543 262
5040 1728 238
5153 4054 215
231 8952 262
5261 2432 238
6046 4685 236
1885 7832 262
1229 3303 217
9931 4317 262
3182 2645 217
5508 1230 238
3950 4749 215
9585 6835 260
5726 890 238
7238 1827 262
356 2961 217
7462 6045 262
7375 9289 260
9013 1016 262
8846 5263 262
2511 8545 262
7049 4374 262
4067 3130 238
2570 12 209
1404 8652 262
884 5501 238
9183 9733 260
251 9407 262
2948 6949 262
2008 3084 217
5342 7675 262
2270 3988 238
9560 3265 262
5249 6762 262
5313 2512 238
3570 3619 163
7814 6326 257
7305 324 262
2277 2099 183
2080 5125 238
9438 5714 262
4282 5617 236
3172 7159 262
1103 9703 262
6325 454 262
4087 9335 262
1386 1881 180
5217 6593 262
3654 2281 217
3905 9043 262
3439 8029 262
762 5887 238
7501 494 262
509 573 137
5866 7217 262
9351 2201 262
1367 7252 262
9272 7988 260
979 8026 262
1985 1229 180
225 2606 209
4298 8040 262
2155 2277 183
9302 906 262
1305 4949 238
3969 4677 215
2394 5300 238
8580 3470 262
2082 5475 238
3479 7625 262
1077 8508 262
3395 834 217
8247 957 262
4777 5132 210
6129 3562 238
818 4262 238
9051 3878 262
3185 730 217
2342 144 183
1633 5384 238
9390 9315 198
909 2324 183
2728 800 209
1404 6568 262
9848 8322 260
4083 7351 262
3053 9534 262
5146 5384 192
3291 456 217
2222 318 182
2675 2628 191
6295 8486 257
8469 563 262
7820 3261 262
8811 3842 262
4707 1479 238
5573 860 238
9274 6284 260
2075 7938 262
8361 5888 262
9301 7353 260
9831 9758 198
4620 4424 184
3162 9709 262
1669 9570 262
8885 6290 257
1218 3046 217
8027 3271 262
5621 5874 218
806 3144 217
8547 4179 262
8204 516 262
8784 4729 262
5117 3472 238
7429 9771 260
7937 1205 262
912 6782 262
9187 2899 262
3486 6998 262
816 961 179
4124 1742 238
1126 9860 262
9318 6433 260
9996 6437 260
5579 5736 205
2472 5417 238
9547 4611 262
6251 7956 257
7852 2508 262
7031 8067 252
1296 4466 238
4359 135 238
5881 6064 187
7645 1763 262
1921 7048 262
6729 9143 257
9463 6166 262
9202 4266 262
3301 3347 181
1309 2304 183
8035 5752 262
6877 5129 262
3691 1287 217
5832 4868 236
9079 5447 262
954 1584 182
3175 8249 262
9344 8443 260
1942 3969 238
7963 1287 262
9114 8590 247
969 6813 262
3573 1821 217
6587 3219 262
1856 287 182
2148 2623 209
1618 6305 262
5023 6688 262
4739 8450 262
7594 7662 177
2278 6077 238
3014 9107 262
8433 4486 262
2799 6707 262
5962 5106 236
4393 2291 238
2778 9272 262
5078 7067 262
2602 8252 262
9070 3439 262
5273 4858 210
9531 7651 260
4189 1324 238
7080 3827 262
6397 7671 257
1886 7044 262
8140 5731 262
6686 1676 262
2561 655 209
5191 8904 262
2500 459 209
3296 6333 262
3043 2795 217
2534 9026 262
7974 6878 257
4408 4925 197
7757 4782 262
8507 2829 262
762 4599 238
9213 5321 262
2031 6494 262
4342 2209 238
1806 5603 238
8402 3236 262
9648 9814 198
3707 7993 262
5443 9760 262
7117 5739 262
2708 8584 262
2535 7216 262
48 967 179
1359 3736 238
6545 4592 262
8429 205 262
4016 6683 262
9577 545 262
3111 730 217
5907 5568 218
4827 1607 238
2692 9372 262
9019 9389 260
9926 4354 262
762 2051 182
4873 774 238
7747 4907 262
8937 6214 257
9918 8579 260
9508 4180 262
3120 4373 238
7984 7768 252
4502 9950 262
2451 5221 238
2308 8796 262
5813 8557 262
7966 3211 262
3421 9635 262
7020 7832 239
75 2251 183
6923 3587 262
6061 8818 262
4505 9338 262
2290 1134 183
2935 9297 262
7234 4148 262
1412 9395 262
3332 4369 238
6757 2487 262
4955 2848 238
6895 6231 244
315 6065 238
6904 6486 244
4744 9276 262
7638 1267 262
8889 8274 234
9167 7066 252
5199 8166 262
740 4869 238
1276 1235 177
2249 6862 262
170 820 171
6112 8357 262
3067 2551 217
452 9029 262
474 613 142
2721 509 209
2366 4773 238
9444 1078 262
8815 9146 247
3490 110 217
1780 2468 209
8248 1222 262
4550 2487 238
3078 2599 217
4701 1086 238
940 2877 209
4139 541 238
751 9381 262
8102 4969 262
2999 4389 238
3341 3392 181
7912 5008 262
7115 3415 262
7294 5435 262
8804 1260 262
4305 883 238
1466 2110 180
1339 7380 262
8118 4502 262
7462 1265 262
7606 5136 262
5536 8249 262
7011 5840 262
4455 9937 262
2562 1728 209
57 7920 262
8406 272 262
5656 1496 238
