4382 2357 238
2339 289 183
4109 2280 238
16 2123 182
4810 729 238
3456 2287 217
9 2410 183
347 2210 182
2287 3637 217
3325 3856 238
1709 3817 238
3098 3470 199
3031 4411 238
2265 2240 139
3137 4253 238
46 3391 217
85 3758 238
4380 3302 238
183 4579 238
749 2626 209
153 743 171
4247 2919 238
183 1364 182
4294 4589 215
1131 4832 238
4054 2387 238
3469 375 217
1549 829 182
4280 4786 215
4363 2340 238
2067 2991 217
2571 4481 238
25 211 125
934 2866 209
4795 1450 238
2056 2974 217
104 3640 217
1228 1299 177
2493 1434 209
1699 2049 180
1557 2073 180
1432 4603 238
1840 4657 238
1048 3398 217
2198 3437 217
4961 2150 238
3811 2116 238
717 406 171
258 2491 209
2731 1673 209
2573 2922 217
496 3312 217
1297 4191 238
3180 4226 238
3408 3051 199
4857 2549 238
318 370 144
3721 1110 238
4061 3866 189
4481 2797 238
4991 1310 238
149 3668 217
2537 3977 238
1976 3519 217
62 1522 182
56 1541 182
2638 4274 238
1721 3754 238
3147 3320 199
2025 1495 180
4193 1044 238
2305 2873 209
2360 2966 217
638 81 144
661 798 171
3828 4998 215
1221 2757 209
3030 2670 217
2061 1382 180
2112 3310 217
968 4555 238
1516 689 182
3209 1519 217
2724 3812 238
1019 1821 182
1269 1898 180
2743 3921 238
1343 1326 146
4990 633 238
3781 3576 238
4805 616 238
3609 487 217
2070 290 182
2284 2030 183
461 313 144
3414 2410 217
1615 3820 238
1035 1365 182
533 3278 217
4335 3722 202
994 247 179
2424 2485 209
1423 638 182
3183 1552 217
4422 61 238
635 2670 209
3344 3803 238
445 285 144
4052 3419 238
3195 4971 238
1327 4917 238
2267 3673 217
906 4163 238
4949 2045 238
3436 2058 217
1778 1912 175
80 3485 217
443 3649 217
4523 2861 238
1437 2676 209
2729 2556 191
2002 1502 180
1105 2067 182
4961 2246 238
4120 1094 238
4886 887 238
1772 338 182
3363 1000 217
986 1758 182
1348 2429 183
184 200 120
2304 1261 183
2419 3559 217
2231 1320 183
1049 1722 182
1741 3485 217
4731 1683 238
277 2072 182
924 2798 209
4517 1264 238
1532 2407 183
3359 184 217
4999 1434 238
601 977 179
4997 4827 210
3273 639 217
265 1678 182
846 2593 209
4955 2925 238
3015 3805 238
3563 4938 238
4199 1971 238
533 854 171
4006 3635 238
4474 4110 215
2607 3869 238
2451 4749 238
2789 1337 209
3798 4576 215
4426 821 238
4937 1863 238
917 415 179
679 94 145
1083 2555 209
991 4367 238
4337 3250 238
4515 2647 238
3981 3895 189
1531 3444 217
4415 2559 238
943 194 179
2470 2749 191
4479 1916 238
2407 3638 217
2903 1365 209
1188 781 182
3148 989 217
1804 132 182
3926 2001 238
183 3505 217
781 2329 183
3763 1067 238
4655 3 238
1079 4422 238
2941 2585 217
3810 4809 215
1126 1287 182
3064 2652 217
4837 4913 179
3128 2822 217
2282 1523 183
2008 4060 238
1700 4448 238
3740 4011 189
987 1428 182
212 2065 182
1027 4533 238
519 1171 182
244 2042 182
1708 2849 209
2043 2834 209
4071 1306 238
332 4999 238
3834 4907 215
167 1047 179
4289 1634 238
4297 2748 238
4622 4183 215
3638 766 217
3914 2751 238
3968 4284 202
170 1623 182
1451 3025 217
2307 1972 183
4481 3601 238
1354 3866 238
3808 638 238
1395 4657 238
3593 465 217
4542 1720 238
1879 1564 180
387 3265 217
3036 1521 217
3334 1368 217
4042 315 238
984 2605 209
3991 956 238
1541 4896 238
4375 1952 238
2920 2417 217
3713 3564 238
425 2439 183
4898 2715 238
366 2084 182
2677 4518 238
1362 1835 180
3917 1921 238
4642 159 238
4226 961 238
2327 2599 209
1401 2280 183
2950 2824 217
4665 4243 215
2841 3079 217
4565 853 238
651 3864 238
1249 4904 238
4251 3823 202
3501 1005 217
1575 2184 180
3796 4349 202
2776 962 209
699 3934 238
40 4049 238
2234 1062 183
2891 3273 217
4659 3990 215
953 2471 209
4566 4625 171
4797 3016 238
309 2826 209
4727 3059 238
4089 2303 238
2582 1828 209
892 456 179
1763 4921 238
4820 1229 238
1280 3605 217
2097 2325 183
4508 3932 215
1334 4828 238
2053 4755 238
1639 772 182
1180 1741 180
197 715 171
3762 4023 189
2953 2682 217
2498 4202 238
4424 3478 238
1216 3458 217
4037 4044 145
3979 889 238
3650 2870 217
4304 2464 238
3556 1744 217
502 4787 238
2033 1104 182
3696 2281 217
2110 3652 217
2535 4343 238
2974 729 217
991 1711 182
1412 3863 238
1408 4329 238
3103 713 217
1911 778 182
3435 3685 194
3607 4574 238
4522 3278 238
2776 81 209
838 1047 179
193 3087 217
1556 292 182
3208 3649 194
4280 2279 238
2642 2980 217
2773 4809 238
3180 4801 238
4411 2932 238
1409 180 182
1873 140 182
4240 3804 202
3928 2278 238
2232 1136 183
819 1581 182
3280 2678 217
2324 4042 238
785 1761 182
52 633 144
2732 1112 209
3839 2793 238
1470 2396 183
1422 3989 238
4916 3929 215
3053 1693 217
4998 3608 238
1218 2551 209
4425 145 238
4876 2238 238
2770 3045 217
3078 1374 217
2794 2214 209
1303 12 182
3181 22 217
2054 1710 180
3924 3165 238
4984 4897 210
3312 3608 194
2312 2902 209
2882 3564 217
3897 662 238
3817 3302 238
866 1328 182
3833 111 238
4437 3088 238
6 3561 217
1991 4370 238
1351 2924 217
295 3343 217
2829 451 209
422 2399 183
3733 2185 238
2980 3186 199
2010 2624 209
4185 172 238
1611 2343 183
3434 864 217
1209 4844 238
2223 2820 209
2399 776 183
3445 613 217
3600 1720 217
1499 2508 209
4501 1442 238
4734 1807 238
1392 3036 217
1262 3177 217
1286 1084 182
2064 4396 238
839 4986 238
3712 589 238
850 4388 238
4829 940 238
3090 4544 238
1644 183 182
122 1015 179
2488 4540 238
4209 4948 215
1419 2083 180
1147 1557 182
1268 907 182
2807 2079 209
1388 3949 238
1050 2492 209
3914 314 238
3322 395 217
1481 225 182
3139 3209 199
3034 3083 155
1090 2592 209
1086 3654 217
130 4538 238
1834 2472 209
4976 4217 215
233 321 131
1546 1958 180
144 132 104
3841 4365 202
1355 4853 238
4431 3021 238
3348 3090 199
858 2747 209
2561 2200 209
4771 1220 238
3583 3233 194
4412 2436 238
3729 1974 238
634 1961 182
3104 1167 217
2281 3843 238
749 649 171
3505 1680 217
1259 1033 182
408 2799 209
832 1769 182
184 2700 209
4057 1338 238
4903 3744 215
4954 4362 215
3464 1224 217
3108 3549 199
711 2418 183
2153 1703 180
1457 1636 172
2939 567 217
3792 325 238
4321 4458 215
4052 788 238
376 4703 238
971 1386 182
3813 3337 238
4428 1589 238
1016 2420 183
2259 219 183
1019 4131 238
181 1232 182
3920 4239 202
4346 4185 202
1563 545 182
4651 2209 238
3353 1659 217
392 4621 238
4874 3480 238
2663 441 209
941 3618 217
1195 2358 183
4259 2086 238
854 1356 182
1639 3622 217
4630 3396 238
2539 4784 238
4900 705 238
2754 4800 238
3554 4249 238
3051 4048 238
3992 936 238
4604 1489 238
2355 3642 217
1441 270 182
2520 2169 209
4841 1875 238
2007 3519 217
894 5 179
236 993 179
4383 1874 238
3865 1159 238
3511 3045 199
4216 1892 238
346 2452 183
2603 117 209
115 3108 217
758 4724 238
565 1519 182
3299 3101 199
862 1788 182
1767 2559 209
4443 2191 238
3057 1800 217
167 4128 238
1203 4926 238
2133 4129 238
1142 3079 217
3290 1816 217
2772 3769 238
847 222 171
840 2389 183
277 3484 217
4435 1849 238
2109 66 182
3573 1795 217
3746 3777 176
933 1596 182
1175 676 182
2456 797 183
4247 4083 202
2717 55 209
1357 246 182
2618 565 209
3840 1851 238
1960 1141 182
3350 3088 199
3045 91 217
3128 3019 186
4605 1960 238
428 22 144
1516 1032 182
914 2760 209
1021 4880 238
3880 1958 238
2695 1139 209
2755 2931 217
3541 1574 217
3208 4539 238
3336 2861 217
3378 4591 238
2752 1202 209
4275 448 238
2883 837 209
3554 1974 217
2353 930 183
4669 3148 238
4960 1139 238
1458 570 182
3185 3925 238
3405 2248 217
4376 1230 238
99 79 119
3823 4388 215
4509 4015 215
3557 4029 238
87 3613 217
1236 2099 180
19 3869 238
614 4147 238
3961 345 238
4266 348 238
313 3951 238
2940 657 217
47 480 144
506 4973 238
2311 2802 209
1770 2520 209
2122 2465 209
1985 1128 182
4798 194 238
3242 2356 217
2400 4736 238
3254 4760 238
1034 3547 217
1286 482 182
4557 1985 238
514 318 144
4279 1258 238
2084 133 182
3313 2825 217
1336 3078 217
2891 3230 217
4094 4552 215
2214 2507 209
753 4346 238
249 26 128
1149 2346 183
1515 3956 238
393 4900 238
4665 2680 238
102 4281 238
4231 3906 189
1205 2915 209
3288 492 217
2946 2329 217
1798 3008 217
2145 1230 180
379 775 171
4726 3160 238
2162 3220 217
2177 2513 209
4879 3600 238
3866 610 238
1955 1609 180
1974 382 182
3962 326 238
477 1688 182
2756 438 209
1893 3914 238
238 2322 183
2571 1791 209
2130 4952 238
2008 1310 180
692 191 145
1739 3766 238
4214 12 238
2553 1357 209
3919 3051 238
3963 2691 238
3187 125 217
2820 2779 173
2848 2585 191
1493 2854 209
3156 311 217
4076 3790 189
4794 395 238
182 4932 238
4856 2927 238
1913 3915 238
1641 335 182
1092 1691 182
2890 3378 217
1085 2461 183
2992 2107 217
1199 241 182
2863 123 209
415 1494 182
1406 3757 238
2857 935 209
2826 296 209
1197 1481 177
46 2726 209
3395 3192 181
4875 1658 238
103 3775 238
974 659 179
2213 1037 182
3901 3223 238
4359 1259 238
4864 1094 238
4054 2335 238
1798 4656 238
1744 162 182
2854 2097 209
1582 4836 238
2542 1486 209
4209 4175 127
2397 1652 183
4821 2829 238
4675 3644 238
3775 1644 238
552 976 179
1241 4593 238
987 2072 182
463 635 142
3381 3402 181
2683 3999 238
2295 2718 209
428 4235 238
2503 251 209
3462 595 217
147 2975 217
2118 1952 175
4521 4546 184
385 1640 182
3614 4777 238
1420 3704 217
4927 2240 238
669 1459 182
1424 675 182
2584 1160 209
147 452 144
4993 4447 210
3065 3782 238
3616 2303 217
3606 2045 217
2414 1843 183
1694 3588 217
4071 4945 215
2331 3608 217
3286 975 217
4075 27 238
2232 4313 238
3975 46 238
718 3740 238
4396 1168 238
254 847 171
2294 1684 183
1250 4080 238
1518 190 182
593 4299 238
4377 389 238
1416 2678 209
91 674 145
4243 3772 202
1790 1035 182
2238 4623 238
4584 2925 238
4907 3367 238
3011 4946 238
1367 691 182
3852 122 238
204 1472 182
3456 2134 217
750 318 171
2005 518 182
2438 4343 238
246 2508 209
3504 2318 217
3428 1214 217
1497 2173 180
4226 4933 215
120 3223 217
4390 1731 238
2471 4845 238
3245 3385 181
4713 223 238
1582 4766 238
1771 4191 238
471 1418 182
4717 1796 238
264 2591 209
4210 1590 238
4860 3860 215
1059 417 179
3187 3103 199
2258 2860 209
4116 4797 215
4558 2055 238
2959 2239 217
2930 3862 238
138 1211 182
3544 2461 217
3878 4804 215
1685 2250 183
3754 250 238
3243 2633 217
1480 1836 180
3095 1316 217
4382 838 238
832 305 171
4674 2122 238
2962 1612 217
2408 2254 183
4990 3336 238
683 4864 238
2195 4412 238
1465 2509 209
4940 278 238
1374 3747 238
2829 3007 217
2628 3217 217
2588 3562 217
3553 464 217
4199 1737 238
4022 203 238
4248 3011 238
1575 3295 217
1004 1863 182
2914 1540 209
330 2265 183
2981 4882 238
746 4363 238
4989 4891 210
3972 3782 189
3326 629 217
1227 1127 182
2403 4908 238
2178 4376 238
4171 1015 238
4856 2986 238
4348 550 238
4972 3517 238
3100 1683 217
1111 1224 182
3163 4966 238
1682 2128 180
3216 2206 217
1608 4960 238
3375 1128 217
2340 2341 59
4471 3159 238
486 2266 183
4617 171 238
1365 606 182
4706 74 238
3518 251 217
3622 3405 194
4831 4821 166
3579 2270 217
2966 922 217
2798 1012 209
1545 2866 209
4363 3131 238
1575 3644 217
549 2676 209
279 4132 238
1126 1421 182
4671 1427 238
848 2502 209
818 372 171
4129 3438 238
3554 4089 238
3339 1344 217
3022 4091 238
2804 4578 238
461 951 179
2767 3358 217
3686 208 217
2475 4287 238
3641 3485 194
4460 1248 238
2074 849 182
3245 707 217
1736 361 182
1811 2414 183
1398 3831 238
2776 3395 217
284 4059 238
329 3088 217
3452 3234 181
3658 3491 194
993 2963 217
2892 2386 209
4149 1507 238
3060 4539 238
256 2456 183
3323 1223 217
854 4217 238
4693 2873 238
3785 4839 215
98 4479 238
2410 2229 183
2296 419 183
3214 3855 238
2485 206 209
1900 1830 175
434 4608 238
2349 3038 217
4121 3288 238
649 3303 217
1502 4791 238
1697 14 182
1331 3871 238
4971 2155 238
2267 3707 217
2999 3509 199
4914 3707 238
1275 4853 238
3786 418 238
873 2742 209
3498 1229 217
3542 2455 217
4984 4151 215
2969 3103 186
1658 2527 209
3403 4537 238
2273 3377 217
3914 782 238
473 4684 238
3027 1597 217
60 708 171
4941 1380 238
2083 764 182
1760 1546 180
100 204 125
3691 3953 238
1414 3499 217
4817 1988 238
4286 4623 215
1790 4988 238
3575 4544 238
2949 1549 217
4573 3996 215
2281 2345 183
2013 3999 238
159 4528 238
866 1740 182
4015 4715 215
375 2468 209
3299 2133 217
4359 1240 238
3153 2642 217
2605 4643 238
3918 4962 215
3516 3810 238
4641 4870 197
3340 3747 238
1827 1693 180
4912 4271 215
4290 1147 238
4694 2223 238
398 4357 238
363 4162 238
2822 3402 217
4724 4713 153
1658 2599 209
4605 2776 238
4696 2682 238
1610 2565 209
3523 2359 217
3861 2830 238
3930 2771 238
4365 912 238
1983 4719 238
3349 1372 217
4875 2390 238
3139 3191 199
1653 4948 238
1355 4723 238
3969 1086 238
4909 2081 238
3547 2417 217
1034 1988 182
4926 3000 238
14 1447 182
1338 2103 180
4057 3412 238
1800 1274 180
546 3562 217
2155 1165 180
3790 4220 189
3755 4943 215
4176 274 238
4885 2134 238
3046 4119 238
2923 1768 217
2796 2074 209
2085 4412 238
3214 1730 217
1350 1918 180
4643 4851 197
83 3832 238
1917 3083 217
4086 949 238
3775 80 238
4108 1012 238
706 2825 209
3590 1003 217
1060 3417 217
1413 2119 180
2237 3733 238
4942 1225 238
3419 4931 238
3096 3369 199
2699 2739 160
2331 27 183
2132 3237 217
62 4997 238
1749 3857 238
1742 2308 183
356 2993 217
4033 4965 215
4576 377 238
4195 4530 215
156 1044 179
3303 4306 238
322 3231 217
4005 103 238
651 2661 209
405 3260 217
3730 3331 238
4993 1702 238
1991 2958 217
381 2567 209
3331 1852 217
2778 3120 217
2433 366 183
1686 3714 238
167 3298 217
4875 484 238
3260 1070 217
772 763 153
2891 2197 209
947 4007 238
1492 4260 238
2026 2842 209
1006 1395 182
2184 2638 209
4747 2397 238
2515 4332 238
2712 1040 209
2634 851 209
4684 2258 238
3981 4959 215
2246 4885 238
3317 631 217
2410 323 183
4549 1728 238
1389 2670 209
2758 2362 209
130 3834 238
1707 4045 238
3133 1657 217
4205 1466 238
3025 2282 217
2573 832 209
776 839 135
2321 3876 238
346 2144 182
2686 995 209
2832 323 209
1398 1281 177
2711 542 209
4340 1342 238
1217 4679 238
3002 2109 217
2988 1728 217
911 2640 209
1562 2462 183
4339 2474 238
4674 1096 238
1169 1757 180
4103 1319 238
3364 394 217
