1442 4368 238
6172 879 262
3194 5438 238
5994 8617 262
3346 9894 262
6964 3940 262
5346 8913 262
3040 9481 262
9119 1280 262
5968 9774 262
8906 2811 262
841 5307 238
5489 4392 210
6602 4969 262
7289 756 262
8287 7221 252
8377 7142 252
9580 1043 262
950 2240 183
8369 6374 257
1581 5319 238
4629 5194 210
6947 2546 262
1405 6253 262
8235 8864 234
4894 6320 262
8183 4084 262
4713 3673 238
8319 6340 257
931 2562 209
2896 5816 238
9666 505 262
2602 396 209
2345 2698 209
9413 8714 260
1603 7369 262
252 147 128
154 3872 238
3670 9731 262
2814 2490 191
8206 2614 262
2806 674 209
5214 9859 262
7840 8312 252
1900 3499 217
5652 9891 262
6992 5079 262
5925 8386 262
8469 2696 262
3073 26 217
5399 6114 236
7803 6593 257
5170 1417 238
2943 3905 238
4786 5187 210
976 8782 262
9426 6587 260
6239 5577 262
8105 4617 262
592 3970 238
7971 8057 190
1811 1962 175
1132 6799 262
3446 6106 238
5619 2073 238
7802 4718 262
3167 656 217
5448 757 238
286 1673 182
1981 1589 180
8584 3404 262
6899 1609 262
4729 816 238
8643 4644 262
5714 6944 262
4846 7941 262
6371 4527 262
3542 7511 262
1288 4741 238
843 247 171
4184 4040 189
2907 5208 238
2043 4049 238
7530 8320 252
103 2179 182
2675 6479 262
9109 3264 262
9321 7000 260
4872 75 238
845 3662 217
8548 548 262
9906 4949 262
6122 2900 238
8357 2822 262
2058 3412 217
7762 923 262
3584 852 217
325 7843 262
7991 9401 260
1519 616 182
7628 8391 252
1799 2887 209
8150 9438 260
2227 2652 209
8459 9936 260
4733 9349 262
1573 6903 262
9836 2485 262
6289 5868 262
4487 8875 262
2068 6440 262
8247 8440 234
5065 1735 238
9687 4357 262
3515 7075 262
9642 1178 262
885 3188 217
2627 3206 217
9031 2201 262
5459 8557 262
7699 8243 252
6891 9871 260
541 3419 217
6931 9574 260
9719 5743 262
6724 7439 257
3343 6562 262
46 4419 238
8513 5134 262
7548 8847 252
3376 3712 238
4372 1670 238
3065 7884 262
9558 6056 262
2963 8521 262
4327 6843 262
2187 3085 217
875 6206 262
1990 9830 262
9283 5784 262
911 4905 238
3237 8905 262
8313 5160 262
5797 6077 218
377 8155 262
9204 6369 257
1786 8269 262
5785 793 238
8604 9743 260
2475 9070 262
2813 814 209
9881 5022 262
7580 5786 262
7777 3790 262
3581 5064 238
2356 6023 238
8034 1126 262
4783 9446 262
7106 1019 262
3740 8580 262
6793 3788 262
597 4348 238
4951 8995 262
9183 9965 260
1931 3500 217
9070 5476 262
6117 784 238
2987 805 217
4965 9424 262
8127 6852 257
20 222 125
22 7975 262
4056 3432 238
9653 7622 260
2546 3508 217
7298 1210 262
5988 1774 238
2192 4118 238
8819 9096 247
5191 391 238
9310 1067 262
8498 9449 260
9280 9278 123
3194 7074 262
44 9361 262
5237 1886 238
9395 580 262
9021 5932 262
739 9055 262
3476 3236 181
4767 6634 262
810 5448 238
8851 9479 260
1387 9981 262
9973 5657 262
53 4968 238
5513 6950 262
8902 968 262
2662 5471 238
8801 3350 262
837 7837 262
3238 6420 262
6682 1604 262
1156 7380 262
4137 6072 236
1087 2682 209
410 5429 238
5138 9144 262
1583 2216 180
335 9296 262
4034 3568 238
546 2249 183
7552 7636 177
8626 1593 262
7805 7251 239
1437 5824 238
9252 5151 262
1305 8006 262
303 7031 262
457 4312 238
8450 8541 203
3836 4243 202
2279 7981 262
3306 2393 217
4827 5950 236
8493 2503 262
1267 7711 262
9190 5490 262
5853 2953 238
6960 6974 182
8517 3844 262
4512 5958 236
8047 8939 234
5323 7480 262
4301 7982 262
4112 5489 215
7015 1224 262
6130 6727 262
7174 9526 260
7551 209 262
6181 8822 257
5920 7401 262
394 4024 238
8199 3918 262
692 91 145
1634 104 182
7729 9026 252
6499 4122 262
3790 8162 262
8179 1627 262
4526 2169 238
8771 8986 247
5871 7358 262
914 8781 262
9078 3945 262
3131 8826 262
4665 6412 262
2774 1070 209
7755 593 262
7806 4611 262
1292 4628 238
8574 3262 262
7857 4502 262
2711 6633 262
2826 7639 262
1136 4395 238
9956 6733 260
17 7767 262
8585 5440 262
3833 7575 262
3148 5799 238
656 5226 238
9439 9184 260
7850 900 262
887 9971 262
3912 6400 262
214 3886 238
1567 6143 238
3943 5783 236
4075 2578 238
1771 6571 262
5435 5032 192
2637 7660 262
8483 9341 260
7995 3329 262
8208 7361 252
1354 1494 172
5648 9984 262
3011 2139 217
5640 3641 238
6853 3938 262
2476 2896 191
2904 2178 209
5001 9940 262
6913 5007 262
8922 1441 262
3448 1662 217
9057 9201 198
4399 8401 262
7726 6661 257
1251 6221 262
3889 4058 189
1005 4516 238
4442 8177 262
6069 8885 262
4668 7009 262
8736 5653 262
7600 4027 262
9100 7684 252
1640 1574 167
4665 2870 238
6972 3354 262
6407 4470 262
9926 6567 260
9875 1762 262
7813 1192 262
451 8503 262
8245 8226 159
2051 3213 217
8915 8061 234
5407 1053 238
681 3879 238
6112 9116 262
5330 7049 262
7405 2975 262
436 2614 209
2364 2361 59
4320 4304 171
3826 7128 262
7233 9116 252
8956 5100 262
3620 4609 238
1646 9633 262
7838 2269 262
3163 5647 238
8466 2967 262
6749 2823 262
1343 380 182
2688 3543 217
2641 67 209
3977 4421 215
5873 2552 238
3626 3638 163
590 5658 238
793 3275 217
8138 4862 262
6641 4173 262
9773 3170 262
2085 4972 238
604 2541 209
4599 4929 210
3387 4552 238
8314 7018 252
9458 5423 262
4223 1605 238
4993 3610 238
7110 5477 262
8415 6432 257
7700 3249 262
2899 9032 262
8081 3061 262
9986 7579 260
2917 6013 238
6801 8727 257
8930 8051 234
1434 4579 238
288 8375 262
7688 1018 262
7240 6200 257
9529 3824 262
4200 3424 238
1174 8912 262
1445 5375 238
3208 2777 217
239 2115 182
7506 8575 252
2940 5108 238
7815 7017 239
3520 1510 217
6417 80 262
7670 5074 262
4359 5967 236
3291 6700 262
6612 8686 257
5648 1780 238
1986 3782 238
2188 4987 238
9945 9050 260
3865 2540 238
7463 4409 262
7940 6850 257
7431 5927 262
4529 1261 238
8481 7910 252
8276 7450 252
1390 4435 238
4788 916 238
9753 4517 262
5529 9286 262
7083 921 262
1519 4294 238
9370 6540 260
9804 3754 262
3374 508 217
3593 9757 262
8866 5291 262
5665 8125 262
181 6222 262
7356 3665 262
7760 9850 260
7484 1339 262
2695 1961 209
9356 4285 262
3547 8996 262
5494 5124 192
7362 4202 262
2835 3475 217
1972 5691 238
4387 1690 238
8479 360 262
9924 8536 260
3550 7381 262
9163 326 262
1415 3952 238
4490 2794 238
4222 8156 262
5291 1178 238
2500 4328 238
4070 9541 262
9732 4503 262
8592 5704 262
5376 4320 215
7068 6103 262
2537 6972 262
8042 5330 262
3911 6603 262
5162 9220 262
8814 6143 262
1682 9017 262
8023 6419 257
6123 3213 238
6174 7234 257
6995 5575 262
7472 5802 262
2619 4217 238
8600 2138 262
1537 6845 262
3029 2816 217
2484 6844 262
8476 8805 216
4275 1027 238
8252 4520 262
6792 5931 262
299 6951 262
9394 4418 262
8087 6319 257
5791 346 238
7293 3547 262
3518 5611 238
9163 2819 262
9831 8094 260
1561 5818 238
740 2271 183
3092 2523 217
1365 9074 262
4633 449 238
3617 7210 262
942 9852 262
90 425 144
3661 6686 262
8603 3864 262
7254 8084 252
3668 4542 238
4513 5499 210
4624 2920 238
3618 2778 217
366 9294 262
8941 4384 262
945 184 179
5693 6268 262
5539 2616 238
2296 4420 238
4070 158 238
3080 2750 217
512 3507 217
6083 6465 262
4705 5369 210
2752 7091 262
9018 5998 262
2850 2929 217
3157 2497 217
3916 8718 262
8343 876 262
2344 2234 183
9163 6648 257
1093 7320 262
1845 601 182
9070 3650 262
4484 2701 238
4870 3082 238
2914 566 209
623 6229 262
2039 4264 238
5260 9923 262
7728 446 262
4785 7184 262
2981 462 217
7900 693 262
1671 2900 209
6152 259 238
6203 6423 200
9922 4934 262
9368 1686 262
5472 1489 238
6605 8181 257
1512 8851 262
6847 3178 262
2503 6334 262
4282 3332 238
7822 2695 262
4413 7900 262
7471 3888 262
3636 5709 238
9838 1775 262
9931 7646 260
7836 4122 262
854 2614 209
704 8603 262
1446 2181 180
3471 5031 238
7276 8253 252
9175 3151 262
337 1518 182
37 7925 262
666 5981 238
9717 8082 260
2526 194 209
6384 4754 262
6817 2397 262
4431 9408 262
558 8473 262
8347 4538 262
6816 5394 262
4247 8744 262
412 5567 238
3206 632 217
5298 3662 238
9211 8973 198
2804 5337 238
403 6759 262
8695 6628 257
8436 5492 262
1742 9458 262
8839 5734 262
8218 1962 262
6446 3759 262
7624 7294 239
7918 9085 252
2287 4950 238
5181 3705 238
3011 8712 262
3206 9225 262
2822 8953 262
296 7403 262
654 4164 238
9592 4252 262
6834 5550 262
4101 9470 262
2200 3983 238
7974 5051 262
43 8597 262
3243 4493 238
9046 7386 252
8014 5490 262
5499 3967 215
1326 883 182
2307 6598 262
3263 4964 238
8166 306 262
6468 6567 200
9649 6898 260
4965 4054 215
1932 9848 262
6164 5800 218
2690 7756 262
4266 6523 262
223 4944 238
6970 7402 208
7661 7992 252
3514 482 217
5125 4105 215
3018 9403 262
3213 8742 262
7858 8674 252
1646 9304 262
2635 6801 262
7771 2551 262
8713 3969 262
8957 752 262
5296 7821 262
6395 1052 262
3268 6536 262
8218 2580 262
3854 4885 215
1083 195 179
8599 5621 262
5317 355 238
8998 8668 247
258 634 144
3699 111 217
9704 2837 262
5867 4851 236
6891 8515 257
5758 9050 262
6538 1047 262
4969 7064 262
5305 5538 192
1314 6027 238
4708 9164 262
2852 4719 238
7014 2813 262
9340 3524 262
3749 1933 238
68 7344 262
2011 56 182
3946 2009 238
4306 8095 262
7630 1072 262
4950 8935 262
4627 1156 238
5701 5361 236
4989 4732 210
1104 4395 238
5148 5077 179
499 8500 262
7306 8900 252
2468 8451 262
6267 6263 125
6363 4196 262
1727 5544 238
8311 9988 260
6636 3328 262
56 4951 238
3871 6525 262
7468 5261 262
6917 1843 262
1761 9594 262
7164 9096 252
4524 7060 262
8997 6581 257
5441 5094 192
9200 8877 247
6703 9660 260
8483 4731 262
4551 15 238
6955 4297 262
8090 2052 262
7094 9460 260
6373 3961 262
1089 4225 238
9512 2791 262
5281 4578 210
3283 8001 262
88 8069 262
6731 3917 262
8761 1872 262
9199 8591 247
4110 8461 262
5470 9581 262
6525 5974 262
6530 1271 262
62 8154 262
9287 9269 167
3749 6604 262
7267 7175 164
2302 8141 262
378 2800 209
906 891 117
6559 60 262
6088 9559 262
9248 1523 262
2688 7453 262
5455 6525 262
1393 4542 238
7683 3405 262
3869 6826 262
5592 9618 262
3698 7883 262
4417 8764 262
9984 101 262
778 8158 262
2568 6844 262
1808 7046 262
3074 8607 262
3913 1577 238
9548 3701 262
3561 1501 217
3704 2779 217
7244 4379 262
860 409 171
7360 2025 262
4002 7035 262
4456 9119 262
6272 4956 262
8198 3427 262
5027 5827 236
5322 477 238
1511 5473 238
7389 9345 260
5964 8618 262
8565 9640 260
2537 8438 262
4210 8922 262
1047 2578 209
7986 350 262
8942 1161 262
1968 5306 238
9319 3041 262
3175 589 217
843 8393 262
4436 1050 238
7794 8253 252
6252 1873 262
2938 7624 262
9693 1897 262
1499 5565 238
5157 5776 236
5819 2503 238
3900 2655 238
2742 9883 262
3110 9444 262
3377 6407 262
6413 1066 262
7146 9065 252
2898 2537 191
6232 4383 262
1108 3147 217
304 751 171
8570 4523 262
3238 2557 217
8404 4324 262
2602 2082 209
9404 2878 262
7394 2206 262
5040 4951 179
4090 2232 238
3941 3053 238
1570 5193 238
1574 9115 262
8212 4366 262
7718 8912 252
9029 8740 247
3767 4877 215
9440 8932 260
2138 1600 180
1236 1758 180
9127 2369 262
1917 7664 262
8920 9694 260
9361 386 262
2993 1300 217
8758 6602 257
8925 572 262
4419 1589 238
8461 840 262
3020 5741 238
3106 3216 199
113 4113 238
4011 7801 262
2018 5259 238
5283 3233 238
1054 3842 238
1369 2483 209
2109 8300 262
2236 7815 262
7815 4698 262
662 5547 238
5933 8008 262
4427 8909 262
9937 6305 260
2858 6166 238
6259 7724 257
6968 3594 262
6437 6915 244
6636 6372 244
5470 1032 238
9123 3729 262
31 3628 217
2458 7717 262
8576 5562 262
177 2592 209
8252 6016 262
25 789 171
7145 1438 262
1366 4841 238
3875 1739 238
5738 8544 262
7443 3721 262
7726 2046 262
6809 5237 262
1444 9352 262
1556 1340 172
2269 6312 262
818 6785 262
794 5334 238
9250 4892 262
8083 4944 262
1569 954 182
2118 9118 262
6661 3882 262
6316 9673 260
9444 7177 260
1861 9031 262
6886 680 262
6189 2562 262
7425 839 262
7403 1198 262
195 6589 262
9521 1346 262
4615 4491 184
4145 1320 238
7382 3707 262
1283 443 182
2020 7925 262
8052 459 262
3794 7008 262
423 1633 182
4195 8683 262
1270 63 182
5198 558 238
6448 648 262
270 8402 262
8171 801 262
5129 7885 262
4757 8469 262
4249 3541 238
4325 9980 262
813 167 171
7394 1930 262
4926 6867 262
8749 8660 203
4214 8583 262
2566 1446 209
5715 8540 262
7523 2329 262
6343 5900 262
4874 512 238
977 217 179
2551 8888 262
4419 4605 184
2410 430 183
9292 5877 262
172 960 179
3981 9402 262
8443 2139 262
4065 8116 262
3082 2423 217
2968 806 217
9141 1918 262
9735 2885 262
1904 9685 262
9703 5968 262
1163 1026 182
5740 3863 236
4022 4388 215
7009 2660 262
9056 1225 262
2605 7316 262
5175 5431 192
3204 2270 217
990 4021 238
4680 7492 262
5562 1966 238
659 8932 262
3230 3247 168
7944 9628 260
6506 5779 262
7119 3217 262
3509 8886 262
4463 5081 210
6891 8470 257
3013 3558 199
9974 9679 242
4308 1031 238
9177 889 262
8797 8201 234
4903 2589 238
3502 3726 238
9267 3468 262
8902 7335 252
6642 633 262
5984 2516 238
159 180 125
219 7231 262
5983 8033 262
3684 1913 217
4343 4986 215
5445 615 238
3052 8980 262
9140 5623 262
7706 8981 252
3487 4073 238
4658 6672 262
7279 5438 262
5652 8783 262
4675 1603 238
6204 2745 262
761 4248 238
6822 3711 262
535 3618 217
457 8054 262
7641 4599 262
8958 5288 262
2747 9379 262
2378 8047 262
4911 9222 262
3871 1955 238
2775 4028 238
663 7629 262
5891 9948 262
7170 7873 239
7813 2382 262
7878 1129 262
2285 1730 183
3639 3650 163
2179 5896 238
7555 223 262
1980 5239 238
1541 6814 262
1691 3184 217
3956 8193 262
8841 7963 252
7172 1946 262
6711 3321 262
421 9557 262
4480 9349 262
3626 2175 217
5677 6146 218
1232 7430 262
851 1531 182
6618 6472 244
3940 2441 238
8475 772 262
1604 2236 183
1628 9262 262
769 6165 238
1416 6593 262
9992 7135 260
5863 7284 262
903 479 179
5574 7630 262
8457 3718 262
5051 7162 262
5732 9262 262
6043 3942 236
3677 3311 194
631 8289 262
8640 147 262
5414 2476 238
5048 8923 262
2241 41 183
4096 4511 215
8534 8773 216
5208 1202 238
5100 5434 192
3863 6254 262
7565 6546 257
5843 4386 236
1110 5315 238
346 1921 182
2981 6180 262
2335 8748 262
9734 6177 260
6858 9752 260
320 9556 262
7796 7624 221
5866 4808 236
3492 4060 238
5879 6734 262
3964 5175 215
4734 4770 197
4274 6920 262
6389 7998 257
8815 3406 262
879 6354 262
3996 1751 238
8196 9920 260
8873 8389 216
2427 1997 183
9904 4595 262
3848 2514 238
2933 5430 238
5723 3738 236
3953 2793 238
5583 1013 238
9458 3545 262
4965 574 238
2110 224 182
6986 6483 257
5773 6591 262
