228656 328416 443
174608 52544 383
697761 169884 509
614442 958954 525
537364 841288 525
832173 917445 525
688715 674710 398
213488 933243 525
569269 625416 447
357471 425635 449
697896 146522 509
479379 693026 509
339871 581653 470
263828 855564 525
298836 571138 470
404612 995486 525
675248 548151 509
789691 114533 509
797543 606717 509
654236 478638 509
631455 410983 509
800382 978415 525
608918 278085 470
628122 325735 509
312454 906763 525
848524 98796 525
716261 713586 380
33283 347127 443
977754 843744 507
979785 494622 525
122499 652102 509
151850 525364 470
909134 996960 507
422382 136072 449
972957 161057 525
954490 280906 525
377367 169266 443
700299 189438 509
428153 362999 449
744489 512605 509
421092 796677 509
763409 855927 525
262812 820559 509
171088 21201 383
934399 370442 525
970451 634687 525
17179 107882 354
723842 866995 525
414968 821293 509
636320 237095 509
19632 748093 509
278970 29981 443
974605 747852 525
141230 257234 443
949527 9859 525
601206 327345 470
390387 773293 509
542054 687606 509
340526 334902 366
50505 958940 525
262941 850044 525
672535 59 509
926061 359675 525
567034 337889 470
543767 214487 470
326179 995222 525
810321 533642 509
33342 910410 525
39910 1079 324
797903 11993 509
35180 396842 443
698784 953214 525
124245 829642 509
664063 671781 442
600627 901413 525
707402 975144 525
668256 559499 509
799863 733500 468
183170 898038 525
53568 557844 470
987783 332714 525
80288 929768 525
99789 317642 443
588048 112081 470
225033 881508 525
878967 529002 525
231545 67642 443
324669 750758 509
16587 187858 383
899539 915944 476
150112 142072 375
206041 323914 443
921780 711762 525
886055 839902 432
158862 726936 509
910490 852641 476
921714 880878 476
716477 642828 504
116468 520447 470
604630 18421 470
941265 378661 525
605992 269088 470
517302 139198 470
802653 558382 509
729763 226780 509
396729 237594 441
142373 745275 509
30175 133557 354
412757 585626 470
467942 721390 509
174658 185547 365
318157 785865 509
158391 761184 509
171002 446992 449
647113 229813 509
51079 452601 449
399810 190293 443
129386 116394 336
565388 613340 434
624846 972880 525
869200 678859 525
908648 669529 525
164149 687924 509
879537 749103 525
487993 677126 509
787341 98846 509
552233 485145 470
799854 642634 504
238573 251136 368
439534 456440 387
478230 655065 509
952973 437490 525
922939 296378 525
12957 818261 509
720285 980253 525
986988 617219 525
981892 557133 525
830188 494350 509
56760 39108 340
547521 26600 470
598523 993049 525
460243 405373 449
376860 126472 443
564305 603784 434
233376 405801 441
658236 230579 509
477071 321033 449
41893 437741 449
501899 422001 444
380036 829958 509
356485 334573 441
975017 955540 458
985753 144647 525
134169 746447 509
933870 868383 476
113698 944842 525
876756 346615 525
424111 13046 449
544275 632136 509
293908 878071 525
131189 584888 470
740662 409151 509
913700 970141 507
332249 165878 443
268554 80075 443
936371 204463 525
911546 548143 525
119309 611232 470
804886 287011 509
197981 14974 383
536687 682723 509
716371 560693 509
5109 882196 525
395696 648344 509
823328 335390 509
689931 163967 509
440117 823650 509
805504 372009 509
190798 462074 449
450496 248331 449
835760 833838 344
441231 168288 449
873757 335696 525
193745 932030 525
747680 433712 509
556841 339882 470
518377 631873 509
132962 125762 344
102537 228625 386
505555 924026 525
496906 844045 525
322927 427808 449
738430 390410 509
424569 110571 449
305855 904164 525
539568 144086 470
904304 577842 525
741049 844207 525
269648 991641 525
988107 641326 525
220243 918656 525
981820 918277 507
554159 518582 452
614610 700148 509
949551 800592 525
924179 431172 525
585428 17459 470
417691 895637 525
932164 404027 525
278491 226058 443
837942 33336 525
834444 927258 525
422049 851888 525
160135 623838 470
769889 974758 525
89703 229774 386
867762 420825 525
363919 332696 441
26272 347404 443
95179 968535 525
85281 982415 525
419775 902083 525
208950 315299 443
601137 818148 509
622816 375814 470
819564 595769 509
873120 668378 525
65342 241373 443
313692 468154 449
61757 567020 470
206470 813461 509
842900 255502 525
293175 483937 449
18566 996143 525
764353 123190 509
653982 557511 509
163419 878310 525
135081 845223 525
348526 580675 470
503070 114169 449
448357 256412 449
335421 415374 449
974917 663090 525
740547 175980 509
699218 170142 509
229121 765386 509
198336 319330 443
951464 729646 525
973659 182918 525
130191 492252 449
165793 911674 525
224557 691129 509
725351 759316 424
628737 972213 525
284513 952264 525
744973 664488 504
625054 21232 470
751896 383075 509
764369 286 509
196466 38651 383
737910 580859 509
83919 712220 509
429559 333141 449
135609 27821 354
347836 895783 525
360531 271164 441
525433 458013 470
761403 170337 509
246115 923984 525
530791 283776 470
572146 550699 421
561686 820022 509
689901 776577 504
934236 735654 525
263201 500093 449
552115 226268 470
561477 150283 470
314994 798124 509
837608 423864 509
107527 219127 386
537383 770012 509
999919 146109 525
227878 120375 386
509369 774530 509
913831 661117 525
672782 544788 509
602545 72445 470
551982 723114 509
418657 781858 509
563557 996265 525
292888 109880 443
196387 858388 525
25602 814766 509
263042 792323 509
924608 314423 525
131305 195791 383
557724 575192 421
57224 27485 340
953472 381475 525
142637 689412 509
679244 345184 509
711482 874608 525
269952 16693 443
215842 758969 509
529822 940580 525
315479 371152 441
981846 30705 525
345790 688325 509
177405 53052 383
236135 731955 509
803724 382302 509
483119 347214 449
914010 1243 525
328801 356923 441
212922 591960 470
167217 958675 525
971471 335066 525
61775 155024 375
122301 577496 470
169841 291239 443
87932 568305 470
107626 635256 509
304354 12464 443
223171 505478 449
787823 732946 468
95455 497097 449
866969 985006 507
716726 681988 504
41663 405044 443
753655 542006 509
7506 860787 525
972739 60994 525
146071 846928 525
401530 938466 525
480849 586267 470
326201 183161 443
926083 622764 525
542582 254316 470
46726 202207 383
420497 62679 449
603428 778891 509
331085 339887 366
756861 188044 509
736164 120604 509
795205 652113 504
53916 105315 351
791908 847863 525
180726 872279 525
109275 421060 449
163750 700497 509
994311 959094 458
93982 155184 375
513798 310898 470
251529 879638 525
777925 579155 509
864649 245278 525
920999 447214 525
461561 408890 449
981138 158646 525
912210 460403 525
961673 255559 525
229760 383261 443
188938 365301 443
663706 754791 504
782531 644373 504
535939 894972 525
404431 620671 470
890942 92050 525
992022 400444 525
575548 222577 470
459012 890875 525
388226 56124 443
226619 315248 443
324588 490644 449
993870 871145 507
20352 165784 383
857170 140006 525
51734 350701 443
73520 220344 386
355172 86116 443
72467 686387 509
452813 470730 444
639404 136655 509
235247 508115 449
257568 814533 509
237830 358888 441
715795 222416 509
959355 35736 525
24425 312414 443
423196 241919 449
782633 895140 525
336168 111333 443
958424 83815 525
355140 115207 443
408863 20135 443
256539 622295 470
717680 74575 509
712089 671984 504
517714 411570 470
846174 432769 525
144349 627446 509
524760 83167 470
645084 984394 525
758139 654102 504
128993 385184 443
769732 265024 509
510341 524981 470
892129 180182 525
722657 401413 509
320524 336913 384
489879 893919 525
636956 993474 525
899397 70409 525
386591 420485 449
724756 619073 509
164729 638207 509
80066 18330 351
391524 679241 509
166161 497384 449
201785 856468 525
486012 647066 509
10395 528530 470
485379 996015 525
712373 584135 509
48064 367090 443
910914 49510 525
801034 460167 509
662207 441191 509
736387 645246 504
275603 223597 443
491109 465384 413
41998 243743 443
670365 67665 509
637375 460207 509
718435 563068 509
695623 733272 504
668449 946137 525
731287 808790 468
309425 793187 509
920861 762101 525
193309 679976 509
588765 280449 470
212059 941239 525
452836 960329 525
942051 683264 525
253150 984955 525
729087 104200 509
81051 478595 449
774358 491109 509
249484 448433 449
874674 329017 525
347204 359292 379
334775 660952 509
627291 401687 509
309203 730837 509
332675 531051 470
956859 202485 525
370694 518967 470
490764 789233 509
122597 338884 443
630987 783997 504
43181 752067 509
469769 314465 449
428488 541779 470
240839 388738 441
189668 774394 509
288487 860204 525
768856 128871 509
668444 448551 509
581319 282342 470
493649 7378 449
681008 997010 525
282560 914882 525
439644 685825 509
138181 409564 443
904820 62842 525
475190 118969 449
363266 486859 449
486034 701695 509
389151 96492 443
136578 433950 449
579468 652346 509
230970 605867 470
826181 82541 509
838527 970847 507
125843 718635 509
769023 358277 509
855185 837013 525
90586 20414 351
991181 992652 321
664026 656486 429
677510 889943 525
52928 213929 383
906356 743019 525
995526 216612 525
700434 802827 504
157534 214399 373
779290 835160 468
935226 199816 525
980943 328947 525
410877 677371 509
483662 15918 449
111685 902996 525
362617 904779 525
331867 69183 443
773918 718034 468
210093 291050 443
811241 740023 468
437430 322226 449
438277 618816 470
439055 137156 449
560908 212282 470
130778 597193 470
961573 528618 525
22670 148725 375
440801 586404 470
464817 824285 509
934435 829120 525
472331 405033 449
870933 410181 525
324545 102992 443
183427 291761 443
658451 122530 509
955803 484833 525
752355 562167 509
292784 20466 443
832864 500963 509
595697 674881 509
718908 705981 411
822846 94332 509
339279 923437 525
170880 874725 525
250795 548921 470
645673 770261 504
959997 521661 525
827831 741890 468
420517 472265 444
520070 780687 509
385059 263819 441
892261 510892 525
135516 554914 470
627805 131862 509
683005 752175 504
734290 589976 509
272257 988909 525
177635 37435 383
630681 97685 509
396772 98851 443
477287 911971 525
100494 324306 443
831437 338543 509
525640 943212 525
171039 221971 386
656643 564648 509
918211 638340 525
835800 966670 525
214411 517506 470
791081 383146 509
705071 771444 468
984821 950784 458
991529 337508 525
785447 60936 509
3258 504818 449
570598 612788 434
160317 522025 470
941865 749158 525
397847 417821 449
377450 910572 525
444897 917464 525
987778 840673 507
189911 307044 443
355640 800704 509
396408 626757 509
698990 856129 525
327842 649156 509
787063 451051 509
116212 813554 509
301610 202454 443
767544 398069 509
740135 285735 509
792185 702109 504
721250 411923 509
848335 571109 525
670595 86238 509
255963 896741 525
651846 176038 509
886359 129933 525
273750 684755 509
785209 272088 509
480586 170078 449
761082 506926 509
772077 411185 509
565464 405780 470
305805 211627 443
708624 220365 509
984173 898560 507
418500 171604 449
819415 39429 509
166177 395760 443
130966 648131 509
407472 781954 509
233582 820141 509
796974 698224 504
361265 400026 436
700497 690125 442
94392 763425 509
115568 266791 443
45572 523987 470
167972 446846 449
616396 911651 525
285284 467936 449
305672 522954 470
965504 714142 525
106547 911174 525
918523 954883 507
649665 221021 509
423882 680639 509
135617 493507 449
241366 332969 407
222943 841081 525
917042 436947 525
400295 513201 470
597935 944874 525
130655 502298 449
439712 902953 525
216669 552240 470
663276 602642 509
446529 284831 449
710329 909759 525
573803 306327 470
586078 804726 509
899970 492399 525
492806 610339 470
191450 224837 386
332178 441731 449
981836 941130 458
56864 191920 383
918495 954052 507
779438 546002 509
679973 268992 509
149953 665946 509
526667 947731 525
834770 536803 509
608626 853863 525
211827 187094 373
933570 607 525
709945 631592 504
224656 286310 443
754632 287524 509
839838 402314 525
528997 980635 525
145285 135016 375
141293 580777 470
960064 340663 525
141346 702296 509
91019 457271 449
411145 760405 509
232347 395445 441
528304 502340 470
703206 292580 509
533083 471187 470
715566 375191 509
331456 524908 470
380352 417701 449
22696 56199 340
618068 807705 509
878132 63641 525
822612 949860 525
971849 135375 525
388248 256224 441
856896 630100 525
785029 621511 509
160363 41655 383
831892 497172 509
454303 631702 509
7864 291256 443
585996 49870 470
805276 293752 509
208153 972583 525
93886 399134 443
856124 950728 507
107448 379269 443
937764 449653 525
382159 646175 509
546376 976263 525
346389 69026 443
4318 326030 443
298206 251616 407
395789 731285 509
622122 398740 470
950609 119419 525
136576 75598 354
404218 61546 443
877648 316534 525
624275 810312 509
167856 44063 383
115416 132965 349
935288 819629 525
684839 93406 509
519758 233695 470
855306 319401 525
116638 446258 449
503691 292149 449
348225 237265 441
721045 474610 509
231965 576980 470
853363 755211 525
495573 997127 525
153303 317259 443
264526 779585 509
528346 120376 470
883295 854945 432
231843 386312 441
637873 402272 509
697820 536824 509
148452 271647 443
75347 735751 509
683366 833455 504
867954 590051 525
835306 421398 509
10531 968705 525
659933 139723 509
456300 534095 470
727020 197895 509
543384 725943 509
334868 126269 443
224747 662373 509
760923 760095 380
371625 981821 525
592062 780405 509
684169 86049 509
80726 996084 525
483811 748326 509
508292 319877 449
829962 198443 509
955622 96588 525
867933 825235 525
561278 546425 452
374098 614739 470
824218 9452 509
351929 169259 443
408944 560369 470
284975 10896 443
682075 875770 525
153225 563366 470
270117 759927 509
95964 415105 449
415839 240893 449
202393 892410 525
448765 511013 444
508440 991203 525
237935 375380 441
378467 192090 443
285811 648391 509
764147 899001 525
932087 50142 525
401533 597865 470
469807 486718 413
930815 977362 507
267856 173399 443
983406 202283 525
533588 387739 470
339005 345272 366
639930 880463 525
412413 550652 470
44724 567582 470
321662 545306 470
877216 155651 525
914719 650895 525
396206 306021 441
96459 901998 525
308283 134443 443
537712 401491 470
819818 46067 509
119573 19038 354
634774 927510 525
870726 130383 525
533783 422658 470
51837 447497 449
249467 708446 509
49069 434610 449
707624 942540 525
370033 47567 443
586450 815983 509
724153 241848 509
576459 595561 434
341004 873796 525
869657 111029 525
871321 56408 525
486673 958411 525
585083 848577 525
468334 325021 449
264002 428740 449
110983 15174 354
563689 825046 509
746704 731182 424
928980 211178 525
819713 542247 509
153181 130779 375
652348 951168 525
770815 426506 509
872668 114019 525
413695 625529 470
508021 461225 444
521338 499835 470
761432 678022 504
983677 544943 525
516132 335244 470
135625 994073 525
426364 303650 449
622632 422698 470
918572 434300 525
460766 848329 525
403049 25467 443
709250 315552 509
573399 684130 509
15580 736417 509
921496 925040 445
388786 386048 330
107323 293133 443
151303 98828 375
925862 276011 525
681902 423944 509
132435 600275 470
966904 445429 525
597084 944085 525
265624 834373 509
221732 354999 443
41590 425812 449
536547 353743 470
933826 108849 525
60042 620467 470
142659 234749 443
616916 116554 470
66272 435554 449
776792 298936 509
643181 112625 509
608220 77880 470
766166 737398 424
997504 938548 507
295035 397649 441
59627 220840 386
191361 460599 449
602951 914768 525
624775 868312 525
191102 554701 470
743160 380153 509
459839 798206 509
195590 919697 525
221144 110058 386
438223 595042 470
467586 791473 509
280372 167732 443
870773 274799 525
57967 584403 470
499383 136382 449
977683 170918 525
774203 167853 509
737809 879735 525
509461 642021 509
109753 280298 443
390091 501612 449
835367 3618 509
675571 575110 509
843924 45367 525
663699 75171 509
904105 497160 525
459007 864998 525
872446 630569 525
853185 721845 525
162198 117556 383
144789 610606 470
110319 182708 383
955516 237536 525
887856 445850 525
196955 343932 443
413140 930054 525
742379 840735 525
829052 311530 509
257228 707108 509
167571 502676 449
738350 278550 509
891157 500124 525
577229 547884 421
272430 204265 443
641174 645355 416
168485 42656 383
730324 724525 380
251769 67479 443
718791 379732 509
451014 570465 470
735804 226220 509
411168 512055 470
983788 999216 440
805309 252804 509
491198 458062 444
883039 76619 525
636649 418282 509
821852 799870 450
360577 583679 470
628096 568069 509
952301 44052 525
626582 620991 509
56562 762450 509
314850 838465 525
203817 749370 509
10408 737710 509
463236 431808 444
641308 5312 509
739440 78073 509
8676 606359 470
618211 711055 509
830945 52932 509
341137 448205 449
321969 72657 443
542702 658484 509
654622 337045 509
204491 360063 443
194366 774937 509
271124 786311 509
660490 247915 509
290321 935208 525
65732 348369 443
225455 966462 525
438355 949478 525
250517 78833 443
448411 14125 449
530689 127624 470
899741 995203 507
564057 459539 470
187252 663959 509
177251 224224 386
771104 644296 504
270987 546626 470
302509 324823 384
239134 497258 449
176242 180410 347
367761 126951 443
553971 16414 470
979943 235149 525
354903 162133 443
663183 350206 509
929225 470447 525
565012 605759 434
50289 565222 470
699620 891725 525
72525 671374 509
913196 489342 525
577181 852811 525
560868 751621 509
15749 139470 354
249787 91600 443
711613 382009 509
600693 820729 509
189529 928463 525
847713 82535 525
500735 756317 509
608111 302737 470
602457 59266 470
953387 528063 525
686688 181321 509
431681 712788 509
494304 771243 509
230908 875306 525
549154 7891 470
284529 995306 525
924433 698642 525
41280 205377 383
339816 434605 449
562755 966558 525
573035 648121 509
976019 785851 525
881382 627820 525
375649 13820 443
893276 827881 525
741856 642462 504
12436 897511 525
488004 200304 449
540027 739331 509
440536 86626 449
164538 618784 470
904314 110697 525
359964 781349 509
328456 758999 509
920223 903749 476
155070 924964 525
180472 257112 443
758285 683426 504
540406 803001 509
898756 385006 525
468862 585762 470
441013 446625 356
555503 317247 470
911135 239158 525
669664 196411 509
782717 880396 525
778752 784132 362
829525 72724 509
962466 721492 525
353087 210565 443
