9458 4901 262
6638 6423 244
9531 8367 260
4478 3225 238
188 3782 238
5006 7106 262
4013 3110 238
9335 4328 262
4043 9092 262
1278 3355 217
8088 8564 234
1932 8128 262
3738 1705 238
3526 2987 199
8092 5148 262
2524 1098 209
3336 4136 238
2750 2112 209
4969 6497 262
9038 2519 262
2533 9049 262
5085 1294 238
2662 6293 262
1732 8680 262
5906 9594 262
2911 2642 173
9326 8863 260
8924 8141 234
8755 2227 262
5735 992 238
2125 9661 262
9889 2692 262
8269 9888 260
6633 9384 260
734 6625 262
9242 7457 252
8794 3268 262
8795 5745 262
3720 3580 238
4403 2676 238
5536 8690 262
6499 2608 262
2023 2053 157
3530 8928 262
5897 6099 187
3673 7468 262
9557 963 262
1571 9106 262
4606 91 238
8770 4309 262
4866 475 238
8780 6244 257
3181 5298 238
8143 6584 257
9844 2050 262
3857 2450 238
7766 7726 177
9089 43 262
1800 1048 182
1883 9936 262
2731 5364 238
5478 5252 192
926 8984 262
5409 6511 262
5273 6720 262
6304 9347 260
3408 2060 217
8669 2480 262
5907 5327 236
2797 9433 262
5175 6095 236
2362 9031 262
6840 20 262
4296 4860 215
7264 4529 262
1295 1374 177
9813 8683 260
7937 232 262
8624 3651 262
210 9058 262
5980 2921 238
5680 3430 238
1834 3076 217
2494 6185 262
11 1523 182
4403 8298 262
1404 7460 262
418 9979 262
5919 1799 238
8953 3268 262
346 8857 262
9435 3799 262
1348 1312 146
2168 2450 183
2851 9316 262
2740 8112 262
77 5308 238
77 2788 209
1278 7289 262
5679 6972 262
6164 1447 238
4090 6586 262
164 3590 217
186 2611 209
610 26 144
9133 5894 262
7640 9488 260
1455 2151 180
304 139 128
3577 5020 238
5464 679 238
6377 8292 257
1706 9784 262
6745 4673 262
1241 2406 183
7610 3764 262
6291 3025 262
6699 8068 257
1518 8308 262
766 1551 182
7873 1689 262
5752 2287 238
9711 9127 260
8156 1812 262
4702 6419 262
4453 5746 236
2449 5192 238
8841 7468 252
8094 6100 262
681 176 145
6078 676 238
8138 2182 262
6050 1419 238
8755 6092 262
8318 5762 262
7338 3480 262
837 6149 238
9047 9008 185
9676 1962 262
4401 8386 262
8673 9028 247
8277 2625 262
1624 2305 183
3898 4287 202
27 4546 238
5245 8007 262
3846 5405 215
4707 4442 184
4110 5427 215
579 8471 262
3401 4262 238
4053 1615 238
2584 9324 262
8368 804 262
5358 9119 262
8038 531 262
5250 1345 238
6430 6610 244
3773 8718 262
6829 181 262
9735 2963 262
1315 8792 262
8169 7427 252
6948 8151 252
7484 3863 262
5676 4116 236
8995 6852 257
5201 5953 236
2720 4803 238
891 4652 238
1417 3734 238
872 1964 182
338 4233 238
5628 5356 236
6014 6894 262
3556 6764 262
7512 7312 239
195 6448 262
2358 2373 152
5243 253 238
8814 2705 262
8440 5640 262
3583 7363 262
5409 3349 238
1604 2629 209
4211 7627 262
8026 1666 262
9136 3997 262
1280 5179 238
4972 4583 210
3811 2653 238
6087 5771 218
8821 9204 247
8084 8108 190
3995 4471 215
39 8495 262
2389 7395 262
4088 8489 262
4550 7519 262
7553 4625 262
3537 1435 217
3252 8514 262
8185 4494 262
25 6251 262
8956 7339 252
6346 7941 257
4726 7785 262
240 7249 262
9767 958 262
7392 1287 262
8934 1549 262
6217 1054 262
7593 2675 262
7375 9673 260
6615 7930 257
1266 4160 238
1966 5112 238
170 646 144
6243 5017 262
1526 4152 238
4105 5426 215
9677 7206 260
4280 8920 262
6399 783 262
2971 3094 155
6954 936 262
514 4635 238
204 451 144
5051 1033 238
7388 2273 262
6432 4538 262
8492 1343 262
4606 604 238
2739 856 209
6012 8328 262
5044 4259 215
3710 4392 238
200 245 128
5551 4579 210
7194 5651 262
8873 8826 172
8828 5737 262
3776 8427 262
5370 1755 238
6483 2714 262
3298 8620 262
8505 641 262
2198 2365 183
7410 8606 252
1520 9 182
4194 2745 238
2465 4138 238
5034 162 238
7505 2588 262
5101 3187 238
2718 4572 238
5889 3141 238
4277 9440 262
2159 7609 262
5431 1393 238
2552 2310 209
1604 1605 22
7195 9885 260
7172 8224 252
3890 2354 238
3536 4382 238
5224 3031 238
2936 9370 262
6780 5383 262
4903 4313 215
7464 4957 262
4210 3841 189
3528 8280 262
8664 5063 262
2267 5018 238
5366 5052 192
8210 9687 260
8702 100 262
4809 7807 262
8615 917 262
649 2821 209
54 5569 238
5844 5757 218
7645 9027 252
1348 7454 262
3808 9168 262
8012 6650 257
7167 5832 262
2709 3438 217
7103 6656 257
4386 4591 184
2579 2512 178
7341 1521 262
4381 6327 262
9856 6933 260
119 5787 238
1943 2610 209
1697 3783 238
5286 741 238
7892 7788 177
1467 208 182
789 9967 262
520 5263 238
6057 2121 238
3646 8942 262
9217 3186 262
1502 2425 183
3972 7586 262
8183 9676 260
9201 8109 247
8556 9370 260
6621 9630 260
3346 6327 262
5816 6772 262
5423 956 238
42 2091 182
9944 6715 260
5300 218 238
3596 8165 262
4266 8914 262
4234 4103 202
2616 8753 262
2452 1857 183
6899 4474 262
823 4760 238
7326 67 262
1202 7143 262
3545 1143 217
547 7391 262
6443 9569 260
2823 8035 262
2594 8377 262
7689 3350 262
5482 4700 210
9429 8958 260
823 4869 238
9028 7981 247
8115 1134 262
3161 8994 262
7870 8686 252
4136 2637 238
5126 3595 238
8294 1937 262
985 6854 262
8291 8889 234
6672 9044 257
7202 4041 262
9946 2708 262
1219 6264 262
9838 1833 262
4393 7294 262
8966 8580 247
9604 511 262
1820 7926 262
4232 3491 238
5059 8650 262
4402 5861 236
2982 463 217
1029 5711 238
2960 8755 262
576 362 142
8762 3344 262
2535 7091 262
9499 8954 260
6367 1834 262
8631 7651 252
5060 731 238
1528 2395 183
8959 2177 262
9606 1226 262
3112 1250 217
4687 8761 262
5769 7338 262
4163 5950 236
901 2946 217
6017 3064 238
8461 5077 262
9828 6114 262
8551 714 262
1546 9289 262
3677 9935 262
4794 8185 262
8977 6071 262
8114 353 262
6736 7352 257
6837 7531 257
8517 8826 216
5276 9426 262
9825 7029 260
5308 6274 262
3876 1656 238
8253 4090 262
4275 5652 236
4781 1761 238
519 7660 262
5848 6094 187
2784 690 209
3159 7912 262
170 8939 262
6528 1179 262
1955 7274 262
2331 6594 262
2583 9695 262
439 6219 262
195 8507 262
2667 8622 262
6983 9941 260
7369 6893 257
609 349 142
3725 1835 238
3621 7585 262
1372 7436 262
1449 4535 238
7925 6137 262
7929 1076 262
3458 5261 238
7784 6855 257
3014 907 217
131 9309 262
4020 4671 215
2081 158 182
6701 4316 262
3886 599 238
4065 1831 238
7434 4513 262
4534 7478 262
3222 3567 194
5371 8062 262
9062 3456 262
8083 8727 234
6795 8991 257
4273 8409 262
912 1297 182
2655 2025 209
3808 8767 262
3657 6151 238
3671 1945 217
9802 7760 260
6544 347 262
3392 2275 217
996 6597 262
8347 7661 252
9105 7584 252
8691 177 262
3572 177 217
9488 8995 260
8870 1488 262
8959 8101 247
3503 2143 217
169 3853 238
1636 9329 262
4664 4783 197
747 6256 262
8077 5002 262
9132 4491 262
2300 3354 217
2002 2170 170
9068 9178 198
312 9183 262
5891 5882 174
9557 692 262
2279 7697 262
7660 145 262
2248 158 183
6374 4430 262
3709 7887 262
8934 1485 262
7152 7763 239
6564 6493 200
4299 8645 262
1444 9060 262
4056 1231 238
1316 3576 217
9226 5996 262
3220 8100 262
9128 3020 262
2194 108 182
5720 109 238
4101 105 238
3356 765 217
9239 594 262
551 9720 262
2983 8670 262
4710 4899 197
6030 469 238
5482 5829 236
6090 9129 262
8406 1999 262
4164 7717 262
6812 5291 262
5764 3581 238
5077 7552 262
6425 9523 260
2324 6931 262
1059 8230 262
5832 3513 238
4238 5884 236
9670 403 262
2996 1381 217
5709 8101 262
6948 439 262
4034 500 238
2275 4309 238
111 4027 238
8289 7187 252
225 5642 238
2802 9733 262
4985 9465 262
3487 208 217
797 5567 238
3834 2693 238
7344 7078 195
9667 1772 262
6802 5113 262
6366 1124 262
1109 9648 262
7130 2908 262
2950 3721 238
3209 7971 262
479 694 145
4546 6173 262
1550 1061 182
1666 946 182
8729 4713 262
6880 7379 257
8738 8266 234
9899 5948 262
6435 5944 262
7039 2975 262
7823 8593 252
9628 7167 260
167 6405 262
5869 8311 262
1254 7033 262
3011 9483 262
9445 6442 260
1628 5972 238
939 5427 238
4748 1952 238
7833 5819 262
7933 8566 252
7539 2626 262
9843 9280 198
1259 245 182
5121 2536 238
2329 5463 238
1505 4179 238
2555 9214 262
8156 305 262
7804 9974 260
5868 1052 238
1596 9471 262
6213 8851 257
9625 2432 262
7876 6283 257
3320 3813 238
2068 330 182
9453 2060 262
4213 7253 262
2152 6121 238
6621 5105 262
3124 496 217
825 8436 262
4112 9212 262
5030 661 238
5322 1173 238
2747 7826 262
3665 1720 217
2876 1158 209
162 8363 262
8748 2122 262
7614 7550 177
8082 3027 262
4239 4160 202
8611 1662 262
9385 1178 262
665 5007 238
8848 68 262
6559 4836 262
7890 6389 257
402 7175 262
5950 8932 262
9372 8553 260
2245 1168 183
9057 5875 262
523 9460 262
8575 7881 252
1179 1465 177
5072 5691 236
6686 6347 244
6829 8191 257
2090 3513 217
6715 274 262
3002 8660 262
5868 3686 238
210 3859 238
5767 4285 236
661 5906 238
5774 1058 238
2329 8097 262
5746 9642 262
3916 802 238
3935 2852 238
6087 1310 238
7276 5439 262
1477 7400 262
1706 3846 238
291 6269 262
8760 5727 262
7109 9333 260
933 9529 262
4459 6601 262
5546 1553 238
96 2511 209
5041 4978 179
4322 5132 215
7944 274 262
2668 5015 238
5490 4236 215
5980 7626 262
2802 3901 238
308 7493 262
9156 125 262
5921 4857 236
3877 1502 238
6570 9753 260
3012 1865 217
1243 232 182
4628 920 238
4849 3646 238
8130 9018 247
5111 5624 236
2543 3244 217
3629 9306 262
1674 8880 262
3751 7694 262
6517 2533 262
4159 4170 158
6272 9205 257
6088 8994 262
5939 6568 262
3891 6920 262
7431 1732 262
1519 7197 262
6862 2910 262
4811 2757 238
1479 6891 262
8782 2840 262
188 8533 262
7847 9973 260
3382 9763 262
4691 2461 238
5283 9616 262
5708 2619 238
4407 3873 215
1777 9035 262
1013 4969 238
2558 5191 238
8601 3280 262
8823 8198 234
4526 5696 236
3070 8468 262
915 4401 238
911 6721 262
2034 5567 238
960 7768 262
5420 8239 262
1224 1109 182
2868 2607 191
2419 5215 238
1197 8349 262
6553 1736 262
6694 6992 257
8311 61 262
2916 628 209
1391 2842 209
8156 9409 260
4162 7358 262
3521 6885 262
2347 847 183
7514 7630 208
7767 6484 257
1864 4708 238
928 9866 262
8163 8113 190
2857 7865 262
2666 9008 262
2964 8938 262
6904 5250 262
3361 1006 217
5347 5893 236
4316 1428 238
3373 3903 238
6300 4560 262
1362 6056 238
6564 8338 257
1723 8843 262
9524 1080 262
6806 8260 257
9869 2551 262
5511 8584 262
8078 6736 257
7555 694 262
5113 5797 236
681 5240 238
6183 4220 262
4163 8593 262
2170 9111 262
6326 8473 257
9135 3604 262
4897 4382 197
576 7850 262
60 3483 217
8370 5490 262
7955 8678 252
2552 6508 262
835 4138 238
2834 5685 238
6855 5916 262
1174 7263 262
8108 7404 252
5442 7121 262
8956 1873 262
2614 6130 238
8404 1434 262
9206 9160 185
7730 8597 252
2403 7263 262
3149 3834 238
8975 8547 247
9857 7856 260
8937 6996 252
4056 7830 262
3053 9101 262
1301 5901 238
6603 5245 262
2789 3745 238
4529 1829 238
2966 9477 262
5585 5652 174
5843 6352 262
6318 2266 262
6416 8112 257
9516 2917 262
6639 8165 257
6793 2266 262
6215 1018 262
345 3453 217
3214 4494 238
8338 497 262
9195 3658 262
5490 1276 238
5485 1984 238
3576 2591 217
6127 936 238
2898 7049 262
7056 3426 262
6877 98 262
8769 8657 216
8938 9243 247
6899 9647 260
3936 5104 215
937 4608 238
4382 4041 215
2597 7316 262
803 7607 262
2553 9177 262
2070 3067 217
5658 501 238
1893 5752 238
245 4234 238
4212 3359 238
9724 4241 262
6770 7122 257
2162 7199 262
1932 8237 262
5333 4649 210
4794 3233 238
4457 3262 238
3171 383 217
4454 6848 262
2017 9753 262
99 6101 238
8571 3380 262
2731 8299 262
8354 7038 252
4798 475 238
6162 9943 262
1934 4492 238
3991 6543 262
6076 4304 236
7020 1383 262
4735 2489 238
2224 7438 262
5183 4543 210
7244 5144 262
5942 5154 236
7268 2604 262
1728 3742 238
2680 5633 238
9060 9788 260
6302 9262 260
285 9564 262
1873 7996 262
9721 2343 262
5529 1364 238
96 2698 209
2949 3412 199
856 9279 262
5788 177 238
9432 4216 262
396 4936 238
6243 5083 262
6759 9309 260
8827 1861 262
5937 9425 262
611 7189 262
9661 8075 260
9700 3655 262
9807 457 262
2083 75 182
4920 8553 262
3453 238 217
8000 233 262
2348 4142 238
2235 926 183
9792 1875 262
6502 483 262
5648 5932 218
6821 6866 182
4761 8903 262
7543 8689 252
8814 6293 257
3384 4349 238
8125 5360 262
4224 5537 215
1431 4502 238
9129 4037 262
20 7835 262
2657 579 209
3480 7156 262
1547 2239 183
7190 9706 260
8111 8766 234
6596 5338 262
9840 3325 262
4341 8651 262
2261 8294 262
7894 9938 260
9799 6787 260
413 4666 238
393 4320 238
8581 972 262
103 3317 217
1394 5994 238
8788 3133 262
5863 7294 262
6723 5643 262
9862 2866 262
2055 4993 238
470 2961 217
7907 5058 262
2899 8020 262
5189 6464 262
7280 5061 262
3742 5084 215
7527 88 262
3076 3773 238
3812 3890 176
861 6701 262
9230 2342 262
6920 2019 262
8274 886 262
1389 1412 172
9905 4484 262
6922 1562 262
6354 2191 262
575 1077 179
4661 1367 238
3459 3693 194
5919 848 238
8437 8560 203
764 8725 262
4886 5148 210
8871 8683 216
7999 1230 262
3758 7163 262
2430 8951 262
2316 4139 238
1049 4488 238
2481 8014 262
3439 41 217
2542 2320 209
6474 2421 262
1164 6112 238
8982 2020 262
8979 8608 247
7461 5190 262
2252 7634 262
4165 8326 262
8798 2130 262
6713 3098 262
7675 5814 262
3411 6641 262
8427 4297 262
7742 3649 262
8896 365 262
7161 2459 262
5079 3463 238
5493 6520 262
839 6527 262
4402 5249 210
5226 8614 262
5049 4112 215
3572 600 217
2437 8448 262
6083 3317 238
2643 9433 262
8684 2414 262
578 7615 262
2809 28 209
2758 5176 238
9155 4118 262
2170 5419 238
2166 8284 262
8944 5150 262
3461 3967 238
6443 3237 262
1426 944 182
5847 6460 262
9512 1172 262
6163 9382 262
5094 7104 262
6732 9817 260
7943 4020 262
8895 1247 262
7960 8537 252
2609 6412 262
4153 7465 262
8249 9211 247
75 4511 238
3438 7178 262
4210 993 238
7091 5914 262
2666 50 209
7 8695 262
3988 1076 238
2938 83 217
5566 5084 205
3065 315 217
6375 1019 262
7918 3102 262
931 1934 182
605 6244 262
7745 8790 252
580 2891 209
7860 5168 262
7241 8386 252
8001 420 262
4756 1141 238
2171 247 182
7187 3156 262
260 1021 179
5720 5774 174
704 8107 262
6861 2502 262
1744 854 182
2741 6368 262
6143 9453 262
3965 4550 215
7460 7479 115
6150 2983 238
2559 8407 262
7286 6267 257
7677 9778 260
6404 8508 257
88 5274 238
6191 2073 262
9377 7797 260
4427 3148 238
6479 1258 262
5175 1460 238
76 4505 238
3865 6430 262
2836 6092 238
9429 2900 262
4152 1932 238
1010 9157 262
8459 8799 216
3802 1023 238
2973 6203 262
6357 463 262
3963 2618 238
3778 8327 262
3455 910 217
5453 2922 238
233 7504 262
2248 6933 262
8303 5799 262
9847 3904 262
