5190 2792 238
569 2299 183
184 913 179
9682 8029 260
4798 2891 238
2117 7818 262
4484 2817 238
3121 8532 262
9314 8071 260
6665 2170 262
6183 2342 262
8480 7922 252
6587 349 262
6816 7032 257
5701 9653 262
6565 7357 257
9813 2973 262
7461 7298 239
1834 7183 262
9730 5606 262
4099 9183 262
5190 3225 238
5336 600 238
9675 733 262
4059 2023 238
4802 4237 215
4111 7664 262
6388 9096 257
3286 4895 238
704 3857 238
2323 2336 183
2831 2139 209
6767 9858 260
7538 2313 262
6769 4027 262
8572 9946 260
1584 874 182
7457 5816 262
3845 2169 238
5645 9411 262
9545 2141 262
1114 9258 262
9604 4455 262
1658 3979 238
7807 7490 221
5700 2106 238
3546 3017 199
8380 1411 262
2 5398 238
6079 5681 218
4017 6592 262
8882 5785 262
885 5582 238
4482 3641 238
9419 8279 260
2663 42 209
2123 7391 262
80 6535 262
4758 7887 262
6148 5770 218
5460 7229 262
2256 5553 238
7506 5076 262
5437 7659 262
2217 2114 170
412 247 144
240 4477 238
9242 1054 262
4856 9129 262
8760 9930 260
44 6839 262
2603 2397 209
7153 6020 262
6686 8670 257
6306 845 262
6129 3992 236
4417 6452 262
4003 9405 262
9194 8719 247
1286 6466 262
4176 4586 215
5704 3529 238
827 4980 238
9558 4627 262
724 7509 262
2655 8500 262
9982 1795 262
2187 4949 238
4039 805 238
3086 7522 262
9010 6252 257
7640 5849 262
4711 2099 238
4695 2142 238
8577 4564 262
5945 5144 236
1719 9722 262
8747 734 262
1818 5755 238
2612 2550 178
9173 8877 247
5598 3273 238
4559 2672 238
9974 8990 260
1468 5596 238
5770 5537 236
2357 1310 183
481 8573 262
3675 9602 262
1914 3951 238
8286 390 262
4714 3604 238
5467 815 238
4761 5632 236
7639 1888 262
6737 7738 257
2386 600 183
543 6883 262
7011 9780 260
731 7492 262
7832 8141 252
8246 7408 252
5585 8656 262
5837 7732 262
2820 4323 238
2528 6767 262
5875 6055 187
624 2446 183
8226 398 262
2195 4270 238
9661 2383 262
4643 8159 262
6022 6325 262
4687 3396 238
2403 89 183
2185 3684 217
1855 4210 238
4220 7104 262
6027 9431 262
2533 6529 262
1171 5523 238
4911 912 238
5653 1572 238
1747 3273 217
5079 6878 262
544 6551 262
579 1059 179
3353 8487 262
147 8100 262
9435 126 262
3623 8764 262
9167 4355 262
8415 8004 234
6290 5240 262
5775 3262 238
6925 1064 262
36 7875 262
2917 3339 217
5083 3352 238
8406 6241 257
1183 9967 262
6171 656 262
9614 6874 260
293 236 123
4103 8531 262
4633 3550 238
4437 1362 238
125 2890 209
4554 3846 215
5150 1802 238
1665 163 182
1420 6587 262
4230 5513 215
6617 2479 262
756 3615 217
5263 9827 262
2254 9895 262
1137 5319 238
3526 8645 262
502 5365 238
327 7976 262
2059 4330 238
4626 1702 238
1032 7028 262
692 4171 238
4296 9226 262
3581 9340 262
6631 9713 260
4736 3623 238
4789 4680 197
8926 7955 252
3281 7824 262
2751 5418 238
35 4954 238
8462 9197 247
9974 8370 260
2113 1779 175
3163 6436 262
2183 387 182
1666 6347 262
2028 8802 262
5241 822 238
6078 9922 262
2169 1627 180
7821 2572 262
4168 7259 262
5628 6081 218
6582 8570 257
6751 5613 262
9839 2635 262
7610 3920 262
146 1837 182
321 2544 209
6074 5368 236
7588 9002 252
9287 4476 262
5147 514 238
8241 9557 260
8333 8599 234
1056 7251 262
5585 9575 262
451 3150 217
1353 712 182
9182 1393 262
6525 462 262
7756 5926 262
9682 8739 260
8503 487 262
4028 2445 238
6862 478 262
5144 4964 179
4679 1037 238
4809 1884 238
3529 2183 217
7405 9174 252
2784 5405 238
2968 2902 217
6067 2154 238
5309 9643 262
6605 5295 262
3807 5221 215
2087 563 182
3217 2499 217
323 8691 262
130 581 144
52 6399 262
6397 2048 262
5591 8305 262
5946 8436 262
8051 3725 262
9824 9032 260
9999 4929 262
6191 3625 262
9696 3790 262
4232 5971 236
7387 4848 262
8756 3588 262
1095 6986 262
1697 8766 262
6559 6457 200
6884 365 262
3409 8571 262
612 1568 182
2551 7606 262
5843 3075 238
2714 7309 262
6495 7521 257
3820 1790 238
7654 9901 260
2552 6748 262
788 1485 182
9457 8328 260
1617 4650 238
4881 4727 197
4493 2042 238
2845 8902 262
6398 1950 262
1965 7873 262
7330 9226 252
2066 429 182
1527 6803 262
5146 4352 215
5929 1249 238
2793 2160 209
2267 8796 262
6420 9948 260
6533 8226 257
6405 3073 262
2072 8623 262
5272 9645 262
8625 3389 262
4641 4193 215
1065 4705 238
6317 9349 260
5987 2626 238
2205 9276 262
7336 729 262
2953 99 217
785 1291 182
469 6481 262
235 652 145
8453 191 262
4444 3202 238
8630 3065 262
1297 6382 262
8707 9013 247
6342 474 262
3508 4972 238
8944 4715 262
173 45 125
7613 4449 262
5563 3233 238
7698 4371 262
2494 9509 262
2739 7316 262
6632 9493 260
1285 984 182
7728 1422 262
6025 1273 238
4372 3737 202
1699 7781 262
7144 9460 260
3529 7025 262
9517 8254 260
3084 2333 217
2164 940 182
3589 6293 262
4614 3264 238
97 5241 238
8159 8499 234
674 3624 217
7137 1247 262
5340 4923 210
8555 586 262
7981 1201 262
5626 9015 262
9361 3757 262
1961 2761 209
3927 6696 262
4794 8797 262
9794 4763 262
6907 7983 257
6488 8183 257
4434 2241 238
3235 4724 238
7156 5535 262
7184 2095 262
7402 4094 262
4636 9200 262
5550 5090 205
3460 9858 262
3941 5576 236
4178 7228 262
5878 4480 236
4177 6359 262
3187 956 217
863 8684 262
333 7228 262
7974 8729 234
7823 4693 262
5391 5239 192
4803 8576 262
8405 7059 252
4521 647 238
2287 6658 262
5459 6868 262
2871 9603 262
1098 9341 262
2687 7779 262
7874 466 262
4679 3796 215
1080 4010 238
4716 7919 262
4261 9076 262
8779 972 262
7795 1283 262
7974 3700 262
5334 2366 238
2161 7077 262
3012 7724 262
2292 8318 262
748 8044 262
9266 3825 262
9676 9189 260
8593 5135 262
6123 6194 262
1284 4811 238
4329 5966 236
1522 1132 182
5246 6611 262
5748 8870 262
2462 3014 217
9276 6257 260
3208 1087 217
9436 8628 260
9198 1264 262
5988 7972 262
9943 3196 262
3294 5641 238
8495 2902 262
5990 6424 262
3932 3971 189
2791 4762 238
6338 839 262
7250 4572 262
2671 3047 217
952 9465 262
7294 159 262
3409 9328 262
9926 1352 262
4161 6725 262
9222 7219 252
9955 4319 262
9733 3229 262
2732 4769 238
7946 330 262
282 2232 183
3686 2978 199
9273 9494 198
2262 4411 238
1659 4856 238
1104 3264 217
7879 5705 262
9767 918 262
9454 1922 262
1355 556 182
6323 7435 257
5695 3429 238
356 5643 238
3825 5835 236
1574 7560 262
202 8791 262
1792 6444 262
3804 7172 262
6223 699 262
4346 3462 238
5246 6787 262
1908 4461 238
9684 4937 262
1385 4805 238
5787 4253 236
566 5581 238
3396 7312 262
7974 7466 252
8727 2029 262
3569 7573 262
3703 5188 238
9314 5693 262
7069 4870 262
3704 6041 238
9520 680 262
3396 3481 150
132 1214 182
9117 895 262
4517 8055 262
2096 5754 238
4615 7635 262
1173 6842 262
5091 4750 210
1076 5455 238
4215 112 238
5322 2537 238
6121 5020 236
6185 3380 262
2893 7674 262
1766 3205 217
6208 1537 262
1385 9856 262
9894 7929 260
4560 7734 262
2922 4321 238
2085 9961 262
1702 676 182
6182 2701 262
6426 8251 257
8223 6881 257
7257 5373 262
9590 2627 262
6764 130 262
3434 1211 217
7973 574 262
1319 7874 262
6109 3761 236
189 7532 262
3345 8607 262
7249 9006 252
2302 6844 262
5947 3445 238
6285 6751 244
7346 9214 252
4116 6597 262
2019 360 182
9708 6970 260
6912 4431 262
1870 1994 175
5133 9858 262
7341 9844 260
9621 4152 262
9245 9246 154
1455 4156 238
7257 4780 262
2021 4646 238
3455 3727 238
4250 4337 202
6194 7776 257
36 244 128
1285 5945 238
9265 5393 262
6408 109 262
5510 7695 262
7934 1342 262
6438 2840 262
4440 6100 236
4854 3198 238
4085 3713 189
2604 1689 209
3029 5852 238
2444 1655 183
4184 9875 262
7475 4901 262
3166 9261 262
8606 2920 262
5498 8837 262
4398 5098 210
3204 955 217
5696 406 238
3220 2172 217
8097 273 262
5906 1878 238
6126 3235 238
1610 3549 217
3968 1503 238
2305 2157 183
2975 4347 238
4972 4470 210
7340 8274 252
3345 1652 217
7280 3446 262
5110 115 238
6570 4915 262
6408 9080 257
6034 5470 236
3853 3929 176
836 9855 262
4053 7994 262
1480 2409 183
203 2059 182
2058 7949 262
6528 8048 257
5373 8712 262
1733 9107 262
511 4939 238
7989 2974 262
1535 8265 262
8941 4761 262
5360 2288 238
8708 2451 262
6260 3995 262
9474 6855 260
4639 73 238
2044 3704 217
8913 9510 260
6353 135 262
3963 5402 215
5450 34 238
4383 5868 236
629 1597 182
9686 3918 262
9368 7745 260
5000 5570 236
4266 2642 238
110 2328 183
6515 9955 260
1967 171 182
3471 5492 238
7900 638 262
6761 5644 262
5398 7527 262
6184 6333 200
7886 3787 262
9579 4949 262
7662 9623 260
9958 431 262
7077 3698 262
6855 7199 257
6861 2175 262
8128 5175 262
7908 4443 262
3768 6472 262
6034 2759 238
2778 5361 238
1468 5146 238
4374 562 238
8918 5071 262
2801 1371 209
4807 7573 262
1575 3161 217
4972 3132 238
4114 4911 215
5258 7880 262
8212 5777 262
4769 728 238
6972 8904 252
5189 4956 179
7170 5472 262
1829 8175 262
2241 7791 262
2564 969 209
3596 6842 262
8508 640 262
4461 2037 238
6287 3256 262
1595 1828 180
1631 9664 262
4616 5943 236
407 554 142
1080 8926 262
8262 2279 262
9599 990 262
7980 694 262
7883 4165 262
3156 176 217
8561 7925 252
3589 1365 217
1646 9810 262
7299 4741 262
8559 9515 260
3397 305 217
1573 3181 217
1217 2462 183
3208 2495 217
2931 6403 262
9652 7177 260
7691 9204 252
8434 1615 262
5773 8550 262
4657 6183 262
5967 1154 238
8803 884 262
812 4821 238
7894 5838 262
3582 4858 238
6437 7114 257
1785 595 182
3453 2853 217
2534 8709 262
2031 8720 262
463 535 142
1546 1510 154
3658 3473 194
4127 8307 262
4030 6027 236
3412 6800 262
6830 20 262
8475 1095 262
7941 6622 257
213 229 115
4864 8274 262
4015 2430 238
7871 1310 262
6372 3248 262
5831 2593 238
5856 6739 262
8256 3032 262
9883 5017 262
1955 5276 238
8463 7163 252
323 7758 262
8262 5699 262
3159 1706 217
4178 9785 262
9573 7645 260
9017 3895 262
9943 7752 260
3235 8901 262
1182 6327 262
7773 6947 239
3289 2480 217
1406 96 182
1949 3239 217
5541 5847 236
9016 6996 252
596 6008 238
9106 3002 262
8983 2267 262
192 3251 217
5830 5637 205
9539 5377 262
4000 3829 189
3990 5050 215
9337 1795 262
7811 1076 262
3477 5151 238
8749 7179 252
8726 2866 262
7724 8773 252
4623 6442 262
2878 7538 262
1608 4446 238
120 9112 262
9931 8436 260
9736 1497 262
3455 3613 194
9112 2166 262
8570 2350 262
1633 7307 262
8946 3598 262
15 5869 238
1699 6167 238
1718 6315 262
9640 9438 198
4837 4252 215
6107 4062 236
4645 2003 238
2379 5842 238
5430 5988 236
5399 4065 215
5666 7394 262
3542 6935 262
121 5693 238
6974 160 262
3054 1269 217
3982 3822 189
6945 2720 262
5999 8930 262
615 9804 262
8273 9956 260
5538 4765 210
4701 7600 262
5461 1722 238
9784 6209 260
99 6499 262
6426 9853 260
1184 1888 180
9982 7240 260
7924 6671 257
9126 8166 247
8091 369 262
6389 8229 257
1507 629 182
2191 6566 262
285 1425 182
8639 6421 257
7375 9057 252
3886 5686 236
3995 9635 262
6210 5013 262
1484 7889 262
4047 2801 238
2830 8430 262
4564 7888 262
9286 8778 260
8120 3114 262
3350 9657 262
8689 2463 262
8357 4345 262
4187 4994 215
8768 1494 262
4308 4470 215
2875 7445 262
4158 1078 238
9431 6022 262
7392 2887 262
2179 9148 262
3987 9203 262
6260 7073 257
2053 5443 238
124 5802 238
5447 1992 238
7324 3589 262
5354 5104 192
8026 1613 262
3797 1566 238
8327 3649 262
5134 5802 236
1611 9459 262
1466 6342 262
4960 9591 262
3567 1268 217
1580 9373 262
7806 183 262
8774 5177 262
4830 4312 215
8142 1030 262
8904 236 262
8518 1655 262
9990 5127 262
2187 3888 238
9463 8744 260
5730 723 238
6059 6281 262
9657 6212 260
841 5827 238
6793 8913 257
8954 8939 154
1090 2099 182
5485 4771 210
3604 9715 262
2102 9554 262
5345 3846 215
8199 8717 234
1583 6872 262
3360 8783 262
5039 5529 192
8946 7823 252
6795 4724 262
2990 4697 238
1410 2493 209
225 8922 262
3669 9205 262
4547 487 238
7950 602 262
4458 5513 210
964 6176 262
8693 2844 262
5441 8572 262
3250 4525 238
6462 2119 262
7206 891 262
5840 6476 262
955 7687 262
191 5923 238
737 7192 262
8818 3593 262
9496 9602 198
1880 9476 262
9235 1684 262
2708 9189 262
87 1625 182
848 9078 262
8388 6612 257
1122 525 179
180 530 144
5535 9326 262
8906 5540 262
7565 3390 262
724 3603 217
5490 6034 236
8028 2354 262
2969 1846 217
9679 7271 260
794 5012 238
4239 6768 262
5318 5457 192
2591 4682 238
2600 9075 262
6865 1336 262
6228 4300 262
8 8745 262
3780 6518 262
1949 1215 180
6691 4283 262
4531 1060 238
494 499 111
4598 1968 238
3074 7911 262
7368 3885 262
3898 221 238
5870 2646 238
4878 8528 262
5409 1852 238
6227 1666 262
9185 1010 262
7795 9289 260
5035 2472 238
6938 7707 257
7222 5323 262
9132 1616 262
8163 9643 260
2796 4877 238
5335 2434 238
7834 1768 262
9326 2369 262
341 6825 262
1607 5014 238
7987 8269 190
13 1663 182
481 2513 209
6857 1762 262
2982 7416 262
7924 2233 262
2686 633 209
128 3151 217
7288 8877 252
4330 1946 238
624 332 142
6511 1856 262
4184 8450 262
2295 1323 183
1981 2405 183
4495 1383 238
751 476 171
2174 7311 262
2692 4352 238
9474 8649 260
5891 8106 262
8479 498 262
9816 7365 260
8519 6220 257
3235 5637 238
4018 2527 238
7919 3222 262
9076 7780 252
8422 3493 262
2992 1012 217
953 4302 238
864 6025 238
9413 3047 262
4656 2508 238
5363 508 238
5917 5611 218
9257 5476 262
3113 199 217
429 2747 209
6448 5062 262
3055 6078 238
6796 1896 262
8692 3793 262
4021 613 238
4724 3121 238
3303 5656 238
2732 3860 238
6369 1831 262
4612 8124 262
1374 4870 238
4522 17 238
131 3586 217
6026 2754 238
2018 2030 157
129 5696 238
8746 1417 262
7285 6002 262
5057 551 238
5623 8969 262
4815 7694 262
6036 4151 236
5676 6995 262
9710 6027 262
5349 4084 215
4289 5209 215
7984 1839 262
4826 9339 262
6471 1795 262
5824 8926 262
9028 5539 262
1225 8353 262
1412 4829 238
2505 3312 217
7215 8044 252
7925 4251 262
1911 3034 217
2353 8629 262
3702 4152 238
279 9309 262
8504 1142 262
207 269 128
3926 4152 189
6433 5684 262
9616 7186 260
1291 2610 209
9171 9013 198
3950 8086 262
2836 8669 262
9066 6975 252
4839 2093 238
3466 9709 262
4323 7717 262
1381 8187 262
2898 4789 238
8422 1071 262
3902 7043 262
3124 5804 238
905 1843 182
8625 6931 257
4060 7044 262
9318 8148 260
8930 3140 262
675 7342 262
825 567 171
9937 9459 242
8741 2729 262
147 5083 238
3271 5971 238
6578 3135 262
6683 2536 262
8817 3194 262
6291 1016 262
1578 6899 262
2829 7783 262
5190 3153 238
8163 9769 260
2148 8942 262
4186 3476 238
8139 6356 257
464 2255 183
5695 7645 262
8999 6484 257
1537 8982 262
2899 1897 209
7584 1273 262
