758249 306411 470
360698 565240 470
145180 870920 525
576657 716786 447
149156 418380 449
29673 692228 470
384615 930542 525
907983 537706 525
158157 20090 383
709095 216747 470
471433 650508 470
321296 522106 470
803994 287520 470
176997 583417 470
223905 786197 470
549876 364600 470
590003 997704 525
456281 15852 449
181363 872299 525
820378 915433 525
675247 487347 470
506690 370145 449
3880 937594 525
425060 886616 525
307894 473933 449
877800 362924 525
847471 182485 525
358327 172822 443
375277 862636 525
162654 967129 525
339018 744246 470
196279 939182 525
712379 608911 447
611434 830947 468
291235 825186 470
978804 73764 525
506538 447192 444
360127 363413 410
294690 107367 443
299622 960483 525
553941 757050 447
93969 775829 470
937416 622093 525
450310 618156 470
840179 758738 525
682058 706276 442
958858 42260 525
304266 342272 384
198368 981041 525
273724 259928 407
445011 198060 449
474992 704858 504
725063 779137 468
706424 518486 452
891850 744965 525
255248 410725 449
827371 809802 450
421350 873297 525
732192 259912 470
492130 136096 449
887304 716223 525
727404 450701 470
512665 849737 525
595955 552525 434
658839 144679 470
553631 372186 470
191065 385388 443
232016 752335 470
957222 429361 525
229298 663819 470
440247 770630 470
775250 100390 470
745456 643686 442
539971 392375 470
608887 955635 525
257501 909657 525
38883 422144 449
707282 733314 411
535206 66209 470
716669 601655 447
486719 386014 449
556155 102848 470
382284 261212 441
387429 240435 441
760209 466913 470
669573 135386 470
814979 639942 468
133637 406462 443
778092 120573 470
506342 906700 525
195320 404516 443
864491 239277 525
381342 405424 436
297127 394675 441
915474 181147 525
684730 752707 442
335239 90737 443
854068 128977 525
496460 669558 470
887590 405617 525
387404 805517 470
766377 440519 470
820810 575909 468
120091 841150 525
941986 283655 525
813383 537324 468
633797 220836 470
386629 670760 470
5846 401324 443
168500 849755 525
161128 96108 383
465009 97597 449
201647 933781 525
185288 212234 373
718239 654413 442
259295 895465 525
975510 497677 525
947469 752072 525
280106 288509 389
650987 90577 470
896889 233338 525
723505 760906 424
760994 31442 470
529574 780299 468
539056 790401 468
20502 931776 525
787051 433119 470
893643 866255 432
623512 242084 470
315920 795087 470
354398 686480 470
242818 407393 441
94359 318904 443
541489 872659 525
652483 708618 442
27360 472243 449
151241 933732 525
547577 894893 525
618574 490270 470
738724 263157 470
793890 593468 468
775852 324825 470
687990 310652 470
273195 263429 363
476732 792406 470
540667 73985 470
590123 296674 470
608129 398875 470
225459 482571 449
338888 677767 470
549296 880743 525
225550 862050 525
216401 907715 525
242793 665481 470
480384 118735 449
435767 557465 470
865780 944618 476
548485 811754 468
378787 48554 443
636648 456231 470
893271 76938 525
468504 68592 449
80899 633511 470
121297 276885 443
209370 53589 383
227934 443878 449
503315 73105 449
242093 79756 443
935292 37445 525
39081 570200 470
563904 676797 447
895233 517782 525
455648 507330 444
722308 735839 424
246007 166226 443
910001 993475 476
501798 625609 470
1059 326060 443
793158 545961 468
400616 971050 525
28038 104090 351
683589 925585 525
518566 118403 470
204696 93310 383
967458 581088 525
243257 974208 525
405488 32656 443
249191 869635 525
897510 525743 525
91143 770046 470
943840 973571 458
124177 843869 525
394851 205658 443
505703 340106 449
618130 224348 470
821451 89219 470
874760 617305 525
45131 342428 443
759690 246753 470
251844 850969 525
744038 587581 447
622614 418440 470
48528 645759 470
341109 115330 443
230865 982894 525
910341 401890 525
868164 492334 525
521797 102635 470
126704 85733 354
294859 93843 443
587996 726579 447
93206 373505 443
62994 967116 525
438458 383450 449
411352 86407 449
461125 27549 449
323035 949474 525
648387 533193 452
778706 775097 437
45451 798134 470
337637 199190 443
722998 933067 525
759994 552243 447
789987 509074 470
231527 21979 443
261506 566589 470
28714 57134 340
933255 136597 525
387147 284766 441
419820 247805 449
104332 375229 443
896571 14244 525
255776 820298 470
435509 698504 470
21239 805576 470
740632 446406 470
955104 910038 476
478109 723559 470
8558 725763 470
24213 284691 443
456958 419065 418
197027 47832 383
872527 471362 525
428645 923794 525
417165 743648 470
926925 744631 525
792747 529931 468
471029 821151 470
563547 45015 470
511057 875235 525
966945 563805 525
568079 573141 377
3566 682558 470
557780 837629 468
883395 381565 525
38303 412425 449
278156 726078 470
536874 29383 470
954835 601066 525
998372 159031 525
796500 564903 468
284569 185122 443
943204 431745 525
222086 49683 386
131240 617645 470
64121 405798 443
902940 179719 525
528354 892400 525
443689 610407 470
81309 336494 443
619575 326277 470
648384 614330 447
477063 672849 470
712619 35723 470
666701 188864 470
444547 992800 525
120077 96318 354
235849 519408 470
267788 993706 525
193370 713317 470
269537 261764 407
32734 453312 449
234856 274585 407
465338 412954 444
467785 798739 470
448375 919893 525
302138 196679 443
611114 914293 525
148246 286779 443
601337 180505 470
830781 718414 468
74112 805548 470
331070 171871 443
347058 251374 441
875510 625093 525
495831 291296 449
112226 279347 443
725304 818783 468
342447 888202 525
835210 854069 525
101800 474094 449
335647 274795 389
164206 115524 383
784750 133113 470
236953 370063 441
87419 587087 470
6901 158326 383
57476 685240 470
836221 977760 525
17728 803841 470
670110 189149 470
151277 745792 470
140614 429968 449
524153 257407 470
5037 906350 525
867241 46452 525
775170 646222 468
760121 719741 424
840353 342136 525
41923 388442 443
805189 379391 470
206855 422211 449
946315 685624 525
312344 677377 470
559993 965083 525
208793 666489 470
548142 218610 470
76949 123360 354
564103 117494 470
7637 736710 470
72008 804335 470
947741 59944 525
700946 213044 470
719863 188312 470
522809 349389 470
725655 890339 525
923 57485 340
518372 724873 452
448754 407277 449
50565 2399 324
262291 575763 470
504716 80687 449
953945 579220 525
790885 965355 525
107739 122050 349
10677 805542 470
413436 798833 470
529291 407111 470
664118 522047 452
624696 595527 447
327752 660336 470
587735 404955 470
531503 524379 408
346853 725894 470
683347 965928 525
658564 342345 470
104277 237104 443
428075 196975 449
690248 81879 470
424033 127275 449
457887 396312 449
69707 120612 354
881671 215070 525
660921 741373 442
27594 248957 443
660765 214005 470
338428 868945 525
403978 418158 449
851966 798545 525
980994 682922 525
536886 200484 470
306927 745526 470
245806 427754 449
303428 502448 449
12366 668490 470
767573 790865 468
247190 912917 525
997140 138671 525
534037 512553 439
824736 259750 470
503634 762181 470
410843 406867 449
147811 660348 470
351477 829791 470
167061 691956 470
852297 201819 525
952196 726968 525
500958 76620 449
559153 787132 468
538770 161512 470
623536 758682 442
505087 633356 470
882732 273376 525
972061 544515 525
906931 523368 525
904696 684273 525
341436 874335 525
771933 522197 468
664117 992772 525
204197 515939 470
553521 247940 470
79319 158177 383
833212 980682 525
818406 814115 357
903701 986226 476
725845 521470 452
514508 71090 470
333134 451239 449
599221 975940 525
492810 515332 470
654887 377973 470
726780 781605 468
67792 893187 525
347582 591468 470
912914 969535 476
421844 255911 449
308645 743806 470
175607 493600 449
764523 22316 470
72736 240832 443
473504 227983 449
970193 484159 525
168175 317741 443
832353 307113 470
894823 612039 525
265703 982103 525
332867 175011 443
783509 565162 468
228783 689820 470
316761 756054 470
505078 984802 525
94370 634542 470
403065 170988 443
154422 34403 375
715851 26678 470
413811 190095 449
411649 593501 470
401280 135691 443
92646 6509 351
283418 374519 441
762864 30614 470
167509 921927 525
101197 566411 470
705819 876129 525
781149 481977 470
50500 589629 470
596234 82989 470
863506 507994 525
608639 895266 525
103350 46272 351
110955 823853 470
745659 612481 447
114816 305225 443
36154 524851 470
229936 85968 386
281083 221773 443
736595 519164 452
319516 241943 407
417878 644613 470
364575 853731 525
753793 339536 470
642195 609924 447
130877 423676 449
406344 697484 470
385004 272504 441
711297 751772 424
862161 710082 525
995391 125593 525
872875 563511 525
439421 826427 470
613705 256043 470
728668 879200 525
242586 604408 470
609381 627975 447
662404 660974 323
75762 953637 525
587126 706350 447
781042 85851 470
865908 479730 525
280057 251051 407
528435 293069 470
299420 505341 449
295057 388688 441
666744 955395 525
490128 563999 470
137146 339872 443
119976 528827 470
320522 73320 443
317381 530825 470
903030 643791 525
514951 958418 525
284459 972548 525
649015 349805 470
494525 836889 470
70526 629640 470
45570 920331 525
62774 232613 443
813923 621021 468
358333 368891 366
294824 675228 470
669302 290298 470
271672 986857 525
500032 769459 470
264201 201592 443
272672 247012 407
461069 472641 444
21694 145058 375
224160 336938 443
4832 410025 449
881000 386812 525
97614 807597 470
326096 656216 470
585966 714136 447
409215 998433 525
539429 434879 470
690794 253730 470
542822 425732 470
389894 433341 449
956858 50534 525
316821 882635 525
228269 498936 449
967852 679634 525
931307 379993 525
480615 304191 449
776530 357037 470
555704 265762 470
895762 895473 326
115832 343913 443
278646 563532 470
234912 593995 470
5221 847969 525
520074 744766 452
562153 827288 468
450526 798065 470
320961 104109 443
711489 324046 470
67822 251614 443
330243 394762 441
981625 820575 525
475153 443687 444
9203 140974 354
78059 406497 443
835534 769606 468
671395 442934 470
255015 540766 470
182392 293025 443
154123 498388 449
11741 79524 351
77786 186925 383
476009 985729 525
844035 782331 525
549884 472387 470
440950 524166 470
292544 777495 470
831709 569166 468
949734 406994 525
663446 456842 470
223831 345229 443
757277 754121 362
458279 582236 470
177229 503143 449
61241 120176 354
704966 514208 504
710699 841384 525
747313 419185 470
242366 367291 441
262975 795135 470
584748 557562 434
406175 902903 525
62931 417810 449
228047 4099 386
204716 790423 470
427974 316728 449
470769 819700 470
584542 99439 470
787169 106228 470
83735 834654 470
729689 362745 470
946631 167754 525
871123 821139 525
662776 860514 525
386849 29605 443
441079 521216 470
632999 624301 385
924010 104025 525
471546 56609 449
446595 189882 449
658386 711148 442
322115 723207 470
685355 232091 470
958559 958628 321
928739 198637 525
774968 752607 468
502964 422244 444
348961 556274 470
4433 42593 324
309352 812724 470
246045 524361 470
839512 910837 476
801495 623396 468
758156 833257 468
864989 175496 525
511803 806327 470
926445 263077 525
871274 247241 525
980605 881593 476
575230 370745 470
604670 612899 359
920676 549994 525
878861 73481 525
191478 168747 365
202219 709610 470
699061 370773 470
964778 424169 525
206553 28746 383
230217 699925 470
571607 374656 470
111558 104849 354
816107 497598 470
847079 402399 525
300842 652895 470
660181 642129 429
191928 353290 443
325965 500183 449
792237 921247 525
321552 420978 449
620498 211447 470
581113 156042 470
566712 993044 525
49860 365211 443
862143 918554 476
890646 180952 525
271766 236071 407
771796 495492 470
870117 418580 525
823199 731793 468
853547 757704 525
279180 404720 441
741695 290498 470
884298 793167 525
569137 761353 447
132657 315597 443
950080 241297 525
621770 15869 470
598636 730141 447
885016 718038 525
180877 145306 383
120285 948501 525
795268 915964 525
263745 12018 443
77583 396472 443
731174 624748 442
843089 916894 476
262549 667879 470
773705 707924 468
757253 94590 470
574813 203932 470
89552 36371 351
847198 395495 525
102665 276108 443
990303 337273 525
106259 688605 470
168177 366385 443
518353 23986 470
591217 668587 447
923707 944303 476
221871 938582 525
964746 524612 525
63519 379872 443
38402 153038 375
236268 356275 441
548623 297443 470
343351 914560 525
639183 892176 525
251070 718991 470
270014 433853 449
849138 498365 525
437005 501277 444
457680 125535 449
977228 508987 525
774842 488742 470
715772 859479 525
850283 877042 432
869616 577664 525
844524 553424 525
968759 222559 525
270928 13820 443
741909 698541 424
985178 241544 525
897748 876532 401
517269 297805 470
28572 318409 443
736260 408418 470
965155 512253 525
754533 846669 525
637956 704430 442
887131 121554 525
456346 887821 525
855949 854718 388
200108 696231 470
989324 86424 525
77418 917006 525
534831 395515 470
32807 444285 449
289125 726505 470
855991 437643 525
647080 396793 470
645139 641796 416
42597 998768 525
409422 144640 443
34141 910793 525
814923 726997 468
339596 563616 470
672897 150040 470
476063 561379 470
747832 672791 442
142993 963295 525
862588 419768 525
151687 5615 375
59723 483318 449
778330 360463 470
151777 946855 525
200862 958052 525
633343 305860 470
374226 74589 443
843425 641453 525
663685 125727 470
168504 100921 383
55737 658673 470
139149 883792 525
786862 583045 468
664756 260196 470
790995 10462 470
529367 337713 470
540656 354018 470
14882 504929 449
925145 198306 525
955226 252163 525
386499 341376 441
168745 45670 383
418717 544736 470
200592 651251 470
451491 835958 470
425109 16037 449
415341 92769 449
243979 90556 443
591211 687117 447
81774 307019 443
108974 512552 470
783815 816168 468
199035 136688 383
595354 322873 470
900568 666348 525
697654 431806 470
769690 142257 470
531113 768025 468
87493 864934 525
674606 997800 525
395470 612540 470
944421 644486 525
621419 727066 442
837469 165976 470
76159 825051 470
36912 468960 449
606190 903548 525
304989 648368 470
235345 348682 441
981213 175920 525
435443 999411 525
229493 260975 443
962635 710801 525
194091 735784 470
889317 827984 525
146126 959464 525
712635 410636 470
37834 818405 470
821144 953357 525
528658 58125 470
604446 50836 470
141599 203876 383
237141 984973 525
990571 925076 476
626491 605164 509
675584 373846 470
107466 13809 354
997231 320646 525
717855 353467 470
460101 511660 444
810403 588731 468
933996 436158 525
313567 42398 443
112014 323919 443
374968 421523 449
433425 689437 470
876241 282311 525
532347 996312 525
201579 796052 470
446510 513468 470
30762 180059 383
505371 534245 470
747564 882668 525
871119 255764 525
991465 563708 525
161006 500335 449
553172 737094 447
127150 834044 470
953212 103661 525
649671 93347 470
836356 260704 470
203038 616717 470
976226 285135 525
479536 706907 470
385147 537960 470
605106 395206 470
980746 322865 525
400959 459791 449
146764 271157 443
485546 516702 470
943602 441316 525
485675 125723 449
628893 742654 442
670302 101539 470
245853 690026 470
37827 251448 443
534820 490566 470
357571 203295 443
847759 448242 525
108058 246576 443
700547 446718 470
318994 346872 441
940455 734617 525
17821 277238 443
355469 760020 470
345471 499748 449
634482 249606 470
729010 639180 442
886214 408309 525
342267 429168 449
711926 667720 442
189191 59542 383
445801 705598 470
664626 869483 525
210635 850886 525
76091 947205 525
724402 620933 442
876760 354177 525
938345 858203 476
213723 58912 383
288319 719761 470
495530 549945 470
128210 589013 470
499182 890712 525
182612 524464 470
300628 846181 525
201246 102980 383
841877 180640 525
334798 241841 407
710378 581584 447
934499 296680 525
554381 511465 470
6663 886964 525
938734 252935 525
397735 975707 525
972176 489397 525
734507 274941 470
221152 85047 386
813378 870778 525
511361 271158 449
411398 98756 449
806406 834203 450
548532 179498 470
362965 496541 449
461004 91418 449
880951 458933 525
984651 219662 525
506925 24280 449
978674 769820 525
795019 483593 470
606723 667888 447
540530 761966 452
525426 558790 452
907338 192873 525
874583 37116 525
28234 931942 525
19465 202943 383
619263 139957 470
656604 875124 525
792892 718356 468
406482 75337 443
781892 262831 470
725055 810131 468
472330 120509 449
340461 248963 407
662087 773171 468
550828 366598 470
814451 657142 468
714393 446193 470
713764 306581 470
418023 180271 449
430798 837038 470
964329 813213 525
725900 666379 442
173898 990947 525
241719 908018 525
725262 958621 525
967747 868126 476
778922 448632 470
56570 336099 443
553828 40418 470
533636 559134 452
972453 323926 525
71596 568331 470
503509 425245 444
203267 822265 470
577816 906804 525
919455 293815 525
62706 245374 443
934377 515761 525
215001 399415 443
330262 380128 441
872535 642729 525
647507 560406 447
789540 482144 470
174665 584912 470
200314 505204 449
539723 899283 525
809011 906597 525
124469 852563 525
640506 767583 442
763748 312222 470
893416 484877 525
862500 867256 388
644794 53267 470
215905 662370 470
608223 928573 525
417377 418356 343
565296 486886 470
282732 583125 470
288680 228529 443
696865 37433 470
46605 372558 443
127510 237568 443
28820 113892 354
676414 647422 429
509012 492644 426
443024 769996 470
670452 16296 470
91931 328761 443
949771 106669 525
788919 554398 468
920889 383075 525
246767 970241 525
734256 181498 470
501129 494101 395
967852 242772 525
92588 841519 525
305345 849046 525
787911 501106 470
875302 350813 525
111683 365370 443
222899 859837 525
945587 570049 525
704489 490767 470
217522 735699 470
516944 437843 470
990493 642012 525
499381 703505 470
126244 920572 525
52497 764578 470
21139 363348 443
539577 512012 439
806327 675412 468
226012 664447 470
523689 353467 470
161918 320903 443
837205 803796 450
429714 181050 449
393020 511269 449
738322 385055 470
808344 519589 468
669674 367146 470
530122 548964 452
101622 27740 351
323466 100873 443
846444 101527 525
812552 405977 470
842451 498014 525
311234 592413 470
747991 523073 452
246806 858094 525
608872 516509 452
243590 575977 470
775578 344000 470
729172 690964 442
813368 189632 470
606916 563574 434
55268 288639 443
497987 203708 449
707616 171341 470
509546 603265 470
