1216 6238 262
9823 9938 242
7275 5055 262
6489 9388 260
2792 294 209
2582 9164 262
8318 8166 203
2036 9473 262
98 9744 262
4620 6973 262
9438 2511 262
5914 41 238
5372 4776 210
1480 343 182
4137 429 238
6298 9688 260
137 5645 238
3327 4239 238
1928 1891 175
4973 2238 238
8209 2458 262
2375 1539 183
6280 1809 262
2802 5834 238
7948 5637 262
8803 1523 262
9270 724 262
4694 9672 262
766 437 171
9693 4683 262
8991 1963 262
7637 3142 262
7731 3245 262
8806 7774 252
1483 9661 262
1730 925 182
1126 6903 262
2839 402 209
8843 7824 252
5480 7609 262
1897 8609 262
1971 1939 175
3846 6685 262
465 1665 182
3530 2385 217
9612 4194 262
1358 8451 262
1242 3893 238
421 6053 238
8285 3232 262
5721 6372 262
7887 9910 260
7845 9826 260
7405 7696 239
6126 4257 236
8403 778 262
4833 9921 262
4734 4875 197
2928 2948 173
4427 2082 238
1050 6065 238
3585 2052 217
5253 5559 205
6133 3863 236
1889 1342 180
872 41 179
4868 5845 236
1983 1565 180
9821 1642 262
7390 3071 262
7584 9901 260
3875 6503 262
288 3427 217
14 6208 262
7712 7778 177
1810 9182 262
5125 4343 215
3532 3431 181
9196 2833 262
6168 7375 262
8390 100 262
8188 4300 262
8077 2518 262
8258 9076 247
9306 8903 260
2616 3282 217
6651 750 262
2088 8604 262
1957 4640 238
8953 1282 262
1054 7873 262
7620 7940 221
8014 1626 262
7642 6378 257
4462 5281 210
7623 6778 257
3384 5727 238
3990 386 238
1973 6905 262
9865 2650 262
1224 422 182
258 8059 262
5910 7694 262
6424 1903 262
9936 7535 260
6129 1168 238
8741 1915 262
527 290 144
321 1204 182
7563 7474 208
4095 5254 215
8435 9129 247
3978 2111 238
3007 8697 262
4141 6857 262
9106 4282 262
5918 9998 262
7063 3138 262
7324 7677 239
6875 6353 244
806 2054 182
6297 1706 262
2555 2101 209
2542 1076 209
2661 4277 238
2650 2331 209
802 6788 262
9053 653 262
224 512 144
3237 1665 217
9929 6893 260
1420 4264 238
4789 6357 262
9810 3543 262
6479 7972 257
5349 8510 262
5167 4016 215
4544 6668 262
7103 1813 262
2787 1882 209
7100 8883 252
6886 261 262
5789 8443 262
3686 5887 238
7572 2226 262
3818 9530 262
7262 5068 262
2461 3955 238
3897 6984 262
5255 9656 262
1797 2713 209
5947 1235 238
2450 3181 217
7764 7052 239
8539 9722 260
6955 4162 262
519 2418 183
2881 8448 262
2436 2690 209
643 872 179
3201 6999 262
4489 8005 262
2810 2362 209
546 6922 262
6974 5677 262
92 147 122
2587 5815 238
5839 1634 238
3128 927 217
4245 8598 262
7828 2005 262
3626 2670 217
8972 7528 252
1865 4043 238
9592 4068 262
8667 6597 257
4578 4725 184
6502 6372 200
4541 245 238
2802 3162 217
5181 9432 262
7273 2562 262
9900 4016 262
8036 5706 262
3148 5810 238
5828 216 238
6813 462 262
3315 225 217
927 3916 238
8931 5364 262
7958 9297 260
6464 6010 262
8532 7175 252
2982 4291 238
2061 6510 262
9156 9222 198
1244 9549 262
8505 572 262
5322 6545 262
7347 1892 262
9607 9401 198
1846 3016 217
3256 2841 217
1805 7259 262
4338 874 238
6151 2883 238
7786 5939 262
5789 8405 262
5136 243 238
9137 7123 252
115 9924 262
3000 4731 238
8411 9549 260
5046 3792 215
9369 4971 262
5789 442 238
7880 218 262
5536 5427 192
8035 5028 262
911 1722 182
1002 5674 238
776 4942 238
3523 5615 238
3832 5543 215
4519 6511 262
9032 4276 262
8512 5442 262
384 5321 238
8230 1067 262
741 630 171
1623 5036 238
8134 7019 252
8540 8638 172
249 5838 238
3014 335 217
3835 2244 238
1200 4720 238
2624 5839 238
5119 4236 215
7563 6045 262
3950 6603 262
3013 2235 217
4187 3457 238
4485 2985 238
9297 3840 262
1927 7893 262
3657 1031 217
624 8282 262
946 5922 238
3006 5450 238
4044 3865 189
5119 9971 262
8109 8930 234
3808 679 238
7990 4136 262
7122 9143 252
6250 2716 262
568 9578 262
7074 157 262
7770 6348 257
5023 4672 210
5183 8207 262
2833 54 209
4153 7142 262
8409 9066 247
5368 3815 215
2993 526 217
2092 3957 238
4302 6433 262
5930 5180 236
8061 4736 262
5209 8992 262
9879 6314 260
6775 7480 257
4620 6816 262
8318 5498 262
31 3710 217
9895 9143 260
3410 6275 262
1807 4489 238
9568 7032 260
3474 6151 238
9616 793 262
8538 130 262
6950 3818 262
4977 7061 262
9522 6958 260
892 2825 209
9388 6559 260
2190 4180 238
7206 1364 262
9168 2734 262
9218 373 262
2736 8693 262
8089 7923 252
6231 4776 262
7442 700 262
8304 1424 262
2264 415 183
4974 2645 238
2707 300 209
5578 9112 262
3570 1627 217
7330 5000 262
6790 2819 262
9421 1228 262
6904 9467 260
2221 307 182
3900 9672 262
7599 2554 262
304 7823 262
7848 9429 260
8160 7750 252
3527 2651 217
1029 9422 262
1434 9216 262
9355 2555 262
2411 3163 217
204 8807 262
1249 8488 262
4553 7094 262
2525 9126 262
8590 3944 262
4099 7852 262
9601 9833 198
2663 4592 238
5517 2941 238
3120 8381 262
8110 9412 260
8328 4846 262
8676 4661 262
6103 5361 236
6826 5678 262
6596 638 262
5012 1867 238
8006 2177 262
1816 6321 262
4262 1532 238
4921 576 238
3802 1978 238
3368 3141 199
8134 2093 262
8821 8028 234
264 8759 262
2501 3414 217
7861 7835 177
2801 906 209
1609 3179 217
5116 1659 238
9491 3091 262
2232 6845 262
5029 2768 238
6543 5674 262
7253 4164 262
4999 9284 262
9709 9952 242
3478 1189 217
6960 3267 262
2648 3329 217
2150 6214 262
2038 5976 238
302 6645 262
7231 9376 260
7851 177 262
1731 6598 262
3075 6713 262
3456 4022 238
3615 2329 217
9763 5680 262
8377 9529 260
5551 982 238
8050 2078 262
8899 4727 262
8322 2312 262
2564 2455 209
6083 9010 262
8293 6110 262
9801 8815 260
778 3028 217
6032 7562 262
8444 2432 262
6157 4825 236
6647 3183 262
5270 6402 262
1304 7204 262
3545 9318 262
7270 8040 252
9900 2378 262
7035 1985 262
6330 6490 200
909 7464 262
9231 2770 262
2579 3908 238
20 4441 238
4454 1995 238
6411 2115 262
6953 3014 262
8979 9388 260
3975 5197 215
916 9564 262
9597 2231 262
8357 1052 262
6529 4408 262
5897 580 238
3197 4080 238
6214 9866 260
2802 3199 217
8061 2800 262
5036 2219 238
7649 1101 262
834 2475 209
5175 300 238
5494 3651 238
4126 360 238
8259 9185 247
3506 8196 262
3649 8493 262
5390 7194 262
7171 2614 262
2493 982 209
7685 8234 252
6905 4276 262
4983 3259 238
8124 4423 262
3419 288 217
1951 54 182
9208 981 262
8485 823 262
1225 1487 177
810 997 179
2555 3218 217
3052 9835 262
6126 6759 262
6033 6753 262
542 1573 182
7731 9318 260
2018 9379 262
5433 3110 238
8212 4618 262
4454 3908 215
7956 7924 146
4652 6444 262
3320 8005 262
5342 5598 236
8874 1421 262
551 4322 238
23 2017 182
3564 8535 262
9268 6924 260
9425 8407 260
5150 9684 262
5124 6952 262
1312 6290 262
2248 2710 209
3952 8139 262
6082 2475 238
1654 6752 262
1597 2980 217
4359 2676 238
7526 7372 239
8398 281 262
7086 7920 239
3425 3162 199
9605 4874 262
4200 8360 262
6525 592 262
4768 7112 262
707 9696 262
6664 5751 262
9379 7358 260
3556 788 217
5762 3405 238
4377 6862 262
7914 5841 262
3492 4104 238
8001 8694 234
8105 7910 252
627 673 145
839 6031 238
3910 9291 262
9865 2678 262
2751 2554 191
5811 1486 238
1393 4744 238
280 1966 182
9105 7359 252
3954 9685 262
4635 1097 238
4224 9061 262
2917 2428 209
7631 6254 257
3131 8750 262
5752 2817 238
6163 7305 262
2383 9178 262
5782 4073 236
5435 7086 262
5924 6842 262
6488 5996 262
3054 7078 262
5369 2862 238
8133 2158 262
7838 6932 257
1177 2609 209
584 604 119
756 7382 262
3069 8046 262
7104 1870 262
7120 3910 262
1847 6192 262
9789 4830 262
5691 6766 262
3035 45 217
7887 9558 260
5375 588 238
8907 7306 252
1048 9230 262
144 6715 262
4205 6577 262
8754 9222 247
3200 7553 262
5426 8628 262
3415 2940 199
2363 4815 238
4013 7608 262
9177 7400 252
6933 9172 257
3215 8651 262
2073 9692 262
6535 7665 257
5693 1492 238
1820 5526 238
2495 6662 262
9451 4157 262
7008 1366 262
3560 9990 262
8116 3503 262
7347 8919 252
430 8734 262
8470 2589 262
4354 4852 215
3880 4546 215
5507 4443 210
5676 3811 236
76 643 144
8149 2823 262
2601 9667 262
4565 6272 262
8249 2196 262
4801 123 238
6990 7774 239
345 1365 182
8136 8756 234
907 2383 183
8220 7402 252
6459 2984 262
4994 5427 192
1241 8750 262
6218 8146 257
9929 1646 262
8592 9717 260
1000 499 179
9316 5299 262
4523 8713 262
9388 5805 262
4773 5013 210
18 9208 262
2352 2363 121
2163 3241 217
9230 1468 262
6083 1845 238
4256 7087 262
4727 1369 238
734 157 171
1337 1866 180
1812 5188 238
6049 6479 262
5371 5173 192
5490 2188 238
9669 1142 262
9230 7147 252
7279 9596 260
7371 790 262
3129 738 217
7544 6177 257
2793 7152 262
5847 9601 262
9129 248 262
8738 4475 262
1895 4349 238
5044 7030 262
1768 355 182
8527 320 262
4665 9755 262
7570 2639 262
5140 1035 238
8038 3460 262
3277 8154 262
1055 6946 262
5190 3481 238
3788 874 238
1484 3419 217
7987 5429 262
6568 2358 262
1337 3446 217
7197 6551 257
6780 8611 257
7661 7587 177
9116 1856 262
5439 2 238
1239 3333 217
4260 199 238
5371 7738 262
9134 7607 252
4103 5945 236
3470 1239 217
1169 9102 262
6368 306 262
5308 651 238
865 8238 262
3712 6434 262
4882 4675 197
5975 7927 262
9507 7284 260
3026 1747 217
2498 5869 238
87 1045 179
515 7340 262
2094 853 182
3285 4368 238
6626 4720 262
3265 535 217
204 9565 262
8151 6555 257
7111 4114 262
6806 1429 262
7001 2506 262
9382 6730 260
2622 2458 209
2277 9255 262
6615 7629 257
4378 8875 262
2005 182 182
7031 3711 262
6087 3847 236
6844 9765 260
7585 9881 260
7046 8324 252
5851 8567 262
15 9277 262
6741 5593 262
9565 224 262
4150 189 238
8949 8819 185
5569 5409 236
9552 9878 211
2210 6394 262
7343 2449 262
4950 5655 236
1398 1928 180
7441 6345 257
8772 9162 247
3788 4714 215
2493 3265 217
4724 383 238
4414 6962 262
9541 8829 260
471 6431 262
881 4882 238
4227 3136 238
4962 987 238
2028 971 182
9029 3438 262
5474 2538 238
6574 154 262
6331 8872 257
7243 4532 262
5600 9075 262
855 3635 217
9441 1495 262
7490 5691 262
3038 9949 262
3374 2162 217
8126 4073 262
3010 9451 262
6153 3146 238
5150 133 238
4650 5374 210
4718 8785 262
3755 9902 262
2815 9961 262
4547 1730 238
537 7141 262
2829 8150 262
9147 7357 252
4486 9682 262
1092 3167 217
4816 1650 238
8907 4007 262
1724 7463 262
2907 4300 238
8831 122 262
9003 7514 252
7502 6194 257
7516 1555 262
5982 2101 238
1069 2797 209
6851 1565 262
9271 8 262
6866 1993 262
6972 3229 262
4675 8159 262
3280 1144 217
1964 60 182
946 4254 238
6378 9454 260
5785 2094 238
2782 3140 217
5251 493 238
912 7484 262
7131 180 262
6248 4552 262
7705 9276 260
6607 3471 262
8867 5779 262
5388 5915 236
1840 8866 262
7510 2356 262
7813 6491 257
1268 6581 262
8323 9270 260
9658 9134 260
9473 8260 260
2833 3166 217
7419 1277 262
6594 3343 262
1065 8765 262
3516 9905 262
4051 7451 262
4033 8504 262
800 745 153
8197 1547 262
2738 1977 209
351 9286 262
2705 560 209
5155 4610 210
94 2082 182
9531 1189 262
9517 8627 260
2108 3129 217
8670 8678 141
3401 3788 238
5323 6256 262
1600 6732 262
9489 2930 262
4253 6045 236
1464 243 182
8895 8131 234
8704 8258 234
4484 1455 238
8241 2863 262
5344 1253 238
5284 3704 238
3896 1384 238
5924 6248 262
7853 2878 262
9109 96 262
8894 3945 262
7425 4414 262
4558 4630 171
1141 4218 238
7299 4208 262
9229 9108 229
9332 6040 262
506 7601 262
2800 8646 262
3193 9826 262
4938 531 238
8376 7564 252
5872 3336 238
9165 1834 262
840 9194 262
8641 4175 262
8323 5280 262
4492 4341 215
7755 1768 262
3337 1412 217
6017 6569 262
2367 293 183
8479 1046 262
3395 2297 217
496 8703 262
589 8254 262
5929 1016 238
7787 3922 262
3094 1237 217
8145 903 262
7309 5541 262
2636 8652 262
9302 8411 260
367 5596 238
5817 5146 236
427 4003 238
9756 3280 262
2028 6271 262
3539 9898 262
29 6543 262
9073 6062 262
7262 3653 262
1891 6080 238
4919 3527 238
4663 739 238
394 1582 182
3923 7645 262
3880 9082 262
3689 5457 238
2219 4720 238
4591 61 238
7866 9391 260
9954 3236 262
2391 8643 262
7513 4710 262
8703 1556 262
8979 1663 262
7112 3061 262
6176 809 262
7375 6238 257
1502 2004 180
6305 1582 262
2622 6043 238
8457 6979 252
7542 6146 262
2575 2203 209
9834 9887 242
3694 6911 262
6362 8990 257
5492 6623 262
1759 990 182
9767 5727 262
4631 8912 262
6763 7988 257
8237 422 262
5382 3338 238
6060 205 238
1049 4381 238
856 8261 262
1186 4038 238
5314 9128 262
565 1753 182
6316 9977 260
1111 366 179
426 6007 238
6681 4355 262
3690 2898 217
5017 5810 236
5595 5185 236
24 9217 262
4179 5945 236
4287 7220 262
1587 3990 238
4668 120 238
1318 6988 262
9291 6243 260
9562 5731 262
2545 5326 238
7820 5313 262
1832 7573 262
1093 1629 182
2533 2018 209
1185 3635 217
258 3263 217
3203 1669 217
8596 6305 257
2327 3676 217
6929 5723 262
6890 9239 257
579 680 145
909 1959 182
5664 3013 238
2333 9134 262
5594 1111 238
74 2199 182
6250 3221 262
3387 1730 217
1104 987 169
916 3906 238
9857 3696 262
6225 5748 262
1073 9726 262
9246 2562 262
4789 3115 238
6659 2583 262
7579 5697 262
6400 2331 262
9610 5213 262
1708 3496 217
1364 6433 262
9394 9791 198
5974 8059 262
5386 5502 192
8418 784 262
9341 1980 262
3908 783 238
5811 9562 262
5663 2429 238
153 3683 217
8377 7609 252
8942 1691 262
4315 7945 262
8610 8928 216
4859 6245 262
2490 4310 238
7440 3988 262
4395 1042 238
3249 1347 217
6582 1811 262
2345 7748 262
1530 2956 217
7498 1573 262
7686 8299 252
4518 3270 238
7874 6527 257
1785 6677 262
5077 2163 238
7529 1829 262
9857 8280 260
3161 2827 217
3004 8544 262
8112 6285 257
5569 1238 238
1984 3086 217
6011 1989 238
2178 290 182
3877 5025 215
8303 7403 252
3250 5088 238
3656 9469 262
7258 6482 257
6510 8123 257
1433 9498 262
8728 1003 262
9534 6725 260
7950 6527 257
4278 6005 236
4802 9335 262
3560 281 217
9849 4285 262
19 2363 183
5948 4095 236
6173 6802 244
7217 4464 262
6803 9154 257
3034 1208 217
3618 3301 194
5576 6747 262
6575 7263 257
1499 8717 262
4252 3215 238
8231 9802 260
1284 6256 262
9424 1197 262
4041 5548 215
6954 175 262
2283 6315 262
8003 6121 262
1282 3252 217
8352 1623 262
2009 7341 262
9834 5887 262
2588 6576 262
9755 776 262
4985 2218 238
3794 7684 262
7253 705 262
6982 561 262
1326 8999 262
9719 7848 260
3127 6279 262
9998 2653 262
3176 9443 262
9615 3188 262
683 3204 217
1812 3601 217
7187 3071 262
6176 7375 257
6078 911 238
3341 5506 238
9584 1805 262
8557 2049 262
8849 2167 262
1398 7263 262
8324 6766 257
9067 4049 262
6304 8565 257
6586 5661 262
803 2997 217
7285 8319 252
898 254 179
6083 5506 236
9743 3679 262
