852 266 171
723 911 179
203 412 144
641 981 179
232 621 144
172 437 144
228 68 125
788 660 171
943 32 179
953 843 179
281 265 123
686 530 145
228 931 179
167 185 125
26 161 122
851 307 171
190 112 125
202 855 171
313 598 144
63 583 144
58 573 144
297 459 144
368 263 144
558 749 171
613 381 142
118 637 144
173 94 125
982 420 179
462 63 144
899 409 179
514 9 144
542 995 179
678 571 145
213 802 171
639 26 144
134 811 171
127 586 144
691 517 145
75 319 131
89 616 144
570 656 145
855 109 171
878 485 179
749 595 171
710 441 171
852 368 171
751 974 179
65 668 145
468 634 142
181 500 144
799 311 171
383 471 134
765 263 171
215 107 125
503 769 171
122 59 119
590 246 144
345 219 144
759 865 153
839 96 171
445 257 144
578 955 179
303 761 171
145 127 122
391 986 179
564 403 142
999 57 179
940 224 179
791 532 171
878 666 179
796 300 171
480 205 144
424 189 144
96 674 145
44 943 179
397 627 142
675 155 145
620 847 171
172 430 144
339 429 134
272 274 92
970 232 179
154 977 179
640 519 137
512 5 144
259 307 123
312 269 118
214 643 144
346 612 142
186 138 125
229 70 125
109 647 144
116 417 144
202 743 171
242 944 179
130 457 144
117 910 179
302 593 144
580 158 144
984 434 179
726 689 171
692 809 171
14 169 122
735 606 171
737 246 171
267 963 179
532 816 171
314 299 131
3 542 144
425 498 142
308 75 128
169 421 144
692 232 145
430 194 144
744 299 171
135 777 171
95 834 171
620 667 145
693 489 145
265 592 144
982 923 174
746 774 153
903 90 179
248 35 128
791 813 135
194 383 144
933 85 179
646 320 144
989 184 179
202 491 144
856 6 171
525 527 80
212 368 144
327 588 144
897 161 179
816 197 171
829 975 179
705 135 171
592 724 171
492 653 145
730 302 171
621 574 132
154 606 144
327 962 179
826 450 171
141 956 179
699 347 145
498 930 179
822 142 171
535 155 144
678 638 145
579 433 142
519 768 171
842 41 171
367 465 134
387 974 179
690 805 171
844 241 171
781 613 171
268 124 128
209 296 128
305 98 128
844 861 148
202 779 171
943 677 179
801 849 135
861 954 179
228 188 120
607 356 142
163 995 179
540 578 137
823 142 171
98 345 144
41 873 179
854 798 135
395 250 144
632 644 132
671 950 179
136 528 144
783 232 171
730 717 96
757 594 171
265 597 144
218 751 171
499 146 144
189 348 144
974 331 179
21 810 171
134 562 144
53 520 144
192 690 145
462 222 144
589 359 142
898 97 179
996 994 50
621 283 144
676 577 145
108 31 119
554 537 137
199 521 144
522 404 142
479 78 144
497 88 144
883 200 179
879 432 179
882 459 179
946 928 174
701 540 145
225 381 144
27 36 112
136 689 145
614 16 144
269 216 128
375 301 144
889 189 179
919 141 179
700 982 179
227 869 171
250 702 145
740 117 171
400 873 179
133 738 171
513 275 144
230 958 179
660 361 145
930 365 179
543 800 171
139 526 144
73 800 171
310 984 179
502 209 144
128 903 179
179 648 144
540 106 144
276 840 171
162 87 122
580 629 132
12 626 144
19 750 171
467 459 129
166 457 144
531 684 145
495 109 144
205 392 144
429 228 144
357 311 144
194 504 144
361 618 142
345 87 144
890 500 179
401 845 171
242 55 128
651 842 171
700 58 145
994 501 179
521 680 145
976 254 179
93 471 144
245 467 144
732 695 171
190 949 179
640 271 144
432 6 144
969 193 179
398 390 121
903 374 179
2 440 144
2 139 122
535 52 144
211 365 144
96 991 179
341 384 126
749 881 179
102 10 119
948 819 179
684 598 145
913 799 179
943 726 179
587 793 171
959 266 179
824 314 171
367 59 144
555 474 142
899 722 179
214 795 171
231 693 145
471 340 134
999 429 179
126 131 122
797 296 171
840 596 171
81 808 171
897 175 179
838 240 171
564 83 144
944 491 179
321 281 131
635 26 144
521 776 171
621 810 171
89 579 144
494 512 111
957 655 179
355 150 144
221 212 115
489 840 171
102 847 171
579 113 144
934 969 174
203 903 179
239 132 128
776 210 171
570 973 179
197 654 145
618 274 144
280 102 128
414 966 179
449 341 134
356 965 179
578 55 144
256 643 144
718 454 171
851 260 171
739 128 171
641 981 179
398 74 144
398 474 134
296 569 144
105 23 119
277 61 128
15 506 144
881 825 179
153 628 144
6 193 125
477 785 171
301 944 179
752 47 171
783 927 179
499 809 171
331 989 179
822 158 171
505 717 171
606 414 142
159 98 122
289 271 105
983 62 179
483 840 171
701 46 145
9 218 125
818 56 171
412 999 179
564 735 171
839 239 171
898 851 179
811 763 153
690 14 145
986 624 179
436 427 116
146 597 144
614 18 144
79 610 144
928 459 179
301 866 171
461 91 144
538 843 171
665 383 145
191 25 125
650 983 179
110 41 119
796 404 171
416 783 171
705 402 171
595 658 145
426 910 179
309 957 179
702 998 179
107 983 179
674 433 145
265 257 123
453 779 171
378 763 171
20 724 171
828 164 171
692 390 145
396 615 142
608 776 171
879 243 179
225 873 179
623 815 171
362 880 179
460 748 171
247 819 171
46 284 128
249 326 131
511 275 144
883 234 179
645 294 144
495 231 144
36 726 171
420 279 144
941 598 179
747 532 171
713 842 153
906 935 130
284 228 128
2 726 171
629 501 137
411 42 144
506 539 124
503 335 142
369 386 121
378 983 179
280 53 128
99 41 119
588 854 171
564 618 132
24 887 179
382 970 179
484 122 144
833 80 171
701 106 145
272 62 128
542 536 49
272 175 128
196 278 128
237 393 144
990 875 174
355 251 144
244 925 179
278 612 144
74 99 119
455 701 145
711 409 171
956 873 174
933 771 179
694 987 179
71 897 179
792 677 171
353 668 145
75 959 179
112 472 144
309 724 171
335 435 134
901 410 179
158 213 125
443 153 144
953 110 179
488 559 142
675 100 145
808 481 171
116 445 144
219 462 144
187 178 94
715 941 179
37 631 144
834 928 179
269 976 179
915 906 130
273 992 179
261 48 128
720 852 153
83 757 171
721 744 140
912 20 179
597 443 142
230 562 144
972 176 179
401 159 144
797 310 171
122 300 128
59 783 171
334 593 142
672 619 145
969 761 179
586 779 171
818 913 179
532 810 171
752 380 171
985 292 179
445 554 142
776 517 171
403 176 144
299 978 179
954 477 179
322 773 171
774 967 179
40 839 171
407 714 171
642 824 171
192 353 144
461 730 171
602 493 137
206 267 128
201 119 125
60 165 122
41 17 112
235 624 144
993 881 174
407 110 144
398 70 144
24 305 128
744 119 171
66 643 144
100 462 144
954 643 179
981 115 179
815 817 135
245 626 144
849 574 171
48 602 144
483 956 179
279 644 144
146 738 171
115 301 128
257 545 144
939 356 179
47 337 144
105 101 88
659 359 145
265 143 128
380 835 171
116 62 119
49 902 179
399 835 171
891 482 179
433 506 142
835 381 171
238 521 144
608 281 144
648 72 144
478 23 144
195 253 128
988 949 143
640 7 144
726 276 171
395 261 144
311 46 128
23 293 128
192 692 145
684 499 145
187 137 125
948 845 179
934 879 148
974 627 179
539 253 144
342 917 179
136 574 144
641 776 171
491 177 144
405 464 134
804 157 171
141 779 171
772 335 171
266 503 144
734 747 140
639 613 132
430 434 116
444 513 142
980 958 143
945 801 179
228 810 171
609 829 171
240 95 128
615 804 171
209 987 179
252 190 128
422 904 179
166 180 125
514 230 144
820 789 135
826 519 171
709 882 179
957 878 174
941 501 179
538 626 137
414 89 144
996 699 179
458 410 134
190 442 144
901 883 148
247 505 144
220 147 125
991 490 179
566 113 144
487 764 171
286 644 144
851 928 179
920 793 179
859 319 171
916 585 179
644 456 142
200 881 179
960 414 179
762 972 179
758 655 171
695 861 171
272 447 144
118 982 179
257 472 144
824 664 171
677 163 145
172 527 144
401 870 171
254 411 144
114 55 119
969 610 179
579 124 144
98 934 179
226 697 145
641 349 142
798 689 171
82 192 125
528 591 137
248 884 179
698 188 145
461 339 134
212 819 171
72 850 171
963 551 179
568 810 171
145 946 179
478 720 171
845 410 171
387 856 171
613 635 132
635 725 171
252 406 144
740 787 153
314 219 131
816 839 135
932 968 174
603 537 137
119 176 125
106 48 119
461 184 144
504 44 144
701 751 171
481 330 134
930 307 179
420 249 144
209 444 144
959 920 174
715 891 179
802 601 171
147 321 131
981 290 179
770 925 179
159 618 144
267 824 171
773 874 179
449 437 116
554 545 137
275 962 179
685 52 145
226 148 125
43 843 171
508 591 137
779 996 179
452 931 179
864 442 171
805 115 171
520 622 137
939 269 179
143 963 179
204 964 179
278 798 171
24 759 171
211 850 171
3 378 144
31 795 171
315 172 131
468 529 142
983 592 179
585 585 57
3 185 125
85 666 145
921 435 179
392 610 142
986 604 179
671 277 145
10 471 144
521 851 171
956 137 179
312 407 144
398 427 134
211 573 144
766 81 171
858 337 171
293 157 128
712 208 171
123 108 114
282 125 128
28 275 128
224 834 171
749 982 179
480 253 144
801 475 171
583 887 179
809 321 171
386 306 144
580 379 142
28 719 171
180 960 179
950 770 179
644 830 171
813 836 135
60 705 171
176 897 179
921 21 179
540 780 171
561 143 144
396 683 145
871 201 179
942 860 179
29 442 144
497 109 144
393 870 171
503 189 144
980 584 179
610 327 144
82 436 144
181 251 128
689 679 127
94 327 144
328 187 144
945 431 179
699 698 65
32 561 144
582 300 144
169 610 144
206 816 171
963 833 179
507 598 137
553 666 145
18 958 179
47 415 144
317 321 56
312 795 171
936 808 179
621 136 144
639 92 144
634 409 142
930 862 179
278 682 145
851 70 171
401 944 179
55 135 122
521 565 137
425 614 142
180 68 125
416 807 171
101 556 144
398 765 171
287 514 144
287 611 144
726 914 179
999 45 179
254 54 128
814 999 179
515 660 145
507 111 144
736 111 171
51 834 171
959 699 179
167 161 112
125 112 109
857 990 179
219 556 144
963 225 179
136 235 128
367 662 145
717 22 171
809 790 122
58 792 171
979 874 174
550 433 142
985 365 179
926 214 179
269 518 144
385 631 142
705 366 171
800 437 171
459 277 144
157 92 122
605 967 179
779 154 171
977 596 179
652 159 145
899 385 179
710 369 171
727 680 171
175 983 179
178 719 171
345 177 144
509 31 144
713 485 171
575 940 179
189 995 179
57 57 33
751 664 171
472 588 142
700 640 145
560 348 142
483 97 144
676 274 145
570 590 119
931 692 179
472 258 144
606 38 144
247 376 144
635 170 144
829 961 179
820 215 171
888 504 179
31 760 171
208 620 144
711 30 171
509 535 124
263 131 128
153 737 171
31 968 179
801 827 135
712 843 153
650 504 145
862 486 171
470 753 171
371 265 144
520 160 144
454 896 179
165 483 144
710 815 153
308 974 179
414 470 134
735 33 171
101 56 119
268 504 144
503 778 171
786 852 135
995 977 143
501 694 145
64 90 116
254 863 171
862 806 148
879 377 179
226 477 144
760 438 171
134 194 125
849 764 153
442 745 171
704 597 171
176 726 171
981 994 143
416 184 144
607 589 119
171 261 128
185 310 128
561 586 119
909 230 179
728 326 171
142 753 171
610 210 144
90 48 116
756 382 171
658 317 145
697 176 145
400 163 144
349 397 126
242 653 145
562 805 171
701 56 145
627 876 179
825 10 171
326 359 144
965 653 179
89 411 144
505 374 142
262 592 144
230 285 128
116 460 144
998 899 174
129 626 144
376 678 145
28 481 144
363 197 144
56 541 144
756 357 171
967 373 179
819 137 171
631 268 144
632 769 171
860 779 148
307 738 171
139 234 128
207 886 179
294 104 128
873 192 179
445 997 179
495 506 111
464 934 179
73 11 116
367 99 144
622 292 144
685 245 145
551 707 171
117 950 179
722 290 171
870 986 179
515 412 142
73 152 122
363 180 144
416 518 142
495 249 144
677 267 145
699 999 179
575 971 179
920 640 179
449 6 144
950 166 179
660 675 145
998 184 179
130 149 117
101 260 128
127 158 122
670 224 145
379 720 171
860 202 171
478 464 129
209 355 144
92 516 144
467 814 171
692 627 145
174 78 125
56 740 171
463 589 142
785 756 153
259 929 179
927 952 174
795 698 171
126 553 144
894 976 174
886 471 179
139 254 128
298 744 171
413 39 144
980 958 143
217 873 179
373 876 179
8 784 171
570 877 179
381 305 144
659 958 179
915 268 179
514 789 171
58 13 113
625 635 132
82 969 179
524 514 124
996 192 179
260 377 144
312 954 179
869 868 29
861 214 171
52 828 171
141 201 125
715 734 140
53 835 171
982 905 174
8 35 112
226 309 128
860 640 171
188 439 144
295 68 128
528 407 142
343 976 179
313 168 131
807 181 171
197 679 145
363 986 179
639 174 144
351 818 171
380 420 134
859 471 171
164 5 122
524 216 144
1 273 128
787 628 171
656 15 145
585 671 145
609 99 144
336 978 179
30 151 122
872 101 179
465 134 144
163 918 179
548 325 144
641 892 179
499 669 145
280 33 128
871 610 179
61 198 125
