4311 7981 262
1739 2622 209
587 332 142
4754 3751 215
8320 9221 247
7678 8680 252
6746 4974 262
8966 2669 262
3107 2815 217
4301 5914 236
4081 3167 238
3183 9118 262
2380 8819 262
2593 7456 262
8912 3603 262
1215 6930 262
515 7828 262
8296 2137 262
67 6424 262
4400 3170 238
7651 6429 257
3286 1207 217
4568 6922 262
1941 5297 238
9679 1699 262
1634 9402 262
9896 5542 262
5099 8449 262
915 131 179
4323 6891 262
508 5854 238
6512 2762 262
1610 6530 262
4078 4082 65
1804 1551 180
7532 8706 252
8494 119 262
4035 1614 238
4171 185 238
5807 7530 262
2597 1522 209
793 7457 262
6812 8129 257
6670 1665 262
9293 1168 262
8636 9059 247
6782 2510 262
8315 8408 234
8043 2358 262
995 9521 262
5793 8335 262
781 3063 217
5641 8530 262
7789 2091 262
7103 5508 262
361 2562 209
5345 4693 210
2637 4574 238
4342 471 238
4812 6501 262
5210 4837 210
579 661 145
9598 6385 260
2142 9100 262
6921 5540 262
7237 5563 262
4308 6334 262
8831 5975 262
7098 7992 252
6454 140 262
3918 9269 262
6779 7957 257
5067 7908 262
8850 3867 262
3806 3165 238
9618 6689 260
5170 3754 215
1197 9778 262
7908 9280 260
1501 9014 262
9286 9265 154
2656 3064 217
3595 7810 262
9728 4488 262
5524 6381 262
7117 7248 195
5518 1411 238
955 7848 262
2087 3098 217
1362 8951 262
1807 8613 262
9020 3009 262
9956 7387 260
7337 8917 252
1848 5701 238
6537 8494 257
4145 7363 262
7909 3543 262
714 7235 262
4697 4694 122
2704 1534 209
1621 6859 262
5432 6780 262
903 9554 262
2319 6553 262
9178 6467 257
1010 2502 209
7557 7819 221
9167 8193 247
1403 5098 238
4375 8202 262
5630 1774 238
6328 8915 257
7474 9684 260
3320 4075 238
9396 7136 260
6055 3742 236
7192 497 262
55 9543 262
4029 7956 262
8069 815 262
4244 4097 202
8034 8868 234
7283 3949 262
4173 6459 262
7205 7779 239
5892 1491 238
9540 2782 262
2579 2494 178
4932 908 238
6707 9198 257
7456 3897 262
415 3883 238
349 6173 262
7859 2428 262
4923 9451 262
4816 8421 262
1987 6502 262
5185 9508 262
2313 3273 217
2022 2 182
8813 2855 262
4854 2985 238
8544 6974 252
665 7868 262
8560 7475 252
2885 3984 238
2930 5713 238
8151 2459 262
3851 1189 238
5997 1433 238
8184 801 262
3856 7180 262
2395 8012 262
7411 5672 262
9827 3856 262
1295 819 182
1976 9198 262
1873 4763 238
3564 1442 217
3698 6414 262
5563 4522 210
1403 1878 180
2976 6198 262
4456 560 238
418 2008 182
8774 7840 252
766 5546 238
2409 237 183
7590 8455 252
2799 6838 262
9093 2245 262
1126 1903 182
8530 5863 262
3158 197 217
6129 2013 238
2078 9537 262
6968 697 262
4161 8484 262
4163 2551 238
7494 2974 262
4557 1816 238
4874 2194 238
3715 5299 215
9070 9992 260
2143 5322 238
4496 8374 262
2222 7871 262
4334 2596 238
3891 9775 262
3809 2879 238
2911 8542 262
2870 7023 262
6779 4746 262
6417 4663 262
7804 4340 262
1017 5531 238
4756 7881 262
475 8616 262
2829 4488 238
6211 863 262
3001 7024 262
490 5088 238
9840 6633 260
4935 4971 197
5851 9233 262
7344 6399 257
9226 8038 247
5620 8942 262
1641 9738 262
2729 1887 209
2944 5902 238
6602 5691 262
4195 6749 262
9412 9923 242
5096 4714 210
8403 9647 260
3459 4455 238
4336 3587 238
5189 2138 238
6783 489 262
2963 3875 238
746 8748 262
3761 2115 238
5732 8975 262
9466 9619 198
1791 8906 262
5941 700 238
484 3043 217
6820 4481 262
8326 530 262
6146 983 238
7073 7128 164
680 7198 262
1204 2409 183
6250 446 262
1650 3633 217
4586 5796 236
704 5291 238
4680 8331 262
2029 9374 262
8889 2280 262
4353 6677 262
7860 3572 262
3539 9682 262
7602 7407 239
5082 7891 262
4629 9976 262
1260 1345 177
8007 9596 260
7072 8721 252
9146 2034 262
3095 4603 238
216 3933 238
4882 3987 215
5188 5892 236
6685 4851 262
8461 8888 216
679 8783 262
1449 6961 262
2837 8416 262
8458 7591 252
6993 5251 262
2603 6819 262
6918 6962 257
329 6972 262
4782 2936 238
9527 4686 262
9194 2280 262
3496 2831 217
692 717 171
5410 8592 262
6626 6080 262
2624 7580 262
211 2038 182
398 3020 217
8421 7379 252
3731 5081 215
4539 7180 262
5364 9261 262
2678 9043 262
3130 9640 262
3469 5847 238
6473 5277 262
1923 4833 238
6453 9080 257
7373 8214 252
7981 8448 234
3823 4861 215
7708 9821 260
5496 4903 210
8090 4561 262
7990 2686 262
3808 6509 262
4517 7318 262
3225 1349 217
5228 7771 262
3468 2024 217
5126 4303 215
4316 481 238
6151 6540 262
736 3136 217
5568 103 238
406 8476 262
8973 8509 247
3073 7732 262
3652 1909 217
9049 3834 262
2987 978 217
1412 60 182
5795 2856 238
4869 168 238
1907 4601 238
575 6897 262
4128 8342 262
9143 4703 262
7920 5145 262
2829 6558 262
6594 6609 138
1792 2813 209
7432 8166 252
1238 963 182
8253 7900 252
8278 847 262
6873 1453 262
1158 5524 238
910 1891 182
5594 2692 238
9757 4812 262
6079 4664 236
8254 5011 262
4771 9586 262
8895 369 262
6898 9988 260
9653 1533 262
876 1220 182
1205 3344 217
6441 8977 257
33 8267 262
6130 2376 238
9280 5096 262
5543 9744 262
2617 3707 217
88 7447 262
7 1628 182
8670 9688 260
3878 8791 262
3252 1293 217
4087 79 238
9431 1578 262
1541 8504 262
7114 3142 262
8348 7068 252
2897 4201 238
2156 7225 262
3964 6612 262
4928 560 238
4808 8077 262
4043 3842 189
3680 5229 238
1657 6219 262
873 6387 262
3387 523 217
497 8195 262
4407 9992 262
5789 6700 262
1842 4726 238
5281 8109 262
2217 7803 262
9528 2143 262
3721 4734 215
9976 2268 262
6732 2302 262
47 1878 182
4255 7881 262
5857 800 238
2226 6222 262
3386 2682 217
1172 4534 238
869 3889 238
1180 7270 262
9932 8902 260
6837 6741 182
4883 7857 262
7118 5161 262
9069 1115 262
1077 8454 262
4505 6108 236
5338 889 238
337 8222 262
74 3945 238
3107 4922 238
1833 4611 238
4395 6864 262
8708 4189 262
9637 9560 198
3809 646 238
3602 4890 238
8462 9687 260
522 2869 209
4596 642 238
5561 7411 262
1770 8672 262
2258 5556 238
8549 2815 262
5701 5881 218
3473 4296 238
2367 8894 262
3546 6860 262
8898 4801 262
5775 2762 238
2588 4427 238
322 3479 217
4238 183 238
2321 2188 183
5269 9732 262
3932 8237 262
5650 8601 262
7137 169 262
5842 568 238
2719 2205 209
2179 9211 262
2985 3446 199
9653 8711 260
6139 7659 262
2778 2604 191
3606 726 217
6115 1981 238
46 36 110
973 7835 262
3810 2198 238
7238 7011 195
5958 8123 262
6920 8628 257
9008 8027 247
1496 6302 262
9187 2332 262
7687 8173 252
7961 4571 262
1736 9674 262
5048 171 238
6925 8947 257
8844 6990 252
526 8176 262
1507 5797 238
8855 9152 247
9383 521 262
8374 8923 216
2650 1843 209
6523 1678 262
2184 1738 180
8229 440 262
6913 8603 257
4996 6280 262
5258 179 238
4655 3866 215
2381 314 183
5436 8132 262
2211 4859 238
4037 1979 238
2651 3297 217
969 8216 262
2361 5895 238
959 6681 262
5692 4930 236
2884 3593 217
241 6413 262
2087 9328 262
307 3961 238
5883 3095 238
8411 9076 247
5886 4576 236
3744 3012 238
8123 5895 262
8995 4294 262
2753 2177 209
7090 2259 262
8363 1226 262
1716 5908 238
9511 7499 260
8686 3879 262
1761 9667 262
2906 4889 238
7816 3029 262
7091 2588 262
3443 4139 238
5678 6253 262
4365 4110 202
6208 5630 262
883 23 179
6928 2539 262
3560 1327 217
1693 9707 262
5640 5184 236
8044 9982 260
3084 1998 217
6211 4549 262
3202 5561 238
8084 5154 262
8455 1551 262
6228 5704 262
4053 9761 262
524 1447 182
5267 9794 262
9669 7391 260
132 6742 262
5944 1000 238
445 9708 262
2004 3933 238
9978 1774 262
4524 5951 236
4081 7695 262
572 7693 262
5448 169 238
8347 6740 257
4269 1205 238
5422 8639 262
5484 6996 262
6384 2552 262
5941 7188 262
3643 4132 238
9343 8949 260
3566 1275 217
6809 9955 260
7231 3739 262
3095 3358 199
762 9247 262
6809 5567 262
4364 5771 236
7966 6953 252
3733 1634 238
9685 5124 262
3325 2747 217
9280 8838 260
9284 1358 262
9651 2563 262
2529 5227 238
2258 6104 238
6817 9777 260
4800 4127 215
4612 2549 238
2983 5739 238
9863 2834 262
197 1111 179
7001 8368 252
7722 790 262
6683 5213 262
624 6968 262
3297 1789 217
7491 8577 252
1182 608 182
4343 9961 262
9015 5526 262
4438 3386 238
787 3875 238
5260 30 238
4040 7649 262
5588 4846 236
4804 5262 210
870 9424 262
4714 4633 184
3562 8292 262
608 9195 262
4452 8565 262
2796 8263 262
3847 1048 238
4280 9081 262
5327 3942 215
4272 9446 262
6286 7205 257
3360 7154 262
7913 576 262
4451 4893 197
2940 188 217
1441 3733 238
7097 3959 262
4683 8121 262
6748 5696 262
2701 9652 262
4687 8291 262
1488 8028 262
3028 622 217
2280 5313 238
5084 1571 238
9450 3482 262
6556 2683 262
948 9776 262
6219 2461 262
5589 9319 262
4515 549 238
5489 2779 238
1024 7418 262
3142 324 217
4419 3504 238
2241 7758 262
5917 1471 238
9326 8445 260
6244 2148 262
2458 3083 217
2058 3365 217
9403 5589 262
6352 6542 200
6195 4042 262
3627 9758 262
1401 4373 238
9424 4890 262
9671 5997 262
7699 4915 262
2399 1722 183
7213 1098 262
8975 6891 257
5516 544 238
8513 5393 262
7184 9314 260
7406 8634 252
8687 9092 247
945 325 179
6902 5380 262
1686 279 182
3590 3833 238
6133 9135 262
2680 3347 217
5337 7536 262
5979 9855 262
5937 250 238
2102 6659 262
4685 6613 262
4703 5424 210
8222 9830 260
6232 4553 262
3535 1515 217
9309 4027 262
814 8656 262
1080 7190 262
9510 6524 260
2497 1230 209
2788 5775 238
4654 9397 262
5254 3609 238
320 3858 238
2602 6090 238
586 9765 262
8843 1961 262
2121 9305 262
170 3427 217
5088 4925 210
7872 7211 239
6641 8714 257
6607 4947 262
3709 4351 238
4737 3238 238
1336 493 182
3645 7280 262
5783 9905 262
4740 7781 262
283 7451 262
7421 2953 262
4959 1335 238
1796 7232 262
5518 4343 215
3072 8507 262
737 9817 262
8978 3971 262
6541 826 262
5956 6255 262
5629 3252 238
1189 6936 262
8309 1149 262
4227 8891 262
6394 7758 257
1928 2611 209
5034 5442 192
5795 5667 205
6855 3965 262
8654 9846 260
134 5182 238
9065 9699 260
4453 7072 262
7040 7306 195
7576 6340 257
5231 7119 262
9825 8961 260
7602 9497 260
885 8802 262
1538 2061 180
1091 3896 238
9738 9620 185
4479 9676 262
4658 5604 236
4643 5569 236
1573 556 182
5165 2388 238
6605 994 262
9095 975 262
4432 5031 210
2903 2027 209
3423 7695 262
9111 9946 260
304 753 171
1005 6879 262
9993 836 262
4286 2353 238
8282 2452 262
8050 9868 260
8293 2578 262
856 9644 262
2480 5900 238
5983 8403 262
618 4117 238
4682 4587 184
2033 2928 217
7618 50 262
3193 9523 262
1764 3264 217
8036 7261 252
9447 837 262
7730 6989 239
3162 5392 238
5309 6298 262
8146 8309 190
1436 7691 262
5305 205 238
4348 2820 238
3517 7106 262
9435 2523 262
4201 1534 238
4794 7343 262
4932 8049 262
3798 2033 238
3070 1061 217
834 3670 217
7984 7041 252
2027 7091 262
5130 2378 238
793 837 135
3376 7131 262
4087 7654 262
8812 8714 216
2721 8332 262
1254 2785 209
7306 9561 260
8008 601 262
1644 2982 217
858 7058 262
827 7603 262
4361 2516 238
3548 2900 217
8460 7938 252
8209 2772 262
2837 2010 209
8243 2205 262
8629 5345 262
4601 7910 262
8961 1058 262
7770 3533 262
8519 6771 257
8908 5879 262
9029 5371 262
1498 1288 177
1584 3698 217
3039 7300 262
5448 3012 238
5400 8530 262
8759 1934 262
9270 128 262
9525 369 262
2584 9038 262
2206 9643 262
4509 3304 238
6592 5057 262
4909 4236 215
5523 2662 238
3593 1940 217
8876 6847 257
9968 1121 262
8416 2898 262
7452 4952 262
2249 9369 262
7755 799 262
5304 5701 236
6973 4913 262
2384 551 183
5094 4557 210
6089 554 238
1031 2572 209
9333 7037 260
1453 5163 238
5497 586 238
6529 1713 262
5469 5222 192
76 4964 238
9915 1557 262
6728 7693 257
1100 7608 262
6442 8059 257
6068 7972 262
6667 8864 257
9479 644 262
7361 3313 262
6699 4136 262
300 1118 179
3714 9916 262
5409 5583 236
4779 928 238
4588 7098 262
7246 6850 257
4724 3351 238
9933 6416 260
3788 6823 262
2248 2497 209
6212 8572 257
7829 2997 262
1821 5048 238
6920 2770 262
9556 5770 262
2243 6696 262
2637 1939 209
2942 5866 238
7931 2579 262
7510 8058 252
2729 1451 209
3155 8879 262
8182 3662 262
3593 7381 262
5851 7122 262
971 1028 156
5184 5542 192
5595 6210 262
7308 6561 257
6957 3505 262
7427 6293 257
8953 9111 247
9577 7345 260
5816 6724 262
3502 7488 262
7624 8142 252
9629 2228 262
360 4717 238
3331 2566 217
2613 5757 238
5957 7906 262
6477 3150 262
7747 6883 257
3218 3546 181
6727 92 262
6035 1084 238
8064 8034 190
4243 1630 238
2696 4414 238
8124 9196 247
2599 4794 238
6044 7793 262
4592 528 238
6568 7339 257
3116 4892 238
876 1715 182
5021 7941 262
3382 3226 181
1761 8895 262
5953 8481 262
9384 3872 262
6266 7450 257
362 2592 209
2062 4293 238
8596 7968 234
1381 2305 183
2078 1258 180
1162 6293 262
1172 5615 238
1469 3975 238
6686 7814 257
1779 7474 262
5374 2530 238
8417 5174 262
1126 7286 262
3550 1592 217
6399 5202 262
8311 3036 262
2374 1696 183
3346 5480 238
5323 3014 238
7511 5700 262
1965 8952 262
2429 8607 262
4281 7237 262
5384 2113 238
1073 4436 238
162 788 171
7549 4792 262
7867 908 262
4193 1256 238
9731 9758 167
7315 8312 252
4771 773 238
3055 6696 262
1687 8465 262
5769 4687 236
7209 7758 239
9310 7509 260
3639 2418 217
8747 6568 257
5290 5651 236
4665 6624 262
4456 1061 238
8743 1945 262
7369 1367 262
4210 1888 238
3431 1095 217
7956 8035 252
9856 6304 260
8511 751 262
5218 6435 262
2422 5569 238
569 5478 238
1580 3523 217
5471 9123 262
1438 3911 238
5832 3175 238
6342 5701 262
1624 1630 136
8630 5817 262
9953 9902 167
7402 1294 262
9447 7514 260
1512 8879 262
1164 7271 262
4052 7950 262
8198 5529 262
2332 7264 262
5306 874 238
207 4957 238
3188 5863 238
3664 9521 262
3449 1837 217
5660 1892 238
9344 6459 260
8854 9599 260
9181 7680 252
2342 6913 262
72 5978 238
382 6180 262
4710 2511 238
6892 1999 262
3049 7551 262
2291 6702 262
1968 8077 262
7436 1715 262
7846 5504 262
4561 9619 262
3980 451 238
8401 2246 262
63 9499 262
1870 6673 262
5890 3625 238
3722 5059 215
8293 8580 234
3469 2587 217
911 4601 238
7159 7700 239
7402 6825 257
7479 4262 262
5750 72 238
633 1818 182
6527 572 262
726 3819 238
3956 9634 262
1194 8308 262
2457 9411 262
9911 6199 260
474 252 144
6539 9940 260
3609 6262 262
8616 994 262
6150 1703 238
1949 3153 217
3565 4393 238
1064 3670 217
4414 3330 238
761 765 153
285 5632 238
4210 1613 238
3304 8103 262
2750 5830 238
717 2060 182
2345 7977 262
4378 7403 262
4190 7873 262
7189 1679 262
3186 436 217
6460 8885 257
5862 4012 236
1692 38 182
9645 4914 262
1626 3180 217
5192 8452 262
4462 9875 262
3567 3305 194
8557 2459 262
5581 2927 238
6659 8187 257
6171 6171 262
