225669 900953 525
464464 655204 509
497767 956812 525
579415 909997 525
834545 28801 509
551800 85728 470
657021 179019 509
957652 790518 525
404220 45281 443
950475 12945 525
450545 457466 387
528216 141932 470
721398 685319 504
586944 46995 470
609389 236287 470
811527 634443 504
818159 614411 509
474130 21997 449
21201 409210 443
435142 589399 470
404649 511847 449
708347 259677 509
130078 971763 525
293248 766351 509
635455 714891 504
350086 872811 525
479401 704964 509
29024 670312 509
416262 324476 449
145505 799857 509
885105 590256 525
25782 965357 525
464250 627128 509
961172 107966 525
725253 33509 509
671394 478945 509
691943 399753 509
616596 601936 447
876975 853019 432
78980 507282 449
292825 539680 470
392755 507705 449
677423 893191 525
53088 848894 525
825315 809063 450
607844 662128 509
850178 455021 525
319096 150392 443
838410 130948 525
789088 439224 509
834427 141101 509
626456 420355 509
861526 64647 525
991175 475241 525
279536 341139 389
626100 833192 509
980021 495652 525
755880 945956 525
54798 395086 443
400013 127215 443
967280 503784 525
988539 796920 525
335693 330994 353
735998 300592 509
194283 944697 525
993406 816765 525
435938 535358 470
520385 315628 470
409085 531677 470
263378 736167 509
237282 804413 509
158643 506688 449
885761 719657 525
935660 638766 525
566884 906038 525
640052 102971 509
219973 84857 386
956933 108603 525
694740 871748 525
599022 229686 470
762485 521600 509
830732 89014 509
636166 63086 509
593451 236155 470
173377 138704 383
485673 584247 470
614180 240727 470
784125 708899 468
675333 222132 509
602946 368945 470
331967 845236 525
982216 869735 507
922714 178798 525
993121 404095 525
336411 393171 441
898275 212035 525
119389 521341 470
67512 249745 443
699891 63918 509
820007 882083 525
163561 770802 509
454480 176894 449
497239 305718 449
466160 918651 525
306195 380865 441
277198 821696 509
200398 15493 383
388167 268424 441
92459 861707 525
87661 267754 443
104250 952516 525
766588 423003 509
461866 617608 470
617032 746263 509
847438 994898 507
556512 23496 470
513642 400470 470
66993 975736 525
466872 734560 509
163272 812678 509
602440 339621 470
732086 849018 525
103283 66091 351
917590 886261 476
768125 594426 509
859626 492804 525
133126 167785 383
288665 543569 470
214043 963992 525
840054 967821 507
592883 751250 509
948297 46350 525
81752 839957 525
300819 515264 470
197681 17340 383
253621 303390 407
151318 960882 525
52655 704181 509
150164 433269 449
312199 77854 443
135855 447351 449
117368 559424 470
142799 879793 525
1659 630246 509
192197 320565 443
344290 179604 443
873957 798496 525
174761 589962 470
113369 946994 525
87281 704375 509
52159 351167 443
593943 380539 470
588524 566819 434
366827 895143 525
571356 193584 470
872078 5662 525
152724 26896 375
112228 920713 525
897745 951655 507
434319 503355 444
41267 585025 470
73386 753507 509
95552 706647 509
408923 822473 509
322839 825806 509
486108 579499 470
408166 44413 443
146142 532273 470
742240 586836 509
480863 969964 525
931470 737394 525
83391 995469 525
423210 526480 470
635659 635969 248
504142 160559 449
156538 736598 509
672658 490250 509
924729 276089 525
128890 705363 509
641867 950765 525
726278 598637 509
331691 835089 509
675086 861616 525
704940 908153 525
173482 119253 383
625393 495927 470
658909 841359 525
149708 720082 509
268088 102393 443
296117 212964 443
353677 593305 470
626978 930861 525
91090 932764 525
865301 322441 525
984559 145499 525
741268 182841 509
186406 326025 443
367170 103035 443
795550 900160 525
39827 341697 443
807015 650918 504
502956 55054 449
674833 756403 504
998439 758027 525
864696 190617 525
730824 639618 504
987719 738054 525
56102 886493 525
266492 702641 509
646561 925669 525
972046 643702 525
186265 232242 443
118854 315124 443
75244 920097 525
204870 321931 443
175306 179500 347
860973 487079 525
788705 596096 509
350649 136951 443
199665 493205 449
707803 988801 525
846032 37494 525
667373 441625 509
712989 671796 504
878991 793386 525
683729 442460 509
359209 162807 443
195574 210415 373
303335 919290 525
527186 585468 452
164216 335085 443
693711 739270 504
857957 611759 525
922252 295352 525
850273 514057 525
794177 892896 525
952168 590183 525
285613 179285 443
560679 502974 470
481778 142384 449
195798 456869 449
466547 302179 449
183385 312022 443
237374 418053 449
711022 298494 509
449720 669703 509
797961 797663 344
338315 105830 443
918261 148974 525
899134 431453 525
582881 478922 470
138524 345719 443
573676 345871 470
481877 232018 449
388340 547906 470
835047 935775 525
944017 241149 525
925734 566010 525
333114 167186 443
428234 884006 525
428876 650003 509
696018 767280 504
958653 108508 525
586336 911169 525
388218 635929 509
449921 214990 449
874157 153152 525
53824 246717 443
514752 378187 470
590235 352408 470
50290 717419 509
718010 796752 468
852955 181945 525
481956 741481 509
922320 606674 525
136053 610948 470
89182 776333 509
844241 567640 525
869058 665113 525
388152 212484 443
883405 691894 525
600322 377327 470
332824 424248 449
9262 180244 383
51226 454124 449
514131 70759 470
578310 766232 509
857670 409193 525
519583 144617 470
273791 477632 449
470058 179592 449
252222 311275 407
456810 337542 449
148129 148308 264
691511 80023 509
236906 340831 407
849330 250627 525
133380 524191 470
774646 392041 509
792009 882956 525
212761 295462 443
937665 226561 525
373566 559654 470
135316 591212 470
381621 559425 470
501964 647650 509
448194 229626 449
328836 193425 443
532940 263655 470
872746 529935 525
172729 782407 509
135385 94692 354
54645 61255 335
106278 219862 386
663582 149458 509
562813 861385 525
340923 892690 525
162404 352110 443
636710 917102 525
628810 451983 509
109239 825151 509
115881 122420 336
151632 37591 375
225788 538216 470
164677 550448 470
734328 645351 504
967200 635466 525
211970 58719 383
568095 484364 470
992085 349683 525
479020 690005 509
607897 154973 470
290821 332271 384
186741 219606 386
789393 50253 509
520115 301821 470
555908 432432 470
109352 84271 354
31910 422531 449
131718 638988 509
514408 835515 509
334757 124322 443
22466 87283 351
425044 508994 444
387575 796331 509
20311 534441 470
928030 892463 476
796950 580639 509
300732 600261 470
513074 882731 525
218240 951217 525
189279 451655 449
172786 450938 449
647324 755614 504
523028 272668 470
387888 870862 525
222679 275659 443
657056 244509 509
324441 6090 443
278774 338782 389
364817 988950 525
805316 632050 504
17039 518938 470
125816 16968 354
73856 317493 443
410554 646737 509
782798 174349 509
348758 300314 441
397648 210956 443
915961 952189 507
417072 64749 449
139982 345257 443
88636 478849 449
966924 593926 525
904385 668135 525
95633 503343 449
842914 77851 525
543580 372201 470
131502 76374 354
169288 209178 373
279069 614801 470
168269 180273 347
769026 180158 509
657570 367200 509
666077 677317 385
816219 319925 509
608999 715437 509
615681 779658 509
351121 676634 509
651128 838442 525
219951 920507 525
163564 435997 449
186108 122689 383
281623 715168 509
919601 436635 525
903862 884897 445
883714 596189 525
66258 634772 509
295912 261546 407
38837 656962 509
590172 88909 470
223749 926177 525
554122 363664 470
972697 286340 525
741390 838402 525
242655 556747 470
222226 308760 443
30973 749338 509
146294 53769 375
958303 13333 525
555502 299623 470
229363 151761 386
172907 607807 470
15104 819369 509
337268 276172 389
834265 13019 509
159993 360773 443
278781 566959 470
10408 512147 470
575761 584441 434
246664 738203 509
875237 162328 525
920703 594313 525
183267 91085 383
615358 393561 470
171077 533012 470
203292 810520 509
632292 694741 442
647335 299840 509
798819 817683 406
867285 227242 525
187827 257123 443
331941 702353 509
879733 96626 525
886686 878920 370
105489 9681 351
204710 891108 525
531498 17120 470
738735 717488 424
188828 610290 470
114497 336649 443
776074 625996 509
370092 80994 443
561605 623572 447
87914 992983 525
495561 461781 426
712434 276244 509
917439 441788 525
416735 12444 449
57932 876114 525
797856 151047 509
922493 876127 476
727902 40080 509
586692 967876 525
11627 774789 509
80020 348 351
644879 712340 504
116719 757288 509
13798 90432 351
739078 542885 509
662445 592203 509
684110 950409 525
848713 121274 525
363645 393815 436
792946 515491 509
763875 58872 509
778526 857918 525
705587 104039 509
620363 976553 525
582966 845581 525
629502 451004 509
885820 116479 525
895157 567254 525
406885 155687 443
998436 870413 507
324723 470736 449
853172 114248 525
902342 647285 525
372807 972249 525
901350 978969 507
82820 502510 449
608877 656031 509
449579 512401 470
70640 111697 354
26317 938547 525
71842 792129 509
293958 688416 509
360739 418101 449
102847 622693 470
577636 338642 470
71174 291469 443
319346 324991 384
937727 207158 525
526902 598953 452
173380 544157 470
716951 343319 509
65088 895852 525
559338 838066 525
906768 405775 525
255229 392086 441
594590 76231 470
455222 392009 449
523129 397031 470
545007 951962 525
510284 687373 509
294765 433587 449
307389 697136 509
967309 558989 525
354104 482810 449
604871 61161 470
204447 978579 525
517617 370691 470
400038 962432 525
29639 313976 443
415910 968487 525
642243 181595 509
219938 144240 386
499911 809368 509
457300 974393 525
979407 238965 525
827158 995287 525
605995 892294 525
568971 366043 470
144341 738695 509
321415 408668 441
816981 295808 509
414935 374366 449
110485 747219 509
794686 957980 525
994182 663348 525
850231 704751 525
725274 934671 525
382527 738168 509
592224 617972 447
795911 263078 509
589048 960931 525
459250 177497 449
847633 889620 445
540751 166942 470
460819 796811 509
866427 420034 525
130841 36493 354
795059 35812 509
36601 821260 509
242837 446463 449
166066 956333 525
890660 888480 370
446127 139885 449
207227 694170 509
959689 585518 525
82867 147755 375
460914 135663 449
19465 418457 449
719042 516614 509
267100 79562 443
495630 962765 525
941701 251069 525
753990 989529 525
547344 995047 525
667208 804369 504
600496 86694 470
63199 173920 383
872722 425481 525
163518 782469 509
634471 981716 525
422863 71584 449
10603 315747 443
296005 701734 509
332754 898095 525
300526 573102 470
610207 535508 452
692064 99294 509
880656 587791 525
66125 775723 509
309 63881 340
660716 892810 525
295175 465219 449
929177 189991 525
322902 260828 407
987358 990568 352
491684 442437 444
224246 557972 470
992843 169279 525
207087 678072 509
261948 638006 509
829034 284246 509
521382 220014 470
838291 564157 525
618018 540378 452
187216 133555 383
541158 283581 470
778027 401149 509
153329 831017 509
419081 197546 449
264036 417856 449
870490 797481 525
904659 70655 525
142680 402275 443
916423 755964 525
892656 656070 525
590544 954174 525
422774 703891 509
421163 406180 449
878409 319350 525
283066 135201 443
312272 739379 509
155893 354025 443
142249 61588 354
665582 988824 525
323264 448775 449
564044 315981 470
683612 114605 509
772166 297814 509
473489 401092 449
312272 882760 525
929337 49030 525
266764 301367 407
363271 110057 443
817868 33132 509
341634 825411 509
880807 107681 525
35068 541379 470
173735 23911 383
703533 886104 525
457316 794380 509
961484 18906 525
109553 921576 525
354418 544827 470
876253 936544 476
785511 106733 509
680815 337370 509
79935 373182 443
144676 427572 449
682634 355170 509
478097 571987 470
641716 828455 504
648969 861597 525
195691 49381 383
455903 318710 449
573898 856439 525
581853 168831 470
166598 783784 509
594165 525687 452
235957 712291 509
427144 855299 525
265316 864088 525
299748 496156 449
12260 714617 509
136841 339438 443
375337 711707 509
964649 45626 525
591049 249097 470
496078 119371 449
10267 39302 324
335417 941122 525
863246 710204 525
913126 334023 525
461872 84608 449
791 823022 509
635531 853444 525
548048 781183 509
109471 154654 375
924571 182319 525
369272 534128 470
492039 153425 449
629180 545999 509
387845 94747 443
537951 205058 470
49878 511903 449
998481 657355 525
713009 544332 509
684545 33148 509
791019 887185 525
897550 886397 445
247140 374074 441
417576 868266 525
680682 975830 525
632916 241109 509
69235 668668 509
503895 336036 449
351394 14397 443
302308 298010 371
816597 851460 525
343515 369937 441
846371 491706 525
692671 499357 509
302184 795349 509
968853 191787 525
250462 204916 443
699415 253178 509
665615 661764 442
812114 985280 525
350582 922659 525
29255 579779 470
967539 590567 525
549692 96507 470
549806 21128 470
775086 494893 509
765376 667996 504
945573 219464 525
923571 762389 525
919741 902243 476
567638 55150 470
219097 939530 525
246373 487695 449
359852 989869 525
971606 17641 525
380871 591354 470
510377 609646 470
870879 105647 525
672508 868597 525
597096 403417 470
694889 91695 509
207745 459512 449
587909 25776 470
573221 856481 525
600302 874371 525
133321 2314 354
160260 693551 509
540827 210329 470
14606 534318 470
899868 888513 370
915235 633737 525
247654 985941 525
290823 218750 443
459681 155446 449
284100 455107 449
801058 174425 509
351698 377721 423
387580 234697 441
349271 984717 525
754654 524434 509
803899 874381 525
437949 623872 470
44416 236440 443
620520 515190 452
890808 200348 525
502716 641696 509
153066 680758 509
79133 222970 386
323547 286408 389
401380 782423 509
12255 192766 383
308846 307716 371
648024 971592 525
919590 986888 507
779782 951113 525
230071 886751 525
624101 360131 470
108408 546993 470
524194 469094 470
55807 657343 509
652129 924218 525
456466 246239 449
396715 24884 443
198166 69002 383
829212 736792 468
147515 200467 383
431504 404266 449
659289 773762 504
76582 779528 509
135010 733732 509
131623 280313 443
965521 402481 525
624697 474870 470
787031 262853 509
859880 691544 525
515518 398617 470
409218 58386 443
598466 296458 470
251146 615075 470
826270 344058 509
949105 315949 525
358978 187079 443
829856 642969 504
44242 740176 509
228625 849793 525
624803 237619 470
814105 858718 525
394358 227434 443
168268 681541 509
966159 741504 525
733535 144956 509
159744 633549 509
980369 839253 507
980147 159468 525
723385 1183 509
25269 203920 383
468030 535531 470
661010 761196 504
990599 568120 525
315915 343692 384
461895 809295 509
113447 407266 443
775047 183622 509
586277 666933 509
143908 34323 375
631565 87716 509
976330 170485 525
904761 291942 525
749848 997094 525
865312 958790 507
188800 693554 509
953942 433043 525
910966 360009 525
338110 577961 470
380033 662096 509
685941 895889 525
468667 594180 470
182578 932080 525
900359 953336 507
985528 840065 507
133763 538484 470
137763 53725 354
60196 992581 525
806020 769407 468
457495 422765 418
804292 250700 509
332316 619358 470
625756 135455 470
168524 499352 449
653549 351758 509
202623 408195 443
68269 462575 449
230569 931591 525
487560 499738 426
278392 531075 470
119789 909281 525
244044 182610 443
9244 859138 525
564873 203398 470
554003 191192 470
107631 960088 525
583060 100830 470
943160 24059 525
588510 749628 509
509371 635715 509
214706 206506 373
121781 263295 443
330417 202715 443
656264 577998 509
572808 374199 470
342934 907494 525
908906 254453 525
41149 499129 449
959539 744708 525
579665 103091 470
457955 477270 444
311944 354305 441
538634 891314 525
177461 461987 449
83096 604438 470
983245 70244 525
804671 123068 509
550162 842943 525
467685 331497 449
550681 346919 470
799203 451613 509
873291 684528 525
52732 811359 509
447506 99503 449
141783 581314 470
890885 600063 525
127491 909396 525
173911 643597 509
114312 700574 509
598042 490981 470
143767 698521 509
805410 97266 509
374664 409144 436
590754 233128 470
971247 534145 525
720711 30636 509
588420 633615 509
880370 549035 525
123006 316116 443
977167 501402 525
67558 456910 449
674585 185503 509
613813 504831 470
333418 103242 443
34071 833491 509
387351 399883 436
116839 790189 509
316447 942567 525
78653 169614 383
926075 516123 525
70984 321644 443
672283 495680 509
483941 900685 525
232024 841105 525
217262 163222 386
392997 164428 443
861740 398410 525
940320 533517 525
965161 369150 525
304113 630150 509
941247 196951 525
448947 198691 449
608679 975608 525
649049 71829 509
284473 823691 509
648930 886804 525
205084 771280 509
438930 805927 509
697835 555294 509
934369 763499 525
591626 43136 470
993820 164417 525
769342 541338 509
80559 826583 509
854485 123431 525
23477 886425 525
452404 540190 470
632021 400501 509
959721 37230 525
434770 672044 509
139963 545460 470
756812 663272 504
705861 396385 509
647758 383376 509
796786 496802 509
770534 510224 509
114136 135736 349
667947 483359 509
474808 393868 449
787716 901333 525
652819 593714 509
393609 315547 441
315317 758144 509
247544 440272 449
188188 880434 525
778271 659297 504
906734 484309 525
769134 313465 509
165812 780008 509
304062 335197 384
523927 652219 509
78027 787062 509
742415 622087 509
646181 267936 509
660793 308261 509
751205 823489 468
11810 576881 470
717883 914087 525
720311 610164 509
797821 45506 509
649284 447476 509
372473 452967 449
758096 585879 509
17880 307625 443
843884 518339 525
768402 95492 509
218270 569709 470
227743 88699 386
921660 819734 525
618585 650795 509
384301 34741 443
999856 799649 525
168314 594309 470
582984 600467 434
307032 43603 443
963556 109009 525
562781 399142 470
470487 351347 449
53184 634358 509
267280 545390 470
431556 994297 525
583608 657110 509
269002 646177 509
273896 594953 470
778198 543974 509
169917 714882 509
396889 495835 449
318165 783990 509
881307 32106 525
323044 121320 443
627404 576739 509
420687 856086 525
878959 606377 525
559913 996768 525
560890 629920 509
109424 469169 449
30925 394028 443
802112 57525 509
629190 813974 504
472267 219824 449
337839 710639 509
605403 792512 509
882280 672108 525
467843 12699 449
630664 129411 509
832531 514024 509
118716 394304 443
782386 858804 525
313401 578814 470
352810 169717 443
890144 789338 525
923655 579848 525
201267 162004 365
