287177 365391 441
651348 753794 504
198492 946784 525
96660 614247 470
205696 491175 449
346146 710786 509
592940 933683 525
585581 615104 447
856398 957030 507
781979 900424 525
478454 822578 509
935041 970410 507
451135 951376 525
486296 658810 509
127607 590252 470
628996 858112 525
27305 516381 470
107245 605911 470
21894 797530 509
874950 986973 507
128226 962077 525
846503 927274 476
650589 790753 504
730722 834794 468
891013 892172 326
444736 616460 470
458439 888483 525
653828 818733 504
390066 981730 525
236396 988529 525
782572 878381 525
910242 923385 445
186145 980198 525
27882 410493 449
631053 998941 525
105986 969290 525
633149 789227 504
231561 566404 470
484108 977260 525
750612 933444 525
477060 984129 525
551151 740848 509
914080 955582 507
969417 997471 458
128915 749158 509
654449 895104 525
170265 862274 525
234117 255350 381
918959 943396 507
999829 999852 259
474537 688624 509
711249 934139 525
383369 838030 525
952081 982980 458
172613 695143 509
994885 999697 440
529300 914746 525
674119 685845 385
625233 997291 525
368771 929966 525
530358 923434 525
749158 930372 525
93295 138751 354
838824 864503 419
588918 629386 509
580148 803484 509
671436 853243 525
935214 939601 507
200633 964960 525
470350 950056 525
546919 983241 525
538691 966356 525
427444 829782 509
525439 644990 509
377734 416894 449
238851 749684 509
465259 977186 525
975869 982448 427
829091 905630 525
437795 623855 470
948321 964542 414
437566 537660 470
490706 917713 525
778778 835923 468
876676 907850 445
937281 961845 507
946288 946485 308
653161 742799 504
866403 869860 388
352577 749509 509
591798 845370 525
623882 674557 509
401129 990302 525
747614 801936 468
468461 688745 509
228226 471826 449
151594 422342 449
518142 735769 509
869337 946603 507
446131 520529 470
737275 893986 525
510294 936158 525
802072 894684 525
792811 798234 468
266632 885196 525
296128 442245 449
442505 606036 470
74882 238700 443
441863 618357 470
472479 527250 470
897667 993597 507
944875 955599 414
519455 950198 525
148716 999958 525
890520 892934 326
415156 724064 509
528918 997701 525
619532 958328 525
808057 824632 450
249836 980225 525
366865 946962 525
925836 970506 507
697246 828167 504
395452 431442 449
565634 992031 525
871530 912376 476
981535 986673 427
934569 987022 507
290875 679627 509
105686 805625 509
752312 991147 525
246139 711404 509
741806 981833 525
693650 878241 525
259801 707313 509
573181 668216 509
393791 939747 525
118368 968576 525
497917 663947 509
867863 952573 507
750264 990035 525
141170 186678 383
633995 884339 525
255562 838690 525
554587 882299 525
958710 982196 458
388555 690238 509
825297 990866 525
836335 900521 525
796588 801221 393
953241 985626 458
985205 999984 440
395640 893981 525
506718 758543 509
505722 653093 509
603792 979641 525
730929 946015 525
883239 883468 251
931716 944480 507
601029 642235 509
12225 606282 470
370583 911548 525
328493 494205 449
875005 953232 507
7749 220754 386
156597 588937 470
112869 699507 509
68995 377211 443
343019 729926 509
342806 454015 449
253689 392253 441
39557 326059 443
274684 997525 525
799446 942749 525
453516 924014 525
312449 642543 509
260820 509739 449
364334 950474 525
312472 438713 449
149552 789630 509
416792 929645 525
503157 753861 509
46929 845590 525
939934 999864 458
582856 677060 509
138285 184461 383
109756 153479 375
15920 419875 449
81765 707102 509
999681 999932 259
892879 976893 507
956013 974167 458
685451 913840 525
928296 939078 445
68510 815805 509
371316 655680 509
213886 727879 509
820386 967716 525
430224 498820 444
404802 513192 470
813012 821513 450
328425 390296 441
878585 994336 507
952758 966696 414
576883 889990 525
3468 914730 525
164314 818937 509
743902 995946 525
189263 664298 509
983593 986791 427
777107 989168 525
114085 738340 509
724611 931166 525
561288 753710 509
379583 504326 449
108416 407291 443
306021 686039 509
466977 911306 525
963112 977283 458
9767 501886 449
735740 936184 525
119812 385187 443
553595 870739 525
689256 914388 525
93376 385836 443
993171 995294 365
872913 898525 445
386890 499163 449
313158 363313 441
484455 938608 525
921352 990665 507
718378 918324 525
228190 913508 525
616681 826430 509
635435 982232 525
583212 628115 509
954057 956058 383
691389 865173 525
641688 677438 442
451203 985176 525
459635 662277 509
63792 485220 449
506826 877935 525
959570 966936 414
463538 777908 509
213220 615271 470
110277 283639 443
143433 895709 525
148643 381433 443
796855 859131 525
314199 859997 525
909328 988961 507
263867 665813 509
532133 614531 452
564067 885879 525
597189 833575 509
764136 788896 468
807964 945850 525
571049 740170 509
792988 849598 525
555087 941079 525
931310 986470 507
90432 890634 525
758281 820203 468
212560 471528 449
537430 576939 452
204358 434137 449
507108 961799 525
262172 910216 525
137904 819320 509
706221 939693 525
226842 958131 525
145173 899455 525
263284 926454 525
949998 971709 458
312289 991173 525
137849 814532 509
81168 591935 470
615803 871515 525
366811 908043 525
714784 822263 468
755547 760445 362
249213 812704 509
88020 953917 525
974864 985024 427
552009 999854 525
128845 992068 525
47209 436360 449
402218 663733 509
146729 490277 449
46360 174576 383
208904 323901 443
273105 400022 441
241938 657045 509
988948 998150 440
544719 649793 509
182569 475421 449
945050 983985 458
73094 461857 449
902469 993495 507
929476 968159 507
64729 366597 443
288766 394520 441
679654 839737 525
365772 694795 509
765137 782018 468
402032 977000 525
422283 455787 418
264355 722165 509
755261 937050 525
609754 757723 509
593133 772105 509
403591 798674 509
412602 579199 470
279043 689067 509
3009 491975 449
715508 916238 525
778769 896798 525
483445 574613 470
146669 603536 470
230072 715632 509
541822 838772 525
146578 202964 383
278935 659741 509
256616 322084 407
685619 950511 525
984547 988439 427
132728 988822 525
689605 854216 525
952600 989883 458
290576 420914 449
170703 200645 365
802033 980503 525
517467 657845 509
472908 957767 525
141884 852166 525
818593 990793 525
842583 984100 507
219134 530919 470
481086 669198 509
300594 487144 449
186187 699413 509
597660 745714 509
125832 764838 509
303658 558552 470
751420 982611 525
414280 834647 509
898539 941231 507
494445 881805 525
748457 855528 525
883978 891131 445
628168 864299 525
786950 850850 525
856416 940979 507
689352 804086 504
94915 732533 509
27349 361844 443
256481 689573 509
740589 856835 525
515596 772378 509
786517 804608 468
200630 218532 386
21570 680338 509
83910 880463 525
811103 938248 525
712366 761422 424
8082 842784 525
952980 988183 458
885010 944149 507
598338 710290 509
893586 937177 476
99496 565508 470
474209 724882 509
599798 907048 525
856929 990302 507
594905 926623 525
964126 986489 458
887388 984158 507
182868 622455 470
655041 798179 504
402334 644050 509
118426 141474 344
429491 572096 470
97530 681084 509
726138 873818 525
603758 886728 525
600054 743975 509
747159 805588 468
118096 614032 470
869545 915294 476
24759 546652 470
100346 340841 443
311089 529423 470
91635 312764 443
759695 868215 525
616403 798584 509
198781 203662 342
344396 967644 525
601441 782240 509
388364 808286 509
155114 683279 509
426334 736115 509
442414 884856 525
788857 857262 525
284014 462381 449
694541 708014 504
223926 361037 443
308876 825845 509
39649 852308 525
862763 933194 476
555953 746153 509
132222 663862 509
168583 478037 449
808671 918270 525
426417 810665 509
327414 896797 525
122068 147239 375
867165 893571 445
71036 775848 509
597274 984323 525
923107 936221 476
211203 531695 470
198382 842063 525
279463 309706 389
374563 777024 509
19952 616061 470
958853 978379 458
155470 736015 509
654729 722768 504
15093 437325 449
634649 648405 416
97143 455768 449
873445 876455 432
412914 956939 525
704223 844949 525
517962 663166 509
838167 895487 445
646947 902933 525
521634 655124 509
856174 861829 375
570400 666289 509
163824 428268 449
43305 120723 354
982704 987812 427
412746 870033 525
96247 899510 525
194799 222843 386
458845 682496 509
992826 996672 365
498563 751574 509
642496 946110 525
462656 634923 509
354947 510862 449
177566 420524 449
753981 800227 468
807484 941523 525
79155 832076 509
736604 836449 468
121610 416994 449
421211 965787 525
75341 840258 525
817637 983042 525
338521 621881 470
767028 919899 525
954779 995894 458
59578 828942 509
974885 979474 383
330317 448064 449
995184 996313 365
534524 992721 525
815352 895200 525
291283 847220 525
460831 998102 525
403069 812474 509
197338 883084 525
26563 741772 509
801407 884593 525
855042 986260 507
112978 952330 525
701324 853374 525
235131 295497 407
444162 528609 470
439137 480728 444
441703 442635 294
170188 976145 525
297501 949758 525
420936 466402 444
602676 683718 509
38790 396439 443
464186 962939 525
438992 440868 356
586218 871716 525
346359 944389 525
138238 802918 509
445780 511196 444
931983 955112 507
257641 640582 509
200274 566167 470
593994 899978 525
197202 778931 509
44652 360401 443
174284 741697 509
435117 794241 509
857385 882152 432
276032 357528 441
677970 794629 504
23651 525398 470
146172 436547 449
602456 918319 525
407157 671674 509
821964 859022 525
381504 746959 509
698072 712136 504
119183 590569 470
908842 980222 507
323251 998974 525
553191 972671 525
208271 209775 311
252107 838819 525
798417 935491 525
399252 971036 525
680278 972713 525
35976 209904 383
853818 917040 476
446896 727261 509
989689 993946 352
866643 982338 507
313571 683702 509
435001 838863 525
424510 443340 400
911632 995575 507
717141 907282 525
875781 970875 507
29596 470457 449
302792 601176 470
653177 925045 525
771107 969890 525
893191 893585 326
87671 566265 470
769474 975547 525
130068 914096 525
12590 85716 351
29145 930808 525
463783 467449 369
961119 989903 458
800443 942827 525
683800 695948 442
504279 594698 470
762480 826137 468
606752 985115 525
992076 994639 365
532147 716248 509
221665 984616 525
182142 943873 525
361085 605533 470
190630 646041 509
483801 539553 470
916502 926833 445
218800 586309 470
378294 452077 449
289266 735919 509
518542 637619 509
996637 998873 440
136776 527694 470
360443 915545 525
54836 675067 509
262108 457973 449
788858 929459 525
196554 508873 449
303500 897850 525
697273 883575 525
361871 509331 449
905778 965395 507
957435 979340 458
906088 938250 476
248389 526754 470
727430 810372 468
425948 801773 509
805364 890802 525
272798 874565 525
856248 994139 507
708661 813427 468
149552 333560 443
54672 592960 470
847239 853030 419
364166 858387 525
832022 882962 525
561739 715232 509
492470 925582 525
403147 609203 470
75325 398874 443
689689 861800 525
602340 891419 525
26548 296438 443
846896 987882 507
89650 140038 354
241465 247021 337
524812 849788 525
686581 930699 525
64502 976746 525
321861 660246 509
525236 744813 509
961127 977136 458
129744 934355 525
349072 485205 449
343328 566922 470
592187 855017 525
42890 974326 525
85085 731639 509
529285 733569 509
432520 961394 525
856869 867947 388
746061 894769 525
913378 969851 507
855134 902437 445
76248 768200 509
524962 796129 509
714275 978065 525
808185 981910 525
871465 997056 507
597659 842603 525
247277 843715 525
19480 584754 470
211042 784998 509
406178 713583 509
47150 112027 354
756692 848102 525
57414 633116 509
120217 924175 525
316396 371195 441
645281 750085 504
281852 757424 509
214175 621918 470
178572 204065 365
596712 903743 525
554955 927773 525
808040 888430 525
293044 847239 525
162622 227846 386
724972 973511 525
776394 790262 437
489338 636556 509
928520 936624 414
286657 306626 389
378868 610026 470
663801 669247 442
770788 783421 437
841309 873041 432
306364 968541 525
626344 661111 429
335375 572604 470
906630 946720 507
317063 489980 449
735741 947804 525
851331 957449 507
595867 673499 509
261861 386604 441
245822 835413 509
122613 493785 449
464169 468127 413
703609 716391 504
773636 827287 468
272161 303617 389
201656 230284 386
929371 995312 507
898183 901928 401
728461 773825 468
770195 942347 525
583004 597824 434
848205 994632 507
719928 748975 424
5764 597440 470
164183 280176 443
254287 745037 509
911850 950096 507
138345 823621 509
710635 849185 525
96412 622898 470
334440 537049 470
969314 976297 458
429990 558173 470
765538 944394 525
233226 433734 449
900868 990479 507
486862 524623 470
923300 996309 507
781584 959595 525
454397 833020 509
314507 590770 470
57062 881016 525
311740 404557 441
124420 186852 383
464126 929670 525
940106 944868 383
868920 973215 507
656954 756147 504
256656 628007 509
707919 951364 525
627858 650220 416
935282 938208 445
442729 955585 525
557066 579635 421
470792 554358 470
312901 845888 525
190059 450576 449
820444 913441 525
518975 996937 525
776331 900337 525
966392 979485 458
349116 726358 509
568202 714717 509
444226 516425 470
390138 531142 470
828114 977636 525
6529 179258 383
10763 50582 324
259137 462395 449
504079 787449 509
302774 346207 441
823459 939247 525
144897 917015 525
378516 885839 525
891462 902621 401
653550 683439 442
959768 985123 458
89742 244112 443
916378 939879 507
123214 453345 449
784596 873599 525
869959 893210 445
37027 668358 509
615920 887257 525
998542 999697 396
310297 958472 525
375392 573938 470
277128 424102 449
845186 922901 476
514087 514345 258
894932 902459 401
55816 763583 509
884955 895104 445
582794 977660 525
975861 985304 427
122910 178678 383
658056 675007 442
159895 167172 370
633159 946405 525
190830 560157 470
661128 687357 442
718771 950878 525
764678 890785 525
93747 812517 509
393068 403531 405
314558 638972 509
490043 501778 426
34245 148931 375
101352 194339 383
86847 484746 449
775364 799271 468
105638 391956 443
721401 760774 424
726829 969209 525
367906 840986 525
528419 695639 509
474915 918448 525
33672 84555 351
279655 441848 449
578319 831842 509
661721 870868 525
504671 884758 525
618930 678054 509
24221 266192 443
440249 442996 356
763532 848614 525
410859 818472 509
802245 987330 525
89165 328630 443
343982 489325 449
334769 428022 449
369826 976215 525
541590 971662 525
915775 990492 507
219484 694262 509
991081 995544 365
833613 877666 525
833380 987535 525
131994 823670 509
823407 973421 525
175889 795622 509
401010 746777 509
279072 565687 470
514066 892506 525
4891 243334 443
774322 854213 525
598331 694631 509
99144 367765 443
767915 770092 393
14797 285022 443
363379 874483 525
590036 654885 509
116441 909825 525
684763 725020 504
395676 790066 509
889881 896442 370
866893 880334 432
7796 688538 509
77595 629482 509
242628 325566 407
441755 961223 525
250412 958054 525
170246 372091 443
271409 736002 509
766687 798238 468
833892 891832 525
282380 718589 509
324546 351402 441
231589 677228 509
25439 662383 509
840860 868937 419
92886 473969 449
908768 978057 507
984161 989201 427
516252 662475 509
24060 939812 525
27527 264393 443
395248 474386 449
163402 577788 470
365450 589128 470
522639 672506 509
423277 845134 525
517101 737919 509
221689 573469 470
641420 861664 525
694048 873274 525
883887 964616 507
196366 268895 443
210807 477044 449
138796 213793 383
253436 759267 509
922992 977064 507
152597 821088 509
425433 968450 525
504107 776095 509
595293 967981 525
683109 774145 504
368584 780255 509
824883 837587 419
19861 282392 443
321697 529899 470
598437 738626 509
363400 635246 509
330380 725192 509
785102 871448 525
304067 507117 449
622613 979640 525
440463 599033 470
435239 606136 470
223279 285321 443
74688 730139 509
39561 90631 351
669897 928606 525
796490 896323 525
5067 278649 443
364496 788212 509
941521 999869 458
684069 770336 504
827552 852918 525
940804 985054 458
607751 987606 525
593682 897214 525
965471 997745 458
88652 888237 525
505089 956072 525
321279 709859 509
973568 987422 427
848542 962232 507
736101 923612 525
698477 952744 525
489393 531518 470
314455 988107 525
476523 597679 470
723170 908598 525
670902 966705 525
787634 973600 525
293674 674602 509
514536 950154 525
935623 961421 507
709574 719927 411
89247 951201 525
155042 550124 470
751929 821308 468
175672 358115 443
838054 974947 507
337958 929331 525
864018 962244 507
296630 933774 525
155659 361701 443
220162 543016 470
235477 782886 509
841407 973871 507
720360 994421 525
958295 987190 458
273239 487367 449
210666 568249 470
166266 224305 386
639802 648439 416
910866 914611 401
773256 794626 437
250430 280279 407
648080 767417 504
654660 959239 525
365084 991122 525
66017 270796 443
973624 983649 427
701001 951715 525
140439 571313 470
329802 451435 449
697068 944028 525
868923 946484 507
436278 745709 509
193155 938507 525
230139 303916 443
89607 854181 525
454656 621180 470
581957 815517 509
926891 965132 507
307592 336806 384
282643 598363 470
157088 363867 443
321449 393420 441
506241 507750 382
95840 406112 443
777592 806671 468
321324 927456 525
262943 636758 509
443454 980074 525
931005 962889 507
223877 575710 470
170866 453778 449
590322 834742 509
847781 851432 357
520042 892618 525
529117 743453 509
498591 963253 525
136724 842576 525
503729 570752 470
491568 545574 470
68721 602466 470
957354 977624 458
490755 590660 470
925278 977239 507
122660 860056 525
890342 993163 507
875403 882563 432
812326 902386 525
811621 911817 525
446973 818502 509
135475 220098 386
969949 975598 458
484717 632624 509
791666 872759 525
861425 876282 432
308111 413474 449
451333 651336 509
789370 873570 525
69030 476704 449
461777 506768 426
672355 870415 525
302106 433204 449
651793 773154 504
554656 813284 509
896589 932610 476
352739 797181 509
165893 673602 509
925463 928826 476
820089 985387 525
932532 942882 507
447958 664746 509
5337 323029 443
140142 563881 470
557536 635498 509
893217 915316 476
600102 798900 509
994376 999404 440
60743 914368 525
532651 846442 525
347911 964376 525
214437 329604 443
656507 954432 525
365831 717837 509
497000 574163 470
365035 380759 423
660892 677763 442
971056 978679 383
683005 856471 525
662922 964016 525
143233 846411 525
5981 797161 509
374032 413538 449
232689 542566 470
