144 890 179
445 684 145
559 353 142
794 136 171
979 874 174
556 812 171
882 861 179
901 718 179
411 311 144
491 251 144
97 270 128
956 254 179
515 292 144
145 377 144
595 415 142
978 939 143
723 764 153
819 935 179
281 64 128
204 137 125
960 651 179
46 945 179
346 667 145
757 425 171
302 279 118
199 289 128
382 500 142
276 256 123
240 221 128
647 146 144
385 998 179
856 147 171
637 815 171
873 478 179
991 370 179
617 922 179
52 653 145
884 25 179
69 22 113
892 898 117
832 553 171
774 320 171
435 378 134
138 14 122
461 960 179
29 245 128
62 969 179
38 252 128
740 520 171
204 998 179
919 974 174
765 402 171
248 280 123
401 208 144
696 649 145
873 754 179
923 751 179
690 836 171
673 332 145
922 230 179
969 547 179
640 403 142
230 955 179
640 312 144
258 250 123
420 113 144
925 686 179
6 651 145
869 125 171
994 926 174
645 893 179
477 757 171
803 858 135
259 160 128
505 858 171
429 773 171
169 57 122
669 377 145
607 986 179
992 196 179
635 720 171
42 324 131
205 949 179
577 789 171
435 54 144
554 194 144
948 573 179
675 735 171
179 979 179
27 609 144
270 861 171
24 543 144
650 426 145
417 942 179
902 478 179
662 330 145
561 696 145
618 685 145
787 786 60
511 836 171
677 142 145
21 821 171
491 982 179
797 63 171
460 521 142
399 875 179
933 743 179
375 205 144
566 738 171
263 284 123
420 972 179
359 744 171
904 115 179
352 442 134
618 111 144
502 793 171
286 129 128
161 785 171
25 368 144
207 46 125
318 634 144
200 56 125
832 528 171
97 113 119
902 163 179
34 201 125
504 522 124
373 976 179
702 370 145
458 332 134
772 455 171
813 989 179
421 500 142
423 98 144
467 185 144
555 359 142
65 778 171
694 482 145
762 318 171
679 450 145
888 722 179
848 257 171
106 997 179
710 520 171
322 682 145
913 564 179
843 135 171
205 139 125
762 662 171
724 628 171
285 425 144
428 224 144
443 444 72
372 475 134
954 529 179
188 386 144
304 340 144
513 832 171
373 42 144
951 609 179
46 197 125
854 911 179
166 797 171
697 186 145
28 292 128
327 88 144
51 181 125
907 201 179
446 799 171
78 858 171
472 124 144
578 502 137
639 756 171
414 143 144
465 182 144
930 698 179
880 447 179
603 898 179
583 775 171
868 806 148
219 50 125
290 70 128
199 15 125
340 71 144
685 965 179
248 679 145
580 691 145
811 794 135
31 244 128
849 895 179
524 422 142
669 115 145
736 743 140
352 713 171
981 900 174
506 781 171
35 143 122
153 730 171
592 361 142
655 78 145
605 404 142
622 4 144
820 220 171
115 223 125
585 595 119
410 891 179
607 300 144
95 69 116
315 369 144
648 847 171
316 127 131
163 467 144
918 908 130
941 49 179
847 1 171
759 964 179
642 116 144
377 432 134
575 85 144
222 38 125
415 252 144
31 640 144
857 307 171
598 958 179
695 702 127
403 418 134
131 644 144
642 909 179
481 320 144
460 477 129
983 643 179
924 586 179
219 604 144
223 790 171
135 786 171
530 233 144
166 67 122
228 164 125
860 462 171
879 639 179
640 474 142
593 691 145
517 725 171
221 478 144
815 939 179
372 432 134
918 824 179
870 884 179
714 769 153
581 582 119
837 301 171
878 269 179
46 841 171
459 526 142
69 330 144
182 370 144
843 428 171
356 288 144
747 899 179
176 66 125
685 80 145
73 574 144
358 357 33
795 887 179
250 332 144
174 809 171
112 683 145
38 421 144
84 902 179
488 48 144
532 532 31
881 20 179
346 342 126
716 691 171
694 572 145
899 667 179
488 729 171
613 741 171
968 786 179
924 901 130
595 250 144
820 355 171
741 539 171
718 995 179
732 689 171
311 531 144
188 116 125
881 37 179
185 131 125
925 218 179
893 855 179
671 129 145
352 640 142
354 154 144
383 229 144
469 916 179
433 195 144
581 541 137
228 997 179
107 174 125
744 830 153
420 774 171
796 528 171
913 809 179
751 575 171
642 561 132
976 848 179
407 106 144
796 49 171
26 662 145
730 29 171
339 416 134
754 245 171
771 842 153
113 820 171
488 641 142
735 488 171
751 190 171
685 171 145
524 444 142
802 153 171
857 524 171
867 268 171
447 40 144
246 657 145
77 913 179
225 1 125
36 578 144
18 926 179
992 750 179
802 170 171
956 908 174
736 146 171
96 76 111
954 775 179
449 570 142
504 549 137
773 163 171
815 709 153
844 580 171
901 589 179
735 78 171
832 88 171
727 69 171
28 891 179
286 963 179
839 384 171
873 417 179
46 138 122
88 298 128
767 537 171
118 398 144
779 683 171
256 823 171
804 184 171
129 800 171
298 812 171
960 288 179
46 428 144
965 842 179
559 704 171
763 381 171
896 683 179
957 537 179
70 481 144
10 230 125
398 422 134
29 422 144
965 837 179
85 642 144
312 541 144
202 742 171
146 407 144
183 461 144
672 584 145
340 252 144
43 943 179
886 455 179
264 814 171
729 873 179
496 676 145
709 852 153
958 747 179
433 331 134
529 553 137
218 230 115
266 319 131
397 998 179
997 362 179
665 377 145
226 458 144
861 579 171
523 726 171
737 115 171
493 728 171
673 28 145
54 440 144
333 163 144
628 687 145
275 249 123
862 938 179
842 813 135
708 49 171
492 37 144
460 501 142
739 394 171
736 338 171
433 640 142
144 302 128
785 587 171
458 73 144
564 187 144
973 958 143
693 571 145
531 814 171
486 220 144
9 719 171
556 554 44
605 97 144
143 622 144
354 58 144
763 854 153
544 683 145
959 936 174
165 810 171
325 737 171
379 449 134
463 160 144
281 298 118
48 395 144
842 585 171
778 380 171
445 782 171
269 512 144
977 73 179
250 276 123
28 962 179
452 510 142
967 361 179
791 731 153
968 539 179
582 731 171
71 163 122
500 676 145
58 151 122
788 835 135
696 418 145
608 863 171
296 675 145
663 466 145
311 813 171
588 562 119
529 363 142
536 699 145
392 466 134
118 49 119
689 1 145
419 388 134
378 662 145
827 776 135
905 30 179
900 988 174
745 701 171
634 575 132
923 112 179
667 421 145
428 510 142
559 966 179
458 566 142
652 749 171
70 40 113
559 271 144
267 773 171
149 940 179
861 412 171
237 295 123
400 260 144
955 763 179
502 270 144
912 53 179
47 784 171
584 875 179
585 787 171
28 93 116
98 39 119
756 628 171
211 482 144
899 763 179
496 64 144
415 294 144
626 388 142
121 350 144
180 823 171
338 59 144
363 124 144
365 273 144
68 594 144
993 699 179
577 580 119
50 573 144
40 370 144
292 156 128
692 323 145
928 216 179
647 246 144
544 603 137
23 434 144
303 320 131
583 802 171
265 746 171
553 321 144
677 954 179
150 616 144
708 111 171
45 692 145
109 36 119
408 940 179
602 715 171
18 193 125
745 152 171
285 976 179
95 809 171
738 237 171
728 532 171
105 886 179
426 474 129
433 145 144
297 965 179
243 109 128
44 827 171
496 652 145
347 600 142
764 317 171
114 252 128
799 841 135
715 89 171
80 133 122
697 816 171
327 265 144
572 569 106
734 510 171
852 824 135
412 674 145
832 800 135
347 823 171
55 320 131
66 746 171
565 131 144
15 120 119
926 455 179
774 243 171
399 106 144
697 433 145
339 669 145
637 397 142
405 102 144
903 362 179
198 528 144
854 53 171
401 681 145
541 387 142
453 823 171
380 242 144
807 16 171
588 638 132
256 836 171
349 393 126
328 837 171
268 806 171
129 235 128
606 459 142
914 73 179
537 16 144
597 652 145
234 385 144
193 966 179
909 72 179
219 893 179
333 802 171
358 74 144
84 584 144
757 623 171
320 858 171
450 472 129
335 75 144
348 432 134
242 793 171
254 733 171
743 108 171
205 760 171
297 766 171
376 435 134
729 936 179
465 917 179
97 195 125
422 865 171
17 848 171
327 206 144
616 490 142
499 684 145
972 456 179
440 227 144
775 854 153
700 920 179
329 611 142
425 407 134
38 405 144
578 661 145
170 284 128
196 723 171
794 373 171
519 508 124
950 936 174
638 918 179
978 344 179
904 494 179
136 331 144
613 577 132
901 771 179
963 308 179
803 760 153
822 333 171
144 98 122
953 64 179
385 816 171
93 691 145
138 96 122
839 483 171
373 589 142
729 576 171
897 661 179
945 277 179
368 886 179
161 726 171
875 713 179
884 10 179
372 64 144
590 857 171
491 457 142
576 625 132
395 368 121
662 224 145
570 360 142
22 311 128
418 5 144
405 306 144
856 391 171
894 130 179
858 872 179
769 680 171
676 922 179
725 64 171
6 104 119
501 611 137
231 27 128
892 848 179
762 359 171
253 852 171
842 128 171
677 23 145
692 49 145
725 439 171
213 966 179
213 542 144
80 840 171
461 276 144
136 987 179
804 204 171
785 739 153
922 384 179
65 135 122
843 122 171
505 285 144
654 435 145
610 182 144
401 11 144
970 842 179
785 70 171
242 180 128
759 843 153
810 170 171
448 562 142
137 75 122
236 367 144
635 377 142
426 645 142
365 744 171
329 562 142
715 917 179
576 838 171
491 709 171
480 65 144
101 875 179
976 864 179
724 598 171
39 95 116
146 697 145
582 324 144
294 9 128
404 909 179
671 72 145
552 140 144
255 282 123
75 346 144
123 890 179
340 646 142
125 256 128
665 309 145
265 43 128
797 698 171
281 540 144
775 225 171
633 543 137
964 744 179
33 304 128
378 609 142
374 617 142
843 63 171
847 928 179
589 973 179
736 987 179
448 187 144
630 576 132
400 688 145
178 384 144
415 620 142
680 494 145
462 333 134
552 400 142
695 734 171
29 922 179
224 71 125
253 283 123
254 966 179
656 553 145
854 464 171
401 208 144
326 598 144
502 429 142
333 775 171
823 132 171
840 890 179
352 640 142
385 971 179
712 859 153
600 724 171
242 928 179
370 735 171
558 187 144
310 46 128
998 252 179
534 633 137
584 673 145
218 372 144
523 993 179
270 793 171
357 553 142
398 924 179
582 132 144
491 922 179
12 492 144
18 427 144
789 725 153
972 163 179
295 903 179
365 159 144
74 495 144
925 179 179
562 671 145
777 87 171
817 191 171
109 107 114
26 397 144
103 804 171
246 434 144
700 333 145
699 816 171
384 651 145
647 541 137
254 883 179
632 968 179
325 891 179
768 805 153
853 522 171
278 161 128
192 482 144
271 800 171
837 434 171
732 970 179
680 576 145
219 284 128
86 838 171
761 59 171
18 704 171
398 627 142
900 12 179
966 914 174
366 538 142
487 74 144
599 785 171
352 6 144
774 948 179
765 980 179
68 574 144
452 679 145
418 931 179
444 487 142
52 84 116
997 281 179
468 678 145
869 501 171
4 804 171
964 822 179
683 914 179
336 860 171
341 495 142
661 527 145
184 406 144
743 84 171
889 631 179
75 13 116
719 254 171
558 952 179
986 381 179
306 674 145
773 145 171
805 995 179
22 720 171
228 795 171
16 120 119
346 724 171
254 862 171
596 362 142
221 250 128
3 871 179
417 475 134
464 562 142
250 956 179
21 357 144
945 387 179
91 382 144
293 839 171
835 90 171
343 93 144
329 549 142
24 558 144
53 106 119
146 494 144
200 107 125
59 160 122
126 381 144
180 426 144
65 578 144
939 205 179
336 814 171
683 824 171
779 94 171
895 997 174
550 151 144
706 844 153
690 395 145
528 38 144
701 549 145
378 194 144
611 674 145
199 992 179
911 346 179
401 3 144
660 975 179
244 904 179
840 395 171
440 955 179
56 573 144
214 714 171
496 216 144
191 425 144
945 947 37
644 541 137
389 435 134
685 248 145
921 447 179
670 187 145
397 256 144
96 378 144
159 552 144
734 415 171
57 167 122
505 681 145
688 328 145
254 861 171
228 694 145
328 642 142
316 949 179
510 124 144
380 427 134
722 607 171
519 583 137
546 265 144
976 570 179
53 5 112
962 229 179
860 412 171
789 528 171
412 971 179
899 631 179
164 742 171
470 979 179
236 814 171
341 436 134
19 43 112
181 752 171
510 705 171
597 706 171
942 633 179
33 44 110
874 554 179
126 671 145
804 310 171
987 45 179
328 666 145
370 922 179
805 218 171
317 92 131
287 66 128
770 816 153
86 819 171
586 724 171
427 633 142
732 496 171
621 369 142
607 742 171
77 959 179
748 12 171
880 302 179
109 717 171
194 785 171
304 443 144
552 145 144
628 825 171
407 235 144
561 116 144
376 498 142
33 124 119
12 112 119
561 505 137
288 977 179
948 861 179
886 386 179
894 433 179
5 499 144
899 449 179
648 810 171
182 654 145
997 990 112
785 757 153
832 606 171
377 979 179
234 234 22
582 287 144
574 964 179
464 873 179
368 156 144
876 459 179
952 787 179
930 392 179
973 971 99
7 546 144
177 120 125
558 710 171
103 83 119
704 168 171
682 411 145
673 288 145
788 838 135
631 499 137
892 26 179
611 930 179
187 29 125
75 445 144
95 512 144
463 186 144
425 196 144
567 141 144
615 966 179
30 208 125
137 118 122
357 632 142
740 830 153
261 761 171
735 789 153
628 187 144
833 680 171
292 817 171
810 294 171
96 293 128
529 333 142
4 920 179
250 929 179
394 532 142
878 313 179
