7947 228 262
3407 4736 238
61 3326 217
1157 6342 262
6788 8622 257
9439 300 262
7631 8062 252
5728 8031 262
3587 3099 199
9969 2534 262
6897 2200 262
583 3094 217
9024 4851 262
6940 1301 262
8258 6528 257
1344 5772 238
6569 4191 262
766 4282 238
3211 6312 262
8363 4885 262
7581 7510 208
9801 3824 262
8982 3549 262
4754 4184 215
3535 8092 262
6010 7293 262
4968 823 238
9014 130 262
8630 6642 257
7212 7567 239
6657 7936 257
1187 1509 177
1830 5442 238
7249 6953 195
9619 3322 262
7539 4613 262
5057 4641 210
9458 7981 260
3296 9349 262
7441 2262 262
6984 5452 262
9282 4878 262
9927 4656 262
2199 9558 262
9814 5212 262
8899 7986 234
1343 4410 238
3324 7599 262
2393 4151 238
5765 2143 238
3766 1980 238
5898 518 238
5493 1057 238
2181 7673 262
3659 6692 262
207 4628 238
415 5680 238
5247 1147 238
131 2312 183
2627 6177 262
992 7789 262
6963 4416 262
3514 6274 262
3958 4882 215
7776 7223 239
4289 657 238
6518 5923 262
3102 5650 238
3192 5550 238
5102 9403 262
3410 3234 181
4628 5747 236
3322 771 217
2587 1838 209
5506 5423 192
4685 5490 210
5264 5529 192
8088 2456 262
3932 6120 236
238 3074 217
7847 1782 262
8963 9665 260
679 4861 238
9270 9925 242
4116 7490 262
2859 9728 262
4200 6561 262
595 8944 262
1165 8845 262
281 3516 217
8351 7145 252
736 8814 262
180 1056 179
5604 3599 238
2894 2560 191
1530 3624 217
7974 2963 262
1003 7215 262
1677 2343 183
8617 8578 172
1771 7823 262
1038 2626 209
3533 5028 238
8986 4249 262
3767 7419 262
7804 7653 221
207 8180 262
3590 8753 262
546 1907 182
5351 7985 262
6971 4219 262
2521 8363 262
2033 8790 262
140 9354 262
8954 1021 262
9135 9517 260
1604 7148 262
5989 5938 143
2273 2019 183
3887 2460 238
3503 5786 238
3800 3787 176
8398 8762 216
453 3242 217
5374 1967 238
8660 4018 262
7518 4917 262
5517 2405 238
5337 6055 236
1550 1424 172
10 7281 262
7017 5235 262
4872 9294 262
4599 7228 262
5852 7072 262
8590 5526 262
5675 9062 262
6066 2836 238
4110 4731 215
2932 6845 262
659 5873 238
6986 6571 257
3691 6742 262
9423 3384 262
5681 1840 238
8354 5521 262
638 2669 209
8150 8310 190
1780 9940 262
9495 4475 262
1700 9265 262
5473 9647 262
6661 9303 260
9705 5057 262
46 6402 262
8136 6069 262
8674 4095 262
3572 788 217
27 6873 262
101 1931 182
9697 7757 260
9539 9731 198
5279 9012 262
2357 6159 238
3822 9542 262
8254 3372 262
5010 1427 238
1906 5934 238
5831 747 238
1226 4104 238
5992 1928 238
1315 1218 177
76 4450 238
2836 5633 238
2582 1436 209
1289 8428 262
2544 1232 209
4911 2874 238
8920 9280 260
7848 9627 260
52 6933 262
1004 571 179
4064 320 238
1541 3222 217
8064 734 262
1001 5231 238
221 3064 217
9218 487 262
4344 5612 236
5407 8833 262
2962 1992 217
9407 9950 242
3573 5875 238
6668 9922 260
3847 4160 189
6075 7287 262
6660 1659 262
8350 62 262
2958 10 217
2552 6774 262
8099 5348 262
1609 3586 217
2531 590 209
9825 3481 262
8237 6889 257
6237 8564 257
3897 8954 262
3498 996 217
1344 3072 217
4809 526 238
3307 7762 262
1409 103 182
1394 2343 183
1928 1062 182
7800 8776 252
639 2209 182
4370 8663 262
7052 8165 252
9138 8181 247
3077 6181 262
8206 3654 262
5669 9052 262
4801 5966 236
6398 664 262
1878 7099 262
4926 2996 238
5006 6525 262
1794 497 182
6672 6407 244
2210 4327 238
2676 3212 217
5090 1902 238
8214 9334 260
1284 6890 262
833 4949 238
9929 4806 262
2838 8296 262
9281 646 262
97 5144 238
6579 8300 257
2632 2920 217
6421 8690 257
8429 8621 203
5382 8865 262
3744 342 238
2825 1559 209
9786 9821 198
1441 5568 238
6896 2925 262
571 2873 209
760 6688 262
6518 597 262
2236 8274 262
1876 8318 262
3157 2274 217
7587 8766 252
5345 1784 238
8850 4897 262
5832 9638 262
1741 8623 262
6488 5538 262
3628 248 217
1611 317 182
6440 7542 257
2047 8387 262
515 3745 238
8129 6003 262
1757 1234 180
5338 6288 262
7030 8828 252
3666 1683 217
710 6295 262
9181 3142 262
3299 8260 262
6853 4451 262
183 5317 238
5274 8559 262
4902 4893 166
1500 9500 262
2948 3324 199
923 7183 262
9164 4637 262
8144 1910 262
6317 926 262
5469 2077 238
3840 6792 262
8355 3790 262
1806 1771 162
5510 8954 262
3773 1116 238
2168 1015 182
3082 7772 262
1829 8906 262
4464 2589 238
4807 5223 210
467 5237 238
3693 7490 262
4281 3168 238
8962 2042 262
9433 3821 262
9400 4337 262
3115 2979 186
8662 7204 252
3202 7519 262
9647 5754 262
7033 9207 252
7683 5308 262
6832 1045 262
3647 1847 217
4265 7074 262
9168 6198 257
9683 2516 262
7316 2060 262
2536 2215 209
5935 1750 238
9149 2715 262
5298 5409 192
3209 6890 262
5746 4719 236
9213 4922 262
315 4592 238
6540 1247 262
9208 8209 247
7764 7625 177
4561 9900 262
3849 4581 215
9253 1741 262
6197 3674 262
4388 9446 262
2101 8687 262
4595 5575 236
2907 74 209
46 2832 209
6719 8499 257
2882 6535 262
227 282 128
8892 6643 257
9129 2741 262
4777 8319 262
5963 6388 262
617 6181 262
4081 7352 262
4184 9539 262
250 6538 262
8531 6425 257
6426 5199 262
7043 9899 260
2118 9285 262
9327 9093 260
7405 3832 262
4170 359 238
5319 2860 238
7762 3729 262
5560 1772 238
8910 2129 262
4181 3595 238
5360 1758 238
7005 1977 262
6934 4911 262
9193 9484 260
3671 4077 238
8075 5519 262
4748 3932 215
9338 5135 262
8554 2155 262
3522 6363 262
2678 4233 238
2746 2645 160
8345 1803 262
1412 9871 262
7406 9402 260
4612 7244 262
6870 6043 262
6600 5750 262
841 6129 238
6747 8445 257
2965 6616 262
4313 3023 238
5224 3130 238
8225 3694 262
3121 8582 262
606 2878 209
150 5236 238
9739 9459 198
5801 231 238
2539 629 209
5222 8586 262
4729 120 238
9423 7464 260
6538 9450 260
5766 1046 238
3005 4720 238
836 5456 238
2764 4427 238
1768 6391 262
1397 3430 217
1681 3074 217
3065 8693 262
5022 7096 262
4387 5192 210
4564 8976 262
4504 5072 210
5365 1773 238
155 6508 262
8165 1893 262
2418 7445 262
7770 5396 262
4731 8121 262
307 5876 238
5151 9655 262
7970 915 262
3221 3839 238
8239 5153 262
7739 7274 239
4736 7936 262
3769 9353 262
4797 8260 262
4087 3847 189
1592 3524 217
2752 693 209
3177 9751 262
9265 3594 262
3656 3722 238
8286 9560 260
3648 7096 262
8884 9700 260
6691 6967 257
4889 4402 197
6785 7416 257
9171 3792 262
6118 3945 236
7030 9839 260
6037 5583 218
9668 8168 260
2695 1881 209
4458 5320 210
5352 5561 205
1615 2575 209
9820 7387 260
2385 6861 262
9798 4965 262
8268 1062 262
2510 2011 209
8822 252 262
9446 1800 262
1518 5516 238
2661 273 209
482 3891 238
5872 4701 236
3562 3245 181
3663 3080 199
1867 3784 238
539 5113 238
1721 5283 238
8689 8082 234
4508 6432 262
7170 531 262
7984 9618 260
1223 4296 238
3498 446 217
614 8025 262
1676 6354 262
1963 3493 217
4202 5260 215
3210 6635 262
5623 5572 161
6095 5457 236
8843 9264 260
850 9810 262
9427 321 262
5628 5902 218
2116 1842 175
7146 1656 262
2906 2034 209
7014 8198 252
3364 2779 217
3677 718 217
3153 2337 217
3343 9163 262
4155 2939 238
7795 3181 262
7155 925 262
3046 6099 238
5025 9365 262
3287 3425 181
6291 1597 262
3590 7838 262
1847 4963 238
6981 8462 252
3141 9085 262
1064 2482 209
3311 6464 262
614 80 144
2194 7730 262
885 7910 262
500 8589 262
8170 6877 257
6953 2698 262
5655 1151 238
6773 6134 262
4995 2281 238
863 5086 238
3101 8934 262
4644 2631 238
9383 3913 262
4289 1430 238
8150 5778 262
6756 2740 262
8883 1250 262
7822 5786 262
4014 8059 262
9995 4976 262
94 2323 183
2008 3271 217
6873 3339 262
3334 2490 217
5866 8427 262
9580 8186 260
5618 1231 238
9270 1661 262
750 9389 262
587 5755 238
1354 8311 262
8446 7221 252
7960 5990 262
7062 5093 262
4583 3548 238
9102 6118 262
7937 4625 262
4915 8795 262
4307 7811 262
1672 2876 209
6945 1546 262
9206 595 262
8097 9029 247
4215 3300 238
6920 6640 226
6198 6389 200
7926 3626 262
2708 3041 217
4994 3878 215
4564 5768 236
5423 4051 215
8164 1909 262
6015 6427 262
2584 3965 238
8730 878 262
6565 9 262
5646 5231 236
7249 594 262
3816 3493 238
371 1067 179
321 2770 209
9545 6929 260
5598 1724 238
6616 1929 262
1518 6661 262
8848 7769 252
613 6529 262
1960 787 182
3053 478 217
2818 5725 238
6221 6581 213
6953 8606 252
3598 8932 262
4036 4558 215
3512 1279 217
8690 9713 260
1200 5121 238
5663 6179 262
8250 1974 262
931 65 179
8621 1948 262
9273 9196 260
1116 9896 262
743 2350 183
8687 7445 252
4852 657 238
5246 3880 215
6832 606 262
455 4342 238
3347 1085 217
1791 2936 217
2105 5390 238
9042 7158 252
6232 682 262
506 6323 262
380 3319 217
6206 5002 262
7207 4000 262
2479 6306 262
6068 6143 187
4850 2532 238
1700 860 182
8716 2266 262
9216 789 262
2000 3708 217
8763 3433 262
2327 3959 238
2920 4094 238
8356 6782 257
7032 5281 262
8166 284 262
5549 2577 238
3611 9355 262
5835 6526 262
1477 9082 262
404 5768 238
978 7839 262
7994 6764 257
7481 3265 262
7491 780 262
5314 9269 262
6556 3810 262
6436 9042 257
852 1916 182
3463 8598 262
1586 9573 262
1161 6249 262
3678 5817 238
4170 3038 238
1618 1832 180
6940 7380 257
5313 3313 238
5009 2335 238
4876 6748 262
7113 7203 195
3467 3888 238
8215 5095 262
1592 4331 238
7793 8218 252
1 1476 182
6067 6158 187
4560 2556 238
6414 9433 260
6584 5312 262
816 7472 262
1347 2800 209
9868 5604 262
1083 3095 217
6898 5186 262
7593 671 262
169 1520 182
5753 5282 236
3507 7401 262
6461 3108 262
6845 4419 262
9822 725 262
8202 2387 262
1400 5533 238
8593 3067 262
1197 2194 180
5016 8129 262
6430 2620 262
7621 574 262
5963 7362 262
9719 5578 262
829 7708 262
4912 1799 238
3859 4924 215
6262 8998 257
6160 4846 236
6098 261 238
3901 5681 236
9746 256 262
4287 7959 262
2326 7500 262
9270 738 262
4249 2438 238
4613 6891 262
3529 4113 238
9738 3350 262
6633 7575 257
3012 8099 262
2166 2034 170
8222 7438 252
617 9127 262
7147 826 262
5218 2218 238
8801 1746 262
6649 7267 257
5816 8062 262
4551 2910 238
5057 7991 262
5351 7173 262
6973 2402 262
318 3873 238
6458 9783 260
5829 2986 238
3270 5897 238
7155 6566 257
5929 9421 262
1121 1139 138
3723 7527 262
8269 2813 262
5122 7564 262
4123 2065 238
458 9140 262
6475 966 262
5298 9535 262
2110 3096 217
9965 4909 262
8691 6706 257
2012 316 182
5042 6451 262
7624 1742 262
2594 906 209
4509 914 238
5446 2358 238
7464 6694 257
9217 6437 257
8908 2605 262
2784 4887 238
1444 8154 262
2204 9010 262
2718 4973 238
8034 7065 252
9400 1684 262
4123 9531 262
1832 3985 238
3871 4243 202
8703 8014 234
4814 4351 215
6098 927 238
3188 904 217
1496 3169 217
5332 5503 192
6599 5222 262
6833 1107 262
6307 7923 257
5679 5650 205
3807 845 238
5272 7764 262
9570 6186 260
752 7439 262
4111 3411 238
7642 7231 239
8590 7976 234
4468 4787 197
8787 5299 262
1506 7958 262
9220 1287 262
1059 8418 262
1552 5321 238
3205 8944 262
9025 4872 262
7052 9931 260
4881 1750 238
9762 9374 198
1628 9411 262
5487 6191 262
5038 9329 262
4738 1592 238
9880 4529 262
533 3073 217
2289 4595 238
5489 2248 238
8457 6962 252
6875 7608 257
4141 1601 238
849 6171 262
6558 9200 257
1453 9975 262
5437 3292 238
1604 3577 217
328 667 145
9461 5625 262
3597 9852 262
873 42 179
1756 7130 262
225 4694 238
603 2781 209
7034 4899 262
6860 1962 262
7233 4181 262
4554 1486 238
2242 9089 262
1698 2263 183
8980 1302 262
4626 8368 262
4062 1405 238
6170 8216 262
6391 2484 262
2069 4260 238
1089 3512 217
2754 9143 262
5285 8631 262
2531 3086 217
7226 8348 252
2265 7272 262
1616 1170 177
4029 1052 238
8832 1960 262
9206 9978 260
3586 4114 238
497 3509 217
9130 3543 262
7035 5317 262
4636 9573 262
4976 4812 210
1853 9360 262
3454 3704 207
7958 5303 262
1461 4015 238
9295 2659 262
3680 39 217
6016 8822 262
6536 4467 262
8010 9811 260
1846 5420 238
7862 7363 239
9499 2708 262
4146 1396 238
7624 6709 257
2560 4050 238
1918 8503 262
4129 3660 238
9209 8284 247
8000 8230 190
6875 955 262
1625 4640 238
4644 2085 238
7682 460 262
633 3015 217
9928 5804 262
8513 6677 257
1399 845 182
8659 4047 262
9625 8795 260
9157 964 262
1909 4510 238
8121 238 262
6332 1031 262
1290 6057 238
9605 4963 262
7425 3584 262
9292 2553 262
618 1486 182
1283 6367 262
9081 8732 247
2646 2996 217
7765 2579 262
6645 9604 260
870 5380 238
5047 6658 262
7289 2882 262
2036 5593 238
4668 2579 238
2339 6240 262
4535 690 238
6890 4544 262
7515 6119 262
882 8789 262
5940 8089 262
6264 1268 262
3627 7221 262
840 4196 238
2090 98 182
1163 6685 262
6024 8176 262
8917 7805 252
7434 4683 262
5636 3896 236
5709 8375 262
5249 134 238
1052 9446 262
6562 5564 262
4871 4725 197
6240 6913 244
9137 9113 154
1989 821 182
4903 7352 262
9769 8620 260
8460 6592 257
1003 411 179
6961 5299 262
6760 3501 262
3078 815 217
9103 6769 257
2734 7926 262
3897 9494 262
7483 5003 262
9250 1253 262
4818 3410 238
9664 3604 262
8528 5653 262
4955 1600 238
2342 1348 183
2058 6692 262
8873 7234 252
8669 1800 262
4317 8835 262
1287 2978 217
6867 5517 262
9550 1022 262
9416 2324 262
9942 8469 260
4938 5005 179
7908 2678 262
3328 9664 262
9847 1937 262
4309 5034 215
2061 1591 180
2708 741 209
5768 9897 262
3953 5602 236
5 50 112
5661 1177 238
5215 7767 262
3563 5525 238
5993 8091 262
8919 41 262
4533 4794 197
3751 6147 236
8232 9888 260
2646 9497 262
8971 9802 260
3015 1552 217
335 6590 262
1942 7198 262
6818 9977 260
8356 5937 262
8865 7496 252
1652 1547 167
2386 9605 262
4222 3577 238
3186 3635 194
3674 2605 217
7059 5689 262
2760 9252 262
3647 8152 262
2389 4162 238
2488 7882 262
5459 9379 262
7370 9401 260
3927 7155 262
5496 2427 238
9544 8135 260
2299 6452 262
1338 7904 262
1749 9438 262
3767 3970 189
159 5569 238
9295 8581 260
9191 3199 262
4758 1446 238
3008 6411 262
2894 7376 262
6611 5 262
6850 5610 262
6557 9338 260
8898 1285 262
1232 9629 262
9995 9569 242
9215 4985 262
2696 7909 262
2312 8153 262
670 960 179
4922 588 238
1253 3231 217
6984 1064 262
8282 7284 252
2377 1003 183
8290 5276 262
6450 2659 262
1138 5147 238
5666 3095 238
1075 5971 238
6990 4734 262
6261 5764 262
9814 8908 260
7946 9209 252
5821 9630 262
5915 6378 262
9777 2501 262
1989 3997 238
8488 1454 262
6200 3654 262
2988 2215 217
9413 2048 262
5026 8930 262
607 3215 217
9425 7058 260
6385 2508 262
8054 6062 262
10 5112 238
8839 5956 262
486 4215 238
9736 483 262
7312 9991 260
5477 7459 262
7459 943 262
7028 7814 239
5572 1197 238
6196 4665 262
716 5065 238
4075 2733 238
3950 5390 215
5110 2365 238
6575 6290 213
