1 10 20
100 200 125
201 210 89
900 1000 174
10 1 20
10 10 7
5 6 9
2 2 2
79873 6506 351
63930 77948 351
63686 38385 340
81098 3501 351
64380 45166 340
77328 72524 351
43435 8721 324
18724 73852 340
77313 8775 351
29149 6114 308
30962 16593 308
97181 21900 351
91849 66992 351
87034 16622 351
19178 64027 340
46762 49223 314
38342 38515 231
51242 60578 340
10393 62190 340
99883 32792 351
99715 60527 351
5370 85651 351
75937 74551 325
97034 48014 351
68391 64437 312
1631 66872 340
42621 22873 324
24602 52247 324
58739 73286 335
67452 65129 268
77986 54437 351
59225 50213 340
71073 66486 312
47227 72992 340
78272 16514 351
38672 76300 340
36101 41068 306
8721 36603 324
97857 10277 351
93903 1377 351
68845 2015 340
3676 31671 308
73894 9497 340
74804 41116 340
73122 11098 340
43430 62422 340
86863 88985 333
12578 93206 351
79271 57944 351
62273 44570 340
6993 80752 351
73772 27083 340
82166 9640 351
16586 89415 351
21374 89727 351
32649 3129 308
29640 79913 351
22120 57956 340
86627 80215 320
80158 49055 351
27787 74894 340
12395 60026 340
69763 23738 340
64794 8286 340
21515 92 279
75311 63443 325
85534 19230 351
34803 99931 351
35691 85255 351
84536 87227 333
57486 6281 340
88331 55194 351
29547 80120 351
34902 84226 351
46662 65461 340
84174 64324 351
78561 10953 351
49504 27352 324
64243 73709 325
55443 97026 351
30082 32678 285
20410 9519 279
48253 66926 340
55673 638 340
216 10061 262
48272 30748 324
32868 2663 308
58089 66888 335
96426 59854 351
7290 64854 340
85700 34008 351
44536 79055 351
56409 93420 351
44888 77045 351
38035 64278 340
23971 77348 351
49055 19290 324
46005 24659 324
47104 35205 324
37778 64634 340
22735 13727 279
74470 85934 351
89108 48636 351
33559 38152 324
8634 27025 308
42346 29316 324
55506 71620 335
97262 62276 351
55174 98013 351
30921 19380 308
79031 3321 351
15421 24233 282
76310 47965 340
21302 195 279
50652 66151 340
79826 81618 320
37703 58943 340
21614 4212 279
20593 8429 279
70025 27772 340
2030 99557 351
67704 80622 351
85474 68541 351
80422 69735 351
80188 71135 351
33764 20250 308
78483 46681 351
88404 17269 351
25404 17394 282
78830 50658 351
15461 88663 351
17998 75081 340
1297 77172 351
96027 37331 351
13008 57950 340
41300 97481 351
18746 39468 324
45784 83579 351
45129 73990 340
2610 14108 276
21584 33110 308
45760 73739 340
83835 51644 351
61471 16749 340
76868 1501 340
87828 21205 351
55343 57755 322
34617 49605 324
64707 50911 340
99650 1230 351
38726 57139 340
89451 73748 351
30739 17996 308
69376 57645 335
95515 94085 328
65320 55656 335
43189 58599 340
74927 9098 340
95715 72804 351
27119 46611 324
14819 37987 324
80122 1375 351
81102 77365 338
24327 76681 340
1201 67974 340
91254 47114 351
49029 23055 324
29441 52735 340
39693 24648 324
47938 47048 314
29163 22172 308
70331 87853 351
8704 56533 340
29766 79611 351
1855 76757 340
22457 5932 279
16492 40518 324
92373 52421 351
3542 59210 340
97964 64665 351
61517 56876 335
72108 1674 340
27010 23511 308
14028 4719 276
31579 40005 324
11986 91729 351
78831 96239 333
11807 57936 340
88868 65604 351
48472 71395 340
22466 21205 269
210 21853 279
67347 51245 340
7992 40970 324
43450 12317 324
43932 1848 324
77390 79765 338
68728 81811 351
51761 22383 324
53568 41801 340
76753 34214 340
24550 75532 340
71418 5092 340
67880 18902 340
9685 76312 340
63450 41254 340
41602 65446 340
40012 78216 351
7085 38969 324
17305 55443 340
84720 3188 351
9035 32716 308
29861 86342 351
91021 72840 351
6886 12763 268
45135 48591 314
1059 98415 351
78000 11708 351
77695 5245 351
97067 65473 351
47048 37750 314
77536 92711 338
48081 96238 351
58173 38483 340
84877 81040 320
93737 10564 351
52682 30289 340
36814 56376 340
31144 92610 351
85632 54158 351
309 32607 308
42094 25255 324
86118 83620 320
65252 20134 340
92756 53887 351
81338 65046 351
62416 60129 335
24573 46507 324
33476 35982 324
26904 77056 351
98344 61973 351
86367 16383 351
2878 1881 209
27223 76416 340
89515 89805 240
15621 19209 279
62994 21054 340
31090 64595 340
89678 39818 351
18104 7245 279
63211 68910 330
59563 9082 340
15714 81917 351
25350 67509 340
95887 64397 351
73777 2997 340
21617 37548 324
99565 39179 351
35038 44528 324
70172 89288 351
85856 8971 351
68048 8316 340
24368 6301 282
67726 88665 351
76909 78883 351
38173 74166 340
10521 19470 279
56657 10415 340
23057 15 279
62479 53386 335
19015 91694 351
8893 77684 351
20925 15641 279
99688 57674 351
82911 98585 333
63920 40468 340
65950 99361 351
89780 72299 351
48421 66848 340
85077 35771 351
10138 86774 351
93098 25668 351
2962 47394 324
52160 84538 351
40753 99130 351
97804 41325 351
7966 10644 260
14030 73923 340
73727 37121 340
14531 27488 308
78357 46266 351
94759 86440 333
15478 29778 308
16613 61531 340
1219 24299 282
26302 39711 324
11142 45060 324
90865 56380 351
36299 17232 324
30060 27744 272
92247 27842 351
94288 16771 351
80233 65572 351
75866 79940 351
22539 4295 279
6995 24562 282
46004 22901 324
16022 38920 324
28766 20098 308
77785 16848 351
8032 60481 340
21146 95880 351
51079 34451 324
1159 74305 340
17814 11610 279
98858 64772 351
72278 4683 340
47727 52783 340
33531 18466 308
83060 59293 351
72566 11311 340
55980 98692 351
66512 80911 351
88367 35032 351
96714 97622 297
50402 65773 340
9166 31527 308
15486 68665 340
12977 11174 263
38496 81464 351
40807 60900 340
27468 75081 340
44931 89146 351
37407 84118 351
68810 15666 340
16464 8497 276
85651 38462 351
17153 87801 351
90525 51435 351
21288 53244 340
53869 79824 351
83604 71542 351
74594 8161 340
46655 98296 351
45367 3713 324
26959 93732 351
93268 12532 351
36904 19445 324
86193 946 351
70226 15707 340
20937 17079 279
35906 17731 324
50742 99383 351
87175 91382 333
53935 25967 340
55764 57144 322
28347 16535 308
7237 56624 340
48112 78355 351
88143 20040 351
61453 13225 340
90249 1450 351
93488 69196 351
53073 16234 340
32981 84087 351
45660 62083 340
11851 93270 351
76446 31161 340
54452 66622 335
64146 55614 335
92890 37533 351
68262 68624 312
36425 62284 340
44839 24319 324
84876 41601 351
7396 50156 324
40103 65120 340
94401 67341 351
8910 70482 340
84539 16142 351
47745 55662 340
30547 23089 308
80582 68723 351
94040 61270 351
75297 17400 340
46101 68598 340
94705 74458 351
64949 32424 340
41610 69717 340
43854 74982 340
83882 34734 351
74737 96778 351
57914 69997 335
95692 18034 351
85572 72328 351
63290 75652 330
5900 13913 276
18217 72298 340
82892 82034 320
51493 66334 340
28975 75975 340
58437 67265 335
46634 97450 351
44402 64804 340
62162 15061 340
93808 36682 351
99358 31135 351
19978 23077 269
74042 64657 325
41214 36413 306
42532 20850 324
90338 47183 351
27751 223 308
1234 18194 279
86034 75926 351
19224 83797 351
4629 25265 282
53974 85220 351
73367 71025 325
37970 73449 340
77686 95600 338
94399 39534 351
45212 22424 324
42052 53601 340
44218 29778 324
62059 49457 340
27844 9526 308
13512 33397 308
71624 225 340
93891 41580 351
31244 6085 308
20101 94079 351
66596 47770 340
41947 14146 324
70509 98258 351
51338 45145 314
45801 8266 324
60623 4471 340
11095 55293 340
60657 96418 351
89422 89555 271
13510 67859 340
41398 61558 340
91838 25465 351
4195 17093 276
50064 40348 314
27823 59681 340
87200 5695 351
49042 19396 324
2217 89792 351
43136 53522 340
63596 90233 351
56256 16584 340
46997 26632 324
58949 52721 322
59303 44908 340
10091 86104 351
27972 84646 351
82831 62903 351
92122 89151 333
77291 4078 351
50957 66824 340
45773 78255 351
80093 70811 351
50674 67189 340
34068 91521 351
23972 18549 282
80366 18350 351
42286 49677 314
41509 38598 306
74552 23034 340
37657 75235 340
18500 86789 351
47608 94766 351
84547 38717 351
41295 67562 340
54868 12608 340
17133 56113 340
23674 41234 324
68784 7638 340
34905 94416 351
53743 15498 340
14893 65535 340
28067 7418 308
13064 38686 324
25843 19189 282
72518 35098 340
65978 59947 335
71405 49951 340
53367 57328 322
86150 78572 338
90833 31712 351
42675 87071 351
94213 30685 351
26060 976 282
5102 49492 324
33882 20506 308
77519 94142 338
89807 45459 351
18592 2050 279
45280 36189 314
76402 82104 351
70753 34197 340
5473 26312 282
2619 54377 340
6421 9616 260
28588 5095 308
38837 98692 351
35387 60688 340
44617 45008 270
14134 13035 276
63625 69881 312
39722 41174 306
86216 74754 351
37214 21559 324
36887 54251 340
92045 5744 351
44183 10131 324
14590 5809 276
26943 45246 324
19361 90952 351
35045 92945 351
71465 9619 340
96877 12122 351
33728 57814 340
29324 73709 340
37068 3496 324
88311 52489 351
99612 30440 351
75245 77114 351
31438 26253 308
98941 46359 351
21985 27130 308
28278 50955 324
94289 61808 351
29961 19697 308
69620 99806 351
54045 12056 340
79120 29364 351
49103 26694 324
11767 86645 351
79331 56153 351
63681 27755 340
88523 31528 351
81764 84852 320
37043 24713 324
27186 44986 324
3751 21708 279
73776 73600 294
93634 76772 351
57486 94712 351
43988 97957 351
38695 67761 340
7598 40936 324
50007 77166 351
5165 69452 340
37844 71058 340
24417 35479 311
22122 2839 279
9945 49947 324
61591 25951 340
61741 75091 330
50080 74465 340
66376 62924 330
88046 70245 351
82448 91041 333
96777 36107 351
93522 41150 351
63919 40452 340
83023 27590 351
94704 94500 315
27165 88816 351
96617 52720 351
27963 19468 308
47228 78354 351
36662 35172 324
29672 8459 308
53873 87325 351
41322 91464 351
97812 28893 351
76720 89773 351
88051 93382 333
86966 13933 351
18169 46464 324
65983 60156 335
13362 28885 308
26417 89756 351
3250 47638 324
79213 85171 320
93541 68571 351
66697 66494 268
20948 58120 340
1708 88606 351
81777 90507 333
230 12369 268
16895 6657 276
33257 49532 324
85952 79032 320
95560 85028 333
51068 8207 324
96555 20188 351
30763 46234 324
65516 85336 351
93344 85762 333
58129 30880 340
99571 9545 351
62246 77984 351
56809 78923 351
84854 81820 320
97761 22080 351
31846 12353 308
90781 5630 351
29390 25815 308
96555 29147 351
24693 80978 351
70480 69200 312
616 8520 262
47056 71225 340
38326 80829 351
23420 79448 351
1323 68505 340
16440 21530 279
85927 80603 320
1351 8625 262
95099 96904 297
19894 1761 279
23231 2588 279
91107 30262 351
70994 87648 351
88680 86610 333
9935 94652 351
44327 24453 324
17097 18916 279
48627 1269 324
93731 10542 351
99064 84765 333
14447 15716 271
4521 49617 324
87904 49173 351
38020 88415 351
65613 59590 335
2788 38833 324
43077 52613 340
11427 15151 276
25994 15166 282
29226 69858 340
87020 65574 351
29654 17075 308
53987 87765 351
2153 97906 351
12135 49809 324
36778 94195 351
75087 98693 351
29241 60050 340
79269 38128 351
71315 72247 250
71555 12570 340
37311 11509 324
69996 16033 340
36819 5900 324
40329 68274 340
40934 23150 324
78974 5972 351
83282 2815 351
40104 27358 324
9221 98773 351
30358 81064 351
79973 95455 333
15297 88126 351
87869 84546 333
22666 45553 324
14313 57822 340
13134 3016 268
21050 12368 279
25896 72437 340
36390 47697 314
9603 27330 308
91823 74043 351
83866 23785 351
9134 39531 324
67695 54051 335
4508 37633 324
28068 43288 324
81757 59877 351
6809 61781 340
4297 10021 262
10786 65212 340
89432 70009 351
98788 1301 351
26890 96679 351
25453 70754 340
11728 23425 279
11757 29393 308
58138 25420 340
70388 2698 340
67710 28956 340
91562 96520 328
51905 19964 324
46501 41221 314
43494 65705 340
47370 2733 324
35537 90142 351
3491 48277 324
23894 80042 351
19321 36132 324
5858 51517 324
41358 37903 306
84613 15842 351
53274 63907 335
49787 20134 324
2977 50203 324
38582 83383 351
39149 78770 351
51498 72007 340
1420 54290 340
14484 16 276
35304 24171 311
48104 2289 324
38335 34815 324
89237 55159 351
71200 44538 340
40919 80343 351
24033 41695 324
87833 19287 351
49375 94781 351
62117 74796 330
76658 31616 340
61386 60990 255
58924 88900 351
30025 61736 340
28367 21669 308
65660 64732 268
74120 27985 340
35042 40803 324
81484 96863 333
72011 31426 340
23661 74745 340
33149 8376 308
51577 66197 340
49985 57220 340
32207 41890 324
57485 20771 340
32382 72125 340
31727 93399 351
97948 35202 351
54770 60579 322
38496 77984 351
11824 10322 268
18173 91813 351
22965 24824 282
68380 16665 340
19339 98769 351
49429 67431 340
38855 90853 351
83241 8662 351
45008 32941 324
58430 58166 242
3975 28783 308
96536 97621 297
88151 65508 351
81265 20721 351
32827 11643 308
24949 46920 324
53190 71703 335
64732 89867 351
70675 26067 340
3044 60145 340
99305 9190 351
15595 75400 340
91914 71009 351
30566 58086 340
88537 38966 351
48577 13277 324
62150 9906 340
70132 76269 325
92408 85675 333
89662 41620 351
19318 69525 340
94272 3712 351
32753 17357 308
36152 40325 306
70385 25657 340
28888 18250 308
70810 97191 351
7299 92446 351
5978 75537 340
42724 7912 324
49938 12162 324
71083 7484 340
78015 96403 338
56645 78729 351
80645 26414 351
22903 53071 340
90871 97556 333
50262 28238 324
31205 33370 285
59398 72057 335
76994 25485 340
92748 43530 351
68240 90678 351
24146 22543 282
98379 96249 297
47896 19554 324
41967 67671 340
61873 24790 340
25894 35412 311
23169 93837 351
91538 6387 351
26736 73414 340
46291 38525 314
68267 26996 340
61334 20672 340
52024 16010 324
39963 72276 340
13140 91059 351
10081 83129 351
80492 92798 333
42960 68956 340
39668 87350 351
93410 9400 351
19430 83567 351
71983 78841 351
18458 77404 351
18195 73725 340
5374 25022 282
88830 39059 351
72851 12983 340
98073 43557 351
56453 17821 340
61360 68881 330
41732 99882 351
24224 79890 351
43875 19311 324
60957 46111 340
86765 1513 351
66656 86601 351
88255 61068 351
55117 35176 340
73349 70939 325
14973 97935 351
97749 13434 351
2956 67611 340
54978 85275 351
42624 75051 340
60574 56852 317
56500 98281 351
45392 13394 324
80865 40327 351
22605 20583 269
75400 79237 351
6038 99934 351
92830 12559 351
14030 78927 351
55508 84770 351
90775 42798 351
1026 32335 308
90184 6718 351
12720 2456 268
59852 86627 351
87649 9912 351
70425 53749 335
44540 18463 324
16044 11313 276
7512 24923 282
49982 65577 340
1667 78770 351
20421 79611 351
15375 92876 351
72714 80799 351
80698 38829 351
1794 9945 262
31352 32224 285
76491 56879 335
31 93167 351
14277 77141 351
2063 9070 262
36490 35364 324
37884 70008 340
66507 23977 340
95225 23762 351
77417 69337 351
19811 43 279
36749 68002 340
20391 50469 324
73220 5565 340
88529 14701 351
45819 384 324
97266 43589 351
85298 86896 302
71820 79524 351
41024 31219 324
82302 58867 351
77348 51715 351
61543 70904 330
54147 94719 351
54264 22671 340
17026 90555 351
48443 92212 351
4769 35768 324
24474 76510 340
30258 50799 324
94637 69317 351
98614 65382 351
98148 388 351
89395 68869 351
54413 49306 340
63667 56258 335
88610 98218 333
93435 21400 351
22258 24066 282
41446 42806 288
60970 16152 340
9470 9396 154
34976 55088 340
45079 34849 324
32956 30907 285
61704 17336 340
84259 99898 333
57190 46832 340
89794 55872 351
2431 2386 165
20435 84341 351
29232 38 308
16975 93270 351
29092 59846 340
76752 30330 340
33449 72564 340
68514 10800 340
41264 23623 324
80134 40676 351
78369 79809 338
4705 14016 276
8953 40316 324
6663 51855 324
92609 10754 351
38624 57085 340
1036 82108 351
41045 67450 340
90508 27010 351
3258 76221 340
73778 17777 340
11383 94021 351
86720 32123 351
79956 39035 351
3693 59577 340
11520 50035 324
54420 3579 340
72862 38834 340
45337 37823 314
43085 12201 324
39546 54176 340
83315 37055 351
89005 2054 351
37989 71981 340
57116 68827 335
50389 88226 351
42393 6302 324
24697 86823 351
25983 36592 324
14100 97917 351
1192 34156 308
9699 87426 351
66053 40116 340
19302 80083 351
91165 80582 333
71752 75563 325
37412 59917 340
6061 66506 340
86903 12628 351
46520 48721 314
86098 78357 338
16694 31753 308
14894 63024 340
37738 87875 351
1466 75447 340
68246 67450 312
52277 97062 351
81442 28021 351
62822 14160 340
90573 16232 351
18712 24532 282
73709 28410 340
61077 75695 330
76676 6914 340
94557 48939 351
92609 28106 351
24931 54164 340
78224 76086 351
71364 72075 250
19840 80286 351
88517 13268 351
77518 31958 351
38057 60522 340
38323 61134 340
35212 25203 311
263 17590 276
29246 17294 308
21264 58714 340
66655 41128 340
69835 55787 335
29907 97389 351
13717 3453 276
65123 4956 340
72343 94285 351
66256 8820 340
33356 91163 351
38612 29418 324
63537 1077 340
79767 38205 351
51400 61492 340
27499 89504 351
70952 82047 351
87300 69398 351
52516 30989 324
77847 39069 351
26230 42345 324
42638 11552 324
95752 45838 351
60806 19088 340
11551 82225 351
20101 3886 279
69989 20766 340
78299 65535 351
36273 35707 249
25524 59041 340
31381 68713 340
8534 90781 351
17316 25704 282
90494 95634 333
83230 86778 320
54641 60241 322
68633 51904 340
51330 21032 324
69934 65408 312
8863 17430 276
13149 25448 282
12024 66461 340
56989 35309 340
75885 11957 340
34308 2508 311
55411 55644 260
68528 82257 351
52963 88940 351
46800 92214 351
85918 23045 351
35601 46979 324
18913 77738 351
94569 66068 351
73633 38664 340
74906 57176 335
10404 2479 262
31843 68213 340
75260 94213 351
60617 94153 351
68640 18320 340
63549 18892 340
41064 58450 340
96138 26225 351
45765 8562 324
70622 51595 340
67354 36340 340
71667 19500 340
46043 234 324
23896 11497 282
47265 93411 351
29696 40409 324
61064 19778 340
26439 93884 351
46309 56939 340
86525 42553 351
12454 44982 324
47312 42911 314
92776 84581 333
46490 49741 314
33711 96114 351
99652 64941 351
86342 4418 351
43605 92410 351
95187 470 351
39356 11907 324
91190 43360 351
70038 84392 351
73598 66514 325
62172 93057 351
76840 85073 351
95628 73374 351
4597 69417 340
20146 71881 340
77446 48795 351
99538 62600 351
80023 9746 351
66965 22238 340
45973 97139 351
97742 68881 351
58397 58929 273
34856 48646 324
28691 34528 311
32014 60488 340
43771 28770 324
45238 8424 324
88536 99230 333
69739 19775 340
32703 68046 340
85845 16718 351
71223 49015 340
73127 55558 335
51471 12404 324
49733 64324 340
6651 97675 351
31920 34804 311
11917 13601 276
52944 55318 322
79564 54249 351
97181 96926 253
83124 49623 351
45801 49141 314
7049 75411 340
72557 33214 340
11321 71273 340
84623 52307 351
72302 61374 330
71373 92365 351
8684 28349 308
86984 77953 338
76461 39695 340
51856 33608 324
4566 41288 324
31912 71928 340
67030 95774 351
66774 59886 335
95035 76821 351
34953 85709 351
67824 4086 340
11367 27007 308
26455 22878 282
57170 78170 351
59103 91602 351
76439 66302 325
27010 21233 308
63987 54875 335
60670 5537 340
17345 44816 324
50190 81483 351
25732 51310 324
59172 4867 340
35758 20955 324
1317 39424 324
26507 79762 351
4801 32106 308
79629 3335 351
89677 18289 351
87060 4232 351
61439 1337 340
96602 79423 333
22469 84627 351
5080 95093 351
32323 83816 351
54745 625 340
2471 4366 238
31737 39549 324
92395 33853 351
55705 85481 351
44806 5915 324
1922 41545 324
27343 2259 308
63795 47673 340
61871 25189 340
19912 30529 308
44353 92663 351
59593 53588 322
57321 72360 335
87853 23186 351
60079 20709 340
90121 53390 351
88535 57845 351
94906 59625 351
62109 95887 351
19530 54461 340
7890 18443 279
68993 7830 340
12750 71894 340
81964 73978 351
2897 70431 340
64675 52010 340
68474 16622 340
27641 66080 340
52610 72116 335
96581 28696 351
89846 14334 351
99624 86796 333
39376 24131 324
97882 52695 351
79089 8445 351
51414 65563 340
59869 12308 340
23806 49405 324
36050 96470 351
72300 82574 351
12902 7395 268
599 39045 324
50461 74564 340
74142 78664 351
76548 71675 325
46068 57930 340
20141 86454 351
31464 8750 308
60839 71709 335
82319 22601 351
94937 24459 351
47505 18630 324
36602 76986 340
13741 78883 351
82672 63255 351
9513 74456 340
28484 31412 272
53754 79512 351
79838 6972 351
83916 94991 333
9059 82881 351
32174 26060 308
11111 11729 237
77822 35129 351
56144 487 340
54060 87077 351
38505 97950 351
27470 62082 340
28863 82273 351
32672 89962 351
83932 49693 351
91221 60061 351
59549 81304 351
44638 11045 324
56050 95258 351
29558 29690 241
67698 74601 325
98024 31586 351
21881 60788 340
18365 26320 282
34239 65989 340
36006 32173 324
41557 55545 340
16706 14740 271
72159 684 340
71948 13367 340
31625 35693 324
50501 4320 324
68455 81425 351
36153 47569 314
94477 67395 351
89617 32845 351
