631 928 179
451 831 171
963 796 179
266 537 144
638 863 171
171 562 144
595 122 144
191 754 171
582 408 142
578 981 179
506 839 171
369 334 126
477 934 179
814 212 171
545 755 171
454 144 144
460 431 129
855 848 60
825 451 171
291 646 144
199 467 144
794 886 179
184 976 179
230 46 125
655 572 145
608 961 179
315 173 131
435 457 129
711 770 153
476 413 134
967 496 179
933 884 148
268 133 128
173 472 144
268 255 123
732 242 171
632 904 179
784 200 171
88 671 145
314 811 171
496 219 144
631 613 132
562 942 179
600 289 144
890 42 179
33 658 145
400 48 144
606 878 179
374 304 144
886 447 179
606 119 144
739 718 140
889 327 179
991 354 179
355 428 134
824 609 171
923 58 179
953 102 179
850 391 171
472 735 171
393 303 144
134 824 171
92 105 119
481 575 142
922 146 179
639 897 179
228 614 144
435 227 144
576 633 132
326 589 144
799 306 171
427 587 142
481 662 145
351 570 142
397 447 134
322 919 179
902 37 179
468 408 134
553 814 171
718 582 171
261 736 171
907 207 179
388 305 144
442 420 116
509 793 171
442 868 171
767 956 179
7 259 128
795 480 171
607 441 142
990 458 179
367 281 144
653 506 145
101 28 119
875 840 179
530 601 137
802 797 122
992 768 179
176 204 120
535 749 171
509 754 171
922 579 179
613 220 144
822 48 171
222 739 171
265 62 128
662 276 145
611 159 144
341 392 126
982 316 179
253 968 179
111 27 119
241 834 171
75 981 179
255 756 171
436 74 144
455 158 144
8 282 128
593 835 171
90 94 106
347 90 144
62 682 145
9 182 125
394 561 142
695 514 145
893 179 179
152 557 144
149 447 144
506 939 179
319 749 171
547 199 144
92 292 128
914 166 179
8 284 128
168 509 144
193 567 144
445 83 144
495 121 144
676 59 145
703 59 171
726 286 171
692 746 171
267 690 145
321 881 179
421 457 129
336 375 126
537 917 179
58 939 179
472 228 144
563 505 137
259 739 171
968 345 179
239 451 144
811 868 148
977 516 179
21 363 144
814 416 171
413 217 144
504 1 144
691 144 145
909 830 179
883 688 179
555 515 137
743 648 171
571 835 171
96 786 171
303 728 171
944 933 174
513 440 142
838 733 153
936 689 179
828 951 179
32 837 171
456 655 145
721 674 171
327 577 144
564 435 142
955 860 179
127 537 144
779 293 171
458 703 171
812 303 171
685 83 145
309 382 144
422 906 179
394 275 144
89 332 144
333 837 171
108 690 145
606 166 144
803 609 171
362 925 179
579 687 145
5 36 112
260 613 144
586 354 142
211 976 179
37 301 128
39 654 145
885 362 179
777 611 171
92 219 125
778 554 171
949 295 179
927 81 179
423 938 179
124 466 144
418 288 144
752 623 171
850 243 171
559 824 171
516 492 124
877 71 179
59 264 128
415 860 171
399 459 134
673 130 145
273 925 179
519 85 144
48 545 144
946 289 179
457 720 171
278 227 128
810 131 171
424 374 134
348 115 144
937 442 179
201 855 171
804 787 122
278 327 144
999 899 174
113 268 128
397 188 144
100 198 125
640 864 171
358 994 179
496 648 137
222 518 144
243 899 179
641 171 144
474 365 134
64 252 128
227 606 144
925 944 174
139 971 179
894 54 179
137 861 171
376 811 171
543 236 144
620 325 144
768 407 171
720 469 171
123 597 144
732 705 140
186 374 144
213 125 125
392 688 145
716 128 171
197 633 144
270 87 128
792 228 171
95 986 179
124 451 144
636 797 171
952 806 179
370 948 179
579 795 171
453 937 179
68 652 145
385 156 144
565 565 18
589 218 144
759 114 171
964 595 179
990 729 179
942 317 179
341 22 144
315 754 171
965 627 179
917 580 179
457 244 144
430 528 142
101 357 144
641 948 179
272 534 144
506 780 171
890 119 179
136 58 122
673 207 145
869 251 171
957 443 179
902 579 179
289 527 144
552 726 171
683 859 171
64 580 144
17 111 119
655 947 179
855 8 171
754 448 171
462 714 171
283 819 171
527 62 144
74 658 145
663 14 145
936 213 179
686 353 145
110 219 125
795 407 171
271 257 123
310 162 128
284 72 128
184 365 144
875 804 179
888 320 179
736 474 171
406 44 144
13 686 145
906 184 179
390 327 144
559 141 144
814 285 171
968 733 179
236 933 179
853 368 171
280 413 144
478 723 171
909 788 179
427 380 134
175 101 125
876 106 179
181 401 144
286 838 171
693 787 171
246 548 144
995 166 179
281 192 128
325 198 131
906 912 55
880 6 179
678 307 145
491 672 145
523 936 179
547 791 171
248 860 171
31 849 171
979 588 179
879 865 179
360 439 134
416 147 144
569 37 144
526 854 171
543 487 142
397 334 126
947 547 179
568 755 171
114 564 144
15 468 144
137 927 179
476 1 144
36 93 116
231 868 171
337 288 144
464 433 129
816 430 171
455 305 144
225 473 144
896 683 179
513 879 179
795 203 171
225 233 128
599 321 144
275 460 144
757 508 171
336 692 145
572 743 171
622 847 171
222 787 171
833 580 171
726 618 171
357 854 171
600 207 144
675 217 145
59 521 144
707 883 179
766 468 171
514 9 144
569 613 132
47 798 171
582 884 179
709 537 171
614 178 144
436 252 144
7 401 144
955 409 179
458 356 134
476 462 129
105 728 171
829 987 179
182 368 144
926 281 179
370 428 134
197 353 144
597 653 145
294 817 171
74 119 119
478 617 142
218 88 125
568 391 142
639 244 144
236 319 131
225 334 144
68 921 179
785 572 171
928 188 179
295 737 171
967 356 179
380 194 144
775 849 153
106 130 122
454 794 171
174 688 145
256 486 144
935 742 179
49 852 171
836 230 171
480 656 145
396 134 144
341 77 144
825 468 171
809 790 122
410 184 144
936 667 179
273 278 92
449 884 179
960 68 179
379 978 179
396 742 171
74 695 145
206 915 179
550 68 144
941 782 179
659 347 145
953 723 179
42 502 144
243 126 128
348 325 144
565 269 144
719 934 179
223 898 179
925 863 179
441 441 28
412 951 179
469 122 144
889 277 179
429 593 142
92 985 179
420 478 129
338 424 134
372 112 144
461 670 145
629 873 179
255 67 128
433 667 145
841 957 179
748 900 179
575 86 144
934 830 179
937 136 179
929 574 179
315 258 131
97 626 144
576 380 142
536 810 171
15 605 144
198 390 144
974 170 179
75 236 128
679 243 145
998 775 179
618 492 137
8 306 128
932 868 179
699 461 145
270 500 144
582 584 119
569 324 144
990 20 179
666 549 145
83 105 119
355 584 142
347 212 144
639 714 171
815 168 171
879 426 179
393 455 134
235 987 179
535 568 137
925 978 174
483 562 142
570 4 144
567 211 144
712 572 171
226 673 145
487 386 142
539 477 142
115 281 128
19 562 144
514 699 145
400 634 142
467 327 144
821 846 135
309 549 144
13 999 179
155 142 117
17 835 171
36 623 144
812 392 171
900 643 179
137 705 171
339 564 142
277 687 145
40 818 171
258 926 179
521 240 144
517 324 144
411 294 144
474 417 134
181 509 144
96 642 144
15 776 171
829 740 153
908 109 179
375 425 134
27 88 116
429 300 144
299 243 123
156 347 144
694 535 145
717 712 34
668 148 145
61 485 144
368 681 145
22 371 144
210 197 120
237 135 128
634 272 144
331 111 144
908 395 179
509 144 144
219 264 128
71 985 179
31 827 171
904 968 174
250 780 171
425 307 144
378 306 144
62 894 179
152 796 171
229 774 171
988 877 174
893 715 179
940 68 179
12 962 179
323 85 131
987 285 179
173 376 144
284 171 128
383 41 144
39 881 179
145 365 144
157 804 171
920 160 179
685 352 145
237 592 144
915 209 179
752 734 140
32 784 171
425 525 142
476 538 142
306 538 144
334 223 144
728 919 179
286 698 145
820 127 171
288 973 179
787 8 171
914 125 179
997 956 143
323 37 131
821 270 171
491 733 171
791 91 171
583 337 142
510 24 144
978 647 179
69 554 144
876 93 179
102 776 171
952 16 179
455 116 144
588 158 144
155 94 122
637 534 137
537 958 179
227 922 179
974 318 179
880 509 179
52 163 122
635 400 142
333 591 142
385 798 171
729 331 171
855 557 171
388 223 144
900 235 179
665 547 145
992 560 179
842 532 171
430 429 103
875 203 179
197 133 125
341 603 142
366 320 144
421 510 142
332 288 144
280 894 179
795 597 171
457 283 144
897 553 179
364 572 142
502 394 142
429 25 144
61 965 179
948 370 179
234 861 171
863 678 171
922 589 179
896 248 179
507 997 179
590 407 142
468 589 142
997 686 179
334 544 142
34 580 144
102 673 145
23 667 145
580 724 171
544 987 179
99 416 144
280 768 171
360 171 144
443 633 142
496 14 144
528 125 144
677 311 145
583 31 144
211 783 171
156 963 179
343 501 142
182 234 128
104 386 144
278 747 171
333 101 144
553 71 144
649 770 171
244 424 144
923 842 179
511 639 137
396 474 134
849 696 171
453 863 171
823 997 179
120 881 179
779 78 171
582 154 144
156 606 144
410 99 144
438 154 144
500 37 144
59 480 144
636 751 171
349 941 179
418 456 116
701 771 171
815 874 179
179 65 125
445 716 171
862 184 171
456 317 144
925 800 179
170 255 128
730 240 171
212 118 125
840 582 171
975 717 179
715 96 171
272 895 179
229 316 131
491 319 144
866 227 171
541 44 144
765 630 171
428 736 171
224 569 144
656 404 145
150 560 144
615 942 179
958 321 179
108 243 128
766 52 171
844 401 171
417 920 179
59 943 179
538 782 171
938 927 174
353 125 144
130 214 125
183 343 144
137 467 144
106 291 128
817 584 171
458 132 144
262 38 128
287 23 128
121 170 122
126 614 144
923 78 179
910 147 179
78 286 128
348 295 144
353 652 145
317 974 179
863 910 179
337 327 144
92 148 122
772 778 153
317 118 131
709 497 171
878 245 179
633 601 132
371 692 145
215 490 144
818 666 171
894 813 179
276 271 92
661 661 114
57 716 171
925 547 179
847 444 171
904 587 179
478 421 129
653 738 171
583 890 179
209 215 102
290 875 179
640 560 132
592 606 119
184 476 144
524 655 145
796 543 171
710 999 179
976 234 179
793 780 122
705 675 171
968 729 179
472 886 179
784 286 171
690 646 145
307 582 144
444 339 134
701 157 145
895 318 179
456 148 144
42 962 179
211 784 171
765 143 171
137 995 179
627 820 171
507 524 124
185 96 125
62 826 171
797 73 171
199 242 128
521 928 179
790 566 171
872 70 179
356 461 134
489 653 145
705 747 140
77 997 179
2 544 144
58 627 144
540 498 124
124 558 144
650 451 145
345 56 144
530 880 179
481 795 171
759 982 179
529 344 142
142 339 144
678 68 145
415 994 179
490 537 142
43 759 171
751 834 153
585 228 144
107 382 144
528 394 142
960 132 179
810 969 179
874 352 179
167 991 179
424 600 142
704 795 153
257 163 128
762 20 171
469 687 145
297 84 128
767 623 171
321 592 144
843 420 171
725 41 171
337 15 144
859 553 171
907 92 179
248 462 144
226 214 115
421 611 142
45 168 122
138 501 144
298 731 171
649 390 145
54 332 144
114 249 128
241 868 171
41 466 144
126 459 144
678 690 127
887 235 179
959 558 179
491 632 142
429 246 144
552 831 171
108 948 179
42 793 171
214 935 179
993 61 179
228 613 144
306 603 144
484 514 142
179 214 120
22 422 144
595 375 142
292 157 128
879 381 179
410 681 145
977 278 179
937 224 179
163 883 179
708 963 179
37 560 144
583 164 144
596 781 171
200 281 128
496 697 145
1 330 144
743 166 171
800 219 171
514 193 144
582 973 179
162 526 144
642 92 144
713 831 153
436 35 144
670 397 145
489 808 171
178 737 171
608 732 171
548 533 137
463 313 144
646 858 171
587 53 144
95 197 125
449 188 144
639 645 132
156 900 179
30 418 144
424 482 129
608 384 142
52 767 171
1 142 122
564 522 137
950 712 179
777 87 171
291 302 118
890 785 179
383 486 134
685 637 145
112 201 125
575 657 145
5 118 119
339 387 126
299 649 145
772 519 171
448 206 144
634 46 144
754 988 179
656 280 145
962 767 179
47 261 128
173 231 128
875 808 179
176 492 144
256 96 128
307 791 171
671 746 171
392 83 144
219 695 145
952 657 179
644 579 132
229 331 144
225 318 131
602 433 142
99 710 171
92 302 128
550 932 179
943 428 179
735 689 171
99 832 171
76 555 144
584 135 144
172 237 128
127 277 128
170 41 122
463 860 171
276 273 92
117 59 119
267 575 144
788 714 153
976 758 179
283 690 145
667 184 145
708 106 171
165 259 128
741 912 179
252 191 128
451 713 171
144 474 144
295 574 144
263 927 179
667 320 145
938 332 179
713 359 171
799 732 153
15 431 144
259 773 171
53 462 144
456 487 142
467 142 144
907 908 55
896 990 174
398 876 179
171 385 144
631 328 142
826 573 171
537 979 179
731 564 171
229 300 128
289 287 43
676 349 145
286 333 144
800 434 171
18 126 119
938 163 179
659 824 171
239 53 128
52 998 179
698 97 145
519 792 171
315 679 145
801 139 171
976 993 143
135 914 179
95 985 179
683 537 145
595 845 171
71 131 122
666 72 145
861 411 171
210 803 171
262 706 171
923 234 179
646 899 179
736 434 171
107 362 144
853 417 171
975 211 179
446 494 142
