2114 673 182
3811 187 238
3935 1237 238
2631 2153 209
2098 2580 209
1661 619 182
2319 3802 238
2426 2503 209
3079 2145 217
2918 3030 217
2209 1251 180
1733 2200 180
1878 4143 238
3250 3194 168
667 1317 182
2854 77 209
2191 2895 209
686 3620 217
1411 743 182
1763 4450 238
2281 4751 238
242 3317 217
853 4817 238
2899 2043 209
4833 1915 238
2095 231 182
4061 3806 189
747 1760 182
1763 1644 180
4186 655 238
2241 4259 238
3134 4467 238
3927 2122 238
1391 4338 238
1640 711 182
316 4366 238
1341 139 182
2469 401 209
2253 4075 238
2540 4783 238
4953 604 238
4528 3431 238
3443 4009 238
4769 2733 238
1839 3692 217
3042 1183 217
4290 1759 238
3823 3474 238
735 4861 238
3744 264 238
2232 4107 238
2630 3176 217
4066 4860 215
395 1043 179
1609 533 182
2694 1326 209
2410 814 183
4699 2425 238
3120 2562 217
3521 3658 194
2445 1435 183
997 3767 238
2618 1204 209
3845 3422 238
4603 4357 215
2414 2603 209
1169 2389 183
46 2014 182
51 871 179
4462 2533 238
4719 1819 238
4463 765 238
3465 3255 181
4222 1097 238
1542 1130 182
3802 29 238
4811 3278 238
2345 2266 183
2326 1783 183
4578 4149 215
2686 4748 238
3846 3830 176
4327 1713 238
4880 3666 238
1661 518 182
2155 2726 209
1018 1160 169
4195 425 238
2154 26 182
2347 3156 217
2291 3416 217
2150 1704 180
3875 911 238
3401 3012 199
2681 3220 217
3197 2594 217
3630 4008 238
4698 4397 184
932 1268 182
2655 3834 238
1764 3503 217
1687 351 182
2606 1969 209
2157 2876 209
65 2315 183
496 4381 238
1002 2094 182
2913 2305 209
1801 1500 180
4129 2 238
2104 2543 209
776 649 171
3549 436 217
1568 3213 217
534 3274 217
3880 1344 238
2124 1565 180
4716 2622 238
1184 2722 209
2154 419 182
3705 4327 238
4103 1320 238
3368 3745 238
2304 3626 217
763 3784 238
2821 831 209
2102 1115 182
1039 717 179
1464 3059 217
4883 889 238
728 1063 179
2062 937 182
2384 3412 217
3168 3823 238
2962 4366 238
1485 3186 217
3736 3376 238
3894 426 238
216 4124 238
2311 2032 183
4115 1407 238
4561 1704 238
4431 1588 238
3879 3236 238
1562 4243 238
3134 3934 238
1807 174 182
1806 1769 162
1597 4952 238
4541 3605 238
2306 3563 217
907 3765 238
1792 2164 175
2712 2414 209
422 68 144
3305 3927 238
1847 4222 238
2209 1576 180
3151 2416 217
4508 1088 238
2209 1608 180
343 2375 183
3925 3348 238
4499 908 238
3991 3950 145
2393 4796 238
2532 1690 209
1415 1392 172
1062 2750 209
2184 1121 182
3198 2685 217
2042 1851 175
360 1279 182
225 3331 217
3146 1745 217
89 1798 182
4079 4452 215
1560 3608 217
4432 4605 184
3138 1478 217
3634 4576 238
1126 3744 238
435 1858 182
2790 1718 209
1213 3930 238
4412 1230 238
101 1234 182
3231 2896 217
589 3688 217
4253 2206 238
1653 3467 217
4707 3507 238
449 4901 238
4847 4270 215
1364 3444 217
2574 923 209
3746 3556 238
2714 3694 217
3795 733 238
723 1277 182
1667 3556 217
4151 3202 238
1286 1944 180
2972 857 217
849 4563 238
2601 4764 238
2603 2244 209
3293 2369 217
1203 1789 180
1287 220 182
747 22 171
2420 678 183
850 797 135
151 3938 238
4496 1743 238
299 4560 238
34 3440 217
2652 2480 191
2021 3459 217
2116 708 182
855 4382 238
3073 4434 238
1273 1494 177
3763 2261 238
4400 218 238
3236 4423 238
3595 2742 217
2672 3669 217
4519 1615 238
4067 239 238
2326 4325 238
890 4162 238
4975 4482 210
1593 3324 217
2094 3038 217
1372 3692 217
892 189 179
4809 579 238
1337 2661 209
2707 3739 238
2102 2775 209
3849 4010 189
3183 4401 238
3877 2802 238
2365 742 183
1601 3201 217
1282 2243 183
4035 3544 238
446 863 171
4193 4907 215
3590 1278 217
3343 556 217
4844 1962 238
2366 76 183
3993 279 238
1982 1246 180
4567 4792 197
252 1873 182
668 3707 217
4487 4995 210
1976 3334 217
2492 1557 209
2367 789 183
570 4079 238
3010 4458 238
1296 1752 180
744 2175 182
4834 2297 238
4730 2970 238
1562 3495 217
837 877 179
4411 2156 238
2360 3442 217
2576 4865 238
452 4280 238
2347 3490 217
2691 3708 217
2442 1230 183
2954 3870 238
4388 2545 238
1080 79 179
3826 4552 215
1281 3876 238
1496 2688 209
1940 1746 175
3514 835 217
4343 3646 238
2131 2832 209
3716 1807 238
697 990 179
1189 4027 238
3365 2060 217
2028 3778 238
3678 136 217
2357 3219 217
1261 1563 177
332 530 142
1555 4790 238
2531 4370 238
574 3187 217
1188 1692 180
434 2921 217
2925 2356 217
813 4229 238
2521 3149 217
3195 2794 217
3827 2537 238
4728 2910 238
3293 2878 217
4684 2816 238
2494 3840 238
2664 4529 238
4698 1543 238
1359 4870 238
3220 1509 217
3695 1655 217
3063 2318 217
967 479 179
882 2020 182
4362 337 238
3713 2846 238
3194 2459 217
3936 197 238
2192 4698 238
2443 923 183
656 522 145
568 4280 238
1705 247 182
4478 4770 197
969 1109 169
4087 2968 238
4520 2376 238
241 1747 182
2291 3873 238
762 1410 182
4953 2630 238
377 2424 183
2650 789 209
3794 4796 215
27 2916 209
1945 4309 238
1765 4528 238
1152 4088 238
4182 3137 238
2731 4712 238
4919 4934 210
4993 3248 238
3324 4474 238
397 3559 217
3115 3746 238
4954 3137 238
1380 481 182
2725 718 209
407 2491 209
92 3090 217
2322 2146 183
4421 1513 238
3225 1920 217
4225 2852 238
2680 3418 217
551 867 171
4093 4653 215
1932 609 182
3200 3529 181
88 447 144
4380 3158 238
1701 4062 238
1255 4878 238
4169 4013 189
4237 769 238
458 2146 182
4795 255 238
4233 2769 238
1143 4062 238
4903 1959 238
277 1112 179
740 1785 182
4357 1375 238
2702 638 209
2784 104 209
3974 3421 238
2200 2098 170
3463 4613 238
183 1745 182
3472 79 217
4632 3740 215
1681 4713 238
2290 1239 183
3730 3642 238
3419 1189 217
2366 1054 183
4577 1901 238
3894 3261 238
2452 3736 238
587 2868 209
599 4309 238
955 3375 217
3933 2009 238
1461 1137 182
4896 2630 238
751 4834 238
3244 50367 324
4724 54363 340
546 1485 182
502972 503897 320
61700 504689 449
2235 1804 183
3639 4927 238
1131 1547 182
4718 50300 324
9357 3614 262
393 8730 262
1467 5080 238
4717 5364 210
393 5295 238
5 50937 324
3202 3432 181
4301 53630 340
3335 5012 238
1912 5903 238
458 504441 449
1749 5911 238
3681 5470 238
1308 5188 238
565 2024 182
2023 1172 180
522 4162 238
4571 4997 210
4929 1524 238
2142 1794 175
161 4298 238
3434 7230 262
1029 3855 238
2559 846 209
4983 9455 262
1952 711 182
585 926 179
3275 2786 217
268 3440 217
1724 4629 238
1794 750 182
531 4032 238
1645 4633 238
2673 4416 238
651 3647 217
3146 1515 217
2353 599 183
340 2025 182
4988 4522 210
1935 3051 217
1198 40 182
124 282 128
1973 3124 217
2607 4207 238
3896 2646 238
2825 2531 191
2771 2595 191
670 4794 238
4043 98 238
118 3832 238
1587 2989 217
3231 2528 217
4675 2314 238
303 1765 182
1298 1286 146
3783 2663 238
3898 2357 238
3659 4981 238
4410 3256 238
3350 457 217
178 1923 182
266 4884 238
4695 4369 215
2349 2822 209
2902 1415 209
4423 4618 184
1021 2035 182
4128 1996 238
973 4039 238
302 880 179
60 2917 209
580 2312 183
167 3352 217
4959 3714 215
852 500 171
578 3692 217
1789 4732 238
2737 1317 209
1577 4950 238
1906 1577 180
596 4261 238
2087 2992 217
471 3411 217
3200 3 217
2426 4865 238
3670 3908 238
3742 3268 238
474 2362 183
4087 1709 238
3148 1950 217
78 4054 238
1096 3533 217
2437 532 183
4874 3809 215
2284 1109 183
3666 2878 217
4009 1952 238
3771 4255 202
4435 2195 238
2421 1594 183
1631 2084 180
4826 3639 238
1875 576 182
886 1264 182
24 42 112
1855 2557 209
3310 609 217
4012 1351 238
2455 1160 183
4410 1374 238
109 1923 182
2394 514 183
4351 91 238
3918 3458 238
22 1254 182
3834 1533 238
975 2390 183
2695 4795 238
9 501 144
1626 3278 217
4429 4969 210
4372 5026 215
814 657 171
3714 5023 215
1358 5023 238
421 5017 238
2912 5026 238
2532 5015 238
3588 5013 238
837 5033 238
1252 5031 238
1314 5000 238
4430 5034 210
848 5023 238
4738 5036 210
1659 5023 238
4507 5028 210
462 5041 238
306 5029 238
3575 5079 238
2438 4523 238
414 2375 183
4440 728 238
2941 3564 199
4571 3139 238
3115 3233 199
1345 1421 172
859 5604 238
2696 4018 238
3626 2873 217
4883 2412 238
3086 1748 217
1757 2415 183
545 2699 209
3992 1696 238
2053 750 182
267 179 128
401 380 121
819 1103 179
4642 3651 238
1024 1472 182
3253 3876 238
2392 4385 238
4888 1744 238
1225 964 182
744 923 179
4688 4472 184
1877 3868 238
207 1798 182
178 533 144
506 3464 217
4937 1734 238
1178 3557 217
1388 3624 217
2675 2461 209
533 4816 238
2720 4774 238
2222 3619 217
311 2361 183
3837 1336 238
374 140 144
2879 4127 238
3980 2797 238
22 504492 449
4805 4087 215
3261 1959 217
2797 2972 217
2816 3459 217
3414 4744 238
2208 2393 183
4325 2253 238
3532 2256 217
782 4416 238
3947 2827 238
4064 1056 238
3766 1536 238
2898 4430 238
1275 1880 180
2245 1701 183
1715 2344 183
572 856 171
1077 1939 182
501 550 137
4148 3794 189
259 4254 238
419 617 142
1301 4915 238
3033 150 217
4662 2611 238
2064 3313 217
1391 3801 238
199 372 144
4522 2109 238
3199 2748 217
1005 1718 182
1242 2797 209
2726 2914 173
3047 1182 217
3662 53 217
1274 278 182
2430 4251 238
1961 3045 217
2638 1188 209
4386 4399 171
2357 2731 209
2544 31 209
290 4530 238
148 3589 217
2257 2806 209
199 1766 182
1473 4979 238
2325 2582 209
3522 2972 199
1270 4981 238
3651 1833 217
4855 587 238
4794 125 238
3333 2921 199
1101 2786 209
4801 3630 238
1885 100 182
2655 3810 238
2403 1087 183
1849 314 182
4443 845 238
4376 4073 202
1860 160 182
1058 320 179
4105 2528 238
3007 2514 217
1914 4082 238
3413 4870 238
3707 3174 207
3900 649 238
3574 603 217
2812 3543 217
2365 233 183
2674 46 209
4463 4218 215
386 4752 238
2724 4373 238
3398 2835 217
900 3977 238
44 478 144
4033 2923 238
1949 3570 217
2133 2380 183
498 1778 182
437 1083 179
2593 4857 238
333 18 144
926 343 179
4990 2014 238
157 2079 182
698 2440 183
1435 3824 238
3320 3708 207
2180 3838 238
3731 1651 238
2726 4092 238
405 4921 238
1613 2617 209
4817 388 238
464 4204 238
1685 3431 217
2857 4444 238
3542 3259 181
474 4265 238
2670 1153 209
4795 1353 238
992 1230 182
4544 1640 238
4420 3843 215
3310 4567 238
1702 3160 217
1102 1031 169
3577 1669 217
1042 2458 183
1249 4749 238
4709 471 238
246 1879 182
4824 2496 238
2868 3594 217
1958 3265 217
2271 3980 238
2720 3736 238
1492 2959 217
477 1691 182
2867 2576 191
4545 234 238
2777 1990 209
2671 498 209
3162 1028 217
4113 779 238
2155 579 182
2876 1583 209
2644 1871 209
1009 4416 238
2084 4275 238
1637 3564 217
648 2883 209
3026 327 217
3140 2767 217
4446 2782 238
4674 3071 238
1937 1707 180
4911 3496 238
3605 658 217
3178 2329 217
1022 4919 238
3305 3394 181
1272 2169 180
276 106 128
720 927 179
2786 1890 209
2267 222 183
1794 2084 175
1562 3892 238
4938 3570 238
1111 2268 183
2531 4996 238
4089 1750 238
3686 2058 217
619 1218 182
4791 2505 238
4852 3057 238
2856 4326 238
2615 592 209
1985 1493 180
2578 4594 238
2338 948 183
2379 3345 217
4139 985 238
1551 4905 238
2443 2540 209
4116 321 238
2684 3090 217
3398 3975 238
3312 784 217
7 54 113
2381 2592 209
4383 4167 215
499 4891 238
4460 2353 238
2855 2275 209
210 670 145
696 1108 179
1059 4332 238
4502 2870 238
2282 2156 183
4106 497 238
1042 2450 183
969 782 179
715 3346 217
138 4366 238
4836 2507 238
3423 4010 238
1444 3963 238
2936 2878 217
2074 4007 238
4434 2106 238
3765 2405 238
103 518 144
3966 2200 238
4887 3345 238
2874 1327 209
4317 222 238
595 2098 182
1452 1644 172
2405 3986 238
4528 1657 238
4030 4981 215
405481 777514 509
154631 632738 509
263865 650489 509
8111 8111 66
233063 855532 525
319191 699172 509
418260 749094 509
237152 850499 525
251355 805188 509
128168 808007 509
473758 949286 525
128460 554742 470
103835 855895 525
247303 577061 470
302941 617339 470
267193 705134 509
160527 871925 525
175683 477840 449
233003 716722 509
73198 996452 525
174097 550133 470
406571 503383 449
87475 811680 509
359829 813768 509
146669 963771 525
84691 743680 509
123762 754917 509
342553 551529 470
131969 504340 449
302702 711085 509
744621 889674 525
293609 817196 509
299613 583638 470
398580 503033 449
223394 824292 509
391443 802226 509
253828 504610 449
434750 628346 509
364584 938192 525
108169 894164 525
10025 599300 470
169285 995326 525
317036 941495 525
453823 516712 470
13970 553167 470
157254 798127 509
320967 676393 509
45226 571835 470
338520 509282 449
365888 963857 525
62082 662275 509
56450 577302 470
247300 952039 525
63251 520865 470
198742 615659 470
454816 951290 525
296499 842033 525
265378 948821 525
426034 565616 470
409696 645158 509
9267 694011 509
306418 864736 525
140372 695852 509
84224 805070 509
144163 755789 509
480520 844460 525
178798 904931 525
322655 817763 509
330582 980376 525
1839 930591 525
486210 924003 525
407134 582191 470
198448 698262 509
29359 804185 509
306470 744196 509
22946 537175 470
220071 794349 509
176182 643346 509
80705 513095 470
135919 690553 509
341571 820907 509
81522 870430 525
124235 541369 470
172174 943405 525
420413 705960 509
386965 993066 525
73136 510894 449
45351 657254 509
154051 592104 470
149039 691389 509
253229 738792 509
362791 829360 509
430194 546392 470
272567 814234 509
198737 648879 509
230843 935153 525
88378 555311 470
75394 737562 509
153757 842743 525
416562 607721 470
316830 673196 509
8969 775156 509
233444 848703 525
351199 681683 509
274160 859803 525
28583 991255 525
56139 933902 525
388308 828292 509
117753 680370 509
209401 564428 470
46185 776310 509
220808 716297 509
40430 719213 509
224539 583926 470
354216 627059 509
395441 979754 525
54107 526008 470
288465 671891 509
85666 515402 470
314154 708011 509
380220 742147 509
485115 586906 470
208132 549196 470
278542 568775 470
432638 967660 525
215935 885276 525
279962 877749 525
250306 669627 509
89378 697988 509
368911 596096 470
275438 625189 470
21978 970879 525
38063 716633 509
452173 757572 509
262764 704993 509
247914 763987 509
371790 918425 525
360443 843829 525
4920 760462 509
462343 690205 509
71789 801438 509
53601 557238 470
181717 550794 470
306011 707531 509
464059 966266 525
404024 535346 470
364238 826605 509
262462 544374 470
104103 775355 509
353578 995583 525
489930 510250 426
429182 726336 509
277957 869961 525
233973 891165 525
485909 740781 509
44312 514231 470
309160 511493 449
400457 527670 470
93374 648316 509
320828 810417 509
31240 573386 470
143877 906205 525
74003 699191 509
167788 704944 509
162910 670606 509
200253 627249 509
119622 608473 470
443484 536510 470
90371 992735 525
473910 911000 525
147499 767190 509
203123 846607 525
136692 803367 509
250760 859142 525
32151 637117 509
196041 737315 509
43184 794505 509
333211 562805 470
465314 565750 470
206759 631106 509
478807 591460 470
200778 806348 509
251205 591491 470
482025 667200 509
180556 544141 470
362402 737595 509
418748 832096 509
215966 850232 525
385332 701494 509
185731 532858 470
35141 846659 525
218470 551891 470
156501 621899 470
170173 697583 509
227903 610814 470
133971 811200 509
283959 662097 509
32916 585030 470
410603 927546 525
448520 855483 525
1 1 1
