1496 3635 217
79253 43034 351
1189 95022 351
626 30248 308
44000 52597 340
57229 3800 340
59030 91945 351
40145 26197 324
10285 93933 351
41672 55523 340
94721 19238 351
86963 94512 333
19640 20137 274
16260 45232 324
20471 53924 340
52037 48570 309
77127 11031 351
1259 84972 351
93236 11248 351
57287 45793 340
58893 72874 335
8144 48045 324
98249 96078 297
195 94177 351
28434 74522 340
93581 21131 351
30974 82720 351
55416 12550 340
4425 96933 351
65904 58664 335
90200 88324 315
90857 82700 333
87638 33270 351
30831 27617 272
70273 49984 340
65152 23355 340
5330 66712 340
89679 86009 333
82741 22152 351
48779 4307 324
88089 74181 351
86707 77272 338
74205 29031 340
5958 19840 279
69392 11465 340
88361 33 351
80268 74702 351
2577 55465 340
55661 51220 340
67297 45380 340
46845 18454 324
46606 97469 351
31232 15723 308
61869 23021 340
35309 25998 311
27809 69087 340
555 91685 351
29633 14646 308
81059 41915 351
8423 81740 351
37296 12350 324
14130 96935 351
48498 8949 324
32053 92945 351
72661 48772 340
59438 51534 340
327 1791 182
28163 26936 259
90451 46475 351
7981 98075 351
86920 70084 351
2484 52231 324
46083 62245 340
80438 74566 351
12243 76516 340
37837 34033 324
36803 75027 340
87909 76028 351
81956 62342 351
72232 45476 340
1059 18895 279
56054 27239 340
22337 34347 311
75022 33487 340
40875 51828 314
84242 54233 351
50981 33807 324
4074 67489 340
87266 64194 351
31018 51299 324
75121 32118 340
83975 7311 351
85128 32999 351
32031 77849 351
38708 72287 340
58852 92701 351
25654 81794 351
36604 57410 340
55611 46838 340
7992 89115 351
80567 32394 351
78321 92497 338
33931 39859 324
46041 92360 351
36545 99999 351
19714 79903 351
84599 52748 351
50818 20149 324
73705 51565 340
3112 30488 308
99539 12909 351
99435 970 351
44950 96346 351
59897 23964 340
7456 95203 351
89592 90034 302
3456 95852 351
32528 35774 324
69499 89943 351
47891 9337 324
93764 19785 351
96512 21767 351
83387 67200 351
37511 51834 314
84025 97990 333
42142 68918 340
68516 90369 351
37649 35062 324
49156 66043 340
74996 38783 340
9165 22950 279
58352 21093 340
6497 64546 340
45761 4227 324
4929 71050 340
75968 74906 307
15965 52318 324
63635 16005 340
55343 49044 340
46910 86159 351
69259 9465 340
6779 41604 324
33658 76378 340
52634 87372 351
11120 69892 340
39333 1514 324
1667 15199 276
16767 69669 340
5315 67774 340
21940 24372 282
73228 16534 340
50108 22005 324
23983 75114 340
70243 30303 340
85274 35846 351
7470 98114 351
25872 71246 340
33774 37650 324
66391 25016 340
95914 56989 351
55564 64979 335
67480 82847 351
20714 77219 351
12468 71375 340
32637 70271 340
76238 24586 340
85727 3298 351
60475 49216 340
14557 86675 351
8249 14704 276
91793 51366 351
9759 74337 340
6412 6119 262
25346 83204 351
36814 54633 340
8956 89031 351
68159 18302 340
82204 92617 333
81091 1475 351
10643 72349 340
56899 69870 335
67572 34310 340
76931 4294 340
62133 72596 330
47858 27469 324
54937 62394 335
77929 85625 338
11368 58702 340
82778 59205 351
44722 99814 351
91642 3969 351
48810 70689 340
38754 24334 324
41615 64262 340
80523 23383 351
62037 29113 340
72412 63924 325
50272 86589 351
24856 95577 351
86887 821 351
25037 97913 351
73836 90179 351
46664 64974 340
98084 35175 351
11964 3546 268
53714 45796 340
68296 78722 351
36654 60186 340
44628 53804 340
23224 12358 279
90537 82067 333
74072 72092 294
58367 88489 351
31239 4297 308
74939 5663 340
4697 31002 308
64305 63345 330
21700 68665 340
98476 5171 351
51001 32050 324
13380 87695 351
84448 71859 351
72519 87083 351
51245 32828 324
54927 29541 340
86893 82215 320
22393 5603 279
59490 32509 340
26942 19831 308
86830 50104 351
40923 83678 351
89269 36191 351
33386 49588 324
26751 62068 340
75726 76997 307
26765 46349 324
77879 88661 338
79533 14349 351
97869 10282 351
27896 35983 324
1336 98535 351
72903 53294 335
46790 62970 340
74716 53203 335
72047 94486 351
88178 95401 333
10299 29438 308
60749 13993 340
90399 87356 333
49955 93387 351
22080 92050 351
65021 29254 340
54650 16296 340
48859 91661 351
90801 51945 351
36496 65064 340
82248 3526 351
54914 73155 335
80521 29505 351
83502 28259 351
46408 39141 314
15835 23373 279
56425 53456 322
28916 86764 351
83284 69615 351
42670 91645 351
21540 95291 351
71291 57288 335
25620 42364 324
68126 94388 351
47560 25331 324
30657 93372 351
83889 56202 351
25881 69763 340
58280 75738 335
73959 25527 340
61924 27742 340
73230 54838 335
49091 84201 351
5680 16696 276
48379 96226 351
17142 62719 340
51098 21472 324
31493 23532 308
18919 18477 261
29506 99149 351
79762 62174 351
22994 88392 351
72012 86131 351
95612 78621 338
9431 34020 308
64511 99443 351
3438 90824 351
29248 42224 324
2821 95186 351
36194 8654 324
53321 74293 335
45644 78689 351
84494 33745 351
75601 7079 340
66536 66227 268
32020 57337 340
12373 75618 340
95492 2154 351
71327 60936 335
32351 24749 308
27507 36041 324
4208 99880 351
59186 23024 340
90902 8100 351
23985 8079 282
37776 31476 324
21698 62209 340
59517 90 340
45122 34397 324
57560 37250 340
42238 97144 351
83642 37373 351
53275 37649 340
61688 59460 335
79723 7274 351
30308 20859 308
51211 96253 351
48317 63309 340
70459 43597 340
77794 1161 351
15110 46019 324
46637 3658 324
57326 81580 351
81357 18820 351
64662 41529 340
46299 60043 340
70156 19623 340
85266 77075 338
225 55049 340
74702 71510 294
3445 16320 276
77477 18107 351
29566 95663 351
55201 356 340
18375 94934 351
69767 3509 340
16526 73575 340
87378 79278 333
71466 22734 340
43314 45768 314
73889 92808 351
23335 20534 269
30224 27515 272
19798 96630 351
55320 95643 351
99478 26222 351
65035 89320 351
45810 89527 351
73111 4018 340
70027 33105 340
24778 25659 264
20231 8604 279
58717 3727 340
22728 40003 324
24590 78258 351
83399 26555 351
49834 77739 351
78390 56391 351
21261 31960 308
88201 67550 351
85053 45915 351
68814 9905 340
86162 64940 351
59605 94256 351
68289 22251 340
6924 48213 324
78145 7309 351
66754 15522 340
27136 33680 285
26652 56613 340
76690 77621 351
98034 54999 351
97092 91677 328
21262 55822 340
49101 28984 324
5474 58035 340
7712 78767 351
63584 76185 325
73878 39181 340
55608 54147 260
7069 16953 276
5669 50572 324
19297 98928 351
93473 97776 328
19786 84965 351
34753 47090 324
43019 38175 306
24301 57762 340
63855 26197 340
58118 79856 351
15420 32567 308
793 22453 279
14058 69314 340
98940 85575 333
87157 13543 351
30504 65297 340
45949 31905 324
86587 46412 351
60260 95520 351
51829 83069 351
82332 72388 351
90261 97522 333
92461 76998 351
82292 50826 351
1444 54220 340
74670 341 340
63585 72313 325
36158 81755 351
48855 40447 314
22077 40421 324
93488 12394 351
56399 63571 335
11219 1593 268
15466 91369 351
48051 36251 314
56242 30874 340
49189 4645 324
59396 16745 340
98932 8429 351
40545 99599 351
25 31766 308
39318 81086 351
93898 32985 351
2055 88583 351
18717 99741 351
44964 70092 340
38957 74214 340
73460 65193 325
8158 73249 340
91003 97709 333
28622 20741 308
91186 68038 351
85654 29848 351
7909 42934 324
56785 40981 340
78023 95669 338
66698 64116 299
21227 75019 340
42926 35270 324
69750 83190 351
76036 86547 351
25541 39851 324
1109 61001 340
69989 78805 351
76812 82976 351
89810 81715 333
8466 78399 351
92503 31631 351
32541 32366 267
11120 51071 324
16460 87080 351
63984 33445 340
35710 52850 340
46726 2225 324
32550 32904 236
96409 30281 351
55610 47392 340
36499 36881 218
88171 77261 338
43489 93612 351
48387 66775 340
66154 6524 340
91825 10476 351
37661 83011 351
38151 12377 324
57227 5150 340
25158 56397 340
3981 38322 324
74098 16400 340
99795 50988 351
86002 45116 351
32770 96584 351
73787 42271 340
11552 72912 340
50151 50833 278
24626 27963 308
23104 91209 351
7352 8988 252
57134 72725 335
5638 62024 340
75367 44901 340
23573 64560 340
458 41408 324
38161 13617 324
55034 39575 340
19883 93416 351
57938 16897 340
51896 97656 351
92036 96376 328
54632 12913 340
98648 33071 351
41970 94527 351
38690 15061 324
83756 92930 333
87870 41883 351
41780 81120 351
87676 15798 351
90205 21328 351
5704 9058 262
99744 55432 351
68639 75843 325
85322 73033 351
91881 41630 351
76159 62613 330
93679 88094 333
76815 16328 340
71000 73385 325
34624 86621 351
80196 84887 320
28709 5857 308
13533 29606 308
2560 49997 324
34412 67807 340
35001 14101 311
50548 33798 324
26840 1300 308
66652 77378 351
48519 87217 351
15394 25532 282
69775 55478 335
94589 57520 351
47931 37935 314
48209 85203 351
88587 22564 351
79100 19346 351
16671 98894 351
75984 14356 340
17182 69442 340
61200 51529 340
41212 39637 306
41419 98408 351
38776 74838 340
88021 64803 351
88889 8798 351
76823 93497 351
69688 85015 351
90265 3616 351
89461 4742 351
53711 59675 322
47212 26700 324
45522 89205 351
92142 12990 351
35676 25016 324
78693 80223 338
58825 71060 335
81879 90019 333
43243 88819 351
41328 7389 324
55640 78397 351
93853 51251 351
7664 74886 340
19224 37546 324
21232 90241 351
48865 25322 324
51551 89973 351
62867 56242 335
64659 33141 340
11355 47054 324
92941 35413 351
90705 62687 351
69006 16025 340
48479 74648 340
30580 31954 285
36308 35701 249
86543 51243 351
2433 12349 268
83968 92474 333
98971 42548 351
4445 19044 279
40408 62393 340
24954 47180 324
51388 1380 324
41851 97517 351
49026 53394 340
59827 16559 340
47440 42489 314
94935 92181 315
55723 45962 340
97582 18003 351
21834 65245 340
48572 58006 340
63125 89856 351
99016 51106 351
58166 54863 322
59318 12400 340
20978 81199 351
7021 3729 262
18503 29087 308
54463 35943 340
85674 29185 351
36532 38128 306
79219 5699 351
38801 60630 340
79277 36753 351
99862 82449 333
24249 18500 282
23638 69645 340
5546 85029 351
38312 28839 324
70476 39990 340
22153 89829 351
40284 63094 340
60636 34530 340
37437 73457 340
73235 396 340
92043 87690 333
94117 86402 333
12320 95776 351
53802 87267 351
88215 53412 351
52931 67069 335
83453 51529 351
83980 3248 351
79968 25218 351
51987 40499 314
76231 67450 325
78462 71059 351
98773 21267 351
41777 6351 324
79415 3296 351
113 14348 276
68022 91447 351
47003 13628 324
44539 8909 324
29384 95668 351
91730 18142 351
51421 36709 314
21923 833 279
70111 72501 325
96631 37255 351
68821 73570 325
14149 27050 308
71396 38874 340
53974 75295 335
98576 2368 351
95476 75805 351
21888 91908 351
76788 65084 325
65606 19460 340
36965 57828 340
83089 92584 333
61887 25390 340
74090 68121 325
86520 86932 227
62851 45659 340
52065 80700 351
78283 5538 351
8565 23850 282
37074 97681 351
191 44587 324
33763 80245 351
65052 57198 335
51764 23896 324
68016 31761 340
18926 40949 324
16853 37653 324
2237 84638 351
10425 68188 340
99242 41726 351
52697 69237 335
63933 90159 351
22586 45346 324
1035 41672 324
33829 62164 340
72506 2113 340
24298 170 282
30446 83557 351
52874 31593 340
69029 54309 335
38598 71073 340
65127 86875 351
77484 51604 351
53642 46175 340
27291 65757 340
20948 45461 324
72026 84694 351
75524 40110 340
65383 43424 340
82041 44840 351
78481 92111 338
76625 57473 335
82109 36337 351
70378 43765 340
73242 32336 340
2898 21759 279
66593 30315 340
17196 20848 279
18696 78428 351
35760 35752 125
70355 98105 351
26169 83480 351
73373 48363 340
60567 83176 351
78214 74092 351
995 50895 324
82564 26659 351
41364 18917 324
80337 24492 351
50037 99654 351
52563 52511 340
87926 50655 351
28955 49989 324
83686 65949 351
2288 98128 351
91444 72292 351
79294 15830 351
9824 25007 282
97523 85135 333
70016 45125 340
5734 80137 351
78378 66285 351
26901 47562 324
63862 51539 340
15715 68715 340
34837 29387 311
79578 20232 351
15184 38812 324
49614 97630 351
34539 94611 351
74622 31504 340
32420 38968 324
38098 88949 351
49078 97870 351
17975 73022 340
38099 83772 351
34485 40049 324
88918 97361 333
44693 20084 324
11709 75196 340
46017 86245 351
59408 99778 351
54970 67555 335
53887 85588 351
22713 78633 351
61430 86435 351
16462 69561 340
69800 86838 351
52380 18177 324
21025 43087 324
89049 1329 351
3907 15553 276
53859 21364 340
25874 83423 351
25518 45323 324
41400 18717 324
22995 80850 351
21184 71423 340
16714 8146 276
4700 24232 282
83656 2003 351
23898 88345 351
44040 36489 306
62824 15025 340
66662 88503 351
84765 60737 351
81868 53576 351
87258 8189 351
29752 10495 308
92566 9326 351
11319 46222 324
85366 4096 351
79452 61165 351
46344 80302 351
4429 64128 340
42043 54857 340
87189 10441 351
3072 12180 268
27451 25085 308
62309 36099 340
85935 52311 351
78626 70397 351
7321 47163 324
33381 54988 340
95347 96181 284
12561 19820 279
11594 48493 324
91079 85078 333
80778 80698 227
22055 15655 279
71819 20166 340
90328 93096 333
22649 4643 279
26720 71061 340
42814 71783 340
53210 31078 340
73127 93898 351
10215 3495 262
65048 91555 351
76932 67544 325
97487 91407 333
36579 87058 351
67774 67659 312
70212 88055 351
24801 68752 340
54122 67815 335
80404 56792 351
30001 49726 324
73007 64993 325
61700 74594 330
96319 47645 351
89672 71115 351
20861 76915 340
87132 13151 351
56137 7728 340
13535 6273 276
3835 49412 324
93896 78832 333
35362 15940 311
22676 96249 351
26515 16266 282
98414 5118 351
76293 88939 351
77057 2114 351
59622 78902 351
54301 5446 340
21266 88477 351
66509 74724 325
63717 60890 335
28286 71359 340
40968 10375 324
83655 24562 351
52165 98373 351
22150 3374 279
22929 78930 351
52127 96176 351
12442 64737 340
46178 71849 340
26107 96452 351
20364 87742 351
7032 10296 260
71726 21845 340
36679 93763 351
14869 45956 324
31325 56044 340
72312 44118 340
36993 74184 340
61805 89566 351
79125 34190 351
17761 36564 324
62874 38527 340
33110 93787 351
95679 39137 351
37036 53487 340
85984 80472 320
98567 97032 297
47946 83798 351
52972 52151 340
39744 38825 275
94957 83909 333
29602 52245 324
6686 32333 308
90525 94393 333
35595 18205 311
45698 80187 351
43606 99819 351
96874 14000 351
89223 69136 351
84776 66220 351
95077 22967 351
61368 43180 340
52037 3698 324
14585 97765 351
48132 73262 340
32511 82589 351
54934 37946 340
25716 16184 282
29285 22057 308
71181 26368 340
2562 98017 351
97013 2606 351
47719 60816 340
90217 84440 333
55659 45547 340
4197 11780 268
8128 63913 340
21342 58942 340
41007 5506 324
59002 77733 351
19349 21874 274
46676 8717 324
91482 23883 351
70789 6446 340
54079 17176 340
1576 10526 262
40054 26906 324
83557 90678 333
67236 18354 340
42861 39447 306
86313 81477 320
92171 19875 351
72 34414 311
63700 28289 340
3795 57432 340
14991 70960 340
78306 84754 338
21560 6448 279
25303 15315 282
59812 11120 340
45457 12412 324
42463 10171 324
97844 32479 351
28671 83190 351
70226 24048 340
67384 59892 335
29688 55432 340
52319 40707 314
3163 13466 276
36446 88344 351
55095 76194 335
82581 88639 333
46571 3650 324
79058 84781 320
78875 59250 351
89687 2491 351
17773 62941 340
94627 60426 351
41054 1788 324
89640 85991 333
46700 7880 324
89591 5666 351
23940 65103 340
30244 72139 340
46927 80647 351
71858 81694 351
97703 74244 351
13292 97198 351
62579 92839 351
13943 30396 308
82789 79329 320
27923 49931 324
43514 46370 314
38066 53116 340
7466 41941 324
43195 76024 340
49161 80537 351
48777 86614 351
76954 29405 340
47165 56958 340
4400 48447 324
73837 47895 340
34448 93807 351
80066 77291 338
6096 37209 324
49555 85343 351
16180 80178 351
83906 63100 351
11865 73138 340
45476 68314 340
12751 83405 351
38086 30392 324
17598 8927 276
73823 73533 294
20849 95843 351
72701 12932 340
8363 62369 340
65130 78657 351
23477 18053 274
39009 64622 340
19577 2216 279
97286 11108 351
16428 4803 276
38178 66765 340
24606 87706 351
73069 96805 351
29654 23274 308
86992 50234 351
51461 93444 351
19733 58826 340
18839 81784 351
32730 10654 308
8403 98451 351
13478 26100 282
5006 89241 351
65588 79367 351
71893 72756 263
3378 42497 324
38857 57932 340
75880 91801 351
41978 46022 314
71710 49232 340
73315 91345 351
61426 35667 340
83130 363 351
95667 55819 351
36440 68929 340
45335 33397 324
28547 44464 324
42295 27507 324
68158 33827 340
45506 9892 324
73557 84144 351
45528 74539 340
65508 65553 268
19221 58783 340
