1 999999 525
1 1 1
500000 999999 525
999999 999999 259
3 2 8
50000 50000 128
49999 50001 128
999999 999999 259
1 200 125
1800 2000 175
5000 5999 236
11001 13000 263
200000 200999 342
12801 12999 201
48800 12999 324
1 1 1
9544 2691 262
6287 9793 260
5920 9275 262
6875 4844 262
4069 5392 215
8781 6958 252
5357 8563 262
9023 2267 262
1262 2485 209
3321 3829 238
3405 7346 262
601 9454 262
1913 9092 262
7554 5165 262
188 1635 182
8186 1083 262
7610 5973 262
972 9582 262
8707 1770 262
9634 7860 260
1091 8526 262
636 8653 262
2566 998 209
981 5585 238
9506 6110 262
2506 1352 209
6859 9948 260
2222 2774 209
9661 5714 262
1709 547 182
124 1008 179
6218 9946 260
7456 541 262
5967 3422 238
70 3128 217
5897 9275 262
2394 8222 262
3693 7435 262
1195 1636 177
478 6392 262
347 3339 217
3675 1073 217
3142 6293 262
8426 1392 262
3170 7547 262
406 6987 262
5225 466 238
2437 5717 238
6472 4592 262
5260 5373 192
7654 1266 262
19 6073 238
7777 8069 252
9212 3729 262
1782 8604 262
4528 4958 210
6953 3781 262
697 9010 262
6796 5548 262
7620 1668 262
8927 8065 234
7107 3053 262
3162 8434 262
7668 4605 262
313 5864 238
7173 2629 262
6295 1898 262
4247 5479 215
652 9295 262
6105 3985 236
7393 5842 262
3943 2080 238
8048 7327 252
1310 4555 238
3956 222 238
6330 6443 200
4457 4506 184
2666 2051 209
3176 8305 262
3857 9813 262
2119 5517 238
619 3874 238
1783 4505 238
8244 3915 262
2300 5833 238
2063 6888 262
4858 7745 262
5935 1300 238
3812 9983 262
1744 4036 238
83 6851 262
8574 4444 262
2338 3520 217
6407 9412 260
205 7166 262
9057 1947 262
7089 3178 262
2549 1346 209
2388 918 183
9594 3754 262
167 925 179
3564 7905 262
849 2399 183
4605 1594 238
378 9223 262
4550 4963 210
1121 7268 262
285 3520 217
2135 7394 262
1671 3996 238
3449 3717 238
8704 1336 262
446 3986 238
4529 9923 262
7438 911 262
141 1099 179
1877 2692 209
7698 1451 262
9843 6179 260
9006 5205 262
1224 3704 217
1306 2097 180
2666 9910 262
439 2886 209
2912 2636 173
529 178 144
7042 6891 257
1924 203 182
6096 5921 187
3885 6047 236
5331 9579 262
6293 6584 213
5202 809 238
8505 2044 262
5480 9580 262
7880 7538 221
4223 679 238
433 30 144
6179 3030 262
827 2789 209
2390 2508 209
112 1896 182
903 3651 217
2934 4209 238
9731 6586 260
4395 6159 236
7715 7089 239
920 3811 238
3997 8509 262
8297 1728 262
6551 4619 262
4664 2630 238
145 6277 262
9803 7255 260
2748 4621 238
5539 927 238
449 8169 262
9482 2832 262
9068 4557 262
7277 2541 262
8557 3558 262
748 8526 262
2452 2063 183
7872 4529 262
1902 4604 238
1450 418 182
4651 2416 238
9374 8817 260
2044 3945 238
6394 9796 260
1891 8916 262
8780 8734 216
5012 9077 262
7812 7377 239
5344 6151 236
2665 7769 262
3441 6950 262
5210 2944 238
51 7395 262
3954 9767 262
374 7606 262
4488 81 238
8303 9015 247
8371 3569 262
4283 4106 202
9909 707 262
510 1573 182
7187 3544 262
2136 6244 262
2062 4366 238
2659 8957 262
8016 2262 262
8343 7269 252
7580 8902 252
7266 1097 262
7067 3066 262
1797 1262 180
98 999 179
4426 6154 236
1846 5932 238
2695 8748 262
1285 2869 209
5059 3285 238
3716 8070 262
7299 3252 262
6600 9638 260
5457 6466 262
4981 4885 210
1495 6250 262
2068 2013 157
9865 5238 262
3557 1895 217
9899 4684 262
2745 5918 238
8602 1830 262
3810 5031 215
8181 8472 234
7570 8557 252
9282 9470 198
1821 8565 262
3376 814 217
9006 2882 262
5106 5310 192
227 7544 262
1963 5503 238
4310 3687 238
5751 8509 262
3383 5579 238
803 5436 238
1802 4593 238
8516 8466 203
7245 6619 257
7439 4833 262
2721 9239 262
8962 9682 260
2331 549 183
7501 6701 257
848 232 171
8411 6780 257
7316 6834 257
4776 3507 238
9837 4988 262
7765 1829 262
9277 5385 262
3316 1342 217
9748 7819 260
2911 2 209
8991 1979 262
5733 4038 236
5334 7128 262
3887 6810 262
2103 183 182
2794 269 209
7909 2504 262
1434 5147 238
9550 9503 198
7980 1812 262
2553 5529 238
8022 7011 252
4723 8100 262
5856 8460 262
7709 5983 262
9882 3473 262
5956 6704 262
4024 8240 262
8679 6957 252
9840 3826 262
5373 7741 262
9937 3394 262
1025 6020 238
1225 3766 238
5712 6401 262
5404 590 238
7871 306 262
7654 655 262
4062 1941 238
7667 3945 262
9541 6374 260
8055 9833 260
8070 1144 262
7341 1082 262
1054 9140 262
671 8728 262
3213 808 217
2270 4077 238
64462 778590 509
203421 336597 443
596853 485790 470
65018 67859 312
131398 659695 509
836626 768213 468
537808 444048 470
437236 677019 509
469341 673461 509
189643 34924 383
300743 709953 509
196996 756233 509
679525 87478 509
264961 488321 449
294099 136054 443
620115 820194 509
809229 962373 525
138395 559486 470
585533 852854 525
340484 232700 407
60964 216665 386
821541 957758 525
440805 241261 449
581415 559770 421
430140 866772 525
522536 226942 470
758327 606196 509
720448 743309 424
231715 942647 525
685088 121133 509
667891 504202 509
258099 826728 509
112833 47334 354
885632 204348 525
553470 456922 470
630172 752988 504
726490 804462 468
981609 733194 525
500397 305004 449
622822 26153 470
91337 185698 383
202454 431897 449
145763 138730 375
130037 237281 443
15587 194053 383
929434 560209 525
291644 573376 470
584667 522590 452
799332 813494 406
424999 770183 509
631340 455094 509
417826 357202 449
348432 75049 443
771323 206048 509
44300 207552 383
425854 996388 525
455797 626062 470
759138 809468 468
959060 572405 525
839577 900054 445
289063 337393 384
560482 601456 434
302123 656485 509
584919 988779 525
254523 538438 470
763820 791847 468
614956 948447 525
307230 695288 509
657102 945158 525
473895 434504 444
893716 490490 525
839432 225533 525
276667 663382 509
741407 483245 509
822715 82386 509
750895 449716 509
288961 223012 443
171758 100675 383
860361 824528 525
470990 616656 470
670274 828937 504
746375 536724 509
865979 646618 525
895523 429898 525
875383 946908 507
265357 880723 525
407999 891384 525
190203 340400 443
697005 197503 509
539428 770867 509
876507 729847 525
237044 685591 509
774077 6425 509
598272 908671 525
199610 952469 525
555057 161223 470
218818 858031 525
772497 541604 509
348327 684402 509
877296 89410 525
383391 370670 423
867082 524261 525
877821 478750 525
268764 529546 470
615573 687707 509
108963 798668 509
20264 667012 509
462998 776022 509
657503 354256 509
237728 910147 525
84937 662743 509
924956 178183 525
913288 756740 525
180523 511250 449
167303 717036 509
528080 304455 470
285324 752043 509
77304 943567 525
734137 938462 525
972002 135352 525
752420 72214 509
159354 701774 509
181900 99641 383
6892 350500 443
386431 326107 441
760148 978097 525
904086 376876 525
473212 720777 509
281239 734747 509
913395 936495 476
310374 248981 407
959451 13940 525
795077 96043 509
302955 585520 470
894958 724015 525
556796 566999 421
318045 224261 443
53951 312011 443
255894 553059 470
798384 863361 525
589029 864512 525
798034 389840 509
185753 131990 383
882672 906564 445
888409 138875 525
148601 292727 443
340438 100171 443
388043 972263 525
274959 250805 407
301351 109229 443
130004 964174 525
791006 713679 468
202705 50803 383
999915 259094 525
748661 795626 468
596631 971101 525
691980 517761 509
383102 986587 525
983590 833951 525
635097 48981 509
853166 691155 525
188383 518474 470
646581 148982 509
708719 815774 468
438035 318927 449
345173 768763 509
776617 810375 468
771878 527048 509
926472 431797 525
438991 347554 449
303865 749314 509
58347 452089 449
72327 813025 509
782395 603325 509
338910 227719 443
256524 525948 470
596471 729814 509
631909 144440 509
426130 179592 449
917516 240032 525
55331 956468 525
925115 469721 525
253827 571336 470
834005 623536 509
133805 731686 509
579473 608284 434
184898 824209 509
200343 610396 470
780158 708081 468
503396 868073 525
611357 666639 509
629532 913418 525
55356 969412 525
757257 154284 509
49599 495840 449
686992 769468 504
202097 286845 443
613057 761414 509
16613 224576 386
360644 890705 525
495907 871771 525
545792 507871 470
525917 349937 470
560404 417854 470
9874 502217 449
659527 450611 509
693163 306377 509
632537 180015 509
131233 71333 354
763230 822521 468
943672 992894 458
632540 523017 509
635753 619258 509
477633 897947 525
991313 68612 525
493358 693389 509
876148 145566 525
389204 408577 405
203972 339245 443
990452 154720 525
177672 187215 365
948856 934119 507
293376 117770 443
755831 30743 509
247784 83624 443
216041 598574 470
466760 94726 449
770171 42164 509
801088 51893 509
407610 236511 441
959483 971817 458
470643 341591 449
852373 236247 525
17904 726974 509
452728 606789 470
940565 496136 525
555532 172375 470
523018 456109 470
877131 672240 525
712054 278320 509
196207 454451 449
565619 964999 525
896487 606694 525
654032 5957 509
467904 993913 525
269146 122445 443
60957 411310 449
142679 390305 443
322833 529687 470
420222 481920 444
803449 254067 509
575255 832308 509
135007 549044 470
844965 3974 525
651014 873670 525
957045 548721 525
963714 987935 458
337907 673469 509
622086 283933 470
694332 353797 509
410061 843369 525
52727 279592 443
521432 319124 470
81951 300727 443
775853 969492 525
363274 598815 470
935924 401356 525
88153 541344 470
641229 385445 509
110993 126935 349
544195 631821 509
900727 471642 525
627420 416607 509
785250 850978 525
529194 382250 470
750086 37592 509
675960 635020 442
233366 806820 509
791868 666488 504
969195 313842 525
317961 579340 470
373815 936377 525
909433 118538 525
335865 454518 449
230938 523326 470
385967 37251 443
105298 129767 354
261393 372863 441
839277 462738 525
518310 51734 470
781304 383214 509
652685 932096 525
247237 112124 443
280058 308599 389
342625 968698 525
60902 839752 525
569486 757864 509
874996 234147 525
873477 387559 525
543796 133016 470
508608 580705 470
739341 381525 509
514143 261143 470
234562 977395 525
264178 312674 407
723250 999176 525
347800 675243 509
977065 176684 525
54189 7900 340
496197 977686 525
884218 551430 525
960265 937319 507
891256 659753 525
957158 668924 525
37975 285462 443
11391 784800 509
655741 595554 509
541300 182963 470
322792 358014 441
868936 956219 507
665289 314866 509
5898 626920 509
128695 176364 383
12960 405388 443
520968 881496 525
684730 695488 442
590830 797896 509
372242 56309 443
157510 13802 383
722564 183565 509
343361 501996 449
965757 41578 525
586032 955347 525
449739 185628 449
736141 463049 509
465199 782850 509
899234 130366 525
936887 668123 525
938645 720941 525
403711 690155 509
671536 354195 509
723735 127752 509
68296 297795 443
50956 885491 525
6323 20480 279
118511 915482 525
870283 626972 525
678469 366389 509
999470 931882 507
871918 301258 525
562020 728457 509
310829 436942 449
657869 480031 509
495069 330772 449
775610 757246 468
426405 998381 525
173526 663791 509
727410 70463 509
634842 656995 429
52998 913332 525
809604 779099 468
719097 366232 509
697504 975810 525
765787 200143 509
107738 424661 449
780313 717997 468
89941 985772 525
476795 777192 509
613743 950811 525
972011 708552 525
655759 741978 504
12231 867693 525
353043 558669 470
348887 165027 443
527731 119937 470
877500 768459 525
987874 493192 525
229482 532387 470
391472 107361 443
608858 621718 447
188105 552697 470
566798 976184 525
147295 531480 470
584039 433465 470
787518 640728 504
212237 316881 443
421530 169566 449
957792 702573 525
869428 239800 525
758894 166210 509
779100 621306 509
782776 287125 509
877149 976748 507
971289 408656 525
693780 791180 504
448551 276298 449
919595 952146 507
846679 311230 525
87521 256231 443
86704 54207 351
661495 653893 429
337411 921215 525
601334 119259 470
840316 794955 525
133634 19474 354
422443 958651 525
239483 18961 443
915966 187429 525
468048 927086 525
890562 272049 525
422580 385727 449
753122 145323 509
347268 377473 423
728982 227380 509
947182 734566 525
874980 116216 525
181022 218783 386
506579 880010 525
836827 97123 509
262588 922806 525
674732 288031 509
966736 132417 525
164727 996980 525
250032 162430 443
317738 932953 525
919379 46470 525
787521 334048 509
949317 627120 525
21672 679673 509
683376 453679 509
54807 473222 449
309691 809477 509
753770 107651 509
343533 831025 509
20345 659155 509
824166 978792 525
76067 845374 525
774718 856402 525
441268 130114 449
368181 941481 525
931945 354448 525
486224 684328 509
42097 785771 509
203769 613126 470
58361 767829 509
906277 505713 525
877153 313100 525
345408 523944 470
962837 259734 525
236071 964697 525
706051 3518 509
957900 405363 525
310636 209952 443
567798 252028 470
974454 135852 525
976361 971646 383
141079 120575 344
202168 128177 383
887080 540081 525
273273 37841 443
931978 376648 525
520799 719732 509
767167 499016 509
433240 38967 449
557403 239939 470
332086 486286 449
686186 219516 509
17071 285651 443
278269 403373 441
994180 937648 507
463324 12086 449
112585 432053 449
327450 965591 525
141753 742585 509
581785 738882 509
183670 309654 443
84456 661608 509
17574 590847 470
361281 447877 449
499969 464761 426
571171 532644 452
479633 317545 449
536199 485329 470
836684 754743 468
709587 929462 525
919461 661646 525
982373 148638 525
584701 964184 525
855699 462819 525
430506 786554 509
899522 701598 525
245929 640062 509
182261 356953 443
431434 706752 509
823930 985961 525
979220 125599 525
608874 715345 509
664879 456527 509
81739 927126 525
361902 972706 525
130892 702945 509
464321 954241 525
65544 627903 509
115057 86780 354
398550 420461 449
976903 564663 525
870024 133430 525
428162 40861 449
781131 144527 509
479102 82395 449
910899 372494 525
352046 676791 509
244185 531928 470
161702 59474 383
855874 316051 525
925401 899452 476
484111 923290 525
327828 597964 470
626872 209653 509
261575 651388 509
272807 299213 389
751511 135286 509
140406 999960 525
795871 268235 509
896891 265101 525
62310 91373 351
770749 444814 509
528573 87478 470
832251 561540 509
108264 894351 525
833976 816668 450
808810 389725 509
900805 900404 401
546055 569980 452
874505 334339 525
560052 342776 470
771519 146439 509
96505 675587 509
985685 82595 525
984936 905367 507
172353 87273 383
195800 820682 509
42710 519970 470
172669 304285 443
431583 341727 449
20008 979273 525
969358 865490 507
952868 618324 525
110414 479018 449
105654 84612 341
974579 814199 525
916840 272523 525
866865 891469 445
611365 978736 525
591311 669993 509
938515 171379 525
885461 97578 525
407583 196477 443
728788 975459 525
450685 710967 509
475376 357344 449
135706 398320 443
637521 28753 509
521872 78775 470
871073 169577 525
68037 189052 383
950645 348395 525
379902 442634 449
121768 993576 525
394978 593715 470
699238 93980 509
337692 183910 443
336754 456313 449
393943 359253 436
152553 14464 375
998130 345610 525
777278 201912 509
724528 845849 525
395183 970500 525
865595 693482 525
982601 2236 525
812571 886135 525
356017 15271 443
373278 863066 525
267135 759939 509
689976 26680 509
461520 521239 470
192109 147297 383
972939 888243 507
830473 227240 509
542505 259776 470
495052 767219 509
63216 17676 340
470010 329591 449
597942 903584 525
605055 477414 470
134517 593266 470
132572 201756 383
295958 407242 441
319813 152462 443
703476 791828 504
422984 390522 449
880965 761693 525
182793 376870 443
461343 538436 470
933787 940220 507
837918 304446 525
250993 534949 470
200471 708276 509
378283 78168 443
769913 637875 504
73921 80686 351
318979 278047 389
642172 196337 509
327073 620531 470
513502 553594 452
472320 31093 449
256980 162065 443
698803 221272 509
755274 438134 509
285593 688294 509
402750 684348 509
135129 837599 509
181508 644492 509
504735 815689 509
206126 274672 443
875914 990889 507
423127 359956 449
163956 475229 449
662811 757694 504
900087 666357 525
658284 570034 509
459107 530191 470
693346 82641 509
170421 107204 383
378670 747159 509
512121 511609 470
366311 784417 509
988298 125024 525
132525 370718 443
438438 978904 525
206794 410612 449
440354 541189 470
632211 975771 525
249827 319498 407
420576 505554 444
901161 460642 525
739121 460232 509
197324 854666 525
461884 255783 449
372005 568285 470
518938 232166 470
987560 299158 525
300416 789334 509
988341 994640 365
279334 656379 509
171901 590024 470
691913 993094 525
409453 414965 449
473921 814070 509
431323 196790 449
455991 305213 449
645581 386589 509
491306 877766 525
640571 607992 509
454824 267041 449
762115 666298 504
280922 130758 443
510791 193746 449
794272 254155 509
631745 209687 509
282278 334572 389
711554 938852 525
349961 536189 470
644016 100176 509
5572 756239 509
216362 78400 383
381812 362725 423
997897 295064 525
862114 311193 525
773823 310640 509
85137 222612 386
301422 636574 509
575598 27877 470
250250 808711 509
457434 413186 418
989967 807440 525
437276 615778 470
149162 683933 509
79257 182582 383
104616 912871 525
707977 409796 509
645737 687711 442
855183 864231 388
69604 37952 340
129530 964626 525
853687 523156 525
319837 852215 525
406184 59111 443
374508 790523 509
548382 573945 421
624939 646225 509
862098 748259 525
114427 244523 443
772225 174462 509
942764 5223 525
543308 924326 525
799766 447030 509
10445 994370 525
722042 860689 525
5585 305702 443
964923 603966 525
347046 554810 470
405711 888162 525
575839 518527 452
855967 36636 525
412807 324923 449
465485 748853 509
609174 80650 470
303543 32465 443
767043 667661 504
684970 81255 509
231912 623767 470
100593 82823 341
394320 199162 443
407916 113879 443
589127 325309 470
97609 647555 509
432177 10650 449
258552 830426 509
857483 682963 525
342195 265468 407
112947 626169 470
176909 896282 525
366949 759145 509
436140 429898 387
2805 44564 324
627864 438290 509
46527 451155 449
903884 767546 525
756846 102084 509
994026 809844 525
400017 259639 441
693190 562267 509
7375 398405 443
478791 478970 338
498531 497700 351
845296 712740 525
134991 184733 383
2281 940947 525
233737 956529 525
466894 622438 470
778853 306198 509
335087 270891 389
66088 822019 509
171812 652303 509
282408 325223 389
575450 342563 470
886824 754712 525
183932 684889 509
904451 30219 525
31597 87844 351
323581 185308 443
575297 617996 447
755590 166675 509
384069 347250 423
458878 681077 509
538101 336456 470
323038 238406 407
854297 193398 525
973479 187470 525
884029 56233 525
647936 440943 509
54769 931789 525
845224 299293 525
807231 887820 525
78157 516544 470
228294 821900 509
145727 262930 443
785800 308234 509
761621 589763 509
378481 549067 470
694700 449456 509
818880 643886 504
672987 229854 509
196150 541810 470
180928 172565 365
146867 983560 525
284008 215871 443
947099 290392 525
318015 219598 443
105553 414540 449
724215 620198 509
938760 110862 525
205703 680578 509
566010 895537 525
764775 75263 509
691375 45277 509
18717 589613 470
987146 226664 525
