213 218 115
1331 1441 172
495 861 171
16 1059 179
852 1937 182
318 1584 182
221 798 171
1294 1731 180
698 1490 182
772 1187 182
271 379 144
1757 1839 162
875 961 174
524 829 171
391 1872 182
532 1045 179
192 316 131
527 1948 182
1223 1973 180
1472 1906 180
419 1976 182
493 1152 179
106 1897 182
467 613 142
421 726 171
1084 1233 182
406 1503 182
234 1710 182
20 1043 179
137 1228 182
449 1899 182
796 1766 182
936 1800 182
1102 1866 182
326 1333 182
1210 1294 177
57 1749 182
123 1530 182
838 1257 182
796 835 135
1057 1601 182
795 945 179
142 515 144
441 568 142
141 322 131
1737 1771 180
1110 1596 182
401 811 171
188 608 144
59 1672 182
1518 1720 180
101 1262 182
61 1819 182
3 1967 182
362 1564 182
1342 1927 180
1032 1923 182
849 1833 182
30 1050 179
1245 1387 177
332 1851 182
174 971 179
463 491 142
361 522 142
118 1923 182
39 714 171
1454 1808 180
967 1358 182
441 467 129
1168 1982 180
458 515 142
1064 1866 182
894 1799 182
1033 1137 169
1265 1952 180
1561 1645 167
216 1320 182
1635 1726 180
492 878 179
1159 1785 182
37 1397 182
197 1678 182
831 1094 179
343 1392 182
1196 1991 180
903 1749 182
899 1335 182
579 1690 182
404 775 171
313 1544 182
770 1177 182
45 342 144
207 1734 182
149 1641 182
1319 1656 172
589 1634 182
278 600 144
619 1520 182
714 1060 179
1458 1915 180
321 1403 182
1320 1889 180
242 927 179
743 1837 182
374 1850 182
516 1013 179
29 70 113
312 1610 182
458 979 179
590 1334 182
837 1098 179
60 486 144
1406 1550 172
986 1590 182
268 1526 182
1363 1544 172
832 1740 182
498 1852 182
141 1134 179
614 965 179
694 821 171
1029 1694 182
792 1638 182
282 1012 179
785 1421 182
1112 1291 182
721 1034 179
34 1876 182
107 1209 182
21 251 128
1565 1912 180
1142 1951 182
1374 1453 172
895 991 174
1037 1652 182
326 1565 182
1046 1958 182
1115 1787 182
1770 1794 149
305 424 144
1041 1656 182
616 1666 182
473 623 142
160 1495 182
1587 1994 180
1552 1609 167
481 1360 182
1021 1159 169
687 1156 179
822 1742 182
174 1056 179
271 1540 182
1310 1830 180
956 1516 182
427 603 142
475 1844 182
545 1803 182
379 1591 182
515 1881 182
345 1073 179
393 1946 182
135 502 144
155 274 128
705 1902 182
1045 1700 182
281 1191 182
46 1897 182
1547 1570 154
189 265 128
897 1761 182
821 1481 182
828 1410 182
994 1033 156
1058 1504 182
1209 1966 180
208 1903 182
1103 1360 182
990 1169 182
1205 1220 164
151 484 144
32 613 144
974 1676 182
163 355 144
632 1666 182
714 954 179
118 449 144
176 1749 182
70 1875 182
135 1266 182
236 750 171
1205 1605 177
418 482 129
972 1292 182
197 1435 182
1141 1647 182
459 1256 182
518 1189 182
1768 1875 175
677 936 179
929 1861 182
707 1724 182
485 1456 182
320 367 144
136 1334 182
1164 1442 177
378 845 171
412 1522 182
377 429 134
1167 1449 177
541 1636 182
154 692 144
339 424 134
1436 1868 180
318 818 171
49 1270 182
112 1924 182
141 546 144
514 1707 182
393 810 171
1486 1860 180
516 1760 182
4 215 125
201 1670 182
44 52 105
1732 1933 180
1554 1908 180
959 1078 169
277 657 144
1593 1921 180
605 671 145
297 882 179
471 1226 182
937 980 174
301 1939 182
1006 1326 182
543 1137 179
622 1858 182
516 950 179
583 670 145
1799 1923 175
237 1344 182
197 1482 182
947 1726 182
830 1250 182
331 668 145
1428 1787 180
301 1971 182
688 1344 182
896 1628 182
997 1457 182
151 1177 182
462 1234 182
16 772 171
1071 1825 182
22 1925 182
1084 1551 182
462 1402 182
855 1169 182
508 1972 182
246 274 123
545 1094 179
1545 1657 167
1482 1601 167
361 1843 182
145 155 117
788 1733 182
32 1871 182
908 1847 182
570 939 179
1281 1462 177
150 1744 182
380 585 142
46 802 171
483 1840 182
831 1041 179
197 1594 182
297 890 179
1676 1781 180
1099 1739 182
1479 1711 180
167 1778 182
206 344 144
1039 1985 182
1060 1782 182
1210 1809 180
709 1964 182
238 1589 182
781 788 122
464 1221 182
412 1678 182
1460 1831 180
889 1008 174
1634 1661 136
4 1436 182
1034 1488 182
263 1596 182
1734 1743 180
230 431 144
423 917 179
1016 1210 182
1308 1590 172
1068 1094 169
672 1679 182
561 1768 182
573 1775 182
582 1682 182
415 1833 182
1238 1487 177
508 721 171
489 545 142
207 1412 182
1335 1472 172
980 1687 182
1873 1921 175
708 1868 182
276 710 171
920 1971 182
1016 1502 182
1316 1370 159
1361 1693 180
586 894 179
66 1886 182
1877 1926 175
162 1929 182
228 1620 182
1113 1182 182
1200 1490 177
1085 1189 182
114 790 171
1593 1945 180
375 747 171
545 1559 182
735 940 179
782 1363 182
608 1449 182
507 531 124
519 1245 182
291 1128 179
197 374 144
923 1859 182
816 1009 179
693 1541 182
290 1576 182
307 1608 182
188 1998 182
212 989 179
1241 1794 180
169 1002 179
378 1858 182
732 1533 182
955 1293 182
1049 1147 169
402 1295 182
619 1103 179
573 1884 182
434 1942 182
241 660 144
1563 1978 180
1576 1643 167
836 1887 182
832 1196 182
461 1310 182
1083 1322 182
517 1770 182
1201 1744 180
33 569 144
144 446 144
24 947 179
997 1193 182
738 918 179
225 574 144
229 308 128
945 1514 182
682 1239 182
1671 1983 180
595 903 179
297 794 171
1329 1735 180
898 1381 182
494 1726 182
809 1896 182
539 777 171
42 1448 182
169 1320 182
1484 1585 167
1298 1942 180
240 1512 182
1663 1670 180
67 1019 179
1263 1289 177
1517 1749 180
564 1788 182
909 1680 182
96 1968 182
727 1789 182
672 1356 182
125 991 179
389 522 142
1430 1851 180
520 841 171
719 1055 179
314 986 179
343 1133 179
53 1797 182
83 1288 182
63 1501 182
1188 1678 180
309 1332 182
333 1084 179
121 1250 182
321 1473 182
772 1535 182
546 1894 182
136 392 144
110 928 179
170 319 131
524 1947 182
86 559 144
167 1739 182
115 1417 182
463 1744 182
78 707 171
589 1235 182
565 842 171
19 389 144
786 1408 182
1635 1653 136
19 1209 182
438 1295 182
386 870 171
1408 1416 128
546 1586 182
1606 1789 180
903 1667 182
325 1924 182
113 244 128
249 1327 182
522 1022 179
260 1434 182
1020 1772 182
1135 1208 182
985 1002 143
852 972 179
684 858 171
1356 1733 180
482 1589 182
155 485 144
825 1528 182
92 1434 182
312 1985 182
87 1948 182
798 890 179
1049 1646 182
26 171 125
943 1258 182
1198 1482 177
1495 1505 141
49 1743 182
1319 1428 172
76 1648 182
105 1183 182
743 1336 182
419 701 145
594 611 132
792 1448 182
773 1919 182
184 1566 182
222 1477 182
1021 1232 182
1378 1394 128
551 1868 182
1138 1976 182
936 1117 174
62 1801 182
787 1622 182
327 1283 182
911 1074 174
847 1692 182
31 1379 182
53 1149 179
157 1989 182
150 1445 182
531 1088 179
91 1894 182
562 955 179
1270 1319 177
523 774 171
1042 1612 182
923 1726 182
1031 1056 169
263 1774 182
556 996 179
1364 1677 180
794 1513 182
788 834 135
1575 1655 167
190 553 144
490 580 142
101 975 179
191 439 144
1074 1090 138
60 1079 179
1052 1878 182
229 315 131
1005 1450 182
929 1120 174
26 751 171
257 1670 182
1558 1988 180
292 1307 182
412 671 145
545 1103 179
1571 1602 167
685 1836 182
302 345 144
509 838 171
10 1229 182
90 763 171
1406 1979 180
513 691 145
138 1717 182
1452 1572 172
1279 1732 180
1698 1796 180
564 1986 182
932 970 174
886 900 148
1055 1368 182
153 1129 179
238 1014 179
1437 1914 180
253 798 171
634 1039 179
1139 1184 182
484 945 179
1152 1893 182
193 1493 182
114 1192 182
1793 1860 162
1460 1567 172
53 858 171
392 794 171
137 1070 179
1059 1936 182
219 508 144
646 1722 182
250 1225 182
1890 1956 175
22 689 144
1050 1869 182
151 465 144
37 1044 179
1289 1463 177
608 1316 182
346 1271 182
1347 1714 180
437 676 145
402 1682 182
496 708 171
449 1324 182
613 976 179
643 1915 182
1093 1351 182
174 1954 182
1002 1863 182
439 1625 182
1276 1929 180
959 1278 182
897 1021 174
194 344 144
1362 1392 159
233 1208 182
111 681 144
557 808 171
267 1693 182
515 1558 182
328 1729 182
697 1934 182
53 1269 182
646 728 171
317 1187 182
1443 1779 180
112 1607 182
276 474 144
135 1111 179
94 641 144
88 474 144
598 1837 182
192 1196 182
910 1848 182
669 784 171
247 304 123
645 1986 182
1377 1618 172
796 1838 182
617 1613 182
244 1083 179
371 693 145
71 1066 179
904 941 174
637 686 145
1274 1470 177
462 1374 182
25 567 144
1203 1386 177
1116 1609 182
1034 1448 182
335 921 179
1308 1937 180
156 225 125
262 519 144
355 776 171
1263 1870 180
1131 1414 182
424 1603 182
934 1532 182
333 1904 182
489 1272 182
429 1877 182
1173 1329 177
831 1836 182
957 1310 182
201 764 171
1878 1924 175
341 384 126
985 1835 182
501 525 124
581 1026 179
167 430 144
286 1198 182
919 1030 174
267 1506 182
384 752 171
1288 1734 180
74 655 144
160 516 144
906 1434 182
610 1413 182
637 1699 182
1449 1946 180
266 1163 182
1612 1961 180
1218 1891 180
668 1963 182
390 1555 182
735 1450 182
912 1680 182
335 708 171
1521 1961 180
436 1474 182
349 723 171
34 958 179
867 1531 182
1869 1887 175
589 1574 182
579 1265 182
835 864 148
935 1891 182
1293 1865 180
530 1683 182
800 1862 182
643 1407 182
126 1504 182
1150 1774 182
872 1901 182
620 1805 182
707 1203 182
336 1748 182
1195 1762 180
102 285 128
1779 1932 175
790 1450 182
646 1446 182
202 819 171
656 1073 179
921 1122 174
64 1246 182
260 1964 182
760 1036 179
926 963 174
172 195 120
321 1537 182
719 1402 182
701 1953 182
40 1423 182
1332 1904 180
1398 1669 180
1439 1908 180
823 1729 182
468 1483 182
236 1582 182
78 324 131
49 1420 182
925 1722 182
1298 1382 177
899 1665 182
2 1816 182
894 1762 182
258 492 144
1405 1901 180
68 654 144
887 1746 182
373 1539 182
1164 1718 180
101 1215 182
1506 1586 167
841 1381 182
897 1157 174
158 317 131
249 1234 182
249 394 144
279 940 179
1585 1717 180
274 337 144
973 1432 182
363 1551 182
260 1771 182
250 885 179
50 750 171
247 1556 182
395 631 142
819 1945 182
1691 1900 180
86 1714 182
103 1602 182
171 1808 182
486 694 145
1056 1946 182
1414 1857 180
237 1839 182
415 679 145
774 1065 179
204 579 144
917 1409 182
652 1067 179
712 1152 179
632 1966 182
353 682 145
329 1298 182
1644 1689 180
1396 1874 180
319 1288 182
101 1278 182
35 734 171
1121 1708 182
843 1307 182
349 1513 182
561 894 179
414 856 171
753 1553 182
918 1110 174
459 1666 182
987 1496 182
1137 1375 182
622 1713 182
605 723 171
47 335 144
685 1295 182
273 1129 179
1499 1575 154
955 1371 182
298 465 144
251 668 144
1141 1426 182
873 997 174
531 641 137
401 822 171
171 1197 182
62 1901 182
1519 1685 180
643 993 179
594 957 179
1604 1923 180
439 1361 182
147 1503 182
310 1579 182
181 865 171
539 1950 182
1212 1945 180
643 1987 182
476 1803 182
1836 1963 175
148 947 179
961 1786 182
597 1128 179
550 590 137
47 1994 182
1443 1560 172
379 548 142
882 1391 182
226 1572 182
326 688 144
300 1164 182
103 1980 182
541 1532 182
1026 1806 182
409 1617 182
579 1346 182
1000 1507 182
198 268 128
1611 1831 180
433 468 129
666 1442 182
1639 1662 136
1562 1843 180
109 487 144
483 986 179
687 1562 182
555 971 179
443 1033 179
1587 1751 180
1309 1455 172
90 777 171
1262 1839 180
448 1445 182
914 1387 182
857 1472 182
326 1360 182
1046 1274 182
427 1506 182
1460 1791 180
1406 1942 180
1527 1675 180
273 719 171
1113 1383 182
730 1593 182
625 1544 182
1347 1944 180
352 1077 179
