16503 608988 470
137435 528372 470
983383 465994 525
202126 304210 443
211431 442223 449
726573 646244 504
144529 593684 470
715682 793275 468
706385 414274 509
844661 164399 525
225545 886403 525
246865 665907 509
673301 600112 509
949509 454535 525
847650 886336 432
39264 453857 449
183861 808230 509
323617 675515 509
905864 983851 507
269052 555386 470
925539 613658 525
704441 132997 509
421770 712857 509
339055 350742 441
198048 278630 443
22100 572899 470
590949 826372 509
934785 48592 525
374037 736992 509
811299 25102 509
951919 866386 507
159068 444801 449
544089 784151 509
545517 115857 470
653667 642818 385
1715 206494 383
406087 189025 443
189684 472626 449
14906 61306 340
314427 860381 525
796475 774274 468
502411 367193 449
543157 848791 525
297176 129986 443
15980 817051 509
334343 749386 509
401331 696640 509
563074 730370 509
168328 730052 509
600114 15899 470
443624 853287 525
503647 607454 470
990128 145173 525
864943 777964 525
157179 340913 443
587649 728946 509
790617 240252 509
607285 812359 509
480987 728960 509
325901 128987 443
502598 296224 449
681246 269174 509
424458 873327 525
632738 704086 442
482370 594320 470
395143 530586 470
182699 969005 525
188406 470510 449
890717 604506 525
985285 102104 525
302900 693358 509
550437 200289 470
546383 122330 470
685989 320614 509
420841 305003 449
54766 713161 509
802623 545073 509
671316 534846 509
352499 395726 436
260652 562676 470
256013 462127 449
817723 95239 509
467557 45122 449
435997 941871 525
815145 199564 509
10529 777251 509
517589 925270 525
472011 397550 449
375689 523821 470
870936 970036 507
76061 451273 449
37368 134604 354
553016 668929 509
361584 983618 525
67807 2545 340
28196 437520 449
551529 444562 470
382646 631245 509
80572 103808 341
111333 308502 443
442782 257695 449
127048 371255 443
964455 165159 525
72231 165835 383
654769 291987 509
448600 103319 449
129772 227128 386
981526 909898 507
721896 473984 509
477567 131980 449
946586 179468 525
402192 420414 449
853685 745706 525
672881 612869 509
955455 521350 525
293112 581895 470
400055 594441 470
306423 974548 525
797028 914586 525
532453 869653 525
54231 457733 449
254015 428874 449
564631 507087 470
444392 755752 509
277351 491411 449
43147 935901 525
456716 304819 449
475796 898423 525
102665 543110 470
16069 424667 449
334729 603780 470
297221 968232 525
820295 183748 509
876788 557850 525
405767 394409 405
52086 354330 443
156892 19305 383
673223 201044 509
93582 738739 509
709635 734438 411
988307 408615 525
159684 220620 386
632804 37988 509
181684 63624 383
637307 209286 509
270244 561242 470
161594 325198 443
31628 180271 383
718758 385212 509
18953 387542 443
653851 630811 416
2122 289116 443
144281 102505 375
799060 80844 509
497343 544653 470
302547 742891 509
468526 278885 449
304840 323974 384
33922 219396 386
383392 927216 525
358224 285489 441
571904 408476 470
854868 215510 525
632257 654169 416
482635 465647 413
307824 82629 443
664091 565087 509
616135 898656 525
322677 284071 389
221584 874493 525
936487 755856 525
92721 566350 470
249447 442204 449
713674 532665 509
293735 280655 389
766844 801391 468
565111 829092 509
244921 585716 470
141264 398201 443
304733 852920 525
249271 203312 443
533140 670307 509
498530 118393 449
156021 31870 375
382422 76016 443
86973 88298 333
129577 408551 443
938533 903855 476
220644 483425 449
887632 583417 525
540380 409712 470
247193 720126 509
69830 46795 340
48376 22583 324
720485 88708 509
156379 11524 383
810998 931428 525
742713 628344 504
753337 118049 509
311518 297095 371
420270 882530 525
329601 158514 443
829545 125949 509
287898 494923 449
250186 882576 525
806480 755768 468
203296 330231 443
486754 624437 470
919092 348817 525
658009 966662 525
629431 954062 525
654846 171480 509
502629 92041 449
330609 843171 525
864614 109257 525
541321 170112 470
486092 215486 449
87514 826783 509
898706 571575 525
711270 789349 468
894675 169847 525
366166 568585 470
487495 719487 509
911918 15731 525
585145 236995 470
139108 771950 509
718290 756585 424
595613 115518 470
697204 974815 525
427558 502081 444
809835 622817 509
969761 663911 525
439182 115873 449
272768 451327 449
394009 725622 509
970828 129112 525
392339 667570 509
980838 27042 525
778730 561703 509
802488 610085 509
854962 869314 388
19649 384840 443
344479 263276 407
41651 120872 354
100249 408451 443
268616 944551 525
981601 789016 525
276988 429631 449
268088 352264 441
730874 854175 525
946678 320309 525
983788 106446 525
680771 205954 509
188108 768435 509
603891 342683 470
431823 407792 449
267918 434474 449
187421 380288 443
335808 173401 443
70369 743101 509
601060 427193 470
326473 98837 443
480315 788714 509
496309 278429 449
565725 536893 452
211080 446771 449
382518 948309 525
480130 5664 449
45679 143248 375
938470 213018 525
281380 830305 509
298619 180639 443
681021 801338 504
531495 573526 452
160507 764123 509
414508 987186 525
717861 308438 509
975989 677429 525
563114 151172 470
498494 464719 426
120568 226558 386
539142 284877 470
828690 597358 509
555539 472211 470
352024 626568 509
504938 711674 509
96351 677618 509
849905 928502 476
257115 579095 470
968731 490495 525
114491 602158 470
165608 152880 383
312764 495780 449
864561 867327 388
62865 151179 375
681571 462355 509
497541 125690 449
637773 584400 509
691107 497887 509
443473 920994 525
25621 58937 340
410261 241746 449
205595 853 383
423046 636251 509
805479 246442 509
58720 655511 509
87236 300561 443
449870 33510 449
188650 968868 525
751996 576051 509
993011 532766 525
425027 821399 509
98640 399693 443
354049 655536 509
374108 752658 509
642189 261802 509
809133 157353 509
280423 968499 525
644787 436207 509
7266 37644 324
482549 758542 509
641663 407215 509
765016 987344 525
958395 349199 525
427858 972811 525
57911 821849 509
61763 459472 449
881958 162393 525
99534 958393 525
241475 763892 509
210955 98437 383
397778 59004 443
203286 508986 449
997151 122693 525
976892 302389 525
147103 293546 443
67163 866632 525
174281 56625 383
24221 872309 525
830403 853857 525
417997 398722 449
410713 680075 509
798354 437083 509
450328 66907 449
185859 577433 470
957619 727929 525
628770 893470 525
5476 826190 509
638740 234159 509
558940 614388 434
604598 791116 509
129919 94769 354
74263 793447 509
689825 84596 509
664737 947928 525
144195 380838 443
429949 985901 525
874305 504181 525
766525 842205 525
774212 100277 509
747224 468609 509
712276 586541 509
378668 913606 525
760074 991937 525
154977 349006 443
824994 218795 509
142939 180754 383
418713 86764 449
234181 734729 509
936042 482619 525
86520 768463 509
965997 110225 525
289631 384974 441
762182 175438 509
109283 105709 354
866892 253586 525
484748 106821 449
832998 373172 509
458888 996074 525
644499 571853 509
558451 767002 509
398353 122966 443
653041 65968 509
4562 999570 525
945225 336730 525
236342 457027 449
171565 284193 443
181987 804056 509
594405 527272 452
781565 826131 468
493796 94675 449
517848 926596 525
512825 503881 470
949377 319458 525
761692 386639 509
96783 962500 525
177800 114864 383
754927 900722 525
431423 616371 470
659092 428818 509
507519 634808 509
891201 958656 507
800550 93370 509
351613 670733 509
82721 468079 449
472516 992713 525
466533 280111 449
376829 583933 470
524564 483131 470
132172 914958 525
607020 764671 509
224120 269423 443
947589 659433 525
313989 182833 443
915945 270839 525
883351 668169 525
232013 765822 509
199620 826748 509
871563 456792 525
268837 770302 509
748900 831455 468
564667 687349 509
79075 676542 509
150698 726002 509
685630 367469 509
259521 762603 509
126995 416517 449
302444 305863 340
409848 501475 449
795202 572304 509
600258 665780 509
733093 421675 509
145821 70171 375
563195 640114 509
823793 410960 509
942915 695678 525
462124 675711 509
637755 339343 509
611107 50766 470
508678 243075 449
611864 65725 470
393280 625949 470
372757 61181 443
127951 476075 449
224402 201513 386
107308 617210 470
484328 978590 525
862150 538166 525
891415 620638 525
729690 861910 525
390079 273713 441
413393 891573 525
53284 141424 354
195959 58288 383
19507 991558 525
255826 93410 443
889089 441993 525
371845 783315 509
22341 264951 443
310774 921132 525
252547 621693 470
771091 315398 509
912835 960941 507
239179 44051 443
109936 498140 449
905611 727687 525
850129 508107 525
961677 289327 525
643886 697275 442
627749 430644 509
607905 326497 470
457211 312479 449
738226 616445 509
809330 265573 509
357518 752145 509
858112 135423 525
1543 695014 509
199983 434046 449
983990 415323 525
806198 150403 509
395175 447754 449
205696 899173 525
60653 40596 340
63647 470282 449
26538 447832 449
293873 796587 509
365234 382540 423
330314 386412 441
392539 593908 470
604755 314482 470
722266 44886 509
609401 185745 470
530658 847745 525
501350 768696 509
501895 238707 449
86141 491693 449
468166 49427 449
621669 238927 470
427593 373494 449
700707 864529 525
556920 655046 509
133375 552514 470
543326 672895 509
915201 193101 525
39162 925655 525
828611 374884 509
990109 374501 525
598933 857753 525
485835 71089 449
628303 628772 235
413056 115683 449
526695 370297 470
646351 868897 525
169802 427916 449
287649 646987 509
321629 993528 525
854889 922714 476
951633 849697 507
387463 733407 509
630138 985759 525
801813 117643 509
382580 918892 525
818425 828623 450
397724 47090 443
938869 750236 525
722753 580817 509
430652 62107 449
642773 301021 509
12691 881652 525
743549 469848 509
582312 804125 509
824070 527778 509
728554 901316 525
226699 772765 509
90967 672526 509
595854 580505 434
260773 822637 509
539471 501727 470
708749 730860 411
70922 436151 449
951488 650262 525
564438 524549 452
194055 493380 449
317642 891980 525
306385 25473 443
687812 886366 525
360709 696860 509
545957 139230 470
657317 955479 525
151628 927223 525
972248 317790 525
662151 327092 509
789296 598313 509
517236 721311 509
207351 581414 470
331707 610550 470
354595 110193 443
943891 855889 507
110488 109105 310
22257 521857 470
972281 68557 525
505119 650319 509
688226 45425 509
980261 521151 525
792356 290581 509
648684 851509 525
633855 48647 509
749695 757590 424
792733 936852 525
599765 656264 509
496774 122699 449
882518 768276 525
451280 220491 449
462219 249842 449
295381 475949 449
627836 968014 525
251040 738751 509
468023 134422 449
40547 598722 470
401585 732759 509
348514 25705 443
609186 679157 509
153657 158865 383
499266 769744 509
835641 948471 525
224263 490142 449
330258 404196 441
31684 318664 443
295940 589625 470
831327 411741 509
640162 936786 525
242390 329214 407
280011 852723 525
358500 620753 470
366163 704787 509
831826 709710 468
497321 395318 449
213768 507920 449
400180 803348 509
77771 252933 443
669674 404320 509
275788 437044 449
388689 803980 509
172005 752877 509
671129 66060 509
168910 603817 470
773753 213160 509
138145 844875 525
109248 474870 449
849851 814411 525
256424 892424 525
537324 409644 470
400918 457101 449
693118 582107 509
755893 444958 509
662793 569885 509
440754 522392 470
272173 846158 525
370403 368587 392
992247 131386 525
963819 23983 525
242729 539977 470
491792 14624 449
452055 944507 525
997177 511734 525
575180 390276 470
87738 456906 449
343617 861801 525
55373 496024 449
58321 26946 340
199000 415746 449
14280 848539 525
596556 273282 470
207477 49393 383
487474 679257 509
193491 904319 525
259640 854917 525
847886 291224 525
164612 596855 470
166534 967480 525
82487 562884 470
788319 83935 509
628100 550721 509
656019 956599 525
128928 86349 354
803313 535053 509
191596 876654 525
754586 919475 525
673814 731174 504
218853 860644 525
89072 819634 509
373973 294656 441
83075 798815 509
787475 372893 509
740903 726385 424
163547 21045 383
569568 98136 470
463402 252813 449
577350 179127 470
514222 388805 470
291083 953450 525
26032 138994 354
867849 735140 525
402375 536920 470
113448 869908 525
933774 450099 525
64830 529538 470
880223 97382 525
853991 320498 525
995926 627535 525
619671 498911 470
809274 842389 525
160085 409090 443
365701 161174 443
568899 168823 470
883204 573949 525
722702 777838 468
975659 257264 525
450808 59183 449
209456 939405 525
766781 87472 509
622672 613494 447
644425 962960 525
310872 227365 443
363549 998865 525
969433 129722 525
573365 990167 525
316693 670392 509
613198 635850 509
236840 964718 525
468647 201728 449
804127 412212 509
309793 726252 509
581993 396176 470
699632 658886 442
679133 446328 509
623049 857503 525
646681 228841 509
861272 489361 525
818759 463612 509
706962 405506 509
426588 882565 525
667598 57282 509
108508 183054 383
405236 79015 443
781124 432 509
612491 824927 509
860542 536625 525
758546 475908 509
586926 349115 470
186041 200151 360
210007 455508 449
625912 725567 509
3603 249797 443
632486 79857 509
769485 360821 509
348379 674662 509
282822 865075 525
822018 969048 525
262727 606094 470
661785 947070 525
567982 694911 509
673688 46277 509
113345 851344 525
190915 781075 509
433102 447017 400
716105 65591 509
203174 304663 443
711216 698654 504
137280 358704 443
833552 733433 468
699908 139497 509
719435 109704 509
503969 653507 509
701957 970424 525
947999 263724 525
244859 9890 443
376390 644498 509
830864 881500 525
747660 294226 509
480682 327292 449
164522 519379 470
498738 236546 449
454570 876701 525
732365 688782 504
534656 172457 470
274785 93006 443
515560 831844 509
840847 610259 525
939428 532455 525
893099 635856 525
641072 890680 525
939148 906227 476
758390 532375 509
424987 526680 470
968553 121863 525
153859 455559 449
403136 670180 509
834586 111808 509
739691 977002 525
759294 99264 509
346721 881845 525
696919 883486 525
972465 523236 525
228190 20686 386
58414 57981 242
762564 140911 509
783378 709296 468
941798 559801 525
959149 454987 525
808304 486413 509
553421 199740 470
188383 852316 525
310393 479649 449
277135 986435 525
507319 476468 426
253368 692940 509
872913 425291 525
714916 608676 509
356528 197877 443
585888 921571 525
20473 312938 443
436030 549934 470
301954 150023 443
138047 779192 509
683444 410202 509
102542 157111 383
394837 870817 525
596094 224447 470
759752 21129 509
192266 911781 525
451837 534090 470
739228 103908 509
662630 21129 509
525752 737435 509
420399 908741 525
267246 541151 470
25941 628278 509
303573 409337 441
488145 187542 449
718672 257930 509
941017 64385 525
504692 552930 470
341846 898254 525
507436 845865 525
275542 839048 525
981267 346536 525
303626 868973 525
157866 513523 470
720079 70944 509
212689 360401 443
366658 649177 509
354418 950382 525
24468 679522 509
925989 8785 525
316642 460657 449
319460 871830 525
307602 242845 407
312492 825808 509
92655 19567 351
663955 697177 442
911150 396048 525
116741 481357 449
390055 994752 525
476371 461396 413
995515 752569 525
640286 370295 509
780750 333416 509
18216 321066 443
467829 6150 449
460191 102721 449
260024 310098 407
442790 738440 509
717105 155024 509
986961 843404 507
269002 194504 443
944823 101924 525
158580 580240 470
329405 901993 525
122651 889127 525
377348 642029 509
357520 654806 509
310918 232818 407
704298 261079 509
144796 248041 443
319796 626724 509
647998 263886 509
253154 467624 449
348720 925988 525
447703 254410 449
222348 660811 509
307938 92390 443
778062 976638 525
484412 327410 449
316292 125777 443
523005 387687 470
845043 194758 525
131772 35064 354
914490 322881 525
519109 12224 470
211647 778067 509
334715 353635 441
36056 644065 509
215315 508281 449
453401 908779 525
695719 709829 504
466576 598641 470
771762 411482 509
490840 441098 444
859997 517077 525
233151 354251 441
857727 972521 507
334208 881152 525
299166 728567 509
36987 478145 449
130779 505580 449
454472 904067 525
945144 215775 525
993684 952728 458
249455 56135 443
209402 286170 443
32303 557954 470
482814 501076 426
395123 693721 509
66643 357298 443
552471 271594 470
118735 919732 525
194490 76981 383
425376 948581 525
459492 99873 449
754918 946697 525
852642 185058 525
88525 609031 470
883971 881696 370
784183 143555 509
986053 656237 525
49742 921430 525
615038 595753 447
248291 172826 443
602408 280898 470
965680 820768 525
474706 610006 470
449464 469779 444
539734 211225 470
509014 185255 449
723973 610317 509
182467 807837 509
728990 25864 509
69652 964665 525
456166 628441 509
798053 832912 450
546930 644156 509
476983 482704 413
37564 650724 509
323616 527692 470
924392 619691 525
113296 115169 305
440908 19562 449
554395 342421 470
121026 936458 525
562286 558150 359
593916 195460 470
515223 990023 525
932902 422439 525
510101 842318 525
807828 994622 525
565321 747299 509
403152 43577 443
705595 513400 509
917488 971080 507
505505 158167 449
644624 80836 509
681335 538008 509
300568 366910 441
797788 491632 509
637788 826631 504
25875 360192 443
166288 515315 470
476435 34064 449
834242 565113 509
385341 877806 525
447843 96281 449
586192 720512 509
390534 722517 509
931715 478580 525
414047 988901 525
88624 456685 449
658062 894969 525
262450 890787 525
902028 926304 476
134790 128362 344
163232 329465 443
185911 20300 383
100463 986687 525
411556 120814 449
915063 863472 476
526735 609274 452
735115 622592 509
133496 453951 449
641717 277809 509
361990 416606 449
772763 587793 509
188947 903824 525
807528 774563 468
795175 165634 509
750263 515580 509
341609 267295 407
901537 430367 525
321228 197273 443
790693 449543 509
972790 303803 525
466786 676529 509
290407 667040 509
50495 221116 386
712377 61419 509
575954 594956 434
339917 652702 509
812473 80676 509
610936 437723 470
993376 267576 525
895874 183040 525
880652 963031 507
700944 649989 442
654148 79634 509
294582 74071 443
560392 451159 470
639400 304102 509
690504 879300 525
206507 107819 383
383734 192525 443
857968 241991 525
746197 38891 509
126026 112274 349
612860 528929 452
529407 766729 509
970474 636798 525
860323 760662 525
886137 65965 525
621384 136604 470
894316 299542 525
