1 1 1
2 2 2
3 4 8
1 10 20
100 200 125
201 210 89
900 1000 174
6 54 113
60 98 119
29 91 116
28 77 116
88 99 119
100 7 119
72 80 116
87 64 116
65 38 113
22 28 112
11 82 116
76 65 116
61 2 113
15 18 21
3 25 24
30 80 116
40 48 110
17 59 113
20 24 16
76 86 111
53 76 116
94 16 116
47 63 113
29 100 119
16 8 20
71 59 108
7 13 20
15 6 20
44 75 116
53 99 119
41 75 116
27 45 112
61 74 116
75 72 116
13 74 116
37 34 22
81 29 116
55 94 116
92 97 119
35 50 110
88 71 116
58 60 33
58 25 113
9 27 112
72 47 113
8 7 17
10 24 21
24 91 116
90 6 116
38 3 112
89 87 31
56 70 108
62 47 113
1 90 116
60 56 33
36 21 112
16 41 112
47 43 105
84 30 116
51 63 113
3 8 17
20 92 116
44 3 112
68 32 113
99 22 119
44 10 112
57 55 113
3 97 119
92 88 93
86 63 116
96 50 116
97 16 119
3 29 112
88 1 116
73 5 116
19 37 112
49 24 112
51 55 113
77 33 116
57 52 113
55 83 116
91 78 111
28 26 112
72 17 113
50 73 116
50 54 113
89 24 116
64 58 108
47 37 110
89 72 116
32 72 113
24 70 113
99 99 26
78 42 116
45 75 116
4 36 112
90 99 119
64 34 113
94 39 116
34 54 113
34 96 116
97 98 119
13 50 112
33 43 110
90 70 116
86 79 111
95 42 116
14 8 20
10 7 20
14 38 112
92 35 116
5 40 112
65 50 113
38 34 22
43 6 112
52 6 112
9 20 21
19 94 116
8 21 21
41 2 112
25 47 112
8 60 113
55 80 116
60 66 108
81 33 116
83 18 116
74 85 111
38 34 22
32 40 35
8 79 116
44 51 105
81 86 111
59 53 113
71 13 113
96 69 116
77 51 116
69 7 113
43 89 116
29 91 116
54 45 113
29 4 112
92 71 116
1 33 112
46 14 112
17 45 112
5 90 116
34 57 113
92 20 116
61 76 116
91 43 116
99 54 119
76 15 116
14 37 112
27 29 112
28 54 113
67 6 113
21 33 112
50 83 116
78 48 116
95 29 116
33 16 112
87 60 116
94 55 116
50 74 116
38 97 119
40 10 112
32 76 116
27 89 116
31 25 112
62 68 108
3 50 112
34 19 112
49 84 116
47 41 110
61 50 113
58 82 116
19 100 119
63 61 108
49 82 116
71 34 113
71 18 113
26 5 24
26 74 116
89 62 116
46 21 112
32 56 113
61 73 116
5 24 21
38 51 110
74 9 116
26 47 112
81 50 116
32 76 116
43 14 112
54 68 113
43 54 113
50 18 112
44 72 113
99 57 119
89 4 116
201 805 171
224 567 144
820 832 135
869 690 171
70 458 144
376 843 171
432 322 144
248 671 145
622 340 142
482 932 179
77 995 179
273 455 144
710 81 171
881 746 179
227 114 125
503 388 142
580 650 145
961 976 143
306 949 179
4 837 171
121 281 128
583 732 171
274 970 179
107 948 179
684 510 145
808 614 171
671 188 145
850 186 171
358 539 142
428 34 144
931 401 179
877 947 174
364 437 134
604 153 144
57 582 144
129 967 179
652 221 145
215 328 144
667 408 145
651 40 145
375 18 144
514 109 144
399 354 121
484 772 171
230 597 144
339 633 142
858 442 171
808 522 171
98 607 144
656 188 145
874 541 179
118 928 179
435 191 144
709 871 179
830 166 171
134 937 179
398 699 145
67 513 144
77 202 125
990 908 174
577 354 142
630 839 171
400 681 145
527 193 144
440 866 171
439 557 142
704 299 171
777 574 171
99 385 144
9 195 125
521 217 144
844 4 171
291 969 179
706 670 171
836 544 171
306 675 145
419 922 179
445 681 145
138 413 144
207 536 144
782 584 171
670 494 145
950 944 37
196 773 171
272 615 144
501 129 144
277 372 144
685 822 171
924 331 179
299 881 179
475 355 134
89 262 128
421 94 144
701 134 145
779 966 179
514 405 142
950 604 179
957 836 179
181 110 125
850 884 179
463 619 142
812 731 153
356 340 126
256 778 171
755 745 140
314 202 131
791 938 179
493 825 171
118 711 171
757 756 109
222 43 125
427 42 144
738 775 153
619 97 144
50 403 144
242 334 144
644 955 179
544 779 171
160 385 144
624 129 144
716 231 171
839 492 171
338 73 144
549 480 142
535 819 171
230 405 144
519 822 171
370 116 144
30 819 171
78 876 179
971 511 179
523 75 144
873 685 179
552 6468 262
6161 2268 238
5392 7853 262
92 3135 217
2854 2110 209
8871 4732 262
8097 2414 262
641 706 171
4460 6619 262
2655 5469 238
9109 5787 262
4955 1206 238
7044 4698 262
7163 674 262
9022 7918 252
9505 4805 262
6480 5589 262
7221 2121 262
656 8124 262
3633 9701 262
3414 2350 217
7704 6933 257
976 7224 262
2974 8445 262
6275 5361 262
5013 4258 215
8461 9457 260
242 2443 183
5850 7054 262
1452 8228 262
2164 7192 262
7575 4396 262
401 6403 262
4546 3348 238
5272 8920 262
8250 4203 262
9525 2730 262
1802 3314 217
4775 638 238
4023 9650 262
8697 8439 203
2574 6452 262
41 816 171
6124 4944 236
1373 305 182
6030 3975 236
6370 936 262
55 91 116
80 926 179
953 6032 238
8505 3107 262
4249 4624 215
9773 6315 260
1338 4880 238
23 8532 262
2064 4385 238
3876 7368 262
8683 5650 262
5772 2673 238
1290 5312 238
6426 4741 262
6945 4334 262
9740 3890 262
2544 8107 262
5373 4931 197
5021 5544 205
8384 7748 252
8215 3621 262
595 8851 262
4306 8511 262
2299 7409 262
3699 7218 262
7644 7340 239
1590 9191 262
1280 6864 262
6084 336 238
1830 7249 262
8973 1624 262
216 6368 262
9368 8262 260
9124 5502 262
9199 8185 247
7 4280 238
3234 2594 217
5620 2685 238
2318 8544 262
1546 6403 262
5796 5152 236
3826 8328 262
9147 9341 260
1504 5458 238
2628 6149 238
4693 5615 236
5714 4738 236
8245 990 262
9697 2944 262
1369 2607 209
7156 3668 262
2157 8039 262
2527 3999 238
5152 85 238
6817 8098 257
823 3506 217
4077 3029 238
615 9887 262
9108 9767 260
8058 1643 262
8208 9226 247
2163 8190 262
7810 180 262
548 5519 238
2590 4942 238
6877 9672 260
2350 4113 238
8717 5804 262
9031 645 262
9377 3526 262
3054 2967 155
893 1755 182
9714 9620 185
2691 9499 262
7168 3896 262
7178 3917 262
3412 9991 262
328 9430 262
2962 2559 217
8481 1046 262
5637 5000 236
7446 8555 252
7643 8192 252
2220 6332 262
5429 3070 238
7934 720 262
1811 5667 238
5887 8540 262
2273 8389 262
9089 3389 262
1726 5445 238
6255 8941 257
4261 5589 236
4817 6226 262
417 7568 262
8237 7685 252
6626 2835 262
7095 5757 262
3234 9811 262
8841 1307 262
6301 3988 262
355 1752 182
5592 4497 236
3498 9694 262
9835 8455 260
6531 5269 262
7972 6735 257
767 1598 182
4637 2676 238
2444 5828 238
8020 1599 262
8161 9498 260
3027 1602 217
3872 792 238
4691 6111 236
126 7930 262
7845 4592 262
9866 4417 262
3386 8718 262
8240 4185 262
8965 8156 247
8794 8207 234
2959 7059 262
475 9603 262
5235 64 238
6129 4960 236
2959 1563 217
6891 9530 260
4473 5939 236
8452 241 262
1643 1107 182
7091 3483 262
3165 1477 217
7123 6461 257
4193 3446 238
8505 3667 262
6376 7147 257
5103 1652 238
8838 9708 260
1605 7392 262
500 6340 262
6365 1683 262
2547 8549 262
6383 2712 262
4463 7340 262
5009 1239 238
9113 848 262
8039 3337 262
8906 2515 262
5478 459 238
2158 8420 262
5635 4883 236
4866 3410 238
8560 6085 262
8009 1729 262
8730 7146 252
914 4347 238
7977 7734 252
2510 7488 262
7384 551 262
6589 2838 262
743 4663 238
2061 2482 209
6540 17 262
6437 6499 169
5098 5022 179
4638 5075 210
1624 1752 180
9691 5944 262
9338 4206 262
8825 4259 262
4125 3468 238
3324 8727 262
2748 4990 238
687 2207 182
2522 5393 238
1400 3275 217
7948 7832 190
886 8434 262
2341 9632 262
8373 9872 260
3410 9419 262
865 6658 262
12 1945 182
2077 7673 262
3658 6735 262
5780 9913 262
8286 3447 262
2643 1966 209
9523 7573 260
772 9451 262
5195 6151 236
6618 3659 262
8945 7189 252
8939 2972 262
9230 4734 262
1037 7684 262
4299 2617 238
6282 6615 244
2469 6448 262
6407 755 262
611 6829 262
4945 9466 262
6231 9633 260
3225 2877 217
6386 995 262
4931 6238 262
5723 2227 238
6039 5489 236
7368 8902 252
2357 2553 209
1117 808 179
2105 4513 238
3643 6880 262
4780 4342 215
1699 3383 217
5165 7549 262
177 5848 238
1170 5446 238
1380 7343 262
8492 8450 203
2909 9035 262
5712 6004 218
3472 7230 262
4102 244 238
5596 1261 238
279 5446 238
9816 4801 262
4211 8926 262
9344 7064 260
3080 7874 262
1311 9389 262
999 9512 262
907 5873 238
8238 7351 252
5103 8505 262
5642 450 238
1616 4756 238
1045 1854 182
4769 4484 197
4793 2465 238
6449 4224 262
4036 1536 238
5891 6418 262
6727 5546 262
8570 825 262
3983 5511 215
1113 2374 183
5363 6113 236
8104 7446 252
9611 5117 262
6272 1611 262
7245 4355 262
1307 4339 238
488 53 144
5397 1585 238
7745 2316 262
2867 4007 238
8384 6265 257
7329 5160 262
4388 150 238
7070 2240 262
5126 4586 210
9392 5697 262
8630 3213 262
4623 606 238
7252 3005 262
7656 1332 262
134 4080 238
8108 2094 262
996 6077 238
351 1875 182
5979 2737 238
1125 8433 262
8497 6145 262
4997 60 238
8897 3567 262
4403 3698 238
2070 2188 170
7062 6151 262
3378 2983 199
5153 4497 210
507 1322 182
7965 6666 257
3724 8839 262
8975 4811 262
8109 6588 257
6012 2046 238
9954 9888 242
6599 2006 262
6541 5942 262
7429 4941 262
958 3333 217
725 5090 238
3435 1880 217
284 9926 262
7514 5797 262
2248 8497 262
3657 8759 262
2703 6813 262
4632 1585 238
4995 4492 210
7543 3403 262
733 3901 238
2694 393 209
783 6584 262
4499 732 238
8339 9371 260
3635 1907 217
7409 9783 260
2022 3781 238
7026 6926 257
3311 8166 262
9485 5842 262
3460 9835 262
7833 7970 252
7470 7168 239
789 3813 238
1127 4398 238
2081 9714 262
5375 9538 262
8876 237 262
4019 6235 262
1268 2598 209
7172 8003 252
5372 1392 238
7783 1740 262
2377 8868 262
7720 7682 146
1221 5189 238
442 299 144
238 1304 182
6401 9329 260
9245 686 262
6139 5663 218
4986 7247 262
745 7673 262
1721 2465 209
3481 1254 217
1988 6993 262
9766 1596 262
3225 817 217
57 8286 262
8569 1194 262
4463 1470 238
5755 4784 236
2872 3532 217
1201 4065 238
3099 2724 217
3980 2787 238
2777 9028 262
1174 9616 262
6109 7497 262
3355 264 217
14 5250 238
2403 6213 262
1478 6932 262
7174 8303 252
8403 4293 262
9871 981 262
5533 702 238
8469 4135 262
6635 4913 262
5793 3685 238
3627 5989 238
2618 9379 262
2140 1380 180
6288 1333 262
9027 1880 262
6841 4934 262
12 4539 238
3946 3640 238
5120 4342 215
2631 9771 262
7646 603 262
9354 5913 262
4147 6017 236
2632 7925 262
930 7763 262
2230 9552 262
1617 5551 238
7061 6422 257
566 1917 182
5207 6552 262
1149 7485 262
7055 8765 252
8581 3835 262
9538 9598 198
4685 5263 210
423 4854 238
4008 6934 262
3577 7955 262
8500 9648 260
6000 5161 236
8719 5277 262
3700 5986 238
3998 2625 238
4184 9614 262
8268 4397 262
7815 1917 262
1254 8137 262
1779 6712 262
9357 8583 260
5457 594 238
6305 7610 257
6999 1187 262
2543 9374 262
9528 4433 262
5747 647 238
1257 8168 262
5267 9910 262
1389 8377 262
8366 5788 262
7747 9499 260
993 9606 262
9016 1626 262
1900 8013 262
6288 4628 262
4740 9112 262
8126 49 262
1023 7987 262
6401 2282 262
6997 8173 252
59 1108 179
4733 4217 215
4887 2395 238
7264 2255 262
645 4408 238
7535 1692 262
3820 1146 238
644 7495 262
3396 3291 181
5397 1740 238
5387 5021 192
7661 2162 262
2139 555 182
2196 983 182
5541 3542 238
9310 1525 262
4052 9121 262
4594 129 238
8752 9563 260
183 3989 238
5558 9371 262
4628 8834 262
1988 7925 262
3355 3892 238
914 884 148
7382 3148 262
3609 460 217
6502 2068 262
3920 3588 238
4311 3588 238
3029 2478 217
7251 3335 262
4307 9902 262
9373 8132 260
8536 138 262
9428 9439 154
5066 7794 262
3838 9439 262
4994 4302 215
525 7342 262
3657 2367 217
5456 141 238
8801 7383 252
5419 1482 238
3196 4822 238
771 1626 182
499 1957 182
8749 8179 234
3486 1276 217
1843 2989 217
5092 1888 238
5675 5271 236
1421 5746 238
2141 1438 180
5385 445 238
2769 9254 262
734 1568 182
4293 4625 215
9771 7176 260
4644 2317 238
8107 1068 262
7777 4163 262
7790 5696 262
6058 2162 238
712 8878 262
6932 7412 257
7840 3689 262
3865 7637 262
5081 8986 262
3642 8090 262
1861 9178 262
5137 4952 179
2681 6672 262
6681 7155 257
5645 2035 238
6061 8688 262
1207 9444 262
102 3408 217
1478 1703 180
1674 5706 238
5804 3462 238
839 6917 262
6316 678 262
5037 6048 236
2584 8821 262
3494 2622 217
8119 3269 262
9222 2418 262
9005 9183 198
6673 5731 262
7237 4680 262
3413 1963 217
972 8890 262
4114 2424 238
5283 6478 262
5022 5904 236
8259 1661 262
91939 435072 449
470165 571393 470
12675 354376 443
21316 245042 443
438435 644539 509
380425 622646 470
908396 881801 445
825255 853230 525
487718 761471 509
565614 656087 509
381438 825787 509
432046 294282 449
370041 420180 449
92441 353530 443
962030 999026 458
146677 13863 375
671954 687554 398
785365 900252 525
62372 298951 443
44215 196071 383
492324 331991 449
883826 597561 525
638220 526333 509
414574 301803 449
187826 729971 509
12068 983557 525
162592 786652 509
228381 732426 509
384711 916493 525
332002 965517 525
453209 775210 509
678149 324541 509
919169 881839 476
923881 516158 525
942230 312299 525
770904 559286 509
680821 347379 509
322126 465883 449
589097 941090 525
397330 896443 525
679432 700257 442
31473 108626 354
209954 975772 525
61837 162845 383
496132 880902 525
949040 405796 525
720005 991736 525
459146 688530 509
646087 828256 504
779227 161570 509
33335 468303 449
496062 110683 449
715739 107977 509
431182 99616 449
149249 538255 470
914021 545911 525
771102 964208 525
998027 349002 525
559143 808074 509
492388 874287 525
652662 557004 509
859357 946749 507
953786 962788 414
590343 189117 470
843823 526535 525
591053 30615 470
223375 951699 525
308241 261996 407
916974 279117 525
381646 425843 449
828941 678818 504
412747 715333 509
343973 760954 509
536990 832854 509
429401 960566 525
395824 115500 443
906574 572928 525
607536 293205 470
343252 200431 443
387205 967684 525
936485 783944 525
774718 612577 509
946304 191980 525
684960 180311 509
278789 377728 441
52666 579143 470
601780 438423 470
666888 635633 442
608417 810537 509
798558 432136 509
264594 921849 525
218376 984305 525
377662 463738 449
963006 472277 525
795053 242741 509
970405 355240 525
980584 721256 525
683627 755924 504
761855 59073 509
197324 856165 525
