175316 608156 470
50973 928041 525
208744 411839 449
979555 420326 525
648307 117776 509
827356 57373 509
289414 786638 509
359857 386068 423
649076 360227 509
669647 436072 509
28531 676412 509
177482 110353 383
151457 7135 375
206786 950364 525
577549 307274 470
292052 945940 525
501623 757766 509
225096 581216 470
714131 702193 504
760965 333684 509
454196 964712 525
50371 533596 470
685283 94707 509
902532 541821 525
783752 28593 509
791273 562264 509
424336 410894 418
579769 850010 525
451499 430900 400
838552 797193 525
340396 48949 443
25068 717085 509
926826 871608 476
615562 209522 470
769925 892232 525
