2 39 112
7672 4 262
53049 4 340
59 1189 182
5 10 20
404 9 144
9285 70 262
4 35 112
17122 10 276
735 3 171
324 59040 340
3 8 17
8480 5 262
20639 2902 279
3088 23892 282
1400 647 182
6 38 112
996 3 179
21 7156 262
75 7 116
85 75169 340
8 81 116
7 9 20
2 5 8
49952 88 324
705 35811 324
3 83750 351
7646 88358 351
9046 60604 340
15690 51 276
29 30594 308
18312 29608 308
4 86 116
25676 328 282
744 639 171
72093 173 340
1 565 144
4 869 171
7458 23710 282
97 2 119
11519 7247 268
10 25 24
293 5742 238
1009 93 179
59871 826 340
14121 7906 276
99 4 119
893 60237 340
8944 21 262
928 99 179
269 5342 238
39 85 116
4 10 20
3 90 116
210 90 125
2 1756 182
294 82349 351
37455 749 324
94 43 116
4 9 20
5890 9 238
437 8 144
1453 7983 262
36863 6069 324
9 896 179
9 7 20
3 26 24
695 65558 340
4018 46 238
39002 81145 351
86490 7 351
10 9450 262
4164 36 238
4888 32997 308
9 257 128
5772 6338 262
9021 9 262
66595 5356 340
7 44 112
878 10 179
44161 29265 324
752 27 171
59 447 144
79137 95 351
1 30 112
86 6380 262
948 5 179
3 1319 182
3849 97 238
3 704 171
375 3170 217
88 13 116
95 8214 262
3 11 20
67 69 28
5 6 9
16 559 144
74 5 116
323 6 131
798 42 171
2291 7608 262
24 4065 238
65369 8 340
1078 94 179
5 5 6
447 59342 340
7 10 20
8 7012 262
90 616 144
9 922 179
2151 2 182
23 45 112
82 872 179
7021 13393 276
5 68 113
21 6124 238
98978 8284 351
15 6465 262
77504 14586 351
2875 4682 238
916 89 179
3722 293 238
8492 4979 262
34719 1 311
9709 2788 262
982 78467 351
5 18949 279
6 1 9
701 779 171
7 395 144
9964 2 262
6017 6 238
2 54 113
39 36214 324
183 86 125
53668 74972 335
1 5140 238
71 8682 262
34 2 112
86 6 116
9 30110 308
94 77980 351
583 421 142
15525 6 276
164 1 122
490 3 144
2 8493 262
811 43319 324
43525 21 324
9444 40671 324
46925 4907 324
62 2140 182
957 97134 351
4060 7 238
77 4481 238
97860 442 351
1205 74629 340
303 575 144
6 99 119
4299 265 238
583 9 144
195 90264 351
3690 89851 351
1 34 112
1508 73 182
9 5 20
55 14880 276
48843 4 324
732 987 179
50 5 112
5 1150 179
1 5 8
857 85 171
2 1645 182
6 6817 262
54 6 113
69 23 113
131 8 122
88 3668 217
6171 17 262
50997 46991 314
79172 14 351
44 91322 351
4693 36265 324
3483 5 217
6 18460 279
5 98 119
7302 5 262
67214 319 340
75441 38 340
733 614 171
85616 28 351
49225 146 324
4 7769 262
37 964 179
4 90530 351
6558 2137 262
1875 5812 238
86 8 116
303 2124 182
2961 4 217
66762 9728 340
303 39707 324
6411 39071 324
31481 4 308
82192 92 351
719 3594 217
1 88744 351
3 4 8
71 880 179
11 62 113
536 7587 262
30 721 171
32381 12 308
5 11 20
887 53542 340
4168 3 238
56 5 113
842 8112 262
6 8 17
69 321 131
339 7712 262
3907 13 238
63 967 179
942 56 179
9 6 20
94903 1987 351
4 28022 308
14 43089 324
15 835 171
4 73 116
97024 8516 351
38 99 119
7 72 113
1 896 179
8062 7 262
15 1 20
974 59997 340
2 6947 262
8 6478 262
994 71 179
50 1 112
295 8 128
79 1 116
4130 247 238
85 24210 282
2685 97 209
97 923 179
7024 382 262
908 1173 182
85 44 116
13 6957 262
77955 61 351
1 895 179
4 96789 351
89172 88 351
79 63 116
7590 6927 257
75 5670 238
10 30342 308
10 216 125
94 8947 262
61250 93873 351
10 22 21
6 84 116
8 1 17
213 463 144
2454 68711 340
41794 44006 288
88 7506 262
6 3588 217
16 27281 308
5 53 112
60 38643 324
7151 2030 262
5330 69535 340
297 397 144
5 4729 238
39 8975 262
1357 1 182
5 10 20
5 4919 238
756 39118 324
519 88832 351
38382 71 324
8501 98413 351
3142 4 217
4 8733 262
91 4175 238
98949 49 351
4080 6070 236
59085 47 340
360 34695 311
206 164 125
715 60 171
90158 2187 351
7127 7 262
8711 93 262
31 2152 182
518 491 142
2 12882 268
81 6 116
94229 264 351
7 2 17
4011 30 238
164 1 122
918 34335 311
350 90 144
38 1460 182
93 74 111
48 6837 262
24 841 171
57997 35668 340
89107 3992 351
100 7545 262
46321 48 324
3 400 144
8320 566 262
566 341 142
79808 22 351
22 526 144
84 5 116
87468 24 351
65048 12 340
5764 2 238
279 97 128
8 972 179
465 8 144
9874 73289 340
12979 3801 268
938 22474 279
3 4328 238
721 84 171
30312 2619 308
48928 6 324
10 1458 182
50 67 113
8 17 20
98 91 119
5 13575 276
6642 1758 262
71 246 128
69477 310 340
563 9846 262
7450 949 262
10 334 144
2628 49 209
72330 40698 340
1 501 144
8164 7711 252
59 16233 276
948 262 179
17838 72192 340
281 2 128
3416 41 217
61878 1 340
9 2 20
63 5128 238
3083 39 217
42 232 128
82086 82947 320
61 780 171
36781 71021 340
2368 3 183
4 22661 279
73 9 116
8107 88609 351
6 793 171
46 890 179
13 26 24
7 684 145
283 925 179
4969 91665 351
327 26 144
36 99 119
691 5 145
5 845 171
14416 389 276
75 35651 311
796 2625 209
2863 8 209
5162 4426 210
10 6 20
16778 410 276
49158 3637 324
94 8290 262
568 6671 262
31 958 179
6806 99801 351
766 675 171
7 24 21
97 7061 262
69120 52 340
470 59351 340
10 7752 262
694 21905 279
60 7 113
1420 214 182
69 3550 217
173 6 125
8 1 17
12 10 15
916 12247 268
1 36023 324
432 48 144
4464 231 238
94003 98 351
82206 8350 351
6 25644 282
3 56 113
71 847 171
83 25510 282
6639 7539 257
77040 35056 351
97033 43 351
61178 10 340
10 852 171
48177 5 324
6052 673 238
4 10 20
5 3537 217
7842 9 262
95532 88591 333
91077 882 351
79 631 144
14281 2 276
618 2 144
90097 8845 351
9 10 20
10711 40633 324
8 5 17
9567 32205 308
62677 6113 340
7 92411 351
322 8 131
3 6828 262
808 99244 351
239 5 128
68361 38 340
4 39 112
5 3 8
433 2 144
5850 4 238
5120 10228 262
15401 9925 276
465 9597 262
94 79 111
28 10 112
8 69 113
1186 281 182
6 7 17
5 8447 262
699 218 145
4106 64486 340
36 6 112
6076 75740 340
62 8539 262
863 1220 182
691 7 145
69 783 171
25 14996 276
57 2858 209
221 365 144
440 94497 351
10151 28758 308
103 302 128
3587 8532 262
54653 3160 340
1 4812 238
6 3 9
5497 805 238
8 421 144
9944 99814 351
665 22727 279
5186 44 238
6633 9197 257
570 474 142
28 536 144
55 3 113
560 512 137
15 35466 311
589 6048 238
7215 186 262
5 87487 351
54639 6790 340
13060 8 268
63 25770 282
95109 327 351
9 68791 340
34 2 112
90 3292 217
24218 29148 308
8068 9 262
64930 74 340
49538 5 324
10 255 128
960 7694 262
3 75869 340
690 1828 182
1 9 20
4 3659 217
259 468 144
1050 41539 324
4309 48471 324
11 2297 183
5171 9 238
3 574 144
2 5 8
28 7662 262
47902 8308 324
7399 66 262
6 12 20
5431 4 238
438 1528 182
87017 51 351
42 379 144
9 5188 238
813 3403 217
50 3 112
53771 52326 340
23841 7 282
3 3 8
51384 35 324
792 62 171
1353 521 182
15127 10 276
1597 6540 262
70 9 113
43850 61 324
63561 10 340
25 27 112
37 8 112
315 89806 351
71 8384 262
62013 6 340
53072 60 340
45347 9149 324
3 799 171
170 2875 209
87 6561 262
99 47 119
597 414 142
157 20 122
5476 4 238
11564 71499 340
9 8 20
6881 6034 262
4868 15 238
96049 75009 351
62 583 144
546 11829 268
1475 4 182
2577 6098 238
10 42 112
45641 19750 324
8383 3865 262
54038 297 340
1183 10 182
8 142 122
10 39 112
6 104 119
4 29296 308
7382 72087 340
6774 8987 257
44108 94 324
6865 2 262
61 5 113
7 9 20
7468 32 262
1 672 145
89869 1 351
86 1631 182
10 5 20
3868 693 238
25494 2525 282
32634 26148 308
65063 2982 340
9793 3539 262
2952 759 217
809 3 171
2973 631 217
194 2 125
389 65 144
6222 3 262
7335 53892 340
8 9385 262
355 32124 308
37834 1 324
97 72357 340
271 5740 238
595 37 144
61718 60086 335
1 688 145
3593 174 217
6 36 112
10 766 171
8662 52162 324
89 2078 182
7 3 17
40 4 112
5 8 17
5593 467 238
4 96070 351
75518 33 340
570 2381 183
369 99 144
3911 4 238
4 7770 262
10 1145 179
7470 59987 340
825 4796 238
9 7 20
36952 3871 324
47212 36 324
81 5 116
4604 7 238
22 6 21
75 5 116
9 43067 324
6 5994 238
4669 2892 238
5 10 20
6128 92 238
750 342 171
8051 78 262
395 89 144
7663 408 262
24763 1 282
98159 430 351
2186 5 182
25 9651 262
8 1 17
142 558 144
8764 7 262
98577 349 351
48588 39 324
6 4 9
1 6618 262
51 1331 182
84 5476 238
831 80124 351
57148 1 340
44872 91119 351
77807 67908 351
1376 2 182
97 94 119
2 923 179
2 46 112
5 9 20
862 6 171
5 319 131
72152 9459 340
5220 7361 262
86710 31 351
193 2 125
93068 1583 351
1936 856 182
7 7521 262
55 95007 351
8106 28 262
748 984 179
32187 9 308
10501 1392 262
7928 4 262
3931 3394 238
194 13556 276
852 44 171
92766 6 351
8 3724 238
6 8930 262
5856 36075 324
5 3 8
8 157 122
1 6 9
493 8408 262
9 2892 209
9131 26798 308
4 3 8
3 65494 340
9 7144 262
382 9 144
9 697 145
283 975 179
4015 5 238
232 6 128
37843 15274 324
8384 41 262
579 2 144
5 687 145
31 10 112
10 9 20
7540 60294 340
321 458 144
735 82790 351
84 8 116
8507 45 262
9255 229 262
5 3 8
345 233 144
56749 16786 340
58 7 113
2 5748 238
705 28949 308
40994 61637 340
3879 2 238
9 7578 262
197 1723 182
83153 7213 351
913 12 179
12 3599 217
620 5573 238
346 5 144
73 2610 209
8 60850 340
97 43514 324
7 4 17
2 49 112
895 31 179
768 36607 324
61 245 128
53133 4049 340
7039 9 262
4684 33524 308
4649 48 238
4488 10 238
1 163 122
6 3932 238
84 87 31
18 9 21
5 3578 217
797 30299 308
39 8 112
1 58367 340
38030 30 324
7 54440 340
9252 913 262
28772 81457 351
820 8745 262
679 8 145
6 305 128
9521 260 262
8 3 17
139 142 104
55012 531 340
50718 8575 324
5 87 116
7 27 112
133 10 122
20 10 21
35933 9 324
16 385 144
6 16672 276
1 7228 262
24996 487 282
4 80 116
5253 941 238
7 34591 311
1 3 8
31 564 144
40 75 116
43 589 144
1 919 179
66 1 113
653 39 145
76 2392 183
38189 33 324
46612 795 324
3 1 8
1001 9 179
8572 1508 262
7 57527 340
942 3312 217
94 4 116
651 9564 262
76 91 111
2916 72 209
5 22 21
833 633 171
10 7 20
41407 51202 314
60787 9215 340
634 57 144
3 181 125
24 558 144
7 5 17
5 3 8
152 894 179
54276 150 340
570 42 144
9 1855 182
7052 6 262
51 81824 351
89662 89 351
20 9 21
387 20650 279
45951 3 324
773 5 171
52303 89186 351
5179 381 238
3 8 17
50 88 116
42574 48065 314
25054 245 282
52573 26 340
6 84892 351
23501 670 279
6 39 112
427 3 144
3 3300 217
7957 1 262
6644 920 262
10 4 20
71 71 103
109 7312 262
2265 6 183
85 300 128
345 28657 308
767 24 171
20 619 144
88 3200 217
45886 2878 324
7343 2095 262
6 11 20
8 19713 279
34 4 112
461 11740 268
4 8886 262
3 76097 340
1 37060 324
6 93244 351
10 192 125
8754 931 262
845 6490 262
69858 71 340
55 64 113
77694 8427 351
47 62 113
64 8881 262
2144 5 182
7867 161 262
9 469 144
8 442 144
35033 5 311
55983 27 340
794 8 171
711 6478 262
51567 9 324
6084 5351 236
6 8 17
10 100 119
834 867 148
689 3936 238
69964 16836 340
8485 13 262
7 8 17
95 4202 238
8067 66822 340
96801 5812 351
21484 99 279
239 22 128
69 1036 179
61 81569 351
49 2190 182
3 54076 340
6731 667 262
352 6122 238
84 1 116
54 17 113
2849 51 209
15 2 20
2070 234 182
6419 87390 351
80857 4 351
8 350 144
5728 3 238
4067 44 238
47 948 179
46044 34 324
852 6 171
35 8332 262
1582 55980 340
396 3 144
80 3 116
367 6610 262
5177 17794 279
631 9175 262
6383 4811 262
73 678 145
68333 10 340
32 1468 182
66 285 128
57458 8794 340
5219 68 238
47254 6250 324
916 485 179
10 1256 182
5 963 179
76 2 116
956 14298 276
98 6059 238
67860 97473 351
1 6400 262
558 9 144
92 59291 340
3 2 8
11897 86549 351
1169 1822 180
2 769 171
3491 3307 181
4589 44 238
8312 1798 262
778 2507 209
74 45 116
98366 1766 351
7 67 113
73505 24424 340
4564 581 238
63166 122 340
77 181 125
90235 406 351
687 3 145
17 918 179
3 89312 351
227 10 125
43 7282 262
8 3899 238
12735 528 268
518 2 144
606 9548 262
5 41596 324
26 69454 340
7 66132 340
96 567 144
6 63228 340
6 7800 262
782 7 171
820 789 135
53 1810 182
2 25057 282
48 72 113
627 40 144
6 10 20
84 3646 217
343 259 144
36 4 112
75 69 116
26 8791 262
21250 23 279
4008 9736 262
70 444 144
17 127 119
5 35 112
41 10 112
6 87 116
39 774 171
94575 2 351
5 29 112
62 9797 262
836 4 171
957 1 179
69397 77237 351
38266 261 324
10 32991 308
3 64139 340
31 892 179
38 6575 262
1 27 112
5 537 144
6210 9 262
390 7 144
53 10 112
52276 8456 324
5418 2 238
547 21 144
4061 711 238
15596 480 276
488 8137 262
10 78429 351
5 99 119
1544 899 182
3 8 17
11 86 116
1857 26 182
668 4 145
95 30 116
7 267 128
9493 82846 351
8 126 119
7 97541 351
2460 900 183
66478 1 340
6 76835 340
60511 2 340
68 167 122
589 47222 324
86349 529 351
6817 5 262
9260 9 262
58 6 113
4 264 128
