1 10 20
100 200 125
201 210 89
900 1000 174
340 924 179
215 968 179
106 965 179
31 366 144
376 116 144
330 58 144
274 365 144
397 124 144
276 172 128
283 232 128
94 703 171
181 625 144
403 328 126
329 635 142
297 960 179
340 174 144
214 189 120
347 495 142
419 327 144
148 714 171
194 147 125
130 991 179
463 596 142
196 654 145
475 532 142
255 693 145
411 40 144
13 253 128
369 613 142
190 214 120
364 979 179
26 438 144
257 224 128
463 323 144
437 463 129
6 284 128
131 885 179
303 288 118
499 342 142
348 173 144
40 186 125
314 927 179
222 497 144
148 693 145
437 663 145
273 200 128
87 306 128
472 728 171
359 238 144
191 445 144
229 614 144
51 507 144
65 464 144
453 477 129
159 254 128
333 520 142
105 836 171
338 961 179
25 376 144
204 327 144
177 664 145
170 835 171
195 151 125
350 602 142
306 955 179
467 386 134
250 828 171
195 490 144
75 708 171
379 388 121
321 106 131
418 157 144
262 198 128
473 809 171
259 45 128
383 352 126
34 70 113
46 156 122
353 973 179
40 503 144
289 968 179
431 415 134
74 336 144
178 975 179
124 69 119
105 882 179
302 583 144
495 97 144
299 55 128
95 451 144
75 49 116
435 125 144
330 64 144
421 583 142
30 462 144
248 595 144
226 862 171
84 459 144
402 319 144
173 135 125
63 598 144
399 878 179
118 585 144
396 343 126
232 314 131
175 770 171
101 38 119
101 914 179
433 995 179
446 107 144
101 149 122
408 627 142
381 111 144
413 153 144
239 230 128
293 751 171
453 467 129
119 550 144
259 182 128
265 56 128
181 168 125
395 472 134
486 168 144
266 361 144
450 429 116
403 358 121
383 847 171
311 845 171
183 284 128
325 985 179
393 722 171
45 779 171
395 909 179
207 660 145
68 696 145
454 169 144
489 65 144
242 745 171
38 70 113
378 810 171
232 142 128
479 631 142
39 53 110
84 337 144
150 208 125
283 880 179
176 68 125
206 950 179
400 703 171
98 613 144
324 698 145
349 969 179
115 742 171
20 350 144
97 169 122
188 976 179
229 12 125
278 34 128
273 785 171
137 951 179
56 908 179
94 510 144
152 265 128
385 394 121
125 496 144
289 238 123
459 672 145
372 820 171
337 254 144
329 882 179
292 886 179
316 17 131
201 417 144
246 514 144
352 262 144
4 692 145
26 338 144
91 112 119
200 757 171
489 410 142
461 242 144
411 985 179
429 423 103
342 884 179
438 102 144
268 141 128
452 122 144
375 102 144
184 217 120
10 314 131
447 619 142
129 57 122
282 907 179
147 299 128
390 530 142
407 192 144
465 244 144
403 629 142
484 374 134
181 85 125
328 133 144
337 29 144
401 857 171
134 505 144
54 101 119
197 364 144
12 463 144
321 583 144
244 407 144
141 876 179
454 960 179
433 333 134
20 605 144
416 338 134
57 798 171
164 952 179
267 973 179
438 423 116
39 592 144
330 257 144
422 272 144
305 693 145
81 805 171
350 234 144
333 90 144
31 182 125
416 896 179
249 691 145
99 743 171
155 769 171
253 892 179
120 296 128
220 429 144
58 162 122
405 54 144
88 321 131
271 395 144
487 569 142
342 962 179
21 49 112
262 627 144
36 922 179
419 991 179
238 809 171
255 148 128
133 201 125
469 472 129
218 888 179
277 245 123
386 443 134
168 575 144
216 58 125
171 935 179
45 333 144
434 813 171
263 766 171
393 290 144
276 893 179
72 84 116
264 775 171
211 807 171
342 164 144
63 665 145
12 930 179
296 639 144
11 913 179
440 295 144
97 627 144
55 782 171
175 51 125
203 476 144
286 415 144
269 908 179
213 27 125
1 557 144
263 823 171
228 373 144
250 319 131
211 598 144
359 834 171
119 143 122
3 413 144
333 565 142
337 946 179
248 507 144
54 921 179
289 7 128
238 399 144
80 404 144
145 597 144
6 951 179
477 473 36
475 909 179
484 961 179
95 494 144
390 812 171
88 466 144
286 946 179
44 692 145
212 963 179
482 517 142
302 970 179
125 584 144
148 215 125
275 50 128
373 111 144
173 446 144
461 117 144
54 549 144
178 76 125
5 568 144
90 225 125
190 816 171
151 129 122
474 634 142
178 389 144
312 160 128
84 113 119
398 23 144
201 584 144
444 48 144
62 50 113
252 54 128
226 660 145
303 199 128
337 807 171
111 940 179
173 78 125
105 519 144
399 593 142
185 174 94
200 651 145
79 306 128
8 291 128
311 830 171
194 326 131
475 648 142
157 297 128
393 562 142
4 38 112
5 823 171
234 438 144
48 963 179
183 833 171
493 679 145
41 532 144
166 951 179
47 774 171
90 400 144
303 798 171
192 493 144
365 101 144
430 898 179
261 754 171
356 617 142
161 468 144
331 88 144
166 900 179
367 91 144
67 955 179
5 655 145
61 865 171
156 175 125
55 376 144
89 565 144
418 33 144
54 65 113
490 803 171
483 883 179
472 5 144
282 108 128
259 759 171
394 692 145
278 266 92
282 288 105
480 125 144
191 85 125
17 62 113
277 908 179
135 855 171
131 313 131
271 496 144
116 78 119
118 296 128
116 667 145
331 705 171
440 28 144
60 221 125
231 491 144
356 783 171
186 451 144
330 243 144
34 806 171
174 459 144
76 496 144
210 517 144
114 348 144
499 585 137
150 119 122
432 914 179
430 489 142
161 516 144
360 458 134
275 773 171
414 108 144
124 782 171
471 544 142
380 145 144
195 73 125
414 869 171
415 39 144
214 591 144
343 222 144
181 611 144
165 873 179
147 701 145
326 651 145
160 848 171
378 82 144
88 929 179
267 793 171
67 462 144
287 708 171
402 324 144
263 664 145
246 137 128
368 4 144
81 240 128
423 741 171
38 315 131
266 771 171
132 934 179
344 408 126
319 475 144
260 796 171
238 173 128
270 633 144
225 118 125
33 200 125
410 484 134
165 794 171
368 488 142
20 785 171
201 842 171
88 417 144
8 669 145
280 516 144
351 55 144
123 732 171
431 22 144
188 416 144
206 152 125
468 169 144
495 348 142
483 559 142
492 116 144
77 10 116
32 129 122
213 145 125
482 655 145
30 691 145
244 236 97
244 868 171
45 15 112
168 254 128
77 252 128
456 80 144
49 331 144
88 684 145
444 159 144
168 381 144
295 5 128
294 225 128
219 961 179
336 239 144
497 472 142
129 224 125
221 690 145
463 94 144
164 11 122
138 59 122
47 866 171
352 415 134
150 909 179
287 531 144
240 28 128
194 764 171
400 623 142
290 880 179
265 520 144
1 75 116
165 34 122
204 360 144
478 258 144
440 609 142
26 47 112
55 362 144
395 727 171
387 769 171
59 59 33
26 26 11
70 70 15
55 55 113
265 347 144
235 593 144
362 899 179
489 599 142
16 932 179
352 415 134
324 669 145
424 578 142
91 415 144
364 467 134
86 354 144
235 749 171
259 629 144
170 293 128
232 420 144
431 733 171
60 457 144
357 413 134
150 280 128
277 373 144
180 593 144
125 216 125
80 602 144
363 533 142
279 344 144
14 541 144
131 771 171
77 832 171
96 282 128
291 694 145
290 759 171
42 489 144
30 831 171
408 628 142
38 568 144
80 539 144
296 650 145
381 501 142
214 307 128
31 286 128
331 736 171
123 497 144
142 684 145
135 426 144
213 362 144
73 481 144
210 435 144
37 255 128
72 724 171
262 466 144
369 837 171
280 551 144
192 345 144
461 806 171
286 314 131
110 429 144
335 582 142
275 582 144
332 407 126
403 420 134
126 260 128
347 635 142
294 427 144
438 469 129
302 482 144
145 402 144
174 478 144
217 445 144
418 818 171
68 928 179
435 784 171
170 469 144
461 846 171
96 838 171
274 465 144
277 714 171
175 215 120
358 497 142
118 312 128
185 475 144
321 337 144
296 942 179
168 208 125
17 399 144
21 797 171
311 478 144
212 448 144
340 549 142
191 367 144
467 666 145
15 82 116
457 878 179
209 411 144
316 402 144
499 929 179
259 699 145
355 592 142
295 582 144
298 440 144
235 374 144
30 806 171
213 649 145
122 763 171
11 751 171
143 798 171
49 211 125
252 278 123
194 992 179
217 644 144
69 988 179
12 604 144
353 542 142
33 310 128
351 972 179
82 132 122
7 258 128
92 125 119
387 525 142
126 195 125
365 937 179
316 360 144
22 915 179
44 932 179
69 124 119
4 262 128
442 825 171
121 373 144
300 871 179
161 606 144
130 972 179
414 420 134
292 478 144
200 375 144
313 358 144
212 438 144
46 844 171
59 236 128
319 598 144
204 478 144
386 895 179
125 697 145
434 436 116
49 915 179
136 299 128
130 181 125
347 425 134
228 541 144
168 719 171
295 677 145
351 453 134
263 601 144
14 407 144
406 598 142
345 920 179
198 231 128
272 273 30
181 331 144
18 913 179
35 753 171
154 731 171
50 547 144
170 308 128
159 435 144
211 763 171
93 305 128
337 734 171
163 360 144
55 555 144
200 328 144
104 963 179
38 760 171
239 435 144
159 433 144
352 551 142
266 411 144
368 815 171
302 942 179
13 862 171
96 272 128
198 890 179
156 526 144
40 973 179
317 383 144
266 340 144
251 284 123
285 377 144
250 478 144
264 412 144
49 519 144
277 661 145
497 554 137
232 546 144
63 310 128
60 324 131
122 787 171
396 738 171
211 490 144
251 343 144
335 551 142
332 590 142
207 848 171
346 402 126
446 827 171
404 484 134
47 754 171
283 946 179
195 492 144
12 515 144
335 667 145
448 694 145
249 499 144
55 594 144
105 884 179
283 703 171
69 302 128
220 787 171
371 575 142
415 609 142
476 729 171
280 547 144
292 712 171
279 915 179
81 566 144
349 499 142
100 875 179
318 340 144
260 533 144
91 634 144
338 524 142
442 492 142
103 147 122
174 299 128
131 413 144
27 170 122
106 672 145
499 771 171
34 385 144
106 143 122
24 429 144
180 357 144
219 285 128
192 514 144
287 686 145
428 557 142
253 357 144
167 309 128
442 825 171
119 443 144
184 297 128
76 283 128
241 327 144
318 386 144
230 791 171
499 895 179
32 366 144
172 252 128
71 279 128
330 369 126
30 335 144
273 633 144
232 922 179
190 906 179
223 265 128
297 548 144
71 826 171
437 607 142
62 729 171
248 265 123
80 502 144
146 279 128
240 912 179
472 891 179
47 258 128
412 753 171
30 83 116
397 814 171
34 132 122
439 766 171
475 906 179
379 497 142
339 467 134
97 180 125
203 402 144
330 488 142
104 341 144
442 702 145
74 798 171
452 687 145
176 198 120
270 934 179
390 413 134
111 196 125
399 821 171
87 259 128
283 414 144
378 630 142
358 434 134
109 508 144
190 371 144
62 825 171
312 722 171
188 335 144
127 763 171
434 453 116
455 794 171
258 363 144
345 433 134
466 513 142
126 194 125
169 285 128
164 518 144
53 529 144
193 426 144
55 93 116
133 317 131
293 944 179
86 240 128
19 725 171
371 807 171
169 480 144
491 767 171
88 584 144
157 990 179
227 807 171
3 490 144
473 478 54
363 999 179
409 919 179
320 861 171
45 444 144
317 928 179
282 928 179
17 438 144
191 431 144
148 400 144
375 482 134
497 783 171
259 623 144
332 998 179
261 440 144
35 976 179
28 64 113
168 749 171
205 756 171
153 518 144
381 559 142
167 491 144
173 980 179
436 921 179
278 332 144
297 427 144
482 953 179
478 840 171
470 675 145
126 776 171
401 759 171
305 696 145
414 989 179
158 556 144
159 361 144
341 566 142
69 454 144
179 691 145
92 260 128
182 253 128
178 992 179
224 853 171
406 975 179
222 783 171
487 715 171
395 552 142
106 183 125
238 460 144
194 552 144
291 377 144
141 209 125
107 465 144
51 656 145
131 612 144
398 880 179
168 932 179
147 460 144
80 299 128
88 908 179
175 275 128
285 409 144
14 455 144
292 873 179
69 181 125
211 975 179
152 559 144
456 498 142
93 439 144
180 435 144
177 420 144
22 212 125
131 774 171
288 583 144
50 225 125
310 315 131
486 500 142
11 471 144
199 281 128
286 416 144
31 353 144
20 673 145
454 481 129
145 440 144
182 991 179
247 988 179
37 276 128
259 451 144
124 376 144
86 111 119
133 134 29
177 266 128
296 835 171
52 921 179
224 276 128
404 496 142
35 768 171
141 317 131
486 888 179
173 305 128
268 450 144
90 934 179
233 898 179
217 939 179
193 601 144
211 338 144
59 80 116
218 406 144
238 675 145
111 207 125
99 176 125
178 595 144
253 411 144
444 480 129
57 103 119
37 121 119
36 596 144
133 699 145
3 137 122
290 789 171
164 179 125
417 833 171
11 41 112
361 563 142
93 730 171
30 267 128
169 497 144
34 376 144
322 608 144
308 441 144
425 895 179
75 775 171
287 343 144
57 550 144
50 283 128
262 315 131
97 491 144
222 725 171
91 293 128
228 541 144
23 75 116
191 334 144
416 677 145
179 278 128
458 854 171
451 998 179
168 344 144
34 712 171
85 324 131
196 281 128
281 455 144
436 748 171
237 815 171
45 430 144
36 222 125
350 891 179
175 755 171
362 971 179
58 934 179
93 789 171
49 288 128
306 372 144
344 800 171
67 955 179
436 785 171
128 210 125
121 176 125
480 846 171
57 342 144
448 523 142
25 152 122
187 410 144
472 652 145
96 282 128
324 907 179

