2 3 8
4 6 9
6 9 20
8 12 20
10 15 18
12 18 21
14 21 21
16 24 21
18 27 112
20 30 112
22 33 112
24 36 112
26 39 112
28 42 110
30 45 110
32 48 110
34 51 110
36 54 113
38 57 113
40 60 113
42 63 113
44 66 113
46 69 113
48 72 113
50 75 116
52 78 116
54 81 116
56 84 116
58 87 116
60 90 116
62 93 116
64 96 116
66 99 119
68 102 119
70 105 119
72 108 119
74 111 119
76 114 119
78 117 119
80 120 119
82 123 119
84 126 119
86 129 122
88 132 122
90 135 122
92 138 122
94 141 122
96 144 122
98 147 122
100 150 122
102 153 122
104 156 122
106 159 122
108 162 122
110 165 122
112 168 122
114 171 125
116 174 125
118 177 125
120 180 125
122 183 125
124 186 125
126 189 125
128 192 125
130 195 125
132 198 125
134 201 125
136 204 125
138 207 125
140 210 125
142 213 125
144 216 125
146 219 125
148 222 125
150 225 125
152 228 125
154 231 128
156 234 128
158 237 128
160 240 128
162 243 128
164 246 128
166 249 128
168 252 128
170 255 128
172 258 128
174 261 128
176 264 128
178 267 128
180 270 128
182 273 128
184 276 128
186 279 128
188 282 128
190 285 128
192 288 128
194 291 128
196 294 128
198 297 128
200 300 128
202 303 128
204 306 128
206 309 128
208 312 128
210 315 131
212 318 131
214 321 131
216 324 131
218 327 144
220 330 144
222 333 144
224 336 144
226 339 144
228 342 144
230 345 144
232 348 144
234 351 144
236 354 144
238 357 144
240 360 144
242 363 144
244 366 144
246 369 144
248 372 144
250 375 144
252 378 144
254 381 144
256 384 144
258 387 144
260 390 144
262 393 144
264 396 144
266 399 144
268 402 144
270 405 144
272 408 144
274 411 144
276 414 144
278 417 144
280 420 144
282 423 144
284 426 144
286 429 144
288 432 144
290 435 144
292 438 144
294 441 144
296 444 144
298 447 144
300 450 144
302 453 144
304 456 144
306 459 144
308 462 144
310 465 144
312 468 144
314 471 144
316 474 144
318 477 144
320 480 144
322 483 144
324 486 144
326 489 144
328 492 142
330 495 142
332 498 142
334 501 142
336 504 142
338 507 142
340 510 142
342 513 142
344 516 142
346 519 142
348 522 142
350 525 142
352 528 142
354 531 142
356 534 142
358 537 142
360 540 142
362 543 142
364 546 142
366 549 142
368 552 142
370 555 142
372 558 142
374 561 142
376 564 142
378 567 142
380 570 142
382 573 142
384 576 142
386 579 142
388 582 142
390 585 142
392 588 142
394 591 142
396 594 142
398 597 142
400 600 142
402 603 142
404 606 142
406 609 142
408 612 142
410 615 142
412 618 142
414 621 142
416 624 142
418 627 142
420 630 142
422 633 142
424 636 142
426 639 142
428 642 142
430 645 142
432 648 142
434 651 145
436 654 145
438 657 145
440 660 145
442 663 145
444 666 145
446 669 145
448 672 145
450 675 145
452 678 145
454 681 145
456 684 145
458 687 145
460 690 145
462 693 145
464 696 145
466 699 145
468 702 145
470 705 171
472 708 171
474 711 171
476 714 171
478 717 171
480 720 171
482 723 171
484 726 171
486 729 171
488 732 171
490 735 171
492 738 171
494 741 171
496 744 171
498 747 171
500 750 171
502 753 171
504 756 171
506 759 171
508 762 171
510 765 171
512 768 171
514 771 171
516 774 171
518 777 171
520 780 171
522 783 171
524 786 171
526 789 171
528 792 171
530 795 171
532 798 171
534 801 171
536 804 171
538 807 171
540 810 171
542 813 171
544 816 171
546 819 171
548 822 171
550 825 171
552 828 171
554 831 171
556 834 171
558 837 171
560 840 171
562 843 171
564 846 171
566 849 171
568 852 171
570 855 171
572 858 171
574 861 171
576 864 171
578 867 171
580 870 171
582 873 179
584 876 179
586 879 179
588 882 179
590 885 179
592 888 179
594 891 179
596 894 179
598 897 179
600 900 179
602 903 179
604 906 179
606 909 179
608 912 179
610 915 179
612 918 179
614 921 179
616 924 179
618 927 179
620 930 179
622 933 179
624 936 179
626 939 179
628 942 179
630 945 179
632 948 179
634 951 179
636 954 179
638 957 179
640 960 179
642 963 179
644 966 179
646 969 179
648 972 179
650 975 179
652 978 179
654 981 179
656 984 179
658 987 179
660 990 179
662 993 179
664 996 179
666 999 179
668 1002 179
670 1005 179
672 1008 179
674 1011 179
676 1014 179
678 1017 179
680 1020 179
682 1023 179
684 1026 179
686 1029 179
688 1032 179
690 1035 179
692 1038 179
694 1041 179
696 1044 179
698 1047 179
700 1050 179
702 1053 179
704 1056 179
706 1059 179
708 1062 179
710 1065 179
712 1068 179
714 1071 179
716 1074 179
718 1077 179
720 1080 179
722 1083 179
724 1086 179
726 1089 179
728 1092 179
730 1095 179
732 1098 179
734 1101 179
736 1104 179
738 1107 179
740 1110 179
742 1113 179
744 1116 179
746 1119 179
748 1122 179
750 1125 179
752 1128 179
754 1131 179
756 1134 179
758 1137 179
760 1140 179
762 1143 179
764 1146 179
766 1149 179
768 1152 179
770 1155 179
772 1158 179
774 1161 182
776 1164 182
778 1167 182
780 1170 182
782 1173 182
784 1176 182
786 1179 182
788 1182 182
790 1185 182
792 1188 182
794 1191 182
796 1194 182
798 1197 182
800 1200 182
802 1203 182
804 1206 182
806 1209 182
808 1212 182
810 1215 182
812 1218 182
814 1221 182
816 1224 182
818 1227 182
820 1230 182
822 1233 182
824 1236 182
826 1239 182
828 1242 182
830 1245 182
832 1248 182
834 1251 182
836 1254 182
838 1257 182
840 1260 182
842 1263 182
844 1266 182
846 1269 182
848 1272 182
850 1275 182
852 1278 182
854 1281 182
856 1284 182
858 1287 182
860 1290 182
862 1293 182
864 1296 182
866 1299 182
868 1302 182
870 1305 182
872 1308 182
874 1311 182
876 1314 182
878 1317 182
880 1320 182
882 1323 182
884 1326 182
886 1329 182
888 1332 182
890 1335 182
892 1338 182
894 1341 182
896 1344 182
898 1347 182
900 1350 182
902 1353 182
904 1356 182
906 1359 182
908 1362 182
910 1365 182
912 1368 182
914 1371 182
916 1374 182
918 1377 182
920 1380 182
922 1383 182
924 1386 182
926 1389 182
928 1392 182
930 1395 182
932 1398 182
934 1401 182
936 1404 182
938 1407 182
940 1410 182
942 1413 182
944 1416 182
946 1419 182
948 1422 182
950 1425 182
952 1428 182
954 1431 182
956 1434 182
958 1437 182
960 1440 182
962 1443 182
964 1446 182
966 1449 182
968 1452 182
970 1455 182
972 1458 182
974 1461 182
976 1464 182
978 1467 182
980 1470 182
982 1473 182
984 1476 182
986 1479 182
988 1482 182
990 1485 182
992 1488 182
994 1491 182
996 1494 182
998 1497 182
1000 1500 182
1002 1503 182
1004 1506 182
1006 1509 182
1008 1512 182
1010 1515 182
1012 1518 182
1014 1521 182
1016 1524 182
1018 1527 182
1020 1530 182
1022 1533 182
1024 1536 182
1026 1539 182
1028 1542 182
1030 1545 182
1032 1548 182
1034 1551 182
1036 1554 182
1038 1557 182
1040 1560 182
1042 1563 182
1044 1566 182
1046 1569 182
1048 1572 182
1050 1575 182
1052 1578 182
1054 1581 182
1056 1584 182
1058 1587 182
1060 1590 182
1062 1593 182
1064 1596 182
1066 1599 182
1068 1602 182
1070 1605 182
1072 1608 182
1074 1611 182
1076 1614 182
1078 1617 182
1080 1620 182
1082 1623 182
1084 1626 182
1086 1629 182
1088 1632 182
1090 1635 182
1092 1638 182
1094 1641 182
1096 1644 182
1098 1647 182
1100 1650 182
1102 1653 182
1104 1656 182
1106 1659 182
1108 1662 182
1110 1665 182
1112 1668 182
1114 1671 182
1116 1674 182
1118 1677 182
1120 1680 182
1122 1683 182
1124 1686 182
1126 1689 182
1128 1692 182
1130 1695 182
1132 1698 182
1134 1701 182
1136 1704 182
1138 1707 182
1140 1710 182
1142 1713 182
1144 1716 182
1146 1719 182
1148 1722 182
1150 1725 182
1152 1728 182
1154 1731 182
1156 1734 182
1158 1737 182
1160 1740 182
1162 1743 180
1164 1746 180
1166 1749 180
1168 1752 180
1170 1755 180
1172 1758 180
1174 1761 180
1176 1764 180
1178 1767 180
1180 1770 180
1182 1773 180
1184 1776 180
1186 1779 180
1188 1782 180
1190 1785 180
1192 1788 180
1194 1791 180
1196 1794 180
1198 1797 180
1200 1800 180
1202 1803 180
1204 1806 180
1206 1809 180
1208 1812 180
1210 1815 180
1212 1818 180
1214 1821 180
1216 1824 180
1218 1827 180
1220 1830 180
1222 1833 180
1224 1836 180
1226 1839 180
1228 1842 180
1230 1845 180
1232 1848 180
1234 1851 180
1236 1854 180
1238 1857 180
1240 1860 180
1242 1863 180
1244 1866 180
1246 1869 180
1248 1872 180
1250 1875 180
1252 1878 180
1254 1881 180
1256 1884 180
1258 1887 180
1260 1890 180
1262 1893 180
1264 1896 180
1266 1899 180
1268 1902 180
1270 1905 180
1272 1908 180
1274 1911 180
1276 1914 180
1278 1917 180
1280 1920 180
1282 1923 180
1284 1926 180
1286 1929 180
1288 1932 180
1290 1935 180
1292 1938 180
1294 1941 180
1296 1944 180
1298 1947 180
1300 1950 180
1302 1953 180
1304 1956 180
1306 1959 180
1308 1962 180
1310 1965 180
1312 1968 180
1314 1971 180
1316 1974 180
1318 1977 180
1320 1980 180
1322 1983 180
1324 1986 180
1326 1989 180
1328 1992 180
1330 1995 180
1332 1998 180
1334 2001 180
1336 2004 180
1338 2007 180
1340 2010 180
1342 2013 180
1344 2016 180
1346 2019 180
1348 2022 180
1350 2025 180
1352 2028 180
1354 2031 180
1356 2034 180
1358 2037 180
1360 2040 180
1362 2043 180
1364 2046 180
1366 2049 180
1368 2052 180
1370 2055 180
1372 2058 180
1374 2061 180
1376 2064 180
1378 2067 180
1380 2070 180
1382 2073 180
1384 2076 180
1386 2079 180
1388 2082 180
1390 2085 180
1392 2088 180
1394 2091 180
1396 2094 180
1398 2097 180
1400 2100 180
1402 2103 180
1404 2106 180
1406 2109 180
1408 2112 180
1410 2115 180
1412 2118 180
1414 2121 180
1416 2124 180
1418 2127 180
1420 2130 180
1422 2133 180
1424 2136 180
1426 2139 180
1428 2142 180
1430 2145 180
1432 2148 180
1434 2151 180
1436 2154 180
1438 2157 180
1440 2160 180
1442 2163 180
1444 2166 180
1446 2169 180
1448 2172 180
1450 2175 180
1452 2178 180
1454 2181 180
1456 2184 180
1458 2187 180
1460 2190 180
1462 2193 180
1464 2196 180
1466 2199 180
1468 2202 180
1470 2205 180
1472 2208 180
1474 2211 180
1476 2214 180
1478 2217 180
1480 2220 180
1482 2223 183
1484 2226 183
1486 2229 183
1488 2232 183
1490 2235 183
1492 2238 183
1494 2241 183
1496 2244 183
1498 2247 183
1500 2250 183
1502 2253 183
1504 2256 183
1506 2259 183
1508 2262 183
1510 2265 183
1512 2268 183
1514 2271 183
1516 2274 183
1518 2277 183
1520 2280 183
1522 2283 183
1524 2286 183
1526 2289 183
1528 2292 183
1530 2295 183
1532 2298 183
1534 2301 183
1536 2304 183
1538 2307 183
1540 2310 183
1542 2313 183
1544 2316 183
1546 2319 183
1548 2322 183
1550 2325 183
1552 2328 183
1554 2331 183
1556 2334 183
1558 2337 183
1560 2340 183
1562 2343 183
1564 2346 183
1566 2349 183
1568 2352 183
1570 2355 183
1572 2358 183
1574 2361 183
1576 2364 183
1578 2367 183
1580 2370 183
1582 2373 183
1584 2376 183
1586 2379 183
1588 2382 183
1590 2385 183
1592 2388 183
1594 2391 183
1596 2394 183
1598 2397 183
1600 2400 183
1602 2403 183
1604 2406 183
1606 2409 183
1608 2412 183
1610 2415 183
1612 2418 183
1614 2421 183
1616 2424 183
1618 2427 183
1620 2430 183
1622 2433 183
1624 2436 183
1626 2439 183
1628 2442 183
1630 2445 183
1632 2448 183
1634 2451 183
1636 2454 183
1638 2457 183
1640 2460 183
1642 2463 209
1644 2466 209
1646 2469 209
1648 2472 209
1650 2475 209
1652 2478 209
1654 2481 209
1656 2484 209
1658 2487 209
1660 2490 209
1662 2493 209
1664 2496 209
1666 2499 209
1668 2502 209
1670 2505 209
1672 2508 209
1674 2511 209
1676 2514 209
1678 2517 209
1680 2520 209
1682 2523 209
1684 2526 209
1686 2529 209
1688 2532 209
1690 2535 209
1692 2538 209
1694 2541 209
1696 2544 209
1698 2547 209
1700 2550 209
1702 2553 209
1704 2556 209
1706 2559 209
1708 2562 209
1710 2565 209
1712 2568 209
1714 2571 209
1716 2574 209
1718 2577 209
1720 2580 209
1722 2583 209
1724 2586 209
1726 2589 209
1728 2592 209
1730 2595 209
1732 2598 209
1734 2601 209
1736 2604 209
1738 2607 209
1740 2610 209
1742 2613 209
1744 2616 209
1746 2619 209
1748 2622 209
1750 2625 209
1752 2628 209
1754 2631 209
1756 2634 209
1758 2637 209
1760 2640 209
1762 2643 209
1764 2646 209
1766 2649 209
1768 2652 209
1770 2655 209
1772 2658 209
1774 2661 209
1776 2664 209
1778 2667 209
1780 2670 209
1782 2673 209
1784 2676 209
1786 2679 209
1788 2682 209
1790 2685 209
1792 2688 209
1794 2691 209
1796 2694 209
1798 2697 209
1800 2700 209
1802 2703 209
1804 2706 209
1806 2709 209
1808 2712 209
1810 2715 209
1812 2718 209
1814 2721 209
1816 2724 209
1818 2727 209
1820 2730 209
1822 2733 209
1824 2736 209
1826 2739 209
1828 2742 209
1830 2745 209
1832 2748 209
1834 2751 209
1836 2754 209
1838 2757 209
1840 2760 209
1842 2763 209
1844 2766 209
1846 2769 209
1848 2772 209
1850 2775 209
1852 2778 209
1854 2781 209
1856 2784 209
1858 2787 209
1860 2790 209
1862 2793 209
1864 2796 209
1866 2799 209
1868 2802 209
1870 2805 209
1872 2808 209
1874 2811 209
1876 2814 209
1878 2817 209
1880 2820 209
1882 2823 209
1884 2826 209
1886 2829 209
1888 2832 209
1890 2835 209
1892 2838 209
1894 2841 209
1896 2844 209
1898 2847 209
1900 2850 209
1902 2853 209
1904 2856 209
1906 2859 209
1908 2862 209
1910 2865 209
1912 2868 209
1914 2871 209
1916 2874 209
1918 2877 209
1920 2880 209
1922 2883 209
1924 2886 209
1926 2889 209
1928 2892 209
1930 2895 209
1932 2898 209
1934 2901 209
1936 2904 209
1938 2907 209
1940 2910 209
1942 2913 209
1944 2916 209
1946 2919 217
1948 2922 217
1950 2925 217
1952 2928 217
1954 2931 217
1956 2934 217
1958 2937 217
1960 2940 217
1962 2943 217
1964 2946 217
1966 2949 217
1968 2952 217
1970 2955 217
1972 2958 217
1974 2961 217
1976 2964 217
1978 2967 217
1980 2970 217
1982 2973 217
1984 2976 217
1986 2979 217
1988 2982 217
1990 2985 217
1992 2988 217
1994 2991 217
1996 2994 217
1998 2997 217
2000 3000 217
