244 480 144
48 594 144
136 756 171
784 64 171
449 109 144
92 467 144
769 262 171
903 24 179
277 329 144
481 848 171
923 245 179
268 194 128
688 740 171
807 785 122
372 999 179
487 952 179
821 110 171
605 323 144
331 454 134
495 17 144
95 884 179
395 30 144
613 697 145
436 887 179
544 50 144
706 759 140
493 843 171
32 132 122
726 867 153
890 809 179
166 241 128
7 199 125
953 281 179
588 660 145
225 151 125
230 938 179
711 874 179
706 662 171
359 12 144
17 941 179
63 715 171
588 475 142
577 603 119
621 309 144
514 604 137
470 718 171
282 302 118
609 420 142
118 741 171
484 190 144
980 277 179
544 526 137
955 119 179
332 742 171
155 719 171
434 940 179
841 53 171
832 445 171
388 656 145
185 865 171
283 776 171
24 538 144
338 620 142
707 947 179
562 383 142
118 200 125
205 690 145
641 351 142
147 405 144
627 265 144
385 496 142
102 485 144
672 109 145
273 169 128
290 238 123
635 90 144
984 726 179
410 414 134
537 379 142
644 17 144
181 340 144
957 733 179
82 585 144
691 778 171
911 996 174
804 318 171
890 293 179
833 616 171
85 578 144
433 691 145
358 480 134
798 357 171
888 18 179
645 383 142
425 709 171
454 239 144
900 105 179
672 536 145
235 399 144
971 292 179
613 699 145
570 778 171
791 360 171
241 50 128
515 386 142
982 465 179
375 248 144
841 160 171
164 790 171
590 665 145
178 257 128
245 245 22
466 595 142
889 131 179
224 776 171
1000 608 179
82 357 144
367 60 144
232 101 128
563 959 179
106 488 144
361 748 171
945 702 179
942 779 179
13 767 171
970 245 179
891 523 179
433 127 144
524 428 142
733 403 171
881 11 179
779 32 171
789 946 179
487 485 142
39 926 179
976 794 179
165 986 179
704 256 171
9 947 179
54 202 125
27 403 144
959 666 179
443 663 145
650 399 145
438 54 144
628 411 142
600 934 179
929 325 179
26 158 122
554 29 144
588 387 142
5 22 21
724 546 171
721 350 171
916 195 179
716 635 171
512 139 144
618 596 132
396 579 142
757 162 171
871 855 179
974 207 179
659 305 145
877 604 179
276 989 179
647 373 142
357 396 121
143 453 144
527 449 142
882 523 179
453 301 144
541 219 144
679 559 145
90 240 128
867 419 171
179 414 144
253 770 171
409 349 126
385 58 144
791 757 153
467 978 179
691 350 145
356 375 95
961 37 179
805 30 171
978 850 179
107 944 179
654 22 145
755 860 153
405 306 144
364 447 134
890 917 130
583 378 142
987 497 179
584 66 144
157 118 122
105 444 144
449 683 145
102 700 145
441 633 142
76 858 171
140 940 179
398 668 145
782 613 171
630 728 171
768 443 171
466 289 144
235 425 144
759 235 171
692 13 145
598 537 137
853 734 153
864 773 153
749 784 153
193 351 144
810 488 171
899 477 179
93 267 128
467 566 142
29 470 144
252 517 144
374 264 144
110 581 144
658 985 179
576 455 142
242 532 144
961 809 179
896 141 179
327 204 144
872 115 179
962 971 143
31 636 144
113 589 144
82 774 171
993 941 143
621 639 132
902 114 179
262 165 128
943 908 174
753 937 179
43 811 171
912 420 179
899 295 179
92 182 125
98 376 144
145 264 128
84 275 128
599 202 144
794 374 171
521 392 142
926 999 174
536 302 144
487 737 171
808 937 179
469 965 179
223 823 171
356 376 108
754 348 171
509 69 144
807 112 171
799 608 171
550 840 171
106 74 119
801 997 179
380 248 144
17 437 144
664 872 179
675 550 145
532 92 144
982 87 179
472 97 144
541 897 179
616 342 142
648 264 144
732 662 171
109 941 179
720 459 171
31 318 131
144 962 179
903 245 179
733 317 171
521 612 137
140 846 171
170 174 125
705 784 153
927 752 179
41 425 144
321 770 171
127 26 119
766 646 171
20 769 171
820 353 171
41 894 179
291 484 144
830 196 171
818 305 171
650 554 145
84 423 144
438 926 179
94 798 171
435 901 179
173 649 145
460 28 144
124 431 144
973 73 179
574 188 144
870 391 171
48 733 171
999 96 179
920 57 179
763 893 179
732 662 171
681 262 145
923 958 174
328 47 144
136 410 144
118 72 119
568 495 137
584 145 144
243 653 145
777 687 171
382 358 108
314 678 145
862 592 171
877 162 179
601 282 144
816 701 171
266 65 128
691 419 145
422 735 171
941 568 179
405 579 142
934 935 130
705 591 171
569 50 144
262 287 123
691 98 145
254 37 128
203 44 125
192 824 171
484 971 179
651 855 171
738 927 179
566 893 179
781 286 171
312 335 144
16 191 125
753 575 171
134 19 122
488 933 179
418 159 144
313 731 171
989 514 179
29 145 122
10 100 119
15 367 144
371 948 179
377 353 126
657 372 145
348 608 142
33 43 110
138 389 144
612 589 132
333 690 145
234 273 128
652 997 179
468 689 145
930 319 179
212 416 144
800 807 73
168 627 144
749 845 153
619 33 144
549 914 179
147 432 144
350 579 142
7 109 119
815 817 135
367 991 179
513 856 171
299 442 144
110 240 128
516 193 144
174 174 32
372 413 134
113 499 144
83 681 145
235 576 144
120 882 179
714 9 171
766 782 153
364 871 179
797 785 122
58 357 144
105 591 144
810 518 171
681 833 171
546 891 179
905 50 179
819 461 171
868 880 179
82 649 145
719 802 153
70 549 144
177 106 125
9 633 144
621 599 132
622 564 132
708 780 153
864 834 148
448 387 134
78 430 144
765 234 171
12 804 171
579 237 144
402 936 179
512 932 179
974 802 179
359 482 134
828 255 171
471 254 144
871 43 179
518 712 171
753 471 171
154 188 125
111 911 179
656 272 145
738 310 171
739 886 179
738 184 171
779 107 171
22 538 144
956 719 179
959 899 174
21 134 122
220 594 144
545 994 179
403 142 144
18 520 144
581 772 171
838 258 171
681 18 145
490 778 171
853 997 179
382 971 179
455 821 171
226 772 171
730 846 153
112 649 145
757 486 171
151 887 179
559 715 171
267 150 128
820 977 179
333 800 171
775 570 171
552 502 137
776 436 171
417 65 144
62 655 145
999 766 179
294 372 144
245 226 128
251 53 128
123 722 171
602 952 179
937 858 179
912 770 179
723 352 171
650 369 145
248 874 179
552 961 179
317 505 144
832 502 171
898 621 179
675 68 145
353 828 171
678 263 145
530 20 144
37 191 125
177 535 144
287 816 171
470 988 179
123 772 171
848 400 171
513 160 144
573 852 171
767 549 171
577 846 171
217 586 144
522 897 179
276 467 144
706 377 171
613 137 144
466 411 134
672 41 145
954 502 179
967 73 179
51 270 128
796 977 179
253 165 128
90 394 144
739 213 171
901 409 179
597 956 179
902 847 179
58 462 144
26 752 171
813 174 171
197 698 145
400 78 144
670 761 171
603 829 171
47 996 179
795 867 148
572 593 119
440 36 144
708 387 171
332 441 134
974 474 179
854 175 171
115 13 119
992 422 179
988 119 179
267 690 145
428 70 144
640 591 132
622 460 142
996 86 179
334 478 134
65 512 144
738 975 179
520 975 179
227 994 179
835 754 153
682 746 171
100 135 122
797 584 171
168 928 179
111 800 171
226 743 171
466 138 144
906 75 179
634 843 171
357 940 179
947 963 130
569 402 142
728 440 171
710 808 153
917 104 179
790 120 171
592 191 144
947 148 179
920 821 179
124 968 179
294 58 128
897 910 117
682 535 145
476 197 144
659 766 171
329 698 145
245 684 145
208 884 179
972 801 179
195 919 179
626 764 171
332 552 142
602 297 144
970 209 179
847 676 171
189 591 144
82 862 171
602 400 142
285 48 128
347 503 142
304 495 144
831 785 135
684 752 171
854 677 171
239 991 179
495 367 142
432 522 142
459 973 179
843 758 153
708 950 179
677 85 145
216 101 125
863 935 179
197 209 120
764 609 171
901 391 179
769 356 171
404 879 179
233 200 128
188 149 125
819 638 171
972 487 179
185 362 144
838 828 135
710 693 171
945 865 179
996 841 179
470 775 171
466 180 144
279 673 145
918 579 179
314 721 171
674 59 145
963 502 179
282 789 171
598 100 144
776 585 171
486 60 144
611 616 70
707 970 179
170 900 179
496 933 179
848 524 171
725 732 140
336 596 142
985 338 179
689 290 145
224 161 125
618 969 179
170 204 125
548 281 144
176 70 125
958 580 179
631 492 137
324 251 131
252 831 171
862 632 171
343 957 179
891 110 179
13 495 144
741 215 171
414 265 144
193 795 171
278 267 92
527 847 171
371 527 142
958 78 179
289 496 144
741 233 171
757 331 171
713 525 171
359 405 121
863 356 171
158 389 144
568 133 144
564 645 132
219 923 179
78 411 144
977 112 179
354 716 171
482 47 144
579 267 144
479 873 179
226 67 125
79 678 145
963 642 179
292 967 179
928 510 179
166 306 128
342 25 144
966 266 179
277 778 171
470 269 144
355 996 179
545 594 137
402 678 145
971 510 179
684 262 145
954 209 179
589 315 144
479 804 171
99 113 114
876 961 174
270 371 144
605 268 144
20 886 179
664 42 145
726 485 171
415 931 179
255 416 144
500 665 145
544 218 144
578 645 132
544 843 171
441 392 134
566 319 144
680 330 145
44 389 144
907 177 179
221 974 179
258 44 128
801 26 171
52 295 128
884 283 179
471 213 144
86 621 144
486 32 144
804 250 171
521 367 142
112 777 171
758 10 171
461 301 144
555 105 144
615 743 171
518 631 137
734 958 179
457 132 144
1 352 144
862 558 171
183 895 179
831 557 171
909 718 179
636 691 145
404 513 142
723 239 171
97 991 179
248 713 171
245 754 171
601 260 144
270 881 179
177 801 171
549 372 142
901 801 179
217 681 145
818 27 171
760 314 171
947 88 179
145 830 171
799 174 171
353 990 179
63 51 113
463 764 171
78 939 179
675 367 145
546 923 179
943 638 179
59 188 125
328 342 126
53 180 125
345 848 171
273 938 179
140 451 144
430 937 179
954 624 179
263 155 128
137 977 179
971 544 179
379 702 145
543 100 144
880 306 179
574 423 142
98 143 122
968 858 179
515 447 142
246 95 128
80 14 116
411 349 134
182 729 171
827 763 153
475 45 144
470 447 129
637 82 144
50 30 110
167 332 144
978 880 174
413 917 179
582 328 142
690 790 171
358 250 144
115 608 144
404 512 142
637 727 171
420 352 134
406 481 134
972 82 179
255 49 128
772 221 171
507 546 137
330 812 171
697 487 145
954 620 179
192 317 131
326 117 131
520 222 144
179 242 128
826 828 91
29 471 144
889 760 179
527 277 144
663 970 179
23 247 128
993 176 179
904 749 179
925 39 179
437 255 144
624 911 179
582 604 119
765 641 171
810 750 153
907 287 179
162 133 117
840 126 171
180 63 125
42 478 144
402 960 179
954 996 143
448 335 134
764 927 179
852 177 171
609 267 144
107 834 171
165 829 171
194 362 144
195 438 144
294 542 144
270 392 144
968 566 179
290 827 171
544 787 171
292 555 144
637 739 171
590 349 142
719 2 171
26 619 144
999 923 174
319 959 179
560 695 145
134 422 144
78 969 179
42 882 179
401 737 171
754 975 179
569 789 171
196 262 128
734 577 171
996 323 179
805 432 171
23 994 179
19 70 113
761 150 171
260 388 144
152 540 144
999 995 50
94 462 144
327 584 144
81 441 144
572 948 179
798 244 171
983 321 179
435 768 171
204 985 179
862 497 171
397 399 121
397 948 179
645 592 132
221 9 125
248 418 144
856 121 171
159 792 171
655 865 171
321 615 144
105 877 179
833 226 171
980 894 174
599 272 144
45 697 145
514 530 124
916 105 179
225 686 145
379 143 144
922 269 179
55 283 128
295 907 179
595 448 142
140 760 171
834 595 171
950 912 174
996 783 179
652 854 171
704 260 171
390 328 126
665 94 145
26 544 144
581 565 119
502 70 144
211 329 144
570 730 171
746 387 171
187 644 144
995 464 179
611 269 144
102 659 145
798 962 179
40 859 171
180 251 128
925 868 179
959 309 179
558 568 106
491 289 144
108 653 145
820 866 148
703 212 171
306 857 171
72 215 125
575 985 179
910 926 130
39 527 144
142 492 144
824 539 171
277 567 144
940 695 179
906 731 179
579 802 171
632 292 144
743 550 171
57 73 116
220 4 125
975 868 179
325 541 144
547 140 144
731 755 140
471 634 142
283 158 128
430 698 145
490 615 142
121 793 171
693 120 145
672 462 145
10 163 122
209 333 144
308 62 128
874 549 179
548 173 144
321 111 131
928 509 179
169 768 171
584 526 137
680 507 145
140 921 179
160 807 171
225 558 144
833 544 171
749 269 171
460 138 144
430 936 179
412 595 142
175 797 171
650 804 171
997 994 50
747 93 171
889 627 179
169 89 122
174 774 171
946 794 179
713 645 171
265 705 171
939 530 179
290 248 123
120 949 179
834 482 171
516 653 145
146 477 144
987 494 179
787 714 153
153 563 144
605 61 144
38 883 179
903 649 179
580 191 144
265 622 144
407 737 171
451 995 179
630 790 171
980 272 179
440 983 179
940 322 179
853 139 171
814 675 171
454 600 142
625 11 144
189 449 144
234 604 144
976 668 179
661 990 179
213 453 144
519 481 142
493 467 142
584 959 179
849 777 135
35 648 144
82 979 179
634 468 142
620 713 171
105 926 179
385 56 144
