153 988 179
235 837 171
541 920 179
671 116 145
187 301 128
736 727 140
877 603 179
797 930 179
678 731 171
408 709 171
211 485 144
160 619 144
609 913 179
168 271 128
678 677 52
781 475 171
444 935 179
480 250 144
619 539 137
478 557 142
522 519 124
224 592 144
630 936 179
896 932 130
253 204 128
947 649 179
798 862 148
962 747 179
690 622 145
405 919 179
323 220 131
295 689 145
318 254 131
533 426 142
990 698 179
335 634 142
137 253 128
239 143 128
199 15 125
212 527 144
376 227 144
666 160 145
507 10 144
624 802 171
413 68 144
816 497 171
884 308 179
251 890 179
737 211 171
686 751 171
152 570 144
451 618 142
39 918 179
299 9 128
308 535 144
296 544 144
751 469 171
293 686 145
682 379 145
177 532 144
630 360 142
935 225 179
145 98 122
527 127 144
205 873 179
737 836 153
826 919 179
418 508 142
186 638 144
43 693 145
34 977 179
51 100 119
144 46 122
242 268 123
355 737 171
418 114 144
68 618 144
503 728 171
118 913 179
646 591 132
616 713 171
170 575 144
702 861 171
792 742 153
144 169 117
220 940 179
373 684 145
121 628 144
850 753 153
421 229 144
629 550 137
121 489 144
611 521 137
87 28 116
240 948 179
786 274 171
349 466 134
577 452 142
452 874 179
927 165 179
999 60 179
929 358 179
60 187 125
539 152 144
421 543 142
276 107 128
308 626 144
492 959 179
839 97 171
939 791 179
811 216 171
60 868 171
623 240 144
335 106 144
981 66 179
59 244 128
519 79 144
105 296 128
637 782 171
624 821 171
640 264 144
99 842 171
773 999 179
879 25 179
810 770 153
116 825 171
689 749 171
28 918 179
89 865 171
538 136 144
931 682 179
637 535 137
565 879 179
265 960 179
764 351 171
124 679 145
742 634 171
577 208 144
118 67 119
728 475 171
102 652 145
838 828 135
234 48 128
474 230 144
684 506 145
167 163 112
441 870 171
907 397 179
752 917 179
489 788 171
795 440 171
612 703 171
889 476 179
594 500 137
525 981 179
793 732 153
95 88 106
107 384 144
497 785 171
423 519 142
727 515 171
522 138 144
144 695 145
745 961 179
359 623 142
667 72 145
589 583 119
133 75 122
893 199 179
282 466 144
895 284 179
593 436 142
507 448 142
571 210 144
662 751 171
413 316 144
267 541 144
894 903 117
429 397 134
740 340 171
490 821 171
981 828 179
582 878 179
98 711 171
191 530 144
325 492 144
729 794 153
120 293 128
183 174 94
634 653 145
742 58 171
15 117 119
684 883 179
496 999 179
941 908 174
527 102 144
490 393 142
650 920 179
100 812 171
430 41 144
68 494 144
510 41 144
256 746 171
798 160 171
130 72 122
826 438 171
521 587 137
602 793 171
535 100 144
638 728 171
341 613 142
370 981 179
598 205 144
917 434 179
928 338 179
959 37 179
129 647 144
527 330 142
818 178 171
690 389 145
800 856 135
412 665 145
742 691 171
374 237 144
656 865 171
155 459 144
304 363 144
995 844 179
865 268 171
288 296 118
131 194 125
69 491 144
25 555 144
22 272 128
490 569 142
954 416 179
631 943 179
261 53 128
554 142 144
623 270 144
508 72 144
79 192 125
780 736 153
672 906 179
312 165 128
21 144 122
114 487 144
593 542 137
427 528 142
898 654 179
972 727 179
557 604 119
831 495 171
957 443 179
202 334 144
256 796 171
773 192 171
574 363 142
497 553 137
551 200 144
341 713 171
868 455 171
948 512 179
956 457 179
244 601 144
871 577 179
708 926 179
226 331 144
411 717 171
164 540 144
970 732 179
568 201 144
211 880 179
105 908 179
714 639 171
241 285 123
397 886 179
58 913 179
929 827 179
574 656 145
107 764 171
264 138 128
273 293 118
661 333 145
479 394 134
241 911 179
374 572 142
257 9 128
749 833 153
868 567 171
228 835 171
646 220 144
881 982 174
545 31 144
402 584 142
499 995 179
80 446 144
65 364 144
1000 448 179
991 294 179
767 691 171
104 234 128
604 810 171
700 788 171
838 892 179
468 451 129
628 260 144
46 776 171
306 45 128
490 25 144
824 96 171
310 288 118
647 242 144
228 398 144
861 390 171
482 686 145
423 197 144
346 794 171
214 328 144
470 297 144
44 405 144
844 844 42
801 827 135
433 900 179
714 530 171
4 935 179
86 670 145
267 92 128
923 900 130
220 933 179
596 636 132
496 862 171
47 214 125
594 229 144
70 374 144
107 894 179
904 827 179
446 268 144
685 3 145
91 434 144
332 224 144
135 997 179
74 677 145
697 731 171
136 549 144
830 895 179
92 606 144
695 394 145
973 306 179
126 528 144
537 273 144
141 189 125
18 580 144
661 791 171
274 823 171
429 80 144
487 413 142
110 267 128
491 879 179
648 574 132
349 181 144
214 383 144
16 264 128
508 669 145
809 89 171
739 280 171
922 369 179
358 946 179
403 159 144
492 584 137
876 150 179
65 615 144
765 307 171
820 488 171
926 4 179
777 567 171
431 381 134
203 845 171
691 4 145
828 721 153
224 277 128
857 167 171
171 231 128
325 234 131
87 487 144
483 734 171
615 193 144
162 358 144
424 699 145
566 219 144
164 573 144
502 8 144
283 313 131
849 522 171
229 787 171
979 331 179
978 978 50
899 715 179
806 98 171
158 837 171
962 524 179
896 303 179
185 264 128
5 885 179
51 894 179
40 202 125
762 971 179
392 577 142
311 947 179
230 123 125
910 531 179
917 361 179
215 233 128
895 287 179
120 584 144
544 901 179
880 121 179
139 636 144
858 794 135
838 994 179
479 871 179
572 984 179
860 775 153
818 612 171
149 542 144
502 769 171
811 745 153
695 351 145
996 815 179
346 334 126
619 625 132
9 841 171
2 127 119
439 921 179
737 594 171
946 923 174
944 705 179
613 794 171
253 332 144
844 642 171
636 377 142
197 170 125
687 422 145
164 353 144
85 268 128
338 892 179
713 679 171
440 491 142
396 748 171
774 2 171
260 371 144
988 814 179
497 235 144
478 658 145
704 576 171
374 161 144
32 734 171
782 63 171
100 171 125
936 27 179
986 206 179
911 323 179
661 181 145
859 511 171
887 149 179
48 430 144
957 486 179
580 429 142
667 984 179
335 779 171
515 112 144
547 656 145
502 127 144
453 897 179
798 608 171
590 980 179
228 853 171
671 321 145
763 236 171
435 38 144
156 314 131
513 785 171
456 970 179
130 118 122
367 326 144
442 151 144
342 537 142
386 890 179
829 785 135
191 767 171
348 995 179
130 357 144
903 838 179
651 153 145
799 574 171
765 591 171
87 151 122
454 222 144
731 784 153
915 32 179
64 907 179
639 438 142
264 14 128
688 425 145
397 385 121
63 597 144
13 124 119
695 682 127
451 242 144
432 157 144
725 750 140
384 221 144
366 849 171
108 293 128
616 336 142
423 588 142
179 314 131
85 90 31
101 101 26
172 403 144
408 30 144
774 576 171
885 455 179
513 947 179
694 885 179
501 492 111
615 592 132
546 919 179
331 482 134
848 997 179
554 239 144
927 191 179
759 990 179
249 721 171
976 821 179
877 577 179
359 481 134
468 843 171
259 509 144
113 956 179
127 878 179
866 130 171
851 903 179
234 266 128
69 871 179
603 96 144
602 327 144
324 191 131
380 409 121
148 726 171
142 994 179
804 581 171
764 641 171
779 421 171
269 499 144
781 913 179
450 412 134
926 107 179
567 409 142
439 335 134
764 685 171
538 670 145
691 916 179
216 106 125
312 492 144
837 157 171
39 806 171
811 469 171
129 285 128
136 402 144
766 222 171
268 266 30
356 803 171
578 21 144
343 964 179
676 851 171
300 798 171
982 930 174
124 316 131
244 86 128
930 272 179
149 842 171
620 637 132
762 483 171
174 42 125
311 381 144
446 192 144
748 794 153
566 785 171
586 774 171
144 993 179
757 586 171
103 901 179
602 276 144
335 597 142
667 625 145
374 822 171
681 759 171
911 135 179
922 91 179
310 625 144
224 138 125
232 36 128
27 949 179
117 57 119
192 574 144
516 200 144
809 19 171
245 349 144
832 606 171
893 598 179
203 533 144
460 415 134
38 656 145
836 545 171
598 257 144
357 312 144
992 580 179
904 123 179
1 451 144
896 75 179
984 181 179
23 512 144
544 233 144
792 279 171
548 877 179
758 192 171
102 145 122
843 948 179
317 928 179
278 277 43
40 975 179
523 681 145
231 916 179
976 457 179
363 122 144
426 94 144
6 401 144
947 282 179
786 75 171
399 954 179
997 913 174
783 797 122
488 795 171
426 609 142
852 731 153
399 740 171
583 44 144
624 587 132
611 101 144
830 811 135
561 980 179
907 464 179
127 837 171
223 738 171
232 556 144
162 379 144
970 467 179
472 140 144
937 523 179
22 799 171
199 363 144
208 408 144
45 98 119
561 399 142
655 512 145
93 119 119
6 582 144
494 177 144
651 883 179
637 687 145
479 502 142
716 156 171
232 528 144
983 269 179
310 48 128
266 295 118
377 878 179
376 154 144
371 884 179
41 475 144
788 890 179
267 111 128
532 613 137
840 653 171
182 975 179
264 458 144
294 463 144
583 583 31
200 881 179
383 818 171
839 980 179
775 676 171
355 964 179
306 817 171
527 790 171
550 897 179
647 518 137
611 200 144
101 723 171
878 794 179
741 83 171
164 109 122
132 860 171
771 21 171
864 918 179
153 516 144
458 286 144
558 984 179
796 64 171
450 35 144
649 623 145
579 453 142
624 661 145
268 621 144
763 626 171
861 267 171
129 461 144
322 874 179
907 393 179
623 494 137
969 696 179
946 950 37
384 7 144
681 653 145
41 743 171
875 313 179
438 640 142
98 867 171
673 247 145
648 820 171
864 433 171
644 58 144
539 647 137
841 864 148
15 693 145
914 545 179
442 250 144
585 582 119
955 225 179
173 667 145
352 317 144
81 355 144
800 822 135
276 280 43
359 804 171
55 88 116
503 247 144
223 259 128
422 701 145
385 15 144
602 225 144
202 347 144
63 146 122
325 6 131
708 274 171
193 987 179
398 722 171
68 632 144
750 405 171
459 985 179
163 641 144
569 453 142
239 3 128
519 117 144
603 714 171
870 293 171
84 441 144
426 55 144
398 296 144
354 467 134
716 212 171
435 218 144
999 635 179
655 213 145
552 657 145
389 402 121
30 288 128
175 813 171
54 560 144
416 322 144
641 544 137
409 139 144
922 183 179
752 416 171
974 17 179
547 617 137
169 533 144
793 525 171
111 848 171
45 839 171
114 909 179
683 315 145
173 176 81
141 329 144
553 37 144
46 557 144
449 821 171
501 174 144
636 338 142
676 622 145
704 339 171
474 531 142
206 132 125
272 805 171
66 889 179
645 247 144
638 830 171
552 353 142
125 573 144
652 59 145
431 411 134
327 290 144
151 189 125
476 143 144
81 740 171
369 418 134
564 564 18
656 972 179
1000 525 179
148 105 122
61 894 179
131 743 171
512 957 179
776 718 153
39 768 171
687 846 171
174 352 144
746 813 153
204 807 171
187 123 125
963 325 179
278 460 144
522 78 144
62 900 179
91 311 128
379 292 144
902 730 179
767 33 171
455 474 129
931 170 179
241 510 144
150 456 144
18 317 131
397 546 142
756 94 171
950 965 130
615 531 137
971 919 174
714 410 171
874 234 179
966 888 174
267 969 179
985 367 179
971 294 179
915 238 179
857 255 171
32 683 145
249 968 179
163 889 179
268 570 144
264 725 171
739 3 171
12 954 179
243 339 144
869 538 171
484 870 171
897 423 179
368 648 142
542 497 124
134 498 144
713 59 171
384 790 171
739 251 171
125 409 144
222 370 144
774 429 171
357 879 179
628 995 179
45 250 128
456 742 171
987 454 179
753 937 179
20 63 113
656 164 145
129 413 144
686 993 179
940 229 179
308 594 144
17 436 144
735 640 171
936 618 179
549 171 144
950 740 179
484 330 134
39 291 128
142 986 179
265 970 179
517 317 144
669 401 145
930 350 179
361 123 144
414 321 144
99 299 128
612 466 142
401 155 144
980 500 179
130 143 104
473 641 142
609 236 144
906 476 179
525 564 137
854 372 171
277 780 171
336 400 126
960 196 179
477 950 179
906 726 179
30 300 128
505 107 144
940 420 179
108 705 171
84 187 125
918 442 179
968 25 179
164 43 122
421 679 145
264 828 171
258 497 144
395 766 171
506 103 144
623 335 142
984 793 179
724 37 171
986 343 179
928 58 179
319 164 131
86 694 145
225 901 179
167 597 144
528 648 137
575 829 171
925 915 130
508 15 144
488 363 142
471 560 142
307 128 128
86 51 116
700 208 145
554 452 142
545 38 144
487 650 145
139 834 171
322 232 131
416 726 171
198 108 125
506 12 144
44 753 171
377 89 144
531 385 142
741 736 140
762 356 171
516 478 142
805 386 171
843 694 171
652 76 145
95 971 179
801 254 171
367 975 179
386 358 121
632 774 171
750 988 179
153 95 122
382 208 144
736 487 171
392 928 179
127 745 171
104 962 179
153 219 125
852 911 179
264 843 171
787 93 171
719 800 153
376 144 144
29 768 171
239 731 171
192 567 144
186 106 125
898 889 148
621 823 171
162 472 144
961 19 179
767 746 153
345 120 144
493 491 142
744 687 171
359 500 142
472 389 134
10 584 144
261 770 171
