4811 8966 262
4043 6461 262
2479 5684 238
3337 9426 262
4541 9121 262
6674 5281 262
1525 9492 262
4922 4449 197
3904 7751 262
8515 190 262
2723 2446 209
82 1119 179
4359 4307 184
330 9644 262
8663 9369 260
3254 7992 262
6640 7850 257
8867 1817 262
9609 9867 211
6605 413 262
5179 2959 238
7316 3225 262
7444 5634 262
5250 5330 192
7960 3558 262
1332 7458 262
6747 3866 262
4290 7501 262
4001 5132 215
40 7797 262
2416 8959 262
8019 2387 262
9418 317 262
8939 854 262
6848 8127 257
3988 397 238
7170 7254 164
2298 5209 238
1602 2678 209
6514 5935 262
6937 3487 262
906 7990 262
7831 5115 262
616 1181 182
8897 5267 262
5865 2187 238
1272 9620 262
1900 7164 262
6211 4557 262
8072 5577 262
682 3151 217
465 2939 217
8359 7637 252
193 2702 209
3968 2478 238
572 7870 262
2551 6494 262
4737 2831 238
299 3231 217
8224 6141 262
9688 4224 262
7867 3751 262
9335 5492 262
4081 2119 238
876 7909 262
5586 7281 262
477 7916 262
971 305 179
5133 2803 238
3621 1681 217
6965 1673 262
3435 3981 238
1806 6361 262
4791 3876 215
8548 3313 262
2802 4267 238
3391 323 217
7231 7749 239
9526 5606 262
9488 3759 262
6035 3658 238
4179 2203 238
8131 9014 247
1878 1978 175
2607 7642 262
6674 5086 262
3315 6864 262
1882 9773 262
6299 2816 262
8051 8054 71
231 1295 182
7146 7988 252
1460 8552 262
7461 8685 252
8195 5096 262
1547 1066 182
8173 1764 262
1313 1667 180
4203 5324 215
4090 2927 238
5653 9831 262
3753 5918 236
372 97 144
8109 9185 247
6980 8821 252
7360 4477 262
7858 207 262
2751 8428 262
7093 5696 262
3450 505 217
1541 7899 262
6139 4550 236
4816 1483 238
2043 5702 238
9178 8836 247
4101 3799 189
6450 3129 262
8203 4515 262
5930 4795 236
8947 3588 262
2660 3853 238
8021 6518 257
5884 5518 236
8542 6324 257
5564 275 238
2732 2939 217
7666 1638 262
7648 9134 252
1073 333 179
8429 9968 260
2100 2198 170
7292 7473 239
3461 560 217
3599 4775 238
6763 6650 182
4043 2552 238
503 7503 262
9997 1713 262
4259 6929 262
7071 5262 262
3087 6702 262
5749 8944 262
8263 3590 262
1724 8820 262
4390 2732 238
9492 7959 260
5243 1900 238
1386 6325 262
1075 5433 238
6489 3680 262
6348 738 262
3039 1112 217
2122 4212 238
5705 8185 262
3152 2527 217
9831 5458 262
9643 969 262
7591 3334 262
8551 7638 252
8146 6284 257
7789 4126 262
7107 237 262
6223 8019 257
1929 2730 209
2846 8684 262
8194 7283 252
9069 6178 257
4682 6370 262
4238 4009 202
4018 18 238
7545 9665 260
9437 4002 262
6677 8756 257
7285 8603 252
5845 1620 238
5572 8461 262
7907 8326 252
1579 8825 262
9081 5504 262
7067 9343 260
9930 1698 262
9131 1820 262
9820 9537 198
4514 6303 262
526 8294 262
1750 1451 180
3220 3179 168
1818 9721 262
4102 4485 215
749 4206 238
9284 2959 262
3942 8780 262
5399 7787 262
3494 8374 262
5436 2107 238
8277 5138 262
8555 3343 262
7998 5882 262
2079 5220 238
262 1505 182
1996 8870 262
8237 9885 260
7114 3108 262
8384 1358 262
2632 7138 262
1884 4345 238
9598 4288 262
2139 9165 262
9845 6865 260
9169 9347 260
7716 5388 262
3038 7944 262
7622 6972 239
8349 7471 252
2407 5123 238
3397 7652 262
7143 7758 239
7827 1952 262
9895 8303 260
1981 2935 217
5424 8211 262
6110 1766 238
301 9527 262
9783 7796 260
2938 8637 262
5942 4245 236
8138 876 262
355 7970 262
1615 8181 262
3364 189 217
6516 9853 260
2132 35 182
3791 1330 238
9181 3852 262
6182 3346 262
6032 3033 238
5622 3637 238
2964 5405 238
9394 957 262
2443 2706 209
5221 1789 238
6066 9132 262
8003 1309 262
5308 1258 238
2384 3142 217
9869 32 262
8859 5396 262
3197 2159 217
8652 7169 252
1041 4804 238
3265 2212 217
1496 606 182
5820 9038 262
7818 3450 262
6597 6915 182
9178 7681 252
9653 209 262
4512 7330 262
7221 7452 239
8709 4520 262
5590 3105 238
6275 9201 257
7551 3023 262
9053 7929 252
4263 9327 262
4123 5664 236
2845 3488 217
1806 4999 238
115 7517 262
7921 593 262
3363 2440 217
746 7548 262
6778 393 262
4416 3497 238
6067 9946 262
6619 4270 262
5079 7724 262
41 9759 262
2846 3748 238
5231 706 238
8170 8808 234
2371 7357 262
7257 2472 262
2353 5410 238
2320 1907 183
3487 7396 262
578 6242 262
3966 4490 215
3181 4920 238
447 3278 217
6985 2063 262
5099 6402 262
9757 373 262
6678 5958 262
3768 1011 238
258 1950 182
1509 1122 182
1947 9748 262
6303 3098 262
4135 306 238
2246 5112 238
8728 3253 262
146 269 128
3231 2202 217
6956 4693 262
3986 6704 262
7423 7996 252
3114 2547 217
6695 4468 262
2932 8772 262
5043 6077 236
4628 719 238
2989 5865 238
2451 940 183
9748 2685 262
5930 2677 238
1965 2134 170
6155 6831 262
4924 6257 262
1322 3166 217
8428 8151 234
2285 7335 262
4689 472 238
523 3047 217
9307 9757 198
9899 2182 262
1772 2892 209
4515 6932 262
5070 5851 236
6291 7654 257
6993 5553 262
3511 6502 262
2663 1383 209
5922 311 238
3579 5219 238
1378 7374 262
6974 3847 262
8490 3426 262
170 170 11
6952 915 262
8938 5216 262
9831 5112 262
8914 6578 257
5961 2973 238
3960 9053 262
6167 9432 262
1628 9175 262
7567 5099 262
7538 841 262
2694 6816 262
3558 2633 217
2595 6717 262
548 7132 262
9966 5245 262
7578 5372 262
2813 6903 262
6525 4863 262
8011 6596 257
8081 6553 257
5437 6964 262
2421 3359 217
8384 9764 260
2333 4238 238
618 7630 262
522 8425 262
4627 8543 262
8046 2102 262
603 9783 262
6789 8611 257
212 1487 182
8029 2469 262
8969 8648 247
7914 9561 260
3494 7403 262
3171 5791 238
1436 2593 209
629 1370 182
268 5599 238
4299 6736 262
3715 9867 262
9261 8170 260
8794 6393 257
1483 4131 238
2233 8109 262
1332 7378 262
6876 2059 262
6576 7437 257
4116 2572 238
6939 8188 257
8802 5688 262
5229 6663 262
7487 7119 239
5881 2389 238
335 6747 262
8126 7675 252
9583 333 262
8039 1729 262
3325 6995 262
895 3355 217
6269 6559 200
3522 8739 262
3144 7924 262
2161 6923 262
1571 3674 217
8846 8823 172
4231 1454 238
6753 6790 182
8856 7767 252
748 1209 182
9186 3939 262
6033 7934 262
8384 6997 252
8030 1439 262
8010 789 262
3764 5242 215
8349 6821 257
7361 4228 262
4004 9065 262
8354 5206 262
6238 4159 262
4762 4375 215
3473 623 217
9243 539 262
6778 555 262
9722 123 262
7510 9849 260
3816 9905 262
5688 3213 238
7374 9073 252
5329 7099 262
5343 9478 262
7643 5613 262
14 2930 217
8872 1561 262
699 3221 217
763 9634 262
5026 3122 238
9269 2639 262
1054 639 179
4660 3006 238
9468 7567 260
5327 6899 262
2743 8227 262
8606 8302 234
7621 4333 262
4445 3309 238
9462 3410 262
6702 258 262
4560 317 238
5269 2292 238
5952 7036 262
3014 6536 262
7770 6094 262
5347 9804 262
2269 783 183
2750 7111 262
803 13 171
9218 5488 262
1582 5100 238
8360 6220 257
2121 9646 262
9498 4134 262
5508 5024 192
8127 7434 252
4909 8514 262
1179 7113 262
7302 8433 252
2821 9669 262
7186 9993 260
9235 2205 262
3975 4729 215
372 7682 262
9448 3382 262
6359 8549 257
1912 9482 262
6234 9010 257
5978 3413 238
3504 5041 238
6433 6639 244
8177 4033 262
7516 5402 262
332 9260 262
9897 8233 260
9365 8155 260
7515 2405 262
6282 5442 262
3702 8675 262
5828 6171 262
1893 2728 209
7393 4202 262
6686 9474 260
784 5737 238
2396 4908 238
3274 5946 238
2548 5404 238
2793 9486 262
3088 7279 262
7552 3069 262
4764 3811 215
9072 8532 247
4234 6162 236
3573 9773 262
5982 8913 262
8992 6449 257
7149 7119 195
9750 8761 260
2739 5418 238
1233 7615 262
9299 3252 262
7312 9320 260
2094 1599 180
7800 1351 262
87 6318 262
2762 6834 262
3341 337 217
2409 6986 262
766 4215 238
7692 6549 257
4760 9245 262
4532 6095 236
797 5580 238
462 7034 262
53 6498 262
4758 6673 262
9869 8939 260
6914 8193 257
1937 4668 238
5731 3796 236
3600 4226 238
1443 1140 182
1107 3821 238
4688 4463 184
6762 4019 262
6507 7872 257
1773 2849 209
7826 6185 257
8833 2448 262
7520 2309 262
8027 1984 262
5714 744 238
6261 3269 262
2745 4784 238
6551 2605 262
2882 9495 262
3419 6158 238
5842 4147 236
8988 9313 260
4209 8471 262
1182 9173 262
2364 586 183
4319 1467 238
9673 4158 262
3446 3209 181
2021 9317 262
2095 8109 262
6000 7376 262
1114 6529 262
4609 1899 238
5658 8480 262
1673 2258 183
7237 8178 252
2342 3684 217
7850 5969 262
7843 4207 262
8636 9855 260
9580 7228 260
9500 3824 262
7890 8974 252
715 4 171
6842 9207 257
2264 9902 262
2019 8793 262
6735 3062 262
795 8208 262
3244 6646 262
3869 1267 238
5025 916 238
5266 6933 262
9547 5983 262
6040 7989 262
4627 8667 262
4497 4914 197
7420 2073 262
3686 6269 262
2169 9808 262
6752 4840 262
6028 9171 262
1556 8088 262
925 8899 262
682 1379 182
3252 9129 262
960 3982 238
1198 7942 262
4253 6918 262
9450 2483 262
9088 5582 262
2483 3863 238
57 3958 238
9270 5626 262
6253 3406 262
4026 6528 262
4529 9208 262
1640 7123 262
5159 90 238
5574 2564 238
7441 8794 252
7669 4599 262
5287 4039 215
8672 9593 260
4917 7100 262
1604 4039 238
6712 8217 257
7452 3425 262
4074 3387 238
4305 6860 262
2536 3660 217
9914 6773 260
1155 7625 262
4166 3109 238
6394 4826 262
175 8380 262
4260 3584 238
392 1020 179
3701 1065 217
5618 5877 218
5378 340 238
4138 8941 262
3913 8688 262
4954 2218 238
7446 711 262
1224 7498 262
2976 7485 262
2925 6758 262
122 3497 217
7954 9044 252
5040 7955 262
8409 4111 262
556 2590 209
1778 7232 262
9233 3383 262
6636 3965 262
2534 2284 209
5159 6253 262
2482 4591 238
4944 9477 262
1264 5615 238
7415 8215 252
5768 9281 262
5931 768 238
796 7652 262
2547 7686 262
7222 9639 260
4143 1284 238
3700 51 217
6874 2860 262
3617 9315 262
5042 1627 238
2640 4613 238
1195 2945 217
2689 6113 238
5692 9642 262
3226 5611 238
766 3604 217
2831 1428 209
189 8488 262
4310 7425 262
5972 5097 236
3848 2282 238
9409 2569 262
3430 5333 238
184 7822 262
95 7687 262
236 1850 182
9605 6073 262
2647 5971 238
2567 9765 262
1026 8451 262
9691 8790 260
2617 8426 262
20 1550 182
1635 8646 262
8792 723 262
4213 2041 238
1185 1723 180
1995 833 182
3495 5583 238
9957 8377 260
6566 8220 257
6614 219 262
9757 4497 262
9180 605 262
7174 1296 262
6100 1601 238
7285 8371 252
4622 1856 238
6292 5771 262
4517 7720 262
1020 9667 262
9805 406 262
4564 9947 262
2905 6892 262
9394 6189 260
8383 8166 234
5832 8598 262
5667 79 238
6719 8999 257
6713 2247 262
7709 7940 221
2984 7418 262
1112 4672 238
5600 1165 238
240 8166 262
5143 6686 262
5480 7019 262
9329 7520 260
2381 6105 238
4306 1053 238
8177 3279 262
6967 8145 252
4195 576 238
4048 4591 215
6898 1791 262
5098 88 238
3940 4602 215
4161 6631 262
7239 4650 262
8750 2529 262
5640 8620 262
9521 1887 262
1902 1259 180
5421 6295 262
3689 4011 238
1450 2119 180
3101 6240 262
5369 4095 215
5640 2102 238
3160 1890 217
3391 9593 262
7009 518 262
7527 2648 262
1396 8328 262
4468 2875 238
2091 7614 262
6105 5251 236
5879 9622 262
5056 606 238
5928 8632 262
2221 8719 262
6718 392 262
204 5335 238
4326 8201 262
9891 8160 260
5151 3035 238
1457 9900 262
1726 1205 180
8056 9337 260
2830 9377 262
5950 9899 262
6100 5676 218
3835 7248 262
2928 4104 238
1631 8862 262
8236 461 262
9719 7762 260
865 4776 238
1906 8655 262
9473 1873 262
1659 6743 262
1087 4651 238
3080 6863 262
1114 7029 262
7970 8963 247
9169 1953 262
8476 6370 257
3659 644 217
6649 4667 262
1922 3060 217
4842 123 238
6293 5681 262
3688 8930 262
1315 6917 262
5447 7309 262
3905 6217 262
828 399 171
8942 1044 262
9799 8704 260
6692 865 262
9069 7512 252
331 2482 209
7014 6674 257
2001 2114 170
9031 6257 257
8611 3942 262
2480 2267 209
556 2375 183
6205 80 262
6018 7219 262
7774 7142 239
4061 4094 158
9418 9675 198
3242 4448 238
3645 1865 217
7563 2925 262
7395 4983 262
1658 1160 182
323 6470 262
1396 2377 183
9210 8683 247
5114 7238 262
5431 4287 215
1028 3872 238
5005 6256 262
9565 849 262
1534 5801 238
4763 4080 215
5001 7018 262
5639 7981 262
4844 3004 238
1660 5068 238
7107 6111 262
3977 1899 238
6075 4881 236
7417 1443 262
8612 3976 262
7311 9999 260
2751 5084 238
1720 9591 262
362 5153 238
9263 2588 262
4561 7419 262
3842 1200 238
1681 8398 262
8343 4703 262
4819 9239 262
2718 3952 238
3168 2892 217
5622 1 238
