2627 3682 217
3220 3941 238
3006 2867 217
1369 1121 182
3476 1 217
2489 730 209
629 1994 182
163 520 144
2304 4504 238
2868 991 209
1339 2963 217
926 2903 209
3049 4878 238
3162 3133 155
1792 765 182
3895 2599 238
3429 3711 238
2386 2582 209
3355 711 217
3962 3927 189
1703 312 182
966 748 179
145 4490 238
4443 1239 238
4240 4242 127
2083 2734 209
4304 1509 238
3728 1598 238
3130 1614 217
1986 975 182
2259 3732 238
3832 346 238
977 4842 238
1843 4 182
3190 3347 181
734 166 171
4933 3392 238
4250 2003 238
2907 2821 173
3964 433 238
2715 1121 209
1345 3253 217
2149 612 182
55 3231 217
1586 2981 217
1575 4245 238
3229 3328 168
4130 2339 238
238 2979 217
3761 3599 238
2409 2252 183
2753 1177 209
3905 2144 238
4292 1107 238
175 475 144
1610 3782 238
1420 1277 177
1632 4627 238
2379 1970 183
4179 1837 238
4773 997 238
2115 3984 238
4972 2242 238
647 1332 182
801 1307 182
3349 3293 181
779 166 171
4866 2040 238
3396 1414 217
2010 4635 238
1151 117 179
519 316 144
2060 4027 238
4284 4805 215
2015 3350 217
1388 12 182
3162 896 217
2983 2198 217
4030 827 238
3671 932 217
1760 3996 238
2867 4869 238
3047 4731 238
2187 1080 182
3856 1332 238
4208 1686 238
494 823 171
1958 1455 180
3480 2014 217
679 3770 238
4470 1421 238
1488 4110 238
929 323 179
4606 2784 238
4473 1886 238
3229 3469 181
239 4503 238
4665 3281 238
4183 4620 215
1100 3434 217
1394 1437 172
3398 4679 238
3609 4151 238
2598 3831 238
2164 499 182
2490 3614 217
3213 1483 217
201 3246 217
2011 1576 180
1770 2386 183
1313 985 182
201 3688 217
3576 1449 217
2241 596 183
440 2779 209
4698 4550 184
657 3992 238
3295 4056 238
256 3083 217
4178 346 238
4563 48 238
3272 3471 181
1480 4326 238
1178 1838 180
3208 2776 217
3707 2183 217
4893 1771 238
1856 103 182
2992 4197 238
1972 3717 238
3566 2964 199
1876 3457 217
2002 2998 217
3060 2727 217
3116 239 217
1945 2200 175
2823 765 209
4818 4430 197
948 3714 238
2713 592 209
4308 2029 238
3100 4905 238
921 1725 182
3959 4251 202
1282 3238 217
2016 1393 180
4999 1454 238
3409 3497 181
1560 577 182
4548 2675 238
4521 2548 238
2786 2016 209
1050 2841 209
4681 888 238
2754 410 209
4941 2624 238
4307 1638 238
1528 3035 217
4618 4802 197
3652 4495 238
1986 852 182
1099 1559 182
4508 2401 238
856 2655 209
448 661 145
167 1284 182
4956 1414 238
4354 124 238
3691 659 217
1116 2671 209
2289 3406 217
4938 457 238
2758 3662 217
1223 2695 209
1532 4583 238
939 319 179
375 598 142
3001 2231 217
2882 898 209
2332 2207 183
2231 3247 217
208 3676 217
3538 3145 199
4158 120 238
2327 3377 217
3253 519 217
4327 1674 238
3076 59 217
3508 2850 217
2623 1055 209
4753 4960 210
1743 2015 180
1381 1205 177
4289 3226 238
3149 407 217
662 3330 217
1643 3807 238
442 2022 182
1528 718 182
1760 426 182
3246 3816 238
3384 4102 238
4706 3590 238
1223 683 182
3690 2060 217
2723 4791 238
1011 4534 238
814 3987 238
1184 1824 180
2195 687 182
390 1484 182
3539 462 217
4729 4197 215
4317 1319 238
2318 2477 209
1634 4892 238
1198 2537 209
1087 2919 217
4884 4039 215
4561 2882 238
4231 2325 238
1768 2767 209
673 4994 238
484 2700 209
3351 3314 181
3089 4618 238
4918 1692 238
2955 2741 217
4720 1175 238
2868 4934 238
3571 1012 217
3575 2514 217
4683 1317 238
565 3242 217
4556 1131 238
1057 4942 238
2382 1030 183
3563 2742 217
4230 3579 238
2247 2938 217
1383 198 182
1128 2217 182
1292 4871 238
3876 4627 215
2421 4828 238
4480 996 238
46 2080 182
374 519 142
3964 4828 215
3664 1276 217
1982 737 182
2273 978 183
2916 4698 238
20 4293 238
4255 587 238
2246 4662 238
3235 3611 194
4286 4455 215
3513 4162 238
2409 3159 217
1985 2081 157
1729 3245 217
3992 2991 238
2226 1992 183
3199 2721 217
878 1711 182
4354 3981 202
3171 1665 217
1432 2982 217
242 1021 179
3360 1219 217
3321 1398 217
4709 3342 238
670 4693 238
722 3561 217
4593 1700 238
3045 1902 217
2454 4468 238
3661 1276 217
1903 1282 180
2037 1747 175
2076 4617 238
2231 2284 152
4896 4626 197
4016 3580 238
3805 3804 31
4218 681 238
234 3792 238
2727 2481 191
2381 558 183
1114 2394 183
1419 1943 180
4739 4509 184
2326 4915 238
4346 1649 238
4221 1708 238
2800 3625 217
1085 3581 217
3518 2689 217
3886 863 238
3780 4081 189
3009 4936 238
4450 1182 238
3801 2041 238
971 3407 217
3204 409 217
295 1065 179
4591 1266 238
2399 2609 209
3368 1674 217
1502 4124 238
1714 809 182
3104 1309 217
535 2766 209
2541 1025 209
460 1663 182
3327 3543 181
1974 4896 238
3578 3394 194
258 4795 238
4277 3039 238
4017 852 238
2204 3665 217
4342 4204 202
4663 988 238
1519 1126 182
4316 3770 202
1324 1882 180
3845 1087 238
1856 4031 238
3127 1075 217
1879 4637 238
3185 4923 238
3403 895 217
3754 4243 202
769 4207 238
160 105 122
3763 4026 189
3555 4560 238
4839 191 238
1267 4833 238
4315 3326 238
173 2460 183
2490 2940 217
3903 37 238
4690 451 238
4257 1116 238
2169 2305 183
1428 2453 183
4580 556 238
4723 273 238
1509 2806 209
3275 1181 217
2858 4231 238
3099 321 217
1003 2351 183
3307 1346 217
20 3978 238
4588 1419 238
1765 3481 217
45 1415 182
9 4337 238
3695 3537 207
772 4152 238
40 3415 217
3758 72 238
1267 320 182
2807 4086 238
2070 1489 180
2084 1289 180
661 1193 182
2497 3471 217
2830 909 209
2098 2155 170
2295 2548 209
1313 2747 209
4867 3690 238
4728 877 238
382 2148 182
4150 4978 215
1829 4979 238
1291 2216 180
3227 3513 181
995 2662 209
2158 4083 238
199 1929 182
1498 1384 172
4889 633 238
1468 787 182
4288 2906 238
526 2199 182
431 4107 238
3617 2799 217
704 4972 238
3303 4795 238
3475 2009 217
683 1457 182
1905 188 182
275 4636 238
4967 2778 238
2826 2323 209
2752 789 209
2012 1372 180
2338 3888 238
3641 4330 238
2251 1699 183
1007 3789 238
2099 2639 209
3150 3485 199
237 2573 209
2480 492 209
3142 4620 238
91 2934 217
4138 4317 202
3658 3117 199
468 1166 182
4718 4648 153
579 1299 182
4985 4187 215
103 3540 217
1060 4151 238
4253 391 238
4203 4805 215
3378 4254 238
3071 2112 217
4876 912 238
249 3507 217
2615 1698 209
1593 716 182
1486 443 182
1766 4356 238
620 4659 238
3809 3145 238
2111 1966 170
1271 1663 177
3358 3733 238
1272 1073 182
743 1174 182
3290 3824 238
2070 1625 180
4699 4515 184
676 354 145
3008 352 217
1215 1192 164
3801 3127 238
2289 4046 238
2991 1419 217
382 4392 238
3560 3035 199
2836 1087 209
4332 1118 238
1819 477 182
1987 684 182
1399 3594 217
4637 3476 238
1510 1940 180
216 898 179
1390 3848 238
4111 1234 238
2875 2050 209
969 1107 169
3384 2938 199
2755 2867 173
1594 1535 167
2148 3556 217
2012 2635 209
2835 2723 173
1111 4499 238
3967 352 238
2486 1199 209
3637 329 217
3565 4262 238
1438 4822 238
389 2642 209
1419 4594 238
1484 4644 238
64 2499 209
4255 2825 238
3506 4797 238
181 2150 182
3059 3884 238
4934 1462 238
3914 3195 238
2854 1776 209
1011 2160 182
4385 3082 238
4493 3500 238
5527 8165 262
87 3346 217
7832 3436 262
5113 9201 262
7575 1216 262
7685 9318 260
8611 5016 262
2524 5244 238
8006 7380 252
4219 2806 238
6017 5582 218
1309 1719 180
4381 2540 238
2186 4058 238
6493 2447 262
8687 8348 234
6276 5006 262
7509 4193 262
7738 7477 208
8113 9935 260
7801 9168 252
1411 8440 262
7181 1844 262
7353 7952 239
5126 7404 262
4566 5713 236
6011 3409 238
3085 8324 262
6460 8376 257
2132 9480 262
534 854 171
1807 8755 262
5478 8326 262
1065 5612 238
3679 5910 238
2518 8593 262
469 1166 182
4970 1396 238
5794 6188 262
9964 7801 260
8846 6193 257
4410 1250 238
3590 7985 262
9369 3314 262
7149 5789 262
8070 5741 262
2994 8217 262
5109 1231 238
1831 8260 262
7005 8910 252
8574 3671 262
4758 7326 262
824 6801 262
8693 4105 262
8744 8850 216
7132 2978 262
2395 9323 262
1117 9117 262
7614 3117 262
8862 6091 262
2575 4668 238
4795 6566 262
1015 4452 238
6121 3512 238
3597 3005 199
5769 9442 262
1437 5385 238
6483 6541 200
6087 3960 236
9313 892 262
5537 4159 215
1553 2051 180
8938 656 262
1789 6077 238
9620 8616 260
8442 259 262
5323 3280 238
4362 5153 215
1327 9017 262
1827 720 182
1669 3213 217
625 751 171
8736 6746 257
6732 9509 260
4442 4063 215
7537 6267 257
5241 9851 262
3494 4400 238
8510 7954 252
8943 4484 262
4021 9634 262
3608 2193 217
7503 7077 239
4162 9609 262
7410 4624 262
1001 4963 238
7663 8370 252
5260 9884 262
7635 1248 262
8574 9842 260
6842 5732 262
9987 9418 242
653 43 145
7792 749 262
5071 4247 215
144 8155 262
1773 7826 262
621 6656 262
5531 7001 262
5312 8792 262
6174 2800 262
7946 5900 262
3641 1730 217
1422 6103 238
3706 8172 262
5304 6827 262
4741 1815 238
6091 4617 236
7019 8106 252
9429 1733 262
4312 7985 262
5544 2675 238
3496 8865 262
4576 7683 262
7299 8071 252
2574 1052 209
7275 4572 262
1844 6840 262
1934 6670 262
1816 3316 217
8284 8582 234
1723 2181 180
9631 6372 260
5618 6268 262
6095 5434 236
8596 2848 262
5384 8538 262
9979 3799 262
437 7069 262
3351 307 217
2887 8478 262
9525 1776 262
363 1209 182
7438 9296 260
7228 9717 260
3529 7933 262
2768 2367 209
6628 9993 260
4132 5933 236
3686 8669 262
8818 4366 262
1016 4930 238
2219 7607 262
7369 256 262
5866 9319 262
1068 1907 182
8536 6723 257
1361 7923 262
3588 3157 199
2605 3463 217
4739 4303 215
5821 8459 262
9968 7609 260
5783 3954 236
9462 9326 198
6287 3537 262
7525 7373 239
8781 16 262
9140 5963 262
5572 7342 262
6575 7342 257
179 7585 262
5027 4436 210
8622 1261 262
6975 3910 262
8660 2577 262
6485 6241 200
4508 4965 210
466 4079 238
9907 663 262
660 3399 217
562 7169 262
5700 837 238
5342 4448 210
3165 9888 262
9844 8462 260
3246 7813 262
7859 9937 260
3609 5404 238
5766 4458 236
6525 4191 262
3684 7481 262
3379 2131 217
8570 8320 234
9493 7859 260
3750 5362 215
4312 4374 184
7645 2805 262
882 1675 182
6853 653 262
2063 473 182
719 9432 262
2087 6515 262
8685 6035 262
4254 828 238
4456 9847 262
121 5553 238
9051 9909 260
8770 7585 252
2832 6946 262
2051 5835 238
3978 1601 238
5459 2636 238
3883 7819 262
1624 5892 238
2273 6808 262
3221 1631 217
7760 1141 262
9629 6801 260
5622 3511 238
2387 461 183
8117 5970 262
4794 3473 238
4794 5551 210
6237 2953 262
7100 2809 262
3965 1698 238
4373 7452 262
1232 444 182
2829 9751 262
5130 5564 205
8929 3882 262
1197 8673 262
3126 8902 262
1450 8167 262
79 6921 262
1494 697 182
5013 1299 238
5370 8649 262
8457 7044 252
8733 6992 252
7169 5998 262
8401 2358 262
6904 7609 257
1493 4482 238
4106 5486 215
1082 5700 238
7136 3048 262
515 5334 238
7686 2943 262
2277 534 183
9351 6556 260
5723 1369 238
7526 8400 252
7017 5175 262
816 6371 262
7624 6473 257
1725 8911 262
6463 3406 262
7502 2461 262
9524 9391 198
9994 175 262
7098 3547 262
2061 5557 238
6644 5579 262
671 131 145
6460 2081 262
6760 5034 262
7927 8154 252
5190 9822 262
524 2086 182
306 6176 262
6521 6353 200
7887 1620 262
1643 3819 238
3625 1122 217
35 4786 238
9814 7995 260
2394 8799 262
1515 694 182
9636 2007 262
2668 3474 217
2113 7545 262
8026 1304 262
1431 6385 262
3739 6788 262
905 3802 238
7006 8736 252
5353 7373 262
7337 2760 262
7541 5113 262
4206 3586 238
59 8149 262
4968 2558 238
5394 4097 215
1809 2613 209
5159 1747 238
4336 5089 215
1949 9510 262
8923 7954 252
9784 3999 262
9717 4943 262
5010 9462 262
8597 1212 262
3583 7728 262
4500 5839 236
692 8288 262
9983 5017 262
3768 5882 236
9450 7774 260
6616 1549 262
4077 1538 238
5359 5718 236
6740 2358 262
3100 1285 217
7394 3734 262
8301 1486 262
969 7768 262
6236 7124 257
699 2418 183
3023 5548 238
5319 6110 236
1472 2400 183
4352 8287 262
476 6300 262
3116 6233 262
2226 575 183
9781 5151 262
9453 6309 260
4464 7689 262
3368 9707 262
2245 4102 238
1907 1976 175
757 435 171
6364 17 262
1221 5178 238
5798 2394 238
6403 3575 262
8942 6937 257
7886 2288 262
8970 3413 262
8417 3149 262
9784 255 262
249 9793 262
4601 1996 238
1523 4453 238
4103 9252 262
388 2567 209
7349 5367 262
2025 9728 262
5559 193 238
9216 4531 262
8886 5154 262
3833 8868 262
7371 5648 262
7010 7758 239
5444 2602 238
8705 2918 262
3398 7899 262
7104 6451 257
5341 1622 238
7682 8803 252
1362 1506 172
1347 645 182
9217 7676 252
4940 6199 262
4317 4413 215
7977 5999 262
9207 4906 262
295 3647 217
5613 1311 238
7753 5952 262
1461 9747 262
8699 9553 260
3823 222 238
6106 5441 236
8387 4485 262
7492 7993 252
3690 1686 217
3269 303 217
6700 5299 262
523 7897 262
3559 769 217
5631 2581 238
6099 557 238
9101 1672 262
1972 7384 262
6511 8217 257
2898 4722 238
3618 1119 217
9154 2834 262
7370 9096 252
4245 5236 215
4808 7845 262
605 4017 238
1094 4989 238
6008 6358 262
6146 6779 262
9693 1196 262
637 4125 238
6017 4864 236
6003 3096 238
873 5321 238
4541 5497 210
1409 5488 238
3420 4961 238
8544 5577 262
7328 4223 262
4656 4532 184
8077 6482 257
5789 8563 262
5544 9117 262
5185 2510 238
2913 3100 217
9575 3878 262
9962 4131 262
7879 2326 262
6332 3615 262
2123 1920 175
9810 72 262
9352 5514 262
8704 4525 262
2321 909 183
4530 650 238
1031 761 179
1774 3241 217
19 2291 183
4079 6361 262
5884 1082 238
6637 5879 262
3298 4533 238
4751 8889 262
71 7367 262
499 2731 209
1835 1689 180
3703 2223 217
4717 2691 238
9159 6665 257
1638 2781 209
4213 8271 262
9389 2755 262
3398 8798 262
7838 4530 262
4262 6152 236
9069 9346 260
8878 8211 234
3057 1790 217
4255 671 238
5880 8785 262
1361 4184 238
1752 9740 262
7404 1846 262
4729 5348 210
9390 3652 262
4734 1089 238
6176 2354 262
9998 9215 260
3889 2236 238
5079 8254 262
9932 7908 260
7968 9274 260
4388 7636 262
1940 3610 217
2668 4386 238
2310 2347 183
2862 7006 262
2736 4643 238
5379 1139 238
8816 5823 262
3478 1810 217
9966 2760 262
3708 9499 262
5244 857 238
7186 9023 252
8294 5474 262
8311 7940 252
1227 9857 262
5854 1723 238
3299 9590 262
5205 9799 262
6671 5836 262
7690 7044 239
6390 3858 262
9936 7981 260
9954 286 262
4318 7679 262
5821 8558 262
2368 7624 262
8735 637 262
1747 3980 238
1015 3523 217
5511 4224 215
2049 8287 262
569 5907 238
7461 8983 252
7570 9168 252
201 9996 262
9412 541 262
1718 4068 238
7880 3135 262
4698 3535 238
4825 6021 236
5874 2009 238
3786 1767 238
5439 1360 238
8849 1477 262
3642 6350 262
162 4128 238
6615 5934 262
8952 3093 262
3223 7724 262
1426 6461 262
9444 8012 260
