100 10 119
100 100 26
523 554 137
931 888 148
361 329 126
435 229 144
860 977 179
155 951 179
654 65 145
369 415 134
269 125 128
493 424 142
663 134 145
608 203 144
104 588 144
538 93 144
823 747 153
200 501 144
595 959 179
129 722 171
17 601 144
260 819 171
180 653 145
672 826 171
416 930 179
742 834 153
412 464 134
513 876 179
390 517 142
974 633 179
91 406 144
239 650 145
960 367 179
80 786 171
886 121 179
162 182 125
274 22 128
891 339 179
924 902 130
658 362 145
322 892 179
767 507 171
907 553 179
887 245 179
97 171 125
301 397 144
538 295 144
396 668 145
632 984 179
241 737 171
496 160 144
942 344 179
464 490 142
517 4 144
425 65 144
333 420 134
473 92 144
404 881 179
322 590 144
800 690 171
13 218 125
222 526 144
533 345 142
975 93 179
370 693 145
267 233 128
914 766 179
311 206 128
135 305 128
218 431 144
407 293 144
5 869 171
450 973 179
806 587 171
113 554 144
348 796 171
664 984 179
312 620 144
602 899 179
312 361 144
399 201 144
270 301 118
205 722 171
961 635 179
144 484 144
658 308 145
569 904 179
816 706 153
912 304 179
952 926 174
849 425 171
743 422 171
524 436 142
536 410 142
567 446 142
856 61 171
457 461 129
363 214 144
114 321 131
288 532 144
825 455 171
151 423 144
226 918 179
388 123 144
680 883 179
120 641 144
275 338 144
959 604 179
747 834 153
819 102 171
496 710 171
508 167 144
950 795 179
762 177 171
747 726 140
783 987 179
676 701 127
591 109 144
514 97 144
529 163 144
354 926 179
214 744 171
74 404 144
545 495 137
144 686 145
585 19 144
215 726 171
781 809 122
575 38 144
822 462 171
341 99 144
18 827 171
224 789 171
165 543 144
599 470 142
217 294 128
412 834 171
497 54 144
354 903 179
485 362 134
853 14 171
427 412 134
111 791 171
904 396 179
176 247 128
232 739 171
795 296 171
6 264 128
604 230 144
112 429 144
491 687 145
955 190 179
510 613 137
337 823 171
475 320 144
652 105 145
142 74 122
902 761 179
589 505 137
261 940 179
178 45 125
982 329 179
405 887 179
736 432 171
87 375 144
239 143 128
954 447 179
475 4 144
541 628 137
175 561 144
4 103 119
968 945 143
850 488 171
974 762 179
552 904 179
724 214 171
57 874 179
618 759 171
589 806 171
335 986 179
749 12 171
726 469 171
17 78 116
216 656 145
726 330 171
214 74 125
916 560 179
534 111 144
39 634 144
584 543 137
732 581 171
43 656 145
317 961 179
355 369 95
939 848 179
852 604 171
389 538 142
137 250 128
502 926 179
626 678 145
107 813 171
727 514 171
533 803 171
548 640 137
349 786 171
967 205 179
17 256 128
232 914 179
138 505 144
238 700 145
457 483 129
791 836 135
223 203 115
653 41 145
558 395 142
904 225 179
834 735 153
770 819 153
668 367 145
841 846 42
295 774 171
424 834 171
841 70 171
984 84 179
148 583 144
921 961 174
63 138 122
818 158 171
179 486 144
669 301 145
560 427 142
807 709 153
449 725 171
10 14 18
196 636 144
328 558 142
97 302 128
917 869 179
984 198 179
532 989 179
548 237 144
955 737 179
864 272 171
817 692 171
51 60 113
177 919 179
567 519 137
841 985 179
64 797 171
527 915 179
418 289 144
385 754 171
399 849 171
30 586 144
66 250 128
979 704 179
637 447 142
982 249 179
757 862 153
243 8 128
890 637 179
640 786 171
650 879 179
896 588 179
506 54 144
381 111 144
726 314 171
803 44 171
144 222 125
822 81 171
663 231 145
897 897 68
342 647 142
754 357 171
995 363 179
645 636 132
607 251 144
24 146 122
114 489 144
683 49 145
575 896 179
78 47 116
641 60 144
573 226 144
892 249 179
766 185 171
988 32 179
705 155 171
803 514 171
802 519 171
226 664 145
258 205 128
510 270 144
338 672 145
977 959 143
728 436 171
292 718 171
731 486 171
95 437 144
476 381 134
754 685 171
822 463 171
394 279 144
83 336 144
476 894 179
774 643 171
550 577 137
811 795 135
920 264 179
378 241 144
768 491 171
388 152 144
949 356 179
815 65 171
217 425 144
720 502 171
589 488 142
549 541 137
920 893 130
830 411 171
30 724 171
103 795 171
338 191 144
439 526 142
391 530 142
432 859 171
960 630 179
863 748 153
302 832 171
292 79 128
103 669 145
294 735 171
621 272 144
662 438 145
855 396 171
479 995 179
851 490 171
66 684 145
77 989 179
550 226 144
137 438 144
362 938 179
193 851 171
169 365 144
664 755 171
780 118 171
873 135 179
251 685 145
631 120 144
70 801 171
582 475 142
380 241 144
238 490 144
531 215 144
372 494 142
841 856 104
709 459 171
204 630 144
762 903 179
427 688 145
213 598 144
412 835 171
44 93 116
156 367 144
374 820 171
56 447 144
323 353 144
922 132 179
673 128 145
341 37 144
631 678 145
449 341 134
408 914 179
54 553 144
292 890 179
576 43 144
48 375 144
985 312 179
293 583 144
613 220 144
28 238 128
129 129 122
1000 999 112
125 607 144
771 98 171
4 56 113
790 108 171
923 515 179
858 162 171
898 600 179
684 706 171
958 424 179
588 585 119
319 708 171
503 495 111
392 343 126
298 374 144
719 47 171
945 687 179
916 927 130
724 115 171
612 308 144
984 592 179
232 493 144
309 611 144
417 598 142
734 222 171
292 901 179
692 958 179
515 208 144
342 462 134
984 498 179
850 416 171
517 474 142
730 320 171
897 777 179
224 381 144
984 471 179
864 282 171
149 260 128
651 680 145
453 580 142
897 984 174
995 372 179
460 572 142
404 334 126
347 283 144
713 883 179
274 719 171
738 225 171
319 685 145
210 94 125
571 388 142
590 249 144
265 653 145
57 543 144
48 38 110
537 606 137
828 992 179
548 91 144
377 540 142
91 913 179
189 511 144
414 509 142
729 17 171
245 613 144
25 352 144
851 811 135
728 181 171
686 374 145
177 293 128
771 284 171
429 377 134
680 963 179
329 616 142
947 3 179
474 324 144
544 193 144
629 646 132
658 385 145
348 611 142
484 33 144
855 852 55
360 183 144
815 54 171
255 337 144
580 734 171
948 48 179
97 322 131
914 801 179
193 517 144
813 81 171
662 370 145
906 126 179
252 558 144
564 261 144
695 199 145
187 115 125
786 650 171
163 425 144
567 671 145
847 925 179
504 276 144
157 83 122
307 517 144
372 463 134
131 576 144
367 755 171
830 450 171
156 651 145
945 803 179
818 807 135
579 977 179
943 324 179
68 990 179
793 56 171
655 684 145
444 727 171
686 268 145
767 146 171
400 363 121
254 394 144
938 146 179
496 727 171
768 693 171
994 30 179
174 517 144
213 500 144
258 54 128
151 583 144
115 834 171
657 427 145
632 248 144
81 799 171
432 297 144
490 821 171
907 198 179
685 186 145
733 664 171
35 149 122
154 56 122
983 518 179
224 208 115
516 949 179
584 158 144
498 82 144
582 561 119
219 817 171
70 116 119
402 964 179
290 107 128
542 943 179
838 998 179
19 150 122
764 166 171
513 72 144
546 211 144
107 89 119
783 634 171
206 142 125
892 446 179
915 507 179
443 281 144
516 964 179
506 839 171
338 791 171
190 454 144
562 229 144
921 809 179
416 289 144
423 816 171
826 782 135
942 940 130
437 689 145
974 371 179
649 670 145
461 774 171
346 719 171
475 344 134
923 194 179
104 648 144
655 891 179
734 730 140
366 629 142
110 585 144
69 600 144
93 552 144
262 882 179
290 855 171
657 523 145
350 117 144
273 71 128
863 561 171
619 562 132
710 372 171
189 908 179
669 653 145
292 875 179
487 691 145
208 215 102
923 918 130
678 32 145
213 499 144
562 960 179
575 716 171
542 763 171
211 233 128
915 481 179
208 14 125
624 570 132
341 145 144
447 34 144
41 532 144
20 479 144
805 190 171
782 415 171
72 612 144
922 760 179
761 631 171
884 673 179
538 926 179
937 618 179
119 17 119
103 90 119
152 146 117
759 843 153
923 412 179
552 313 144
834 285 171
122 635 144
890 425 179
704 631 171
101 349 144
774 643 171
457 505 142
664 819 171
630 594 132
163 914 179
79 588 144
587 233 144
490 946 179
29 974 179
120 820 171
142 89 122
836 808 135
358 403 121
106 595 144
178 554 144
425 22 144
255 157 128
95 51 116
974 249 179
711 305 171
659 875 179
403 405 28
887 634 179
276 132 128
445 407 134
68 243 128
321 130 131
565 884 179
441 913 179
964 514 179
412 59 144
739 585 171
762 27 171
903 144 179
30 622 144
22 950 179
966 146 179
963 606 179
587 172 144
600 25 144
158 144 117
176 412 144
188 753 171
791 152 171
548 153 144
122 19 119
112 772 171
447 619 142
611 571 132
156 469 144
144 780 171
13 965 179
173 541 144
662 646 145
691 628 145
82 466 144
124 398 144
113 636 144
927 58 179
185 675 145
39 587 144
547 424 142
722 845 153
860 473 171
192 711 171
860 979 179
938 61 179
434 81 144
221 109 125
340 460 134
676 261 145
72 776 171
733 825 153
94 64 116
650 924 179
397 755 171
558 213 144
406 467 134
384 610 142
921 249 179
267 59 128
252 508 144
366 874 179
403 772 171
865 61 171
971 261 179
758 359 171
253 515 144
904 923 130
382 495 142
457 917 179
888 521 179
944 9 179
493 77 144
99 836 171
368 864 171
886 400 179
770 151 171
198 87 125
40 668 145
789 609 171
881 872 148
33 628 144
650 700 145
926 940 174
226 852 171
83 924 179
144 481 144
489 705 171
442 890 179
514 859 171
842 56 171
560 743 171
518 4 144
994 716 179
279 517 144
985 497 179
874 918 148
3 359 144
141 454 144
481 478 54
541 300 144
543 936 179
816 942 179
492 687 145
273 218 128
621 131 144
63 661 145
271 41 128
784 830 135
571 665 145
543 629 137
544 55 144
505 684 145
137 871 179
44 252 128
918 444 179
207 830 171
38 400 144
239 89 128
22 188 125
254 44 128
587 7 144
609 472 142
917 558 179
1 949 179
693 278 145
903 924 130
903 499 179
143 535 144
642 162 144
838 90 171
1 169 122
853 448 171
33 21 112
620 998 179
6 735 171
187 169 125
41 606 144
625 983 179
685 704 171
425 950 179
977 931 174
361 540 142
744 418 171
295 555 144
524 136 144
839 999 179
266 983 179
226 907 179
402 973 179
320 339 144
277 289 105
899 373 179
785 180 171
926 51 179
897 286 179
376 174 144
879 318 179
92 634 144
376 568 142
477 62 144
868 9 171
453 294 144
62 767 171
83 943 179
363 1 144
32 999 179
828 512 171
711 587 171
92 56 116
830 9 171
556 735 171
626 38 144
324 462 144
808 244 171
593 510 137
779 177 171
719 715 52
185 466 144
455 948 179
464 855 171
958 44 179
869 73 171
98 389 144
841 908 179
134 258 128
328 283 144
870 117 171
752 667 171
263 500 144
600 204 144
684 167 145
398 212 144
596 208 144
556 814 171
368 603 142
938 111 179
858 803 135
183 160 125
561 819 171
459 723 171
821 533 171
828 50 171
361 51 144
4 792 171
414 168 144
588 686 145
187 183 94
88 714 171
869 559 171
971 134 179
677 878 179
169 453 144
970 220 179
200 327 144
920 268 179
488 344 142
783 593 171
730 87 171
694 922 179
329 961 179
989 7 179
107 119 114
428 271 144
775 35 171
966 145 179
615 622 132
743 354 171
557 276 144
955 888 174
884 788 179
490 399 142
212 819 171
957 269 179
561 324 144
489 933 179
343 671 145
469 478 129
813 773 153
258 148 128
908 299 179
521 831 171
389 862 171
421 530 142
381 996 179
768 770 34
632 636 57
894 345 179
631 916 179
2 214 125
313 524 144
348 806 171
8 615 144
62 979 179
82 162 122
462 116 144
344 68 144
421 906 179
584 383 142
916 315 179
814 637 171
524 682 145
707 952 179
727 731 140
410 649 145
615 833 171
652 763 171
877 117 179
245 975 179
379 867 171
921 787 179
297 151 128
109 270 128
808 317 171
941 452 179
932 540 179
412 877 179
954 569 179
891 865 179
513 922 179
614 961 179
331 286 144
79 748 171
916 443 179
629 197 144
268 693 145
136 867 171
842 760 153
120 298 128
538 557 137
464 76 144
27 217 125
328 639 142
226 926 179
604 440 142
898 106 179
388 403 121
100 956 179
53 458 144
147 847 171
328 284 144
258 144 128
125 712 171
486 652 145
422 174 144
643 389 142
212 293 128
633 980 179
802 200 171
448 869 171
783 122 171
855 773 153
513 295 144
810 715 153
990 44 179
301 738 171
872 376 179
731 916 179
690 36 145
555 697 145
984 215 179
704 457 171
252 242 110
491 64 144
560 377 142
837 9 171
436 354 134
688 783 171
390 476 134
687 57 145
107 809 171
345 711 171
596 892 179
214 214 102
202 748 171
848 33 171
289 872 179
681 71 145
903 626 179
656 799 171
463 522 142
815 373 171
495 867 171
595 220 144
94 718 171
140 912 179
484 511 142
98 907 179
976 129 179
561 535 137
508 626 137
714 410 171
294 792 171
621 739 171
107 794 171
316 422 144
480 809 171
294 893 179
4 309 128
928 198 179
792 10 171
705 977 179
825 597 171
532 91 144
197 752 171
364 896 179
693 694 127
970 798 179
