3050 4507 238
5318 5379 192
757 9249 262
3907 9008 262
9610 596 262
8861 6964 252
5533 2663 238
8538 9918 260
5632 1942 238
7968 8439 234
4203 8149 262
1814 8379 262
2091 6789 262
2569 2624 178
7147 8842 252
3566 5417 238
3685 4494 238
8024 1981 262
8593 2921 262
6408 9691 260
8078 7117 252
8098 6711 257
348 8837 262
8020 4213 262
5618 9083 262
6742 8832 257
4266 9986 262
8783 2253 262
5166 2304 238
4262 6207 262
7318 2172 262
7786 751 262
3669 6774 262
564 8455 262
7941 4462 262
2788 4593 238
4717 8968 262
2899 1245 209
6966 3986 262
3751 1261 238
4366 4596 215
1970 3902 238
643 7394 262
6020 8817 262
8142 8411 234
719 7614 262
7629 2034 262
6010 686 238
4211 9459 262
4889 972 238
8791 7015 252
5744 8053 262
9995 3587 262
7147 972 262
311 7915 262
1249 5579 238
9497 4167 262
3901 6605 262
5082 9927 262
4399 3841 215
7906 9034 252
8692 3166 262
5727 5734 81
1317 6723 262
1628 8485 262
2535 741 209
2112 71 182
6088 345 238
7122 4377 262
5173 4540 210
7681 6793 257
6114 9350 262
7949 2567 262
6516 4372 262
8983 6130 262
5805 8284 262
9413 6769 260
8042 689 262
9134 3969 262
5435 6041 236
3711 6498 262
9603 6095 262
3829 8036 262
6184 7001 257
6120 6677 262
4770 5331 210
6649 2622 262
9203 1442 262
3708 306 217
8932 8242 234
5685 2616 238
8763 73 262
4446 8108 262
188 3626 217
5673 4095 236
7464 6901 257
3866 8723 262
3013 3585 199
2988 212 217
5302 9874 262
5602 2783 238
4845 4259 215
7760 7383 239
7363 8734 252
1235 4982 238
2490 8826 262
976 846 179
7615 4968 262
1530 6865 262
2854 6825 262
6557 9609 260
724 435 171
626 8311 262
1717 6227 262
4792 5591 236
4071 1743 238
3690 7644 262
9357 7627 260
9447 3619 262
6219 5506 262
8671 9896 260
6937 2401 262
4067 1568 238
5767 368 238
2542 5545 238
1662 2671 209
3304 9542 262
7291 6875 257
24 3412 217
5729 8051 262
6851 4639 262
2647 6028 238
7698 2038 262
3993 5548 215
8194 3198 262
1357 153 182
6765 944 262
8869 1171 262
9815 9502 198
9509 5596 262
7561 9259 260
3824 5365 215
656 9351 262
5176 7884 262
1234 8122 262
200 5283 238
2823 2743 173
4823 1831 238
2934 2028 217
4648 4813 197
9878 6900 260
5945 2200 238
9069 8848 247
7328 687 262
1157 1078 151
4639 7229 262
3668 1702 217
2283 3832 238
7321 9809 260
4369 5975 236
2093 9953 262
6941 2311 262
9197 9276 260
149 7516 262
7993 4320 262
4394 7159 262
8817 1996 262
6307 894 262
8234 2860 262
7044 5731 262
6623 2497 262
4176 2190 238
8914 8099 234
9811 4617 262
1774 743 182
4437 30 238
155 6574 262
964 7556 262
4402 4013 215
1294 6333 262
459 8735 262
5688 3760 236
3989 6297 262
9994 3273 262
2855 1464 209
5676 8984 262
6869 1916 262
2811 811 209
1208 8365 262
8224 9274 260
1967 273 182
2478 1446 209
6092 8534 262
9052 9343 260
4108 275 238
6656 9017 257
3781 1975 238
7443 1551 262
5119 2728 238
1872 7570 262
789 5669 238
888 8064 262
18 6646 262
8956 1173 262
6710 8750 257
3341 9618 262
3681 3833 238
2404 7244 262
3336 7563 262
4276 4308 171
1871 8262 262
5486 5968 236
64 9514 262
758 6783 262
8266 8084 190
6945 7563 239
6202 9994 260
3609 903 217
585 2145 182
7697 4348 262
317 1905 182
5643 8201 262
6336 25 262
9724 6275 260
6770 630 262
4668 6000 236
9008 9816 260
5125 705 238
147 5559 238
1114 5200 238
5416 3985 215
2474 7839 262
2380 6055 238
327 1627 182
8816 6604 257
1443 8913 262
6785 1670 262
5847 8912 262
8461 6031 262
2820 8255 262
1112 6522 262
7908 3669 262
6725 8077 257
1642 3618 217
1840 4628 238
5289 2005 238
4197 3480 238
7806 6351 257
747 5685 238
3753 3322 238
6904 5826 262
744 3058 217
5257 8275 262
739 5013 238
1974 8687 262
3303 3684 194
1625 4544 238
2449 9054 262
4947 4525 210
153 4005 238
9954 2342 262
3946 6582 262
361 6249 262
1856 5669 238
1265 6830 262
5553 8357 262
6509 152 262
4772 8397 262
3433 6113 238
9681 8130 260
4346 8928 262
6740 9662 260
5522 5133 192
1711 3643 217
2804 1247 209
8767 3718 262
7657 3169 262
2924 9582 262
7787 3823 262
1945 4148 238
8115 832 262
9158 8703 247
2493 1993 209
361 2684 209
8445 8896 216
4879 8664 262
8144 4392 262
3290 5395 238
3568 2661 217
6047 4417 236
6454 2150 262
2581 6758 262
802 7696 262
3915 3781 176
7608 9521 260
8530 8539 172
9410 9383 123
6022 9356 262
2114 6269 262
834 2747 209
6994 4126 262
7950 5766 262
2877 8060 262
1331 9248 262
2634 5039 238
2958 4550 238
5809 8827 262
6465 1919 262
3215 4103 238
2159 3340 217
6558 8111 257
8089 5304 262
8942 980 262
5101 807 238
4794 7171 262
223 5963 238
5566 1664 238
4373 4587 215
9294 6414 260
3975 495 238
2511 5478 238
1421 523 182
1292 1975 180
5288 3947 215
7820 4957 262
297 5652 238
3316 8993 262
2554 3105 217
4792 5794 236
4069 1868 238
4635 903 238
9736 8795 260
3341 3643 194
7347 6667 257
2464 4259 238
6084 3704 238
9906 2969 262
7431 3903 262
757 6855 262
5252 1683 238
6319 6896 244
3075 4204 238
2176 999 182
6340 5913 262
8084 8203 190
4315 1206 238
8615 5394 262
2108 7354 262
1422 8419 262
4369 3435 238
6037 1311 238
8405 6762 257
7610 1347 262
4788 108 238
1124 3353 217
5492 8088 262
3178 8383 262
6187 8736 257
4228 4534 215
7211 6106 262
2254 2215 183
2935 9217 262
3532 1660 217
2983 793 217
986 8948 262
3922 1012 238
278 2642 209
6876 68 262
8984 28 262
8023 2119 262
7212 4354 262
8693 4759 262
7576 7609 177
6453 2313 262
4922 6174 262
5415 5155 192
4361 3418 238
1862 6552 262
7320 9160 252
7456 395 262
9376 5177 262
6698 6004 262
5098 1914 238
9960 4328 262
3323 2510 217
8707 1796 262
4428 3621 238
1277 3384 217
9926 4369 262
2833 2856 173
1982 3596 217
4829 1419 238
980 26 179
7217 9650 260
5955 1873 238
9192 4507 262
6980 7289 195
5796 3040 238
4720 3828 215
4649 5966 236
9442 6339 260
3694 4411 238
3905 816 238
5304 7360 262
4880 6694 262
6707 1021 262
8519 3391 262
8771 7539 252
4041 9722 262
5504 7306 262
2228 4758 238
4953 9034 262
5457 3515 238
6308 7893 257
1194 558 182
5378 9977 262
5167 3164 238
1431 633 182
1485 3547 217
2467 7770 262
1951 4007 238
1116 5448 238
2101 2929 217
1349 7957 262
1564 9734 262
6039 7245 262
2645 9295 262
7577 3220 262
3490 8784 262
7786 9500 260
4022 1508 238
5600 6933 262
3136 703 217
6584 2444 262
9393 812 262
1947 6437 262
3381 5433 238
7807 562 262
2475 6587 262
6172 2603 262
6884 441 262
9210 5560 262
821 1368 182
6351 7371 257
6748 7564 257
6519 1905 262
1983 549 182
8019 768 262
6765 2713 262
6588 9092 257
6865 371 262
7986 3861 262
5648 8008 262
6368 5829 262
582 1371 182
1136 8385 262
1055 8262 262
6643 7488 257
2502 1412 209
1567 6856 262
3166 61 217
4306 9195 262
703 1778 182
7328 5390 262
3158 3004 186
596 3642 217
8709 7581 252
701 304 145
6998 940 262
9504 3606 262
167 2965 217
4120 3824 189
1445 2763 209
1740 7228 262
6004 5983 187
6575 5183 262
416 8268 262
8263 2506 262
4288 1553 238
350 9104 262
5950 1362 238
4808 4155 215
8549 9433 260
3467 5430 238
5583 1856 238
5779 9842 262
2933 100 217
5735 4464 236
787 2827 209
8537 5005 262
1744 9540 262
6340 7203 257
4638 4370 215
9973 6385 260
9638 1737 262
579 9464 262
3720 6033 236
6204 9539 260
5071 6017 236
8914 3767 262
3332 8754 262
2323 6413 262
4394 610 238
8292 7686 252
9987 293 262
6894 2460 262
7839 5121 262
1056 6991 262
7299 5349 262
5855 3527 238
6206 9143 257
7681 6408 257
7037 1791 262
529 1227 182
9152 65 262
3520 5853 238
3070 8225 262
4608 2457 238
6797 2263 262
3384 3956 238
3601 9333 262
6588 3547 262
7120 2197 262
3093 8822 262
7777 6239 257
6427 4928 262
3800 9468 262
9642 8802 260
6345 4564 262
5563 4829 210
9926 9013 260
672 6885 262
3695 8297 262
59 7196 262
3521 1044 217
2238 8244 262
3698 5613 238
8021 8196 190
9775 443 262
3625 3441 194
4216 8400 262
837 3026 217
1664 6208 262
3680 7442 262
6882 1141 262
755 8006 262
5592 1075 238
8525 1119 262
9000 247 262
5163 3173 238
8388 4708 262
6284 2349 262
5405 5209 192
338 4166 238
1980 7735 262
8430 8614 203
6599 1836 262
2451 1444 183
6974 353 262
5813 3510 238
7228 1582 262
8975 3599 262
4753 1551 238
3054 8231 262
5906 4097 236
4149 41 238
2364 2415 165
6289 9625 260
4186 6325 262
4435 1308 238
6769 4085 262
8815 8830 172
5736 7028 262
7043 496 262
7681 1358 262
3792 4672 215
6819 3336 262
8639 2443 262
4863 1177 238
2049 3290 217
2084 2679 209
7608 5875 262
8681 6800 257
7367 659 262
6864 3224 262
9998 3351 262
9201 5650 262
3644 2210 217
3183 417 217
4597 8686 262
4814 7601 262
51 3453 217
1358 2732 209
634 1428 182
7700 7670 177
9770 5031 262
7721 5737 262
4413 9958 262
5894 8628 262
244 4844 238
6877 4170 262
6992 687 262
8701 7572 252
1681 1673 136
9627 5256 262
7110 3340 262
5400 7616 262
4435 3835 215
3338 1017 217
4933 4568 210
2227 8205 262
8856 6135 262
9020 5203 262
1362 4008 238
7951 9639 260
7438 9000 252
9184 714 262
1368 7206 262
8935 3127 262
7421 2655 262
9270 3015 262
4622 4805 197
1855 4003 238
7453 2519 262
8911 904 262
7925 8829 252
8356 931 262
9671 6180 260
1776 450 182
2512 9491 262
3349 9059 262
9978 9048 260
1700 5071 238
1701 1768 180
4151 5608 236
1011 169 179
790 9327 262
5824 9676 262
6312 3461 262
9013 8695 247
7660 5320 262
9453 2667 262
8523 4910 262
3239 4727 238
7756 3769 262
129 2380 183
6799 2657 262
9478 6921 260
5463 4872 210
2351 7370 262
913 3244 217
3113 5310 238
242 5244 238
9241 8905 247
5064 7268 262
7705 662 262
8167 887 262
9242 1129 262
9592 799 262
8028 7790 252
700 2498 209
1702 2681 209
5013 1953 238
7599 3450 262
8772 6858 257
8721 9552 260
4389 2890 238
5859 5607 218
1173 4397 238
331 6407 262
6997 7364 195
2194 6928 262
933 5898 238
1508 7854 262
6050 3711 238
9811 357 262
4403 8745 262
2810 6542 262
5927 3107 238
4386 5740 236
8643 1569 262
1852 2196 175
9934 1424 262
2558 6937 262
6804 4550 262
9068 2586 262
9126 4476 262
217 5623 238
4009 9131 262
876 311 179
4406 7816 262
11 1720 182
2916 2882 142
1749 7898 262
8477 4070 262
6679 8485 257
2031 1070 182
1686 4200 238
1113 7708 262
6137 3146 238
9209 9587 260
188 9988 262
6567 9442 260
4722 3297 238
9286 4078 262
990 3114 217
3909 3354 238
7560 739 262
4532 1674 238
2066 789 182
8920 8943 154
2874 7759 262
4733 5697 236
8878 9887 260
3954 4977 215
430 8888 262
765 7296 262
7287 5106 262
9464 7436 260
2672 3037 217
6107 8855 262
1293 3220 217
5097 8594 262
5080 7260 262
6481 3922 262
2604 1166 209
5141 9834 262
3763 4830 215
6265 203 262
2084 3661 217
7431 4809 262
4121 1938 238
5611 389 238
4234 3397 238
3998 322 238
8309 1437 262
1807 6325 262
1321 4934 238
2357 9981 262
9057 938 262
7250 4133 262
6757 8435 257
2778 2468 191
4150 8581 262
4809 975 238
7719 998 262
552 5560 238
9774 7239 260
656 4510 238
9361 22 262
4095 8467 262
1590 8495 262
3070 2910 217
305 5515 238
2956 6160 238
9758 1871 262
9858 7184 260
8622 3237 262
6516 5525 262
1176 4349 238
2576 7598 262
4240 9297 262
6930 4981 262
755 7515 262
5673 8804 262
8928 3711 262
937 9782 262
6349 1450 262
8202 7996 190
7445 3697 262
7534 5221 262
8546 95 262
3087 7512 262
4721 6954 262
4875 7159 262
5930 9763 262
1238 4879 238
1339 9290 262
7416 6399 257
2819 2437 209
4929 5280 197
5466 4229 215
3622 8136 262
9172 3596 262
8945 3698 262
1100 9772 262
7258 8045 252
5661 8038 262
6483 6970 257
6377 1762 262
3759 1369 238
7057 3487 262
4604 4164 215
2105 8006 262
4836 4824 122
4473 820 238
61 956 179
9114 3074 262
4415 7550 262
6703 1129 262
4311 5129 215
7244 3826 262
7349 8684 252
7236 5577 262
4429 155 238
5566 6475 262
5162 2400 238
3864 4621 215
898 8601 262
7062 595 262
5301 8489 262
1277 1257 177
5579 2517 238
7053 5572 262
1264 8891 262
3919 9017 262
2879 9962 262
9973 5382 262
5114 1701 238
8865 6123 262
2092 6967 262
5706 6117 218
7780 6292 257
393 4754 238
5072 6368 262
1839 265 182
1690 639 182
9503 8873 260
7449 6726 257
7741 6786 257
197 3985 238
3879 3733 176
5400 6265 262
1204 4173 238
5857 7075 262
6489 4617 262
6400 9105 257
3225 8498 262
6544 5960 262
4124 855 238
3179 232 217
8366 942 262
9005 108 262
5616 50 238
7955 210 262
1889 218 182
1069 621 179
3171 643 217
2192 850 182
8521 833 262
8272 158 262
5793 916 238
1567 611 182
5885 743 238
2316 832 183
1774 926 182
4658 288 238
1783 612 182
5048 694 238
757 523 171
2539 380 209
1619 724 182
4600 781 238
2164 226 182
5007 638 238
584 948 179
4812 54 238
556 755 171
1871 990 182
9276 27 262
8469 656 262
2115 551 182
1100 218 179
506 678 145
5334 364 238
5057 406 238
6811 350 262
6743 734 262
6172 519 262
5906 576 238
9385 571 262
8963 553 262
5786 378 238
4898 735 238
8670 24 262
1942 193 182
5307 686 238
2407 304 183
1920 147 182
4950 188 238
2747 423 209
1013 932 174
8304 777 262
4322 29 238
468 996 179
8525 271 262
3279 347 217
5409 757 238
2789 484 209
4778 707 238
1799 158 182
9963 287 262
9879 64 262
5118 759 238
2040 272 182
4184 472 238
2167 78 182
2433 779 183
6103 164 238
6530 916 262
8097 670 262
3619 487 217
1080 825 179
2021 203 182
9098 151 262
320 157 131
4334 248 238
7572 697 262
4435 57 238
2425 395 183
2389 204 183
5675 900 238
4240 141 238
5920 201 238
1796 103 182
4935 681 238
7832 522 262
9997 503 262
9263 362 262
2006 462 182
286 787 171
1298 955 182
9330 817 262
6225 217 262
5156 479 238
785 83 171
3177 901 217
4972 564 238
5889 611 238
5045 942 238
2078 353 182
4947 752 238
5078 890 238
2487 507 209
3771 572 238
8243 851 262
6210 910 262
7053 841 262
3460 392 217
7883 642 262
2022 405 182
2908 955 209
4578 675 238
7376 382 262
4057 233 238
410 947 179
7427 601 262
7856 221 262
2529 55 209
6450 36 262
2409 497 183
4960 802 238
9498 774 262
3443 673 217
2194 446 182
142 31 122
4404 621 238
3895 895 238
3519 626 217
9229 905 262
2973 993 217
6858 258 262
5509 426 238
8804 53 262
9444 782 262
6994 313 262
9673 280 262
9976 418 262
4399 413 238
4268 381 238
2207 166 182
9558 75 262
4038 421 238
40 871 179
8602 362 262
630 570 132
2840 571 209
660 204 145
9962 699 262
4844 92 238
7482 587 262
2135 449 182
1710 964 182
9389 636 262
9305 189 262
8856 534 262
1648 214 182
316 306 131
5090 220 238
1601 624 182
