9215 4837 262
6977 7157 195
1909 854 182
2337 7268 262
2068 2612 209
5307 732 238
161 7779 262
6016 3243 238
2248 6577 262
2927 1950 217
7822 9788 260
9134 7163 252
9601 4362 262
2808 9340 262
3904 6630 262
4363 9702 262
5093 2229 238
2739 5123 238
836 3047 217
3255 9860 262
3837 6605 262
4259 587 238
3248 8347 262
2740 8617 262
4173 1104 238
3497 178 217
9098 5086 262
427 9198 262
6140 6186 262
5472 1848 238
6069 2331 238
246 6797 262
9432 5671 262
7102 4469 262
351 1666 182
9367 9158 260
9051 8395 247
1889 9923 262
5824 6082 218
401 7836 262
5053 3447 238
1498 9893 262
8086 6451 257
2301 8915 262
961 2648 209
3730 5373 215
7819 7698 221
3387 469 217
9597 5900 262
1888 1480 180
970 9923 262
996 5080 238
3126 6630 262
4473 5019 210
5161 3152 238
7816 873 262
3871 9044 262
7291 3710 262
8185 7755 252
5814 1518 238
479 9396 262
2259 4020 238
5400 5571 236
2538 6789 262
6446 1008 262
852 938 179
6372 2962 262
8713 8837 216
3428 1736 217
2558 6762 262
1766 4711 238
527 6504 262
7842 5491 262
9221 8874 247
8217 3514 262
1581 2204 180
3309 2781 217
9096 9137 185
3163 7087 262
6927 1974 262
392 8515 262
6761 9325 260
4872 1479 238
6434 1426 262
8074 8246 190
3554 4111 238
8975 1726 262
6845 1884 262
1162 5127 238
1989 9379 262
2009 9152 262
3362 1784 217
9349 1330 262
4508 8514 262
7243 9317 260
4225 6404 262
4645 1973 238
3297 8249 262
3517 2171 217
4812 4028 215
8651 241 262
9271 9394 198
7656 4720 262
496 7130 262
9209 5168 262
4278 2966 238
5957 5230 236
5419 2513 238
5874 9760 262
8506 7861 252
5970 6799 262
5839 4632 236
5839 2829 238
2562 483 209
9631 1501 262
8693 9313 260
9491 7837 260
630 3752 238
9907 3319 262
7663 5384 262
3042 5873 238
805 1490 182
6467 5966 262
5500 3354 238
9399 9091 260
3875 5036 215
4205 1438 238
6515 8305 257
7407 6080 262
1668 4705 238
9824 8481 260
5893 9598 262
2461 3684 217
1392 2894 209
1886 3904 238
2796 3050 217
7015 7785 239
5729 3423 238
2011 4343 238
4957 1300 238
6638 1384 262
3841 3903 176
1744 3347 217
4379 6573 262
1609 8809 262
5269 6884 262
4041 4784 215
8846 8352 216
5674 3200 238
3169 5694 238
4413 9632 262
718 5585 238
9453 6422 260
2195 9217 262
482 6198 262
9903 2409 262
1712 1356 180
9140 6825 257
8377 9037 247
4497 5564 210
3819 3365 238
8055 1214 262
1747 1792 149
5802 7337 262
841 3974 238
8967 6186 257
3100 5089 238
4293 6626 262
1204 2432 183
3721 1909 238
2019 4235 238
4517 2534 238
1530 3237 217
1841 570 182
2986 8386 262
4020 8135 262
4165 8961 262
7804 4667 262
3881 2334 238
3621 4332 238
149 6698 262
5296 1567 238
208 4952 238
6847 585 262
6390 349 262
5180 428 238
4477 8521 262
9137 9850 260
3531 5257 238
367 5211 238
9361 4786 262
1144 214 179
2560 6917 262
8554 9529 260
1188 8958 262
3349 7892 262
9121 6446 257
8248 9643 260
492 668 145
5455 7190 262
4086 4972 215
9963 9492 242
4801 3137 238
5446 824 238
7439 8351 252
43 3683 217
1635 5391 238
3990 771 238
9720 4685 262
1812 3193 217
6551 5810 262
2709 2676 160
7909 6636 257
8387 3823 262
7571 1491 262
8869 1874 262
4444 2907 238
5812 374 238
8893 2242 262
3618 2397 217
2406 6451 262
86 7697 262
8047 9406 260
7202 3458 262
1506 5035 238
7729 8310 252
4027 3535 238
7213 2777 262
286 5077 238
2458 5035 238
2937 4209 238
8965 5163 262
7347 8689 252
8738 1905 262
8653 5043 262
2524 7610 262
3011 7941 262
4853 6358 262
7744 5790 262
1396 9775 262
3066 4745 238
9577 7250 260
795 1671 182
9980 862 262
2657 5375 238
7298 9249 252
3561 4312 238
8751 7913 252
8015 170 262
3013 9484 262
7529 5925 262
5204 836 238
8929 4532 262
238 6250 262
1705 4916 238
5613 942 238
5608 7088 262
631 2712 209
9236 7440 252
8554 8245 234
2716 4700 238
7740 8284 252
9131 9208 198
8169 4150 262
9441 195 262
764 9060 262
9387 6587 260
1205 8036 262
930 5959 238
8945 30 262
9389 9771 198
6009 1249 238
166 415 144
311 1239 182
9796 4056 262
4679 8373 262
9048 3947 262
4096 6291 262
3621 1604 217
2287 8891 262
9459 319 262
4041 462 238
418 4452 238
1602 671 182
2057 1062 182
5425 1064 238
1814 5815 238
9111 4167 262
1201 6525 262
7745 7807 221
7504 6149 262
128 2913 209
9015 4967 262
118 2101 182
9024 9159 198
479 5886 238
8404 8019 234
1709 9411 262
7405 3617 262
4881 465 238
1794 9875 262
6027 2425 238
3400 5234 238
7114 4225 262
3852 9136 262
5490 6827 262
9893 7816 260
6286 327 262
9071 3040 262
3442 2881 217
7506 5735 262
4400 3960 215
5981 7599 262
980 775 179
1294 7800 262
4771 128 238
4828 4457 197
6878 9032 257
985 2834 209
9825 9762 198
3760 1446 238
8365 7565 252
4108 9354 262
1670 5611 238
8865 7705 252
2195 8847 262
4599 9408 262
7377 8535 252
2198 9247 262
2333 5566 238
5668 7305 262
8717 648 262
128 3895 238
226 2653 209
1418 7668 262
2284 98 183
2435 8642 262
7148 1851 262
2412 9758 262
7486 7177 239
8045 7807 252
4547 335 238
434 7371 262
874 5162 238
75 8431 262
9069 8889 247
1229 4420 238
584 5240 238
2346 3623 217
1186 3685 217
9285 536 262
3229 6673 262
6076 3829 236
6524 8565 257
5480 5194 192
6551 7262 257
5913 7791 262
1343 3302 217
8210 2018 262
8382 3289 262
1776 2908 209
9616 7742 260
7294 4949 262
9146 9652 260
3218 5619 238
1311 6963 262
9751 4605 262
7919 3947 262
5228 3482 238
821 243 171
825 464 171
7632 4070 262
5577 3812 236
5388 3515 238
6224 128 262
5417 8925 262
7117 1212 262
565 3439 217
1613 7230 262
4309 3510 238
275 2413 183
7613 6624 257
8137 3997 262
5375 2786 238
1499 1174 177
5549 4954 205
1340 6855 262
5806 6853 262
574 7753 262
7736 3054 262
1556 3949 238
1499 895 182
6387 153 262
6314 1597 262
5891 5023 236
1023 8604 262
5292 8776 262
2163 2684 209
1374 9229 262
3867 1573 238
9395 5302 262
6554 3659 262
1561 3085 217
8897 7978 234
5871 5944 187
6526 3143 262
7047 5677 262
9933 5990 262
4700 9137 262
837 4178 238
6713 9210 257
2012 4529 238
9634 6879 260
3967 6598 262
4664 6846 262
4434 6362 262
4875 1393 238
2234 8521 262
6831 6097 262
2602 7078 262
4245 560 238
7779 3608 262
9119 2997 262
4152 8805 262
9302 2580 262
69 7877 262
7994 8095 190
561 9701 262
5381 1999 238
3895 3599 238
4274 2615 238
456 9165 262
1798 2849 209
5680 9878 262
9066 9954 260
1763 9336 262
7593 7525 177
5691 1932 238
3952 903 238
7193 6790 257
455 9477 262
7700 1901 262
637 5875 238
591 9407 262
6550 5960 262
9279 7928 260
724 2435 183
7542 2147 262
3760 6210 262
7917 3077 262
9889 230 262
1215 8901 262
3529 7142 262
2333 4452 238
3454 9642 262
4526 3285 238
335 7557 262
1706 4422 238
6198 5000 262
2455 143 183
8182 2739 262
77 9273 262
5416 2299 238
3430 5356 238
5072 5949 236
1792 8354 262
7925 3313 262
2577 3254 217
8529 6959 252
7266 1755 262
6720 7078 257
1945 8290 262
5532 3365 238
9282 4274 262
7668 7009 239
4136 6250 262
7845 2005 262
9023 8074 247
2091 234 182
4557 2072 238
8385 5929 262
2552 479 209
6037 3227 238
2332 8214 262
1786 605 182
6138 6494 262
8134 1756 262
3175 9753 262
5741 6946 262
794 88 171
880 665 179
1427 899 182
3685 2793 217
4894 6709 262
7802 1375 262
3350 5391 238
3266 6167 238
1971 7775 262
2070 5636 238
5600 46 238
4642 4682 184
3812 8721 262
9964 9999 180
1057 2272 183
6734 8521 257
4786 5538 210
431 5686 238
2660 2015 209
4922 8807 262
4240 7593 262
9066 2252 262
1931 8473 262
9428 6734 260
5222 7934 262
2084 6728 262
2510 208 209
5012 3099 238
5604 5431 236
4279 2439 238
5053 382 238
9780 8356 260
8470 5128 262
7380 7117 195
7111 8548 252
9955 7519 260
203 5429 238
3331 6336 262
641 1963 182
4461 6363 262
1463 5294 238
4619 4797 197
7742 9608 260
9537 3454 262
1378 3895 238
5534 2383 238
5695 4318 236
3442 9598 262
822 6570 262
1601 7909 262
5378 8959 262
7275 135 262
7925 2629 262
6978 7 262
5574 1466 238
1386 8708 262
2994 4156 238
82 3416 217
5857 2982 238
394 9783 262
1832 1170 180
4192 9890 262
9789 8597 260
4901 6161 236
6352 9656 260
1993 4661 238
8288 7929 252
3244 6905 262
457 6525 262
7719 4115 262
2853 1167 209
2470 5305 238
7203 6330 257
5425 766 238
5907 5615 218
8116 9445 260
549 5939 238
1107 9833 262
1647 6570 262
3695 5283 238
1681 8329 262
4170 6919 262
7079 780 262
2632 2421 209
4872 2528 238
2804 8014 262
1453 134 182
286 5620 238
5258 1276 238
6486 391 262
5799 1978 238
6491 3948 262
5531 1194 238
9574 6082 262
6514 5283 262
1132 1665 182
7244 9462 260
2155 491 182
3187 8973 262
4624 3891 215
2670 1127 209
4566 6432 262
9940 2118 262
6273 4678 262
715 3992 238
1436 6292 262
4272 3313 238
8290 7510 252
4071 4298 202
8569 1907 262
6960 727 262
7661 2579 262
2720 3289 217
8483 5704 262
2487 2957 217
858 4238 238
4029 8618 262
2240 4510 238
7803 8827 252
147 2746 209
6846 6216 244
1295 5620 238
8762 620 262
1440 2206 180
4738 4882 197
902 1378 182
3557 7317 262
4113 9540 262
4134 821 238
1618 2225 183
3449 8643 262
4262 2078 238
6653 3555 262
577 4208 238
4410 2938 238
2510 7236 262
683 7151 262
1590 8255 262
8531 2027 262
8963 5855 262
1061 8594 262
5909 7947 262
8391 1636 262
5952 1502 238
4471 3837 215
8097 1893 262
8705 8855 216
3716 8363 262
5584 2370 238
8457 9892 260
5409 7646 262
925 5765 238
5205 8528 262
7250 1963 262
5571 3295 238
5472 3810 215
3427 8674 262
3537 7094 262
3798 5832 236
8697 5545 262
2305 7612 262
8686 7753 252
7032 6669 257
3298 8530 262
3684 5153 238
6786 149 262
6468 2686 262
5881 7825 262
9996 5328 262
5705 2868 238
7054 542 262
567 5665 238
3929 1273 238
1254 1475 177
4483 8678 262
4183 292 238
4665 9966 262
2546 5299 238
5768 2536 238
5176 5447 192
6225 5788 262
6096 845 238
1029 7310 262
7786 6338 257
1821 2645 209
4768 6580 262
893 1267 182
4127 8308 262
8930 3631 262
3459 8914 262
4360 7928 262
4960 5756 236
7787 4789 262
3199 4448 238
6137 5163 236
8652 8463 203
7394 3359 262
3456 3701 207
3724 7637 262
3707 5858 238
9156 6217 257
2708 3476 217
8618 118 262
2104 7022 262
8733 321 262
5504 2436 238
7896 2451 262
4459 8804 262
4387 9088 262
740 5757 238
3414 483 217
6667 5765 262
3626 777 217
8046 9035 247
3662 9505 262
6970 9304 260
3273 5955 238
4451 4980 210
4888 4357 215
6534 4689 262
3146 600 217
5149 9390 262
8318 5210 262
4007 8145 262
1342 7445 262
1999 4906 238
1702 6214 262
6723 3681 262
8296 6307 257
6467 8494 257
4326 8516 262
3753 370 238
3609 7297 262
9109 4991 262
9427 2267 262
9012 1903 262
8478 4606 262
8804 4711 262
7122 9697 260
3319 8873 262
228 1297 182
1846 7803 262
7687 5284 262
6187 7710 257
2799 2434 209
3679 4126 238
3038 1378 217
1492 6877 262
9469 489 262
6891 2114 262
4886 3824 215
7575 8343 252
9029 7288 252
5601 5712 205
9997 9351 242
8460 7850 252
357 1958 182
6500 3570 262
7997 7277 252
6323 5342 262
7247 2337 262
9754 729 262
2184 1850 175
6209 1262 262
304 9808 262
3993 4651 215
2003 1214 180
5184 1410 238
3601 1807 217
7457 8687 252
5046 1860 238
3182 5829 238
3298 5823 238
3418 6915 262
8007 8697 234
3530 3601 194
7237 7967 252
1212 4465 238
428 7894 262
9160 6174 257
880 1166 182
8011 6324 257
1172 9114 262
9632 4099 262
3148 4310 238
5302 1019 238
4275 1125 238
9201 9565 260
1954 4311 238
7632 2184 262
4725 813 238
7823 1662 262
6183 7075 257
7161 2764 262
37 4444 238
2685 830 209
8020 1591 262
2307 2188 183
1410 697 182
8244 6753 257
4542 1097 238
4979 8410 262
6735 2195 262
5369 9878 262
139 1834 182
2365 2111 183
7250 9809 260
8619 8869 216
3398 3613 194
3224 6406 262
2494 6893 262
2616 8568 262
6583 132 262
7133 8154 252
6755 4037 262
2481 126 209
3615 6557 262
547 8552 262
4426 1604 238
7290 1865 262
9940 252 262
6947 3395 262
7354 2817 262
685 6154 238
7464 642 262
9864 5825 262
2666 4351 238
5109 5707 236
312 7231 262
928 2779 209
807 3343 217
3252 1343 217
2386 386 183
3283 5868 238
95 3097 217
720 11 171
214 8486 262
5347 8398 262
705 3079 217
5530 6799 262
9192 2528 262
9245 3221 262
7202 5431 262
3542 6453 262
6574 983 262
3712 2940 238
6268 4100 262
7103 3773 262
9918 9937 167
5419 2586 238
8533 6714 257
6173 5513 262
1902 4794 238
2787 4565 238
9240 6368 257
5115 7504 262
2965 1629 217
6966 8926 252
960 5456 238
3373 7937 262
3843 8266 262
1133 6821 262
1815 4407 238
2730 4683 238
808 659 171
8683 1102 262
6963 2161 262
7035 8440 252
6541 7787 257
3175 5272 238
4516 1363 238
8270 4437 262
5296 7973 262
9905 9799 242
2486 2546 178
4121 8097 262
6867 7642 257
8969 9212 198
6974 1236 262
8046 3410 262
6025 5441 236
1737 4260 238
4130 3514 238
4934 6700 262
1895 3743 238
5244 7116 262
6043 1843 238
2718 7885 262
7139 3332 262
4401 6993 262
7214 3343 262
9302 1917 262
8632 8847 216
8976 562 262
290 9279 262
5169 4740 210
1718 3329 217
1317 9049 262
8294 3846 262
5289 859 238
3115 4282 238
6150 9309 262
9752 9606 185
5810 481 238
1305 4873 238
2036 2506 209
6303 5604 262
8807 5658 262
9301 7884 260
4404 7322 262
6814 4257 262
6123 8577 262
6735 682 262
5742 8784 262
6377 4443 262
6218 2877 262
9364 4188 262
6273 9275 260
2718 4860 238
1344 4167 238
912 4782 238
2979 3621 199
52 186 125
2888 6738 262
9134 3368 262
6639 6824 182
4166 9434 262
4612 7796 262
6431 9723 260
3298 1509 217
2111 4795 238
3763 8310 262
3621 9443 262
5551 9952 262
6007 8495 262
8289 4329 262
4490 3169 238
2072 8253 262
2415 3502 217
7221 1723 262
373 6086 238
846 3468 217
2100 6030 238
8546 282 262
4488 3649 238
9252 2117 262
4115 5516 215
4620 9561 262
3147 4487 238
3176 8915 262
1588 6919 262
7340 7328 195
1744 8667 262
913 5931 238
4131 4681 215
2647 5904 238
280 2534 209
6597 9724 260
2185 4270 238
545 810 171
8291 6638 257
872 7124 262
6987 2447 262
6808 9240 257
2730 4030 238
5423 236 238
4755 5912 236
9848 5297 262
8824 6015 262
4591 6678 262
4222 768 238
914 3733 238
4329 1632 238
6116 9410 262
745 7412 262
689 4932 238
4288 7653 262
2379 5306 238
287 2980 217
4680 7836 262
2544 525 209
8650 358 262
1328 6226 262
5825 6873 262
1197 8740 262
8200 4999 262
3860 3390 238
1030 652 179
8009 6310 257
6923 6283 244
9395 3073 262
434 5173 238
4057 1250 238
2362 1490 183
4625 4937 210
2391 7467 262
2614 4552 238
4388 7302 262
7915 6325 257
5498 5219 192
3343 4446 238
1814 3489 217
5526 7647 262
4091 8290 262
748 3214 217
3442 7899 262
1977 5196 238
7661 4517 262
3392 9427 262
2092 8446 262
6548 1159 262
