12 1 20
1 343224 443
33 33 27
838060 999999 507
882808 635532 525
458566 585822 470
821595 466091 509
582315 587378 434
338607 544974 470
140609 599895 470
865462 931317 476
739941 182521 509
479162 433877 444
443113 876517 525
667525 225615 509
855246 42839 525
887442 410460 525
768962 13058 509
729893 787642 468
706248 123827 509
136382 693576 509
943288 310438 525
880201 903435 445
557740 945593 525
992265 849553 507
486306 152587 449
578785 715067 509
77593 495591 449
721648 863662 525
851011 718340 525
494569 229002 449
903678 175399 525
638636 758538 504
320367 969362 525
27536 150361 375
192546 271383 443
397114 443976 449
655465 583591 509
612741 750141 509
442356 624846 470
890623 681024 525
640317 376344 509
217368 575123 470
467560 923370 525
476671 548107 470
841886 901285 445
556210 613831 434
117750 273661 443
968390 468317 525
606532 468738 470
615687 522430 452
114821 272866 443
108085 353822 443
775033 22893 509
729592 422690 509
888694 196461 525
425409 969486 525
579464 90551 470
195268 983614 525
582176 559401 421
671846 572447 509
961498 967780 414
847860 668092 525
393915 350909 436
485791 970374 525
219168 218411 293
772431 633646 504
333175 916009 525
170061 373118 443
552422 852744 525
468445 899037 525
408246 938081 525
379921 752729 509
243619 964274 525
900689 184896 525
902735 788033 525
616919 934737 525
5645 77226 351
5237 764435 509
10861 163268 383
703978 90674 509
812848 280174 509
261814 698316 509
108080 522370 470
631191 263570 509
4990 743631 509
84499 783915 509
191326 80733 383
151818 662328 509
426473 543042 470
653047 444088 509
869578 122770 525
14267 970277 525
742146 534481 509
849858 381986 525
314332 381770 441
392491 100349 443
501374 78302 449
641818 298256 509
988294 700545 525
603977 890344 525
704949 600277 509
188609 585931 470
551499 752709 509
149665 528780 470
458941 129178 449
109802 495447 449
873360 745306 525
813910 368835 509
200252 933425 525
339913 908041 525
861007 149388 525
866673 230537 525
886780 645581 525
389946 415328 449
980690 208045 525
702185 807563 504
78317 892623 525
318020 162281 443
756349 110452 509
321701 828474 509
940319 889487 507
788959 885179 525
188711 903318 525
93250 61032 351
252655 168369 443
156916 116863 383
963866 650855 525
720976 569232 509
534966 287644 470
413452 780209 509
706860 610153 509
919438 991520 507
662726 987886 525
649778 449474 509
762960 258560 509
100614 59933 351
812490 123563 509
171421 817240 509
37843 776213 509
218517 935049 525
510550 296163 449
440293 559726 470
452039 341869 449
55234 352274 443
47355 86029 351
556808 891091 525
897420 110891 525
250430 338547 407
675823 529372 509
586808 463459 470
238157 148199 443
252830 549580 470
778197 49195 509
58585 147726 375
317632 457141 449
105505 539170 470
308071 60613 443
282000 703181 509
667037 950504 525
769367 333701 509
760725 297412 509
268386 209553 443
61666 459634 449
973985 449094 525
694094 696380 367
228594 12407 386
422916 228348 449
139579 705532 509
656000 572444 509
359091 492588 449
158111 786746 509
93830 296295 443
822664 837363 419
391666 598997 470
581873 772246 509
757805 321560 509
656526 22181 509
381660 577086 470
109402 847714 525
125846 611054 470
40218 189324 383
705982 73935 509
840859 839617 357
313257 493738 449
490295 175341 449
456434 601236 470
893131 367141 525
379470 859267 525
786661 17549 509
873556 238079 525
782899 206616 509
466579 451645 444
127336 74471 354
260216 353013 441
853246 827706 525
891584 849758 445
15263 364727 443
945367 485113 525
944006 808780 525
356055 552390 470
746845 654070 504
96382 155431 375
172597 910757 525
107097 730689 509
766709 690105 504
754367 316485 509
500476 78538 449
278862 267874 407
431308 400020 449
544395 293243 470
469799 706685 509
800262 258115 509
937667 874899 476
807042 841081 525
580109 964661 525
197873 437758 449
400904 554025 470
922729 370353 525
705465 886232 525
76458 483033 449
551307 931185 525
248718 639104 509
198490 235283 443
179066 245092 443
144922 992994 525
4111 949119 525
505291 574460 470
157053 359097 443
332495 678637 509
800426 782197 468
426340 107805 449
197183 960392 525
701834 92606 509
215074 601551 470
197040 659011 509
557497 823277 509
599682 524603 452
384602 20356 443
880708 752641 525
873105 832767 525
101730 709874 509
628986 342070 509
598007 221461 470
178299 689039 509
92112 433692 449
400952 355444 436
571705 437163 470
753928 16882 509
875295 968248 507
577810 841347 525
844005 662405 525
204245 183237 360
644010 121511 509
4318 30976 308
115830 998881 525
594408 322143 470
540818 189688 470
712447 83571 509
538598 568143 452
298966 568339 470
339833 455049 449
454556 986096 525
645430 200888 509
526272 691593 509
902136 40587 525
362009 772972 509
22145 395716 443
352702 171456 443
489065 939987 525
179139 300555 443
667285 456698 509
644355 874335 525
104960 640284 509
846470 355215 525
22199 791072 509
13529 354593 443
709191 451047 509
223019 904051 525
404071 527663 470
225775 309986 443
117602 829738 509
491573 202502 449
289364 506834 449
443594 497113 444
373801 640268 509
989460 925064 507
506602 534939 470
744308 524651 509
837182 322014 509
678313 868888 525
440306 654668 509
924440 211587 525
150853 193070 383
304145 641863 509
228768 596915 470
71843 604632 470
628764 145467 509
404711 539086 470
802493 256167 509
494819 34691 449
123915 761330 509
150991 45562 375
258535 894336 525
285690 835266 509
486803 851134 525
438530 558058 470
816996 871206 525
644932 284983 509
578472 582846 359
132742 174431 383
280115 885957 525
770256 432136 509
184247 987401 525
439250 430715 400
727210 715252 411
817435 285242 509
332890 443562 449
829608 298520 509
758111 103095 509
922941 813132 525
829547 901847 525
395479 730560 509
990878 976076 427
739019 641779 504
576762 347058 470
356055 751802 509
940661 968212 414
880499 442189 525
165405 930251 525
272246 79897 443
755780 309330 509
222821 466279 449
232800 742154 509
11185 161649 383
555674 633879 509
883 914582 525
697079 347542 509
642374 813698 504
927818 731636 525
165433 508075 449
513213 542814 439
255965 828285 509
327463 944055 525
568930 398321 470
367393 290410 441
79812 971737 525
362776 334862 441
940253 712412 525
812828 172466 509
867264 243294 525
606816 238004 470
431910 118859 449
175227 595142 470
714373 417760 509
488322 486763 382
835833 509717 509
597251 954001 525
262663 596462 470
810351 418487 509
535998 11566 470
76595 679929 509
875198 718553 525
569603 180868 470
928698 719782 525
121462 240706 443
749483 942659 525
895609 178372 525
255574 629142 509
145050 628618 509
980869 879377 507
414553 253956 449
16145 120753 354
914846 755333 525
673335 899705 525
427371 566009 470
96835 628779 509
538806 179530 470
411701 754453 509
864063 417405 525
906379 104725 525
733373 257768 509
451463 31886 449
19486 20454 274
27315 934830 525
834518 665115 504
378390 927430 525
542582 945389 525
912760 165710 525
757727 414194 509
944463 842965 507
975740 295027 525
776105 184077 509
10715 284991 443
584705 969557 525
206841 921990 525
880219 21375 525
298877 746844 509
164382 290887 443
703582 141890 509
655574 111859 509
643985 580491 509
222100 708974 509
676140 185593 509
488574 160603 449
947818 44034 525
875483 123450 525
772226 642673 504
200350 942576 525
341449 231040 407
608854 432643 470
629297 423974 509
819788 298112 509
100497 152375 375
325367 999164 525
314411 934413 525
377016 655907 509
19143 313739 443
908020 910146 476
101850 930766 525
137987 872491 525
378151 911435 525
459806 251761 449
958281 740126 525
329379 607845 470
962965 512988 525
330654 561203 470
436697 272548 449
710508 783969 468
177023 358204 443
688175 747456 504
357051 849291 525
107195 502224 449
506120 912280 525
48834 213044 383
48377 954612 525
624390 893320 525
794055 41199 509
970070 546404 525
451462 366368 449
407700 719209 509
553202 144410 470
231477 847521 525
481080 918498 525
305858 509051 449
797663 873395 525
320546 183192 443
877700 558747 525
755648 642854 504
791180 646569 504
393230 457992 449
998325 891391 507
487054 55515 449
463940 809842 509
853698 754707 525
294429 665767 509
140791 371391 443
930023 604537 525
347588 457910 449
352334 260922 441
175150 806619 509
805880 781473 468
531850 652706 509
741842 483394 509
669536 242403 509
329379 241968 407
978952 530197 525
95648 747448 509
663887 215602 509
642675 50735 509
7417 6737 257
83 7967 262
8680 40 262
7815 3444 262
2928 5334 238
7380 6088 262
5730 8753 262
2987 4178 238
2698 2177 209
3926 3039 238
6506 646 262
9273 6430 260
5809 3258 238
6241 7012 257
5707 2864 238
5032 8848 262
10000 5215 262
4888 6297 262
4112 8534 262
3764 7536 262
7478 1360 262
2693 2015 209
8707 5003 262
9858 7617 260
8174 9489 260
6668 3044 262
2110 7143 262
2374 7209 262
1274 9783 262
9214 5613 262
8027 4765 262
6425 2902 262
3814 5065 215
2939 8188 262
8900 5721 262
8143 4400 262
5285 4765 210
2077 222 182
2233 1987 183
1636 2504 209
115 8510 262
4156 9654 262
6774 5098 262
6498 4192 262
9573 8526 260
5515 6975 262
5811 5145 236
3576 3058 199
2089 1053 182
1758 5743 238
3676 7264 262
9887 475 262
9799 2435 262
4255 5348 215
6377 5007 262
2113 168 182
3597 9380 262
5717 5195 236
9029 8783 247
7041 5815 262
2672 1859 209
6140 9785 262
9572 2087 262
4613 3089 238
3608 3093 199
7715 6078 262
4238 1005 238
8496 974 262
2917 219 209
362 3552 217
1961 4839 238
9311 5188 262
735 861 153
1304 6639 262
5423 9593 262
7688 9589 260
2898 7261 262
7534 6960 239
3298 2583 217
2820 6298 262
6451 2149 262
1697 230 182
716 2203 182
3871 9989 262
8220 7021 252
2834 1002 209
2620 7371 262
4649 5907 236
49 281 128
9729 344 262
6616 9430 260
4430 8410 262
219 2055 182
7650 595 262
2830 1768 209
3995 178 238
8881 9979 260
8974 3704 262
327 1281 182
575 2998 217
4073 4329 202
492 7433 262
2131 2997 217
3678 1058 217
7084 4760 262
4571 6276 262
7128 9051 252
2517 481 209
8592 6385 257
6071 3206 238
799 7329 262
179 1721 182
3121 8392 262
8553 6195 257
5957 311 238
7050 9612 260
2494 663 209
9336 250 262
4370 6949 262
9810 5353 262
2771 3831 238
8125 7306 252
5038 9509 262
6254 9136 257
1855 3865 238
4338 5767 236
9954 7275 260
2201 7382 262
144 3888 238
4008 7048 262
7575 6793 257
2084 6645 262
4392 2336 238
8971 7464 252
2475 1981 209
2786 3205 217
446 8934 262
4276 1248 238
799 9499 262
9704 1677 262
5609 3056 238
8437 3828 262
5956 1390 238
3885 5066 215
3730 5132 215
4369 597 238
7380 2492 262
304 695 145
2563 5993 238
5663 8390 262
8982 7408 252
6390 8677 257
1634 3013 217
6391 4961 262
6895 1535 262
5316 3002 238
6114 22 238
3059 8719 262
9795 9844 167
5665 7786 262
120 2125 182
1033 2680 209
4201 9321 262
4555 671 238
6603 4380 262
317 3377 217
6997 2606 262
96 1895 182
1 9820 262
7688 6771 257
2243 8927 262
4784 4521 197
7491 8801 252
849 3086 217
2289 3576 217
4876 6806 262
3348 8242 262
879 5577 238
7676 7556 177
147 9722 262
9095 7809 252
2442 6193 262
7881 7560 221
6320 5358 262
1317 7525 262
1551 5361 238
5267 5472 192
2880 7573 262
8845 1391 262
6552 9251 257
1967 649 182
468 3616 217
8849 4130 262
87 3324 217
7663 1431 262
9664 2926 262
3446 4091 238
2481 1572 209
5730 4944 236
2474 2608 178
9341 690 262
8637 5904 262
8852 4502 262
3983 5589 236
8523 2623 262
1694 8788 262
554 8397 262
2905 8883 262
9730 7701 260
975 669 179
5019 6608 262
7445 3862 262
5223 4010 215
7549 3325 262
1510 7339 262
1232 4990 238
8748 2791 262
3929 7047 262
721 6290 262
4954 1525 238
6720 8017 257
5499 1277 238
3098 8565 262
1343 5588 238
5773 2292 238
2105 5624 238
3951 8799 262
8446 2710 262
1184 1796 180
1157 4862 238
6122 3996 236
8063 3450 262
1818 4405 238
1344 5032 238
5500 7641 262
2504 4827 238
5178 6186 262
5701 6253 262
2768 3993 238
3887 7165 262
8353 4334 262
1968 8501 262
5848 7842 262
5189 2876 238
5135 8260 262
9715 4713 262
6261 2806 262
7722 5128 262
7251 9605 260
3808 6205 262
4561 674 238
1311 2497 209
5726 7475 262
1814 4060 238
7453 6281 257
7855 8457 252
7485 4622 262
2469 8188 262
3883 8047 262
8814 2728 262
9325 3519 262
9177 7260 252
8009 7117 252
9960 6762 260
1303 7171 262
8365 1197 262
2623 904 209
4439 7942 262
6898 2765 262
5548 8747 262
3927 7797 262
4837 315 238
6861 6194 244
8316 7579 252
7181 6996 195
9780 9320 198
5756 3152 238
2227 3185 217
7554 9988 260
7912 1791 262
933 806 179
199 2075 182
6198 5148 262
9971 2978 262
6827 2978 262
8630 3246 262
5669 9723 262
6545 655 262
5462 828 238
21 6187 262
1940 191 182
9762 1391 262
4748 4933 210
7375 3962 262
4915 3350 238
9354 9358 198
784 8945 262
7104 8095 252
5712 895 238
9433 5998 262
9757 7180 260
4063 7791 262
9742 2173 262
8418 8002 234
7614 827 262
4093 3604 238
18 811 171
9135 1645 262
1131 170 179
7229 8341 252
3458 608 217
5600 3253 238
604 1309 182
1782 4757 238
6728 7002 257
9212 3359 262
390 7185 262
3580 7458 262
3087 6964 262
4707 8827 262
4139 6509 262
3642 7500 262
371 9036 262
4411 2141 238
6036 3758 236
7740 4456 262
1507 9936 262
956 4817 238
7742 7205 239
6307 8375 257
2552 9023 262
6016 1515 238
2920 7739 262
5766 7474 262
4747 8715 262
7609 7021 239
2831 4589 238
6269 457 262
1421 1838 180
3553 6611 262
1885 5467 238
520 2385 183
3237 2145 217
1896 5570 238
4366 4794 215
5332 9053 262
6019 1863 238
7534 7425 208
5105 2039 238
2757 9793 262
8966 2076 262
8770 3264 262
1427 7373 262
5918 7089 262
4101 3383 238
3509 3965 238
898 7814 262
1181 9061 262
6616 5954 262
9047 2580 262
5655 3749 236
7523 6716 257
8274 9309 260
3360 5889 238
7788 5707 262
7064 229 262
7716 2923 262
783 3735 238
7371 2315 262
2658 4306 238
3447 7517 262
622 5142 238
2318 4099 238
4873 4404 197
9816 8265 260
3235 9101 262
8408 2700 262
1762 6908 262
9124 8 262
313 4396 238
2886 4148 238
7934 4634 262
1060 1498 182
74 1610 182
9901 466 262
4515 9911 262
9888 2160 262
7533 6276 257
5191 9530 262
8070 1431 262
9394 2643 262
2518 8728 262
6068 8990 262
2325 3375 217
7918 3825 262
4537 6961 262
541 5071 238
8569 2860 262
2510 7802 262
500 6016 238
797 4093 238
1950 8808 262
8603 9509 260
1916 8568 262
1257 8596 262
7185 4399 262
7119 9763 260
6096 4768 236
2504 666 209
4199 6351 262
9560 1418 262
2551 8807 262
3854 980 238
6685 9945 260
3571 7356 262
3133 3694 199
2909 8570 262
5832 4323 236
5678 6581 262
5081 2917 238
6989 3720 262
785 2814 209
6015 6842 262
6712 5544 262
2912 7414 262
784 5077 238
8204 4065 262
2951 225 217
7745 8016 252
7421 3458 262
8594 9442 260
8777 8307 234
895 5425 238
503 4061 238
9408 7538 260
148 5723 238
8405 7592 252
486 8525 262
2504 2668 191
2294 7208 262
15 9506 262
2313 6379 262
5317 7045 262
3862 8461 262
5694 9204 262
3783 4961 215
7272 3500 262
3160 9468 262
7510 6738 257
7262 6668 257
322 534 144
2933 1140 217
8223 6471 257
5543 5261 205
7203 1996 262
9819 9312 198
1470 6843 262
5310 2418 238
4093 9235 262
9263 1353 262
4102 9991 262
10 4230 238
4852 3459 238
6908 6297 244
7106 8522 252
1796 3372 217
7179 9143 252
8028 5359 262
7344 9601 260
2221 1039 182
2649 8178 262
7346 9003 252
5421 2427 238
724 9318 262
7868 1802 262
1740 3889 238
6297 6390 200
6403 473 262
4316 4866 215
7688 3365 262
7673 6341 257
5124 7856 262
6105 4163 236
3522 881 217
4704 5266 210
9372 3768 262
1624 6418 262
9632 481 262
5006 4526 210
491 3148 217
2958 9525 262
2273 7989 262
5235 3803 215
2932 5283 238
4234 932 238
9320 2441 262
5928 9239 262
1942 5152 238
4698 8793 262
5814 2007 238
9768 6423 260
2056 292 182
5412 3753 215
1488 7619 262
8225 9475 260
8160 1304 262
792 1360 182
8384 4750 262
6578 7122 257
4254 122 238
3080 4099 238
5761 6287 262
1171 6583 262
7880 8134 252
5391 3446 238
763 7808 262
2651 2666 147
3711 9982 262
7550 7431 208
954 6339 262
2812 9694 262
9027 9404 260
7480 519 262
4647 7859 262
3336 9828 262
5736 78 238
2403 2754 209
2973 3526 199
1228 7866 262
8287 7023 252
