8315 741 262
1052 13 179
5513 97 238
8197 166 262
2273 951 183
4426 137 238
76 26 116
4597 336 238
7220 436 262
7714 484 262
6193 613 262
6472 138 262
5740 640 238
6846 476 262
1912 809 182
6685 737 262
4562 468 238
4415 137 238
2581 699 209
1901 538 182
8272 266 262
6378 917 262
4243 251 238
2089 482 182
7466 479 262
8552 953 262
7417 947 262
147 135 117
1461 252 182
6683 609 262
3970 872 238
7905 558 262
5171 776 238
8632 177 262
3621 341 217
9600 675 262
4574 597 238
5643 678 238
8529 132 262
9067 232 262
7578 867 262
9899 556 262
4581 809 238
2235 438 183
6193 169 262
7479 578 262
1736 54 182
8029 199 262
3024 899 217
535 195 144
1048 134 179
3787 707 238
7557 246 262
8209 635 262
2103 306 182
1110 304 179
7694 115 262
6365 496 262
8658 457 262
9220 756 262
9128 260 262
1954 876 182
7766 597 262
848 827 135
6623 341 262
670 69 145
1951 872 182
4950 184 238
9485 484 262
8740 886 262
6275 301 262
3073 512 217
3731 986 238
4618 667 238
5297 134 238
4489 873 238
4314 845 238
1926 335 182
4908 593 238
5914 350 238
2527 936 209
325 367 144
4229 389 238
6239 3 262
6439 542 262
1734 706 182
7206 224 262
7064 132 262
1513 19 182
5094 883 238
756 601 171
6985 848 262
418 830 171
1465 986 182
7417 16 262
9995 441 262
3203 478 217
7469 969 262
718 389 171
3451 493 217
4351 546 238
5779 67 238
981 536 179
5320 752 238
6554 955 262
5508 410 238
2235 730 183
1403 347 182
2595 596 209
6453 298 262
8749 992 262
373 823 171
2719 391 209
5498 143 238
1623 717 182
168 926 179
4264 110 238
3796 112 238
6167 722 238
8327 345 262
5967 842 238
2382 164 183
4464 965 238
4874 118 238
9046 850 262
8308 451 262
2302 747 183
7528 312 262
9714 610 262
3693 943 217
3461 394 217
2075 74 182
8003 652 262
5690 248 238
2279 646 183
1843 747 182
4349 904 238
1716 254 182
8757 359 262
8422 668 262
8228 489 262
7756 196 262
6355 403 262
1391 174 182
9124 688 262
4014 212 238
1225 628 182
5900 116 238
1888 37 182
2815 2 209
5708 992 238
5301 764 238
415 229 144
6440 485 262
9925 754 262
2964 407 217
2163 926 182
8802 507 262
2728 352 209
7926 219 262
1755 167 182
4466 107 238
9761 737 262
3199 748 217
4442 941 238
557 506 137
5267 5 238
3368 349 217
6412 813 262
7532 818 262
4679 895 238
9646 685 262
9339 177 262
4887 704 238
8396 59 262
1412 737 182
6055 593 238
8360 598 262
6949 454 262
2146 933 182
3572 889 217
2621 304 209
7088 713 262
9278 632 262
4593 340 238
2826 362 209
7603 711 262
8030 995 262
9283 700 262
5973 905 238
8033 170 262
8858 485 262
4090 341 238
8134 203 262
1288 326 182
7873 695 262
2062 926 182
210 630 144
373 619 142
547 172 144
1341 679 182
9465 447 262
4828 438 238
8184 76 262
4292 10 238
8843 876 262
6124 920 238
7172 202 262
7173 302 262
5625 558 238
9918 505 262
2925 163 217
355 466 134
6876 467 262
9768 827 262
4388 51 238
629 10 144
35 694 145
4809 115 238
3470 551 217
7171 384 262
2079 442 182
920 983 174
7587 232 262
8756 516 262
6939 716 262
232 802 171
8562 824 262
7577 592 262
9174 108 262
4038 429 238
1767 560 182
7617 618 262
6448 954 262
9247 324 262
3855 394 238
1355 443 182
9502 735 262
4044 740 238
6755 338 262
6762 867 262
9278 104 262
3141 974 217
7219 662 262
8421 738 262
92 298 128
388 246 144
1858 282 182
3693 325 217
3839 641 238
8409 702 262
4384 326 238
8503 171 262
2120 246 182
6461 747 262
9296 901 262
679 304 145
6961 794 262
8852 505 262
2617 811 209
1683 35 182
4064 247 238
9293 14 262
1876 442 182
1645 994 182
835 572 171
7974 947 262
5023 458 238
7662 960 262
2645 937 209
7701 625 262
7078 302 262
2015 218 182
9814 598 262
9576 887 262
7623 121 262
2228 353 183
5330 392 238
4294 724 238
6669 957 262
8141 561 262
2125 618 182
4499 2 238
6354 40 262
6589 128 262
5381 756 238
8947 955 262
9638 377 262
6134 783 238
5475 395 238
6748 632 262
4599 677 238
9406 545 262
3487 973 217
7516 907 262
1081 601 179
6697 544 262
2099 803 182
7439 834 262
8240 727 262
1716 876 182
7890 68 262
9272 983 262
3827 886 238
2206 63 182
9571 149 262
6480 156 262
8341 510 262
8752 925 262
8525 461 262
2991 859 217
5006 906 238
1012 979 143
3080 602 217
4451 543 238
8470 675 262
9528 894 262
7204 756 262
593 367 142
3384 356 217
4501 804 238
4430 647 238
5432 672 238
8177 459 262
674 333 145
7013 523 262
2773 907 209
4366 505 238
8738 972 262
9581 582 262
5381 49 238
826 187 171
739 799 153
5619 620 238
4361 109 238
3888 236 238
7236 589 262
3667 594 217
9675 169 262
9878 612 262
6654 199 262
3226 862 217
1660 546 182
8770 7 262
2036 584 182
197 60 125
8622 479 262
1900 617 182
6015 17 238
1105 653 179
8554 301 262
7636 427 262
2098 805 182
4480 812 238
6842 376 262
1933 851 182
3088 527 217
3681 259 217
9026 969 262
6167 745 238
6614 445 262
9626 476 262
1120 234 179
8675 732 262
9290 390 262
5404 384 238
4048 982 238
9633 97 262
176 154 125
5850 939 238
4389 521 238
7540 504 262
950 708 179
2031 425 182
6496 179 262
7402 399 262
4894 591 238
5711 288 238
971 619 179
6404 385 262
4930 847 238
3430 555 217
8864 99 262
4706 182 238
1019 571 179
77 327 144
51 606 144
2932 324 217
7388 471 262
8297 428 262
1782 990 182
3055 448 217
1020 820 179
3724 898 238
685 111 145
6928 731 262
4360 744 238
1236 123 182
5105 26 238
9151 823 262
9107 449 262
5456 526 238
6980 696 262
3689 875 217
7660 774 262
4976 65 238
6803 597 262
3357 249 217
6264 632 262
4108 448 238
2113 238 182
277 739 171
3759 529 238
2816 642 209
5714 23 238
9934 198 262
4204 490 238
245 670 145
1688 890 182
9318 901 262
1580 36 182
4107 978 238
8451 59 262
3612 701 217
8841 973 262
1566 851 182
977 831 179
5370 170 238
5232 749 238
4812 692 238
8248 543 262
5251 42 238
2934 995 217
9236 349 262
1177 18 182
857 562 171
1968 523 182
6471 804 262
8537 599 262
9993 579 262
6106 71 238
699 458 145
9958 82 262
2050 707 182
2126 390 182
9554 866 262
4074 248 238
9947 579 262
4624 938 238
8838 989 262
2054 57 182
6728 300 262
365 162 144
7920 310 262
8713 640 262
3747 91 238
2768 594 209
35 119 119
9570 273 262
7693 646 262
501 742 171
3634 74 217
4147 974 238
420 110 144
9733 119 262
5181 458 238
7431 631 262
5472 568 238
3117 409 217
9330 157 262
2269 305 183
1554 924 182
3835 83 238
8668 912 262
7019 729 262
1011 243 179
4916 369 238
9045 290 262
8565 261 262
2522 127 209
7925 664 262
1384 275 182
9537 13 262
3849 940 238
5175 488 238
4098 968 238
3869 644 238
5760 596 238
9738 835 262
9877 214 262
3069 172 217
4110 710 238
5543 402 238
1965 524 182
4387 880 238
4149 465 238
8738 64 262
4059 854 238
7387 851 262
4222 351 238
8406 38 262
3751 514 238
9184 822 262
4293 792 238
1242 394 182
4146 639 238
7304 749 262
5960 198 238
3983 755 238
1674 752 182
3422 431 217
3330 389 217
6830 732 262
3200 276 217
7362 533 262
8198 668 262
1065 161 179
9318 543 262
1661 730 182
4466 530 238
5071 279 238
8923 135 262
8863 655 262
8532 419 262
7964 927 262
5736 931 238
1394 186 182
9992 490 262
9445 742 262
124 878 179
9614 564 262
6067 542 238
8727 646 262
5330 285 238
5167 25 238
9614 233 262
464 178 144
6670 145 262
976 634 179
7387 594 262
3766 436 238
3707 469 217
1678 265 182
2507 8 209
3586 837 217
1113 251 179
6457 272 262
9800 99 262
7485 445 262
6043 81 238
4922 267 238
4625 554 238
4715 152 238
4528 321 238
5337 672 238
2211 350 182
6877 229 262
4116 547 238
2219 128 182
2234 334 183
5912 304 238
7189 441 262
5571 935 238
5175 838 238
1421 951 182
3191 545 217
5047 587 238
128 89 119
8642 837 262
3072 234 217
7518 824 262
2718 512 209
9809 145 262
1321 221 182
6056 715 238
1071 994 169
661 983 179
2117 388 182
1440 944 182
4899 180 238
9565 680 262
706 845 153
5714 647 238
3227 412 217
5024 265 238
6504 710 262
4543 377 238
4446 823 238
2464 696 209
8275 939 262
2714 305 209
7457 472 262
5305 534 238
5803 424 238
4098 636 238
3897 230 238
4428 638 238
7387 227 262
4644 50 238
7196 573 262
9543 765 262
902 484 179
6328 183 262
7793 964 262
8943 323 262
4870 142 238
6754 152 262
1515 895 182
4704 188 238
3547 691 217
3259 725 217
7380 12 262
1841 322 182
3542 695 217
4435 294 238
2582 368 209
8449 309 262
1845 349 182
2583 878 209
8265 595 262
258 802 171
5694 483 238
6071 704 238
573 644 132
2081 574 182
8755 399 262
6437 92 262
9181 987 262
5007 149 238
8566 640 262
3056 68 217
8557 278 262
8911 447 262
735 399 171
3862 203 238
1313 83 182
3688 581 217
3049 962 217
4560 416 238
2425 935 183
9683 678 262
4076 602 238
224 730 171
5207 742 238
5646 746 238
742 331 171
5642 408 238
7901 902 262
675 914 179
8363 175 262
4375 592 238
3900 37 238
7178 174 262
9654 671 262
8339 9 262
6880 116 262
2225 942 183
4050 40 238
8282 677 262
6046 395 238
4360 9 238
4213 508 238
1729 670 182
1130 298 179
5892 844 238
5606 858 238
1710 373 182
19 260 128
1394 310 182
5418 61 238
6849 798 262
3832 353 238
3892 987 238
212 123 125
7524 338 262
7221 955 262
6115 611 238
9031 760 262
9582 840 262
4978 934 238
8705 330 262
5434 321 238
7790 322 262
3771 864 238
5406 92 238
3906 822 238
6750 59 262
8582 737 262
5482 713 238
2953 429 217
4336 502 238
216 299 128
5388 301 238
5463 372 238
8430 339 262
5134 735 238
4278 774 238
7025 314 262
3606 92 217
6454 460 262
1141 736 179
1559 868 182
8374 90 262
4698 289 238
4383 128 238
6394 1 262
9255 875 262
3948 82 238
5642 738 238
7163 842 262
6453 315 262
513 665 145
2592 958 209
5857 877 238
346 841 171
2275 390 183
4417 696 238
4800 451 238
3500 69 217
4082 827 238
7444 339 262
7982 937 262
5327 481 238
3353 967 217
2102 476 182
7145 810 262
9421 379 262
4039 212 238
1727 949 182
3218 633 217
9963 26 262
15 753 171
4193 505 238
9993 128 262
1118 39 179
596 920 179
8469 966 262
1222 886 182
7394 794 262
5294 303 238
8197 789 262
6341 351 262
458 86 144
5803 882 238
2969 902 217
7004 749 262
9308 221 262
3849 91 238
1084 7 179
6688 995 262
1572 462 182
3312 228 217
5356 387 238
2830 594 209
4557 361 238
591 719 171
9924 385 262
1983 32 182
8613 881 262
3795 470 238
5115 439 238
4134 911 238
5780 351 238
7632 693 262
4555 706 238
7021 763 262
9678 144 262
481 140 144
5895 556 238
9516 434 262
8536 883 262
6187 369 262
9779 971 262
4204 214 238
2121 832 182
4208 423 238
1264 396 182
6969 900 262
6307 209 262
4109 113 238
9586 975 262
5425 851 238
7740 220 262
3080 529 217
8800 657 262
6148 905 238
7917 132 262
1349 218 182
9418 200 262
1436 73 182
6055 900 238
992 631 179
9166 797 262
1061 287 179
1075 137 179
6980 684 262
4420 958 238
9266 948 262
5679 513 238
2990 278 217
8670 956 262
6304 942 262
2357 401 183
8497 949 262
3928 615 238
217 717 171
3253 901 217
9264 201 262
8535 1 262
2221 27 182
1948 370 182
6580 485 262
4266 591 238
9352 222 262
5366 616 238
6134 293 238
9949 145 262
4322 346 238
8146 244 262
9098 219 262
5616 808 238
4651 748 238
273 706 171
6669 657 262
1422 566 182
3823 623 238
7869 356 262
4771 82 238
2925 601 217
5087 156 238
5922 741 238
3764 979 238
2607 700 209
189 938 179
4041 925 238
2094 312 182
1999 604 182
7794 240 262
9636 919 262
6730 702 262
3305 410 217
7535 88 262
2330 339 183
8961 379 262
2741 144 209
9282 846 262
5410 347 238
6092 355 238
3335 612 217
9589 387 262
7703 13 262
2673 759 209
2643 614 209
5209 833 238
1413 177 182
5625 20 238
5936 873 238
5506 100 238
4218 745 238
8576 244 262
8312 248 262
4310 220 238
5933 666 238
3694 977 217
3895 815 238
8616 262 262
5868 649 238
9653 675 262
2200 109 182
3307 560 217
6039 578 238
9428 589 262
8511 171 262
1979 950 182
1446 214 182
8241 632 262
8460 137 262
3761 54 238
5804 402 238
4013 434 238
2818 923 209
7860 914 262
8905 901 262
6652 119 262
2582 852 209
6612 978 262
6834 967 262
951 452 179
9768 255 262
7312 979 262
3185 160 217
9148 155 262
7691 558 262
608 8 144
3213 156 217
1044 613 179
4926 811 238
3755 542 238
2207 819 182
8709 142 262
506 162 144
5718 158 238
6460 73 262
7440 402 262
9598 400 262
5520 919 238
5378 575 238
6606 786 262
7023 659 262
2577 788 209
8054 63 262
3826 269 238
457 689 145
4278 4 238
187 551 144
5616 506 238
8760 606 262
5989 362 238
6999 959 262
4652 220 238
9873 847 262
171 382 144
7547 746 262
1290 775 182
4455 403 238
7112 356 262
3691 993 217
9687 952 262
5706 530 238
2286 96 183
7003 411 262
5977 350 238
6082 327 238
3600 972 217
123 924 179
1488 610 182
4617 905 238
8535 959 262
7547 732 262
1321 428 182
8000 985 262
6653 316 262
7773 353 262
1301 84 182
5047 455 238
3368 278 217
5011 920 238
1900 694 182
2141 383 182
9433 957 262
8243 679 262
8362 354 262
4092 985 238
9002 78 262
8058 876 262
2271 186 183
9497 195 262
9414 800 262
1680 648 182
1828 652 182
6728 301 262
3296 733 217
4264 679 238
196 540 144
8960 541 262
3064 137 217
4474 737 238
9744 272 262
7405 331 262
6950 562 262
4694 7 238
1113 965 169
6643 913 262
6354 956 262
5727 898 238
3606 236 217
5786 445 238
4058 201 238
6356 23 262
9193 852 262
1350 683 182
3663 145 217
4863 90 238
8268 627 262
6868 484 262
8692 741 262
2893 757 209
8711 558 262
6277 502 262
5230 21 238
8822 23 262
1719 99 182
958 710 179
8782 317 262
5240 975 238
5502 431 238
7374 197 262
3538 324 217
8072 331 262
2514 515 209
7538 524 262
