5527 8165 262
87 3346 217
7832 3436 262
5113 9201 262
7575 1216 262
7685 9318 260
8611 5016 262
2524 5244 238
8006 7380 252
4219 2806 238
6017 5582 218
1309 1719 180
4381 2540 238
2186 4058 238
6493 2447 262
8687 8348 234
6276 5006 262
7509 4193 262
7738 7477 208
8113 9935 260
7801 9168 252
1411 8440 262
7181 1844 262
7353 7952 239
5126 7404 262
4566 5713 236
6011 3409 238
3085 8324 262
6460 8376 257
2132 9480 262
534 854 171
1807 8755 262
5478 8326 262
1065 5612 238
3679 5910 238
2518 8593 262
469 1166 182
4970 1396 238
5794 6188 262
9964 7801 260
8846 6193 257
4410 1250 238
3590 7985 262
9369 3314 262
7149 5789 262
8070 5741 262
2994 8217 262
5109 1231 238
1831 8260 262
7005 8910 252
8574 3671 262
4758 7326 262
824 6801 262
8693 4105 262
8744 8850 216
7132 2978 262
2395 9323 262
1117 9117 262
7614 3117 262
8862 6091 262
2575 4668 238
4795 6566 262
1015 4452 238
6121 3512 238
3597 3005 199
5769 9442 262
1437 5385 238
6483 6541 200
6087 3960 236
9313 892 262
5537 4159 215
1553 2051 180
8938 656 262
1789 6077 238
9620 8616 260
8442 259 262
5323 3280 238
4362 5153 215
1327 9017 262
1827 720 182
1669 3213 217
625 751 171
8736 6746 257
6732 9509 260
4442 4063 215
7537 6267 257
5241 9851 262
3494 4400 238
8510 7954 252
8943 4484 262
4021 9634 262
3608 2193 217
7503 7077 239
4162 9609 262
7410 4624 262
1001 4963 238
7663 8370 252
5260 9884 262
7635 1248 262
8574 9842 260
6842 5732 262
9987 9418 242
653 43 145
7792 749 262
5071 4247 215
144 8155 262
1773 7826 262
621 6656 262
5531 7001 262
5312 8792 262
6174 2800 262
7946 5900 262
3641 1730 217
1422 6103 238
3706 8172 262
5304 6827 262
4741 1815 238
6091 4617 236
7019 8106 252
9429 1733 262
4312 7985 262
5544 2675 238
3496 8865 262
4576 7683 262
7299 8071 252
2574 1052 209
7275 4572 262
1844 6840 262
1934 6670 262
1816 3316 217
8284 8582 234
1723 2181 180
9631 6372 260
5618 6268 262
6095 5434 236
8596 2848 262
5384 8538 262
9979 3799 262
437 7069 262
3351 307 217
2887 8478 262
9525 1776 262
363 1209 182
7438 9296 260
7228 9717 260
3529 7933 262
2768 2367 209
6628 9993 260
4132 5933 236
3686 8669 262
8818 4366 262
1016 4930 238
2219 7607 262
7369 256 262
5866 9319 262
1068 1907 182
8536 6723 257
1361 7923 262
3588 3157 199
2605 3463 217
4739 4303 215
5821 8459 262
9968 7609 260
5783 3954 236
9462 9326 198
6287 3537 262
7525 7373 239
8781 16 262
9140 5963 262
5572 7342 262
6575 7342 257
179 7585 262
5027 4436 210
8622 1261 262
6975 3910 262
8660 2577 262
6485 6241 200
4508 4965 210
466 4079 238
9907 663 262
660 3399 217
562 7169 262
5700 837 238
5342 4448 210
3165 9888 262
9844 8462 260
3246 7813 262
7859 9937 260
3609 5404 238
5766 4458 236
6525 4191 262
3684 7481 262
3379 2131 217
8570 8320 234
9493 7859 260
3750 5362 215
4312 4374 184
7645 2805 262
882 1675 182
6853 653 262
2063 473 182
719 9432 262
2087 6515 262
8685 6035 262
4254 828 238
4456 9847 262
121 5553 238
9051 9909 260
8770 7585 252
2832 6946 262
2051 5835 238
3978 1601 238
5459 2636 238
3883 7819 262
1624 5892 238
2273 6808 262
3221 1631 217
7760 1141 262
9629 6801 260
5622 3511 238
2387 461 183
8117 5970 262
4794 3473 238
4794 5551 210
6237 2953 262
7100 2809 262
3965 1698 238
4373 7452 262
1232 444 182
2829 9751 262
5130 5564 205
8929 3882 262
1197 8673 262
3126 8902 262
1450 8167 262
79 6921 262
1494 697 182
5013 1299 238
5370 8649 262
8457 7044 252
8733 6992 252
7169 5998 262
8401 2358 262
6904 7609 257
1493 4482 238
4106 5486 215
1082 5700 238
7136 3048 262
515 5334 238
7686 2943 262
2277 534 183
9351 6556 260
5723 1369 238
7526 8400 252
7017 5175 262
816 6371 262
7624 6473 257
1725 8911 262
6463 3406 262
7502 2461 262
9524 9391 198
9994 175 262
7098 3547 262
2061 5557 238
6644 5579 262
671 131 145
6460 2081 262
6760 5034 262
7927 8154 252
5190 9822 262
524 2086 182
306 6176 262
6521 6353 200
7887 1620 262
1643 3819 238
3625 1122 217
35 4786 238
9814 7995 260
2394 8799 262
1515 694 182
9636 2007 262
2668 3474 217
2113 7545 262
8026 1304 262
1431 6385 262
3739 6788 262
905 3802 238
7006 8736 252
5353 7373 262
7337 2760 262
7541 5113 262
4206 3586 238
59 8149 262
4968 2558 238
5394 4097 215
1809 2613 209
5159 1747 238
4336 5089 215
1949 9510 262
8923 7954 252
9784 3999 262
9717 4943 262
5010 9462 262
8597 1212 262
3583 7728 262
4500 5839 236
692 8288 262
9983 5017 262
3768 5882 236
9450 7774 260
6616 1549 262
4077 1538 238
5359 5718 236
6740 2358 262
3100 1285 217
7394 3734 262
8301 1486 262
969 7768 262
6236 7124 257
699 2418 183
3023 5548 238
5319 6110 236
1472 2400 183
4352 8287 262
476 6300 262
3116 6233 262
2226 575 183
9781 5151 262
9453 6309 260
4464 7689 262
3368 9707 262
2245 4102 238
1907 1976 175
757 435 171
6364 17 262
1221 5178 238
5798 2394 238
6403 3575 262
8942 6937 257
7886 2288 262
8970 3413 262
8417 3149 262
9784 255 262
249 9793 262
4601 1996 238
1523 4453 238
4103 9252 262
388 2567 209
7349 5367 262
2025 9728 262
5559 193 238
9216 4531 262
8886 5154 262
3833 8868 262
7371 5648 262
7010 7758 239
5444 2602 238
8705 2918 262
3398 7899 262
7104 6451 257
5341 1622 238
7682 8803 252
1362 1506 172
1347 645 182
9217 7676 252
4940 6199 262
4317 4413 215
7977 5999 262
9207 4906 262
295 3647 217
5613 1311 238
7753 5952 262
1461 9747 262
8699 9553 260
3823 222 238
6106 5441 236
8387 4485 262
7492 7993 252
3690 1686 217
3269 303 217
6700 5299 262
523 7897 262
3559 769 217
5631 2581 238
6099 557 238
9101 1672 262
1972 7384 262
6511 8217 257
2898 4722 238
3618 1119 217
9154 2834 262
7370 9096 252
4245 5236 215
4808 7845 262
605 4017 238
1094 4989 238
6008 6358 262
6146 6779 262
9693 1196 262
637 4125 238
6017 4864 236
6003 3096 238
873 5321 238
4541 5497 210
1409 5488 238
3420 4961 238
8544 5577 262
7328 4223 262
4656 4532 184
8077 6482 257
5789 8563 262
5544 9117 262
5185 2510 238
2913 3100 217
9575 3878 262
9962 4131 262
7879 2326 262
6332 3615 262
2123 1920 175
9810 72 262
9352 5514 262
8704 4525 262
2321 909 183
4530 650 238
1031 761 179
1774 3241 217
19 2291 183
4079 6361 262
5884 1082 238
6637 5879 262
3298 4533 238
4751 8889 262
71 7367 262
499 2731 209
1835 1689 180
3703 2223 217
4717 2691 238
9159 6665 257
1638 2781 209
4213 8271 262
9389 2755 262
3398 8798 262
7838 4530 262
4262 6152 236
9069 9346 260
8878 8211 234
3057 1790 217
4255 671 238
5880 8785 262
1361 4184 238
1752 9740 262
7404 1846 262
4729 5348 210
9390 3652 262
4734 1089 238
6176 2354 262
9998 9215 260
3889 2236 238
5079 8254 262
9932 7908 260
7968 9274 260
4388 7636 262
1940 3610 217
2668 4386 238
2310 2347 183
2862 7006 262
2736 4643 238
5379 1139 238
8816 5823 262
3478 1810 217
9966 2760 262
3708 9499 262
5244 857 238
7186 9023 252
8294 5474 262
8311 7940 252
1227 9857 262
5854 1723 238
3299 9590 262
5205 9799 262
6671 5836 262
7690 7044 239
6390 3858 262
9936 7981 260
9954 286 262
4318 7679 262
5821 8558 262
2368 7624 262
8735 637 262
1747 3980 238
1015 3523 217
5511 4224 215
2049 8287 262
569 5907 238
7461 8983 252
7570 9168 252
201 9996 262
9412 541 262
1718 4068 238
7880 3135 262
4698 3535 238
4825 6021 236
5874 2009 238
3786 1767 238
5439 1360 238
8849 1477 262
3642 6350 262
162 4128 238
6615 5934 262
8952 3093 262
3223 7724 262
1426 6461 262
9444 8012 260
945 7648 262
4820 8178 262
2591 9862 262
4651 5971 236
9825 5931 262
4627 4905 197
7311 7504 239
8369 4163 262
5348 1559 238
878 8434 262
6609 4679 262
8298 8558 234
3630 2566 217
3531 4377 238
9142 645 262
2830 1279 209
5553 9497 262
841 7395 262
2249 4735 238
1678 585 182
5283 7303 262
5247 6364 262
592 1165 182
7401 3082 262
6709 192 262
4706 1315 238
5168 7666 262
9520 7568 260
4794 3082 238
2883 7342 262
2339 3052 217
6496 9804 260
4395 4117 215
217 6411 262
3483 4772 238
6530 160 262
5782 2999 238
4569 6073 236
9471 2331 262
5510 27 238
1313 9845 262
7966 477 262
1943 4675 238
222 6829 262
1640 2602 209
3740 4767 215
9462 6718 260
9666 2346 262
5439 1794 238
4986 2382 238
3557 2904 217
1372 7539 262
1530 5242 238
4295 7128 262
7069 1794 262
8821 3925 262
4524 3706 238
2438 8652 262
4249 6289 262
7892 5795 262
4916 9260 262
7830 8086 252
1381 558 182
3350 3815 238
5552 151 238
5568 1 238
6420 1286 262
7443 3181 262
792 1063 179
1268 7902 262
2865 6015 238
2409 1396 183
5357 9974 262
8637 6543 257
4687 9448 262
6561 9104 257
2198 9722 262
7627 5381 262
8047 1137 262
1501 4162 238
4523 1801 238
1650 368 182
774 4130 238
8577 3447 262
7716 964 262
2279 5221 238
9771 4781 262
4630 1278 238
6732 9892 260
1751 4978 238
7868 7446 221
2943 4924 238
8660 8812 216
8329 5179 262
6130 8042 262
5943 2703 238
9706 6689 260
696 2859 209
1554 7200 262
8808 2985 262
5164 4550 210
7510 4145 262
467 8450 262
636 7537 262
9881 8245 260
8108 2680 262
1311 7385 262
2757 8887 262
1308 1357 159
3507 9570 262
3736 4987 215
2089 9999 262
8164 6225 257
4628 5041 210
3032 1356 217
627 4650 238
4848 25 238
9408 5597 262
5735 1250 238
5878 8502 262
2699 6316 262
6363 8986 257
7840 7847 177
9297 6647 260
1205 7686 262
6989 6029 262
8127 4479 262
6454 9214 257
1518 373 182
2885 2280 209
3433 6700 262
1443 7869 262
8106 2194 262
7623 721 262
1398 9724 262
1507 768 182
48 6284 262
1484 3913 238
3557 1833 217
9416 3445 262
1867 871 182
2205 6920 262
2196 428 182
5126 3872 215
6676 868 262
5897 6938 262
5113 7807 262
6618 9392 260
7048 8952 252
8058 44 262
2225 7948 262
2225 9425 262
3904 4086 189
9738 5906 262
6808 4202 262
5365 8172 262
6024 4387 236
7114 2380 262
1751 5536 238
4306 6744 262
4012 9861 262
4508 5388 210
2533 4643 238
2720 5551 238
7333 4101 262
3342 3396 181
1936 2762 209
6457 8218 257
7049 4997 262
6917 7184 257
1301 8415 262
5262 7419 262
4402 22 238
8807 6491 257
1114 4526 238
5669 2033 238
9520 5515 262
7194 162 262
7872 5493 262
9518 5539 262
7846 7806 177
7821 920 262
7852 5479 262
9153 1056 262
8763 4125 262
5730 4373 236
6339 6596 244
4891 1104 238
5799 9558 262
8590 4733 262
1008 5389 238
7320 5456 262
4917 1250 238
3360 1835 217
968 9316 262
7042 5773 262
451 3100 217
4164 118 238
6006 8696 262
2752 9516 262
9454 8786 260
2562 6204 262
675 1942 182
5606 5043 236
7611 2861 262
923 481 179
6521 7731 257
8883 7883 252
8833 2196 262
2341 8099 262
5229 7953 262
8468 6024 262
5731 1272 238
5715 6047 218
7993 7834 252
9347 5092 262
7641 8685 252
7494 9929 260
3756 6931 262
8296 7760 252
1480 9217 262
4290 144 238
8315 485 262
4166 3605 238
5573 3058 238
6579 2716 262
9913 1507 262
3860 3241 238
6721 1960 262
7622 9388 260
2418 3517 217
2910 5866 238
2742 8415 262
9272 9977 242
3073 6554 262
6330 6174 200
2986 6510 262
2302 9762 262
4486 5589 236
290 9072 262
471 6725 262
1697 5507 238
7748 3747 262
1255 5740 238
450 3352 217
5276 7301 262
3443 6249 262
8603 8513 172
2746 8652 262
6618 1224 262
8670 6506 257
8544 3811 262
1269 6192 262
5216 1283 238
4404 1644 238
7744 9108 252
2572 456 209
5286 5022 192
7645 9993 260
2891 4283 238
1081 4976 238
4670 3680 238
2083 6636 262
4125 9741 262
3847 4858 215
9143 5595 262
207 6620 262
9059 2244 262
8293 2991 262
1077 9906 262
8397 5804 262
8489 8925 216
3521 3299 181
6269 9855 260
7752 6597 257
7023 8144 252
3511 1864 217
9453 5386 262
3674 8158 262
1511 8662 262
3906 1203 238
9756 1911 262
8807 8281 234
1591 630 182
3080 3363 199
8596 8896 216
5186 5791 236
3323 9684 262
7973 6415 257
6778 833 262
7009 3530 262
9898 4782 262
1358 2277 183
773 3442 217
6597 2904 262
707 6899 262
2122 4751 238
9129 7621 252
2808 5564 238
9325 8664 260
6578 7131 257
7313 9441 260
8556 6041 262
2958 575 217
7449 6272 257
705 2615 209
8556 6769 257
2561 3042 217
2144 3579 217
1165 6596 262
6809 4244 262
2018 8085 262
250 5173 238
7118 7334 195
7161 7318 195
1842 9796 262
1153 1290 182
5309 5875 236
8017 2074 262
9155 4659 262
4323 7828 262
9747 2826 262
2104 8177 262
4331 9413 262
9717 3655 262
3377 6873 262
3966 5187 215
6555 4243 262
139 4689 238
8307 2091 262
757 6055 238
7758 9005 252
4251 2433 238
2305 8032 262
1628 1965 180
6447 370 262
373 4158 238
4893 2888 238
7498 7845 221
5188 8017 262
5611 1306 238
956 9359 262
6988 8927 252
5172 3597 238
3382 828 217
1848 4809 238
3586 3304 194
9773 8463 260
7217 6512 257
6942 6242 244
7788 1283 262
8111 1520 262
6365 9852 260
2866 2008 209
909 2418 183
8812 2333 262
5805 7149 262
7895 5198 262
8798 7749 252
3065 3301 199
3513 8724 262
5690 7703 262
6791 6679 182
3569 4495 238
812 755 153
2438 4049 238
1582 5314 238
9185 9974 260
860 9395 262
6943 2201 262
5124 4225 215
3563 8476 262
3435 5811 238
8122 7530 252
3715 105 238
5962 5959 125
3577 7746 262
8504 6665 257
1076 738 179
9360 1286 262
6132 1337 238
2370 3613 217
5028 5080 179
1293 3818 238
5171 7748 262
1874 9039 262
6236 6142 262
2910 1229 209
1528 5425 238
2593 2259 209
1780 4916 238
6105 1601 238
2857 8228 262
6718 3247 262
7817 1506 262
1659 7311 262
9428 2966 262
3005 9275 262
1550 5857 238
9391 9289 198
1936 8788 262
6341 4364 262
2314 4430 238
6920 2437 262
1410 8109 262
7030 3662 262
1602 9455 262
7348 3439 262
9176 7568 252
2283 5341 238
7573 4393 262
433 4163 238
1050 1766 182
9194 4984 262
5473 8957 262
3482 1346 217
3118 837 217
9814 3844 262
2100 9282 262
1598 9703 262
6656 9382 260
1055 2586 209
1619 4583 238
5485 7989 262
2223 3453 217
1698 3219 217
4447 669 238
5630 7963 262
7024 2919 262
8093 9703 260
2823 3800 238
7594 6644 257
5642 4008 236
2864 6080 238
7149 8447 252
239 7462 262
3620 9949 262
3052 3928 238
1787 5070 238
1168 9191 262
1510 577 182
3106 5071 238
5915 2636 238
8554 9010 247
797 6385 262
182 2112 182
8752 3036 262
4295 7065 262
8479 2036 262
1126 5572 238
5834 8233 262
7356 4476 262
5269 2200 238
6294 1738 262
4302 7766 262
9142 1824 262
2004 1448 180
7203 4665 262
567 4425 238
8040 9670 260
9179 3068 262
777 5872 238
9 7081 262
8617 4858 262
6998 701 262
8770 569 262
3753 4355 202
3500 306 217
7947 6336 257
4304 1971 238
1042 1695 182
8029 9742 260
4626 5939 236
5988 8648 262
4124 2091 238
2387 5145 238
1628 1171 177
412 2437 183
7443 3499 262
7185 5936 262
6635 4322 262
9860 5562 262
2362 9579 262
7749 1395 262
8208 7036 252
2666 2382 209
9642 6706 260
