4644 4614 184
2264 2456 183
8392 9223 247
9465 7336 260
5647 3037 238
5425 8559 262
8856 8889 185
4592 4747 184
687 3499 217
516 1551 182
9217 1261 262
2889 911 209
342 7064 262
2571 5004 238
4791 469 238
6662 845 262
4964 5308 192
9333 2082 262
747 2406 183
6177 8596 257
506 5617 238
8327 2725 262
3693 7140 262
5107 7946 262
1398 7867 262
4440 8311 262
1632 8968 262
4830 2625 238
8757 4626 262
8933 7037 252
5688 7221 262
2373 4956 238
1560 4332 238
4783 2944 238
583 533 137
5567 1089 238
5662 9326 262
9541 5504 262
9661 4794 262
8542 1259 262
2167 434 182
9899 8900 260
7709 1431 262
7078 6370 257
6681 6061 262
9831 7206 260
2553 6904 262
969 7435 262
9325 4056 262
959 7674 262
9212 825 262
22 9016 262
3351 469 217
5219 5886 236
2974 5061 238
1405 5602 238
4216 3426 238
3181 8098 262
1118 4845 238
6877 4150 262
7619 6659 257
9622 7387 260
8079 560 262
9857 9410 211
5889 2916 238
5142 3452 238
2388 7318 262
3734 4646 215
2996 1377 217
7262 1423 262
2871 9086 262
8816 2148 262
9809 4557 262
3020 9411 262
1900 9980 262
4112 5302 215
4390 4739 184
6580 5761 262
6284 1583 262
2347 9563 262
7921 8652 252
2038 9675 262
2507 5037 238
692 272 145
534 1181 182
6864 4934 262
2935 4233 238
3488 9982 262
8396 9886 260
8655 1957 262
9432 97 262
6244 955 262
737 8884 262
6823 4205 262
2934 1157 217
4181 6881 262
3499 1794 217
9162 5680 262
3454 3550 181
8850 9378 260
21 4700 238
8511 1487 262
6080 7797 262
2010 2329 183
7387 2333 262
1741 4854 238
6533 1629 262
6342 7553 257
9003 4648 262
7913 4780 262
526 848 171
3653 1310 217
6860 126 262
8145 6582 257
9758 1246 262
4500 3232 238
5060 9216 262
4148 3752 189
5474 6334 262
1046 5437 238
9372 390 262
4088 9574 262
6636 72 262
3 8971 262
6314 2082 262
7451 8404 252
2240 627 183
170 1485 182
8763 8353 216
4463 6196 262
2805 568 209
7774 6722 257
1933 4168 238
1201 5238 238
8239 3051 262
89 9445 262
7860 285 262
4460 4526 184
5301 9913 262
4302 5049 215
1488 9724 262
7652 9611 260
2713 2300 209
3377 182 217
5513 9283 262
8145 8479 234
6960 3241 262
6915 6840 182
5953 2836 238
3607 8039 262
9552 9459 198
4347 9400 262
721 4627 238
7273 2580 262
7939 8235 252
5357 845 238
9477 7411 260
8142 128 262
5668 8747 262
596 9121 262
5411 2684 238
6490 9382 260
1672 9014 262
6376 6710 244
5433 2867 238
8223 180 262
4406 4454 184
5269 67 238
921 7495 262
956 5353 238
4589 2547 238
7719 509 262
9822 6430 260
7815 8936 252
5294 7180 262
8724 2207 262
9973 7268 260
2712 7046 262
8016 2832 262
424 2406 183
81 1857 182
3195 3927 238
3276 2049 217
3703 880 217
3298 3377 181
1701 370 182
8199 7454 252
5354 1711 238
599 3020 217
497 6046 238
9989 3144 262
6783 3107 262
3565 4569 238
7100 2549 262
5147 8197 262
7459 9679 260
3551 2000 217
2995 1652 217
560 1222 182
6058 8770 262
1208 4952 238
5587 8083 262
9040 659 262
2421 4066 238
2817 5605 238
366 5401 238
2871 4131 238
3596 8220 262
8700 6810 257
6018 6191 262
9400 8846 260
3791 6087 236
1869 5518 238
8052 3485 262
479 6303 262
8806 6846 257
8378 9680 260
7048 1843 262
7425 9919 260
4595 8370 262
7530 7835 221
9765 3195 262
7523 1959 262
4704 5901 236
4856 8321 262
239 9214 262
4093 1371 238
6412 6237 200
1274 3696 217
3882 8601 262
3835 9378 262
6680 9215 257
150 6116 238
6213 130 262
758 9804 262
3290 4338 238
9481 2053 262
2793 7547 262
9602 3545 262
2646 9890 262
4402 9630 262
1735 8517 262
2943 6620 262
7997 8927 234
952 1800 182
6987 3312 262
2666 2651 147
6490 2731 262
2431 4688 238
654 7514 262
2913 4869 238
7773 9897 260
3918 4674 215
3709 290 217
291 9939 262
4983 7994 262
1579 636 182
2517 3719 238
1724 3581 217
6387 6374 200
9834 9847 167
3003 236 217
6097 3546 238
8892 9752 260
2176 5822 238
7922 9944 260
3281 8643 262
3630 632 217
292 8486 262
8929 5812 262
6828 4122 262
2656 1849 209
3778 1417 238
8358 2702 262
182 301 128
6054 7420 262
5499 4471 210
7151 1098 262
2056 6027 238
729 4752 238
8316 2101 262
8489 8232 234
7051 3041 262
1783 6962 262
8745 5339 262
5667 913 238
5350 8157 262
5972 7657 262
4675 1739 238
8592 6859 257
3503 1605 217
5840 9817 262
532 6066 238
5882 588 238
4450 5231 210
3863 4932 215
4864 3383 238
643 6900 262
5630 5834 205
3491 8880 262
6074 2345 238
7019 7762 239
5779 4596 236
7624 3611 262
786 2408 183
6953 2431 262
7432 5465 262
1405 2539 209
4331 9186 262
5313 6028 236
3989 1620 238
4655 1677 238
9273 242 262
6825 706 262
6191 9302 260
232 8904 262
74 4878 238
8888 292 262
9221 1116 262
9005 3641 262
6349 5859 262
6401 6908 244
3084 2293 217
6219 3243 262
4267 3681 238
9625 7147 260
2769 8664 262
6448 7087 257
6333 8275 257
6379 9610 260
2371 3451 217
3025 6554 262
4967 8310 262
1547 5296 238
2359 4382 238
1138 2155 182
4126 2151 238
9896 2871 262
7320 8452 252
4808 1166 238
5284 3611 238
4627 7989 262
515 9906 262
6350 1371 262
6813 7999 257
2021 4322 238
1027 9084 262
1020 7324 262
1308 4156 238
790 1463 182
8059 3659 262
7477 9690 260
2953 8175 262
434 7440 262
7291 6910 257
9669 791 262
3055 7457 262
771 3366 217
5765 3621 238
1895 1015 182
6713 6402 244
4995 6759 262
7862 6647 257
3550 3174 199
1806 7937 262
6141 4238 236
7116 1501 262
7667 7875 221
6362 706 262
4510 4845 197
2380 6390 262
6017 4808 236
2245 7399 262
8392 462 262
900 583 179
4132 9896 262
9888 1609 262
6406 502 262
9947 8144 260
2790 3808 238
8137 6846 257
8291 8964 247
1789 5301 238
8383 2590 262
4466 9452 262
3570 9925 262
8340 2363 262
8243 2302 262
1312 9988 262
5475 2083 238
2108 3851 238
3121 8782 262
3468 1194 217
3938 8352 262
1437 5388 238
4773 5722 236
1093 8543 262
9670 279 262
695 1639 182
3790 8032 262
1039 1795 182
4613 9604 262
7244 4083 262
3680 9324 262
4694 5602 236
3457 2760 217
3587 271 217
4636 5763 236
5377 3572 238
3554 81 217
9400 2357 262
27 8252 262
1267 5689 238
4750 8706 262
6158 8703 262
7450 9866 260
2888 8107 262
8972 1097 262
9819 1791 262
2870 9393 262
3725 499 238
3924 9493 262
2893 6057 238
1711 5807 238
7856 3253 262
1141 9850 262
3640 8053 262
8483 3323 262
9153 3861 262
8129 8177 177
4633 1820 238
937 9281 262
630 4618 238
6837 3241 262
4958 5790 236
625 6935 262
8293 2182 262
5360 8753 262
8603 3888 262
8075 5086 262
43 5674 238
1201 8349 262
6464 2196 262
2593 9145 262
4864 5059 210
346 6375 262
2070 8567 262
6624 6833 182
4096 8794 262
9723 3390 262
6233 555 262
1053 1346 182
2497 9055 262
4605 7160 262
2639 3390 217
6902 5154 262
3920 8524 262
2448 1989 183
8974 6955 252
6529 7762 257
7975 6758 257
9208 8070 247
2000 8597 262
9856 9855 97
2667 1161 209
4550 7786 262
1229 5709 238
3018 3530 199
2075 9334 262
8999 2083 262
151 9531 262
4073 2093 238
8260 1883 262
1614 8355 262
3257 7573 262
6582 7050 257
7543 4248 262
7940 9515 260
9460 217 262
2579 4077 238
1468 6743 262
4455 1397 238
4812 9235 262
117 831 171
7266 3788 262
7079 4000 262
5267 4427 210
3159 3324 199
375 8970 262
4009 2607 238
184 3416 217
3546 8998 262
5375 5919 236
9267 6475 260
3362 4319 238
8310 8615 234
1178 4292 238
6674 2435 262
691 9100 262
9147 343 262
5749 3756 236
6183 1758 262
4250 5886 236
8032 1508 262
276 5454 238
5045 219 238
2335 2025 183
3353 2560 217
9307 4338 262
1605 7924 262
8662 1811 262
1227 4911 238
1914 2420 183
5108 297 238
2924 4654 238
2957 2979 142
3974 433 238
3266 4947 238
415 8885 262
2984 9776 262
9463 6772 260
1792 1077 182
448 4073 238
1213 6640 262
627 6014 238
4133 4985 215
4293 3045 238
6832 6847 151
6257 5974 262
2633 5394 238
1985 3122 217
3691 5390 238
8496 2862 262
6247 8321 257
8136 1623 262
7339 2091 262
6633 3915 262
1382 7734 262
9642 669 262
102 6157 238
8988 9726 260
6653 4631 262
6245 4852 262
3264 9589 262
7033 2699 262
5744 3614 238
4302 6809 262
1344 8873 262
5714 1339 238
4983 1372 238
5363 1737 238
3259 324 217
2281 4778 238
8995 2497 262
9480 9015 260
6009 4753 236
451 1878 182
2480 4516 238
6159 6652 262
8020 8131 190
9859 2629 262
6556 5391 262
3937 2403 238
6637 8892 257
4290 685 238
7645 6376 257
6928 5198 262
4794 1319 238
6234 9565 260
9871 7366 260
4640 3205 238
6814 9290 260
1488 4843 238
6208 7945 257
2319 8631 262
3650 9430 262
9320 9027 260
7644 8176 252
7850 8704 252
9360 8307 260
1353 9172 262
3816 5395 215
1928 1928 25
2519 8839 262
4509 5254 210
4314 5303 215
6825 4215 262
3355 879 217
7018 126 262
7031 6239 257
2639 3418 217
7034 6940 257
3605 8864 262
9749 8361 260
6005 3257 238
2491 7748 262
8808 3245 262
8656 763 262
8296 752 262
9543 7739 260
8889 6346 257
7145 4253 262
6600 5229 262
8238 8960 247
8088 4084 262
6331 7660 257
4940 1590 238
4993 7750 262
272 3350 217
6251 908 262
7954 3898 262
8445 8466 203
6826 2422 262
7616 777 262
8675 5821 262
1049 9934 262
9068 9278 260
9268 7195 260
1001 707 179
4525 6413 262
5797 3112 238
6304 7263 257
2126 4899 238
3235 5635 238
4926 1849 238
2974 7690 262
9033 3811 262
7445 1606 262
6099 3846 236
635 2165 182
7658 2530 262
3609 3426 194
9415 1524 262
4641 3168 238
7438 5409 262
5714 7344 262
8013 605 262
4933 4669 210
1708 216 182
1243 1959 180
2374 429 183
6456 7137 257
8988 1314 262
1139 8311 262
5815 3803 236
684 2850 209
2676 7813 262
5072 2763 238
6398 2045 262
696 7673 262
834 4454 238
2728 9618 262
1828 7647 262
6738 7969 257
6498 9997 260
746 3714 238
4769 6386 262
168 3156 217
8171 6625 257
3170 529 217
4247 1402 238
4723 6634 262
4644 1542 238
1271 372 182
9888 5808 262
5890 7422 262
8007 8629 234
6546 3240 262
4642 8254 262
8941 7200 252
2985 2051 217
973 5847 238
9940 2422 262
1307 8219 262
2896 2120 209
5609 3049 238
1337 8045 262
1463 2650 209
2747 3218 217
7069 2357 262
4995 7458 262
2323 8063 262
9766 3557 262
937 9964 262
8469 6050 262
2992 3432 199
6916 3731 262
7145 6903 257
5331 4406 210
8132 7738 252
1813 919 182
240 2502 209
2494 6917 262
563 2478 209
5643 2935 238
2790 720 209
4635 2375 238
4399 4650 184
8037 8459 234
2511 7112 262
4455 3676 238
3583 8707 262
462 179 144
1755 1249 180
2182 1894 175
7393 4430 262
4838 1919 238
3892 3487 238
7680 9242 252
1751 7700 262
7638 6085 262
1975 6853 262
5996 1385 238
4212 7243 262
8751 6768 257
4643 3474 238
8571 4744 262
1284 3630 217
4244 7191 262
1283 7659 262
5324 9816 262
1320 1379 159
1963 4679 238
4230 8673 262
5502 6630 262
3076 9692 262
9026 4364 262
2168 5977 238
240 1265 182
1997 5508 238
4819 6876 262
2521 1874 209
2050 6610 262
927 8623 262
9122 347 262
6543 861 262
2076 320 182
9091 730 262
4091 6025 236
1115 119 179
6318 1797 262
4114 1157 238
6567 2147 262
5983 8579 262
5460 7740 262
7912 6012 262
731 8147 262
9975 2510 262
5713 5496 236
15 9594 262
8202 6627 257
1886 4499 238
4951 6789 262
7649 3027 262
9948 764 262
7373 1994 262
5084 8325 262
2769 2502 191
8117 6129 262
1831 9429 262
443 2920 217
9339 5910 262
7774 4863 262
4957 7387 262
4699 6892 262
8656 1627 262
47 6292 262
4051 2727 238
8365 8882 216
6413 9186 257
7295 4032 262
1467 2830 209
658 4678 238
6937 6503 244
1708 5464 238
5824 9974 262
2133 6174 262
3738 1108 238
9848 8848 260
9164 8784 247
5967 5631 218
1302 4308 238
8998 9930 260
4430 5189 210
4291 1529 238
5079 5986 236
8840 9975 260
573 1289 182
4396 1985 238
69 4140 238
3939 4578 215
7180 4354 262
960 2244 183
1574 6570 262
4707 6927 262
4089 52 238
6050 1172 238
4305 2439 238
4995 4725 210
7839 8563 252
5287 3474 238
7335 5351 262
6340 8568 257
9247 3941 262
2455 2747 209
9502 4754 262
4511 8178 262
6563 29 262
3464 8238 262
8241 4455 262
2805 3855 238
9213 133 262
734 9420 262
7196 3964 262
3162 9360 262
5385 8200 262
9506 1086 262
2905 4803 238
5915 3942 236
3525 7951 262
438 3417 217
7925 2242 262
1557 120 182
5941 7369 262
3132 9490 262
6092 10000 262
957 7166 262
6646 779 262
3411 9196 262
4830 4855 166
7224 7509 239
6205 3721 262
7266 6077 262
3142 5239 238
2490 2585 178
5655 4989 236
6525 2860 262
1521 3655 217
3430 5953 238
3364 4580 238
3220 1242 217
8644 8981 247
1032 8477 262
1447 7678 262
8666 86 262
9286 3079 262
982 17 179
1848 7750 262
1820 7871 262
9039 689 262
3275 2426 217
5498 2398 238
5800 212 238
709 9113 262
8408 4345 262
2002 9458 262
4353 8353 262
2686 8396 262
2249 7545 262
1319 4307 238
7277 9977 260
5626 4608 236
6900 3597 262
9013 4649 262
2526 2872 191
2758 3999 238
6989 4296 262
1053 3270 217
57 2844 209
800 1515 182
9082 3146 262
4549 9055 262
2626 2001 209
2520 679 209
8639 6861 257
8698 7693 252
7372 357 262
6085 9946 262
9325 2263 262
3796 8323 262
3326 8899 262
6987 3218 262
8386 8988 247
4751 6661 262
3941 8786 262
3918 5852 236
1507 82 182
9300 8624 260
6523 7621 257
8651 7449 252
2999 9843 262
7697 1976 262
8034 2472 262
1764 2157 175
7369 4530 262
2731 449 209
4793 3072 238
9481 6404 260
6308 4735 262
6916 1745 262
632 9539 262
8106 8442 234
9513 4686 262
6562 1382 262
6621 6479 244
3588 4005 238
8161 1610 262
6871 7971 257
9081 3145 262
3334 1874 217
5831 5191 236
1042 5992 238
9065 7211 252
3532 9427 262
9235 5945 262
5525 6428 262
4349 9899 262
3541 6188 262
9782 6839 260
5163 111 238
5968 7672 262
6953 1837 262
9562 6951 260
7166 639 262
5964 9827 262
129 5143 238
5246 8371 262
2774 2210 209
6003 1627 238
3009 5263 238
154 1676 182
9408 3495 262
4995 3458 238
7770 9583 260
8239 50 262
3746 892 238
3796 812 238
9924 5 262
8102 2500 262
3397 5391 238
4244 4362 202
2798 6407 262
757 2135 182
5733 1869 238
1496 746 182
9691 1280 262
6121 2231 238
4616 8529 262
4680 1084 238
5543 3455 238
9539 9077 260
6970 1047 262
5004 7774 262
9060 1793 262
1421 4801 238
3476 5141 238
1728 4483 238
40 7107 262
1019 6970 262
7491 9426 260
2714 412 209
9126 5729 262
9061 226 262
7758 9312 260
2174 6928 262
8862 7531 252
6303 4830 262
4094 5743 236
6838 2728 262
9409 908 262
134 5257 238
901 788 179
1543 1951 180
6926 5138 262
2246 3663 217
2743 351 209
3259 669 217
6866 2432 262
2482 5714 238
5678 7075 262
2044 2466 209
808 7758 262
2688 4733 238
1841 3106 217
701 9811 262
1708 3257 217
4489 1009 238
5126 5143 148
6170 8426 262
3859 4617 215
82 7337 262
13 2316 183
3056 7695 262
7250 3102 262
1097 3808 238
6538 9981 260
5490 8800 262
2951 7730 262
7983 5368 262
3548 7558 262
