799715 799930 269
294238 294428 234
146912 147897 295
216517 216070 386
837262 836604 344
510404 510845 333
43103 43882 257
183218 184211 316
253942 254198 288
799556 800414 375
128335 127586 331
416628 416869 343
108922 109095 261
784537 784543 313
235644 236532 337
926959 926720 233
677398 677453 261
351775 352652 335
669977 670107 323
283028 283952 358
946694 947624 383
831927 831726 282
295300 294604 358
200303 200817 342
553761 554026 253
998431 998533 277
783347 782880 300
186296 187277 347
642845 643436 354
418534 417911 343
542856 543271 315
890741 891258 326
674381 674687 248
209404 209773 236
739052 739540 424
163124 163156 215
56232 56401 304
634870 635829 416
569546 569901 359
533177 533286 271
366263 365839 335
509218 509964 364
158654 158831 308
491925 492398 258
479699 480162 351
150806 151590 264
66347 66821 268
963906 964113 383
497444 498420 351
665269 665996 398
787367 787375 238
199193 199487 329
670572 670983 323
263407 262652 407
827359 827676 419
321855 322457 260
272100 272194 239
80754 81080 276
908267 907521 339
200908 201535 267
490923 490017 320
140101 140581 326
480699 479751 413
862068 862930 326
611126 611905 354
461712 461103 444
128817 129714 300
507789 507430 302
34459 33472 311
993075 993984 290
229129 229365 231
931463 931826 277
136488 136828 269
623331 624249 354
888772 889095 264
582218 582667 328
35113 35973 324
927592 928066 308
696203 697108 336
273468 273168 283
201965 202470 298
790237 790817 375
351435 351575 273
289045 289450 345
144322 144338 220
426762 427084 356
551099 550468 346
583491 584462 434
616441 615683 372
105946 105167 310
697635 698186 367
422936 423388 312
396244 396449 330
717687 717883 243
670862 671053 323
29523 29716 241
815099 815011 238
792403 792937 437
369272 369807 361
650945 650978 248
129439 130398 344
361027 360436 366
219929 219245 355
258683 259127 301
926938 926850 233
852675 852006 326
977922 978852 383
571361 571789 359
20920 21675 256
176938 177330 334
927495 928494 383
189288 189788 316
423482 423986 418
670621 670633 155
476654 477323 307
568696 569625 359
474725 475627 351
100268 100400 160
86979 87748 333
392779 393247 268
439139 439380 325
684618 683908 380
895143 895827 326
18045 18080 186
400328 401197 387
435676 435781 219
786996 787350 362
744720 745574 256
615591 615792 310
276986 276008 314
573901 574388 315
120372 121035 287
278324 277872 345
232393 233174 306
524182 524805 364
883900 884884 370
770532 770839 331
693556 694316 305
107820 108766 279
846151 845688 282
219850 220708 355
873682 872692 326
117356 117417 274
839164 838613 344
784063 783428 331
888199 887486 401
657465 657259 323
798753 798537 300
638596 638775 341
128416 128474 212
229328 229132 231
854776 855244 251
343349 343936 304
164463 164569 334
565033 565398 328
238347 238769 275
953719 953713 171
465078 465468 369
355862 355135 379
788897 788351 300
148149 148803 326
78441 77756 276
505875 506587 364
652723 653001 279
349560 349865 366
623738 623997 279
782187 782934 331
147302 148004 295
566700 566976 359
572937 573013 222
560443 561380 346
362785 362866 224
501240 501635 320
684109 683802 380
789602 789882 300
929973 929362 339
387095 387994 299
517519 517687 333
220436 220962 324
349963 349658 366
609332 609628 341
405283 405788 405
443514 443013 325
593362 594058 297
224853 225626 368
980498 980689 383
882550 882577 202
517946 518624 302
363321 362665 273
211603 210683 355
355661 356536 348
213433 213751 298
147855 147236 295
798275 797904 300
519700 519118 302
87945 88087 333
279170 279352 239
329088 329999 353
687907 688479 261
417594 417052 343
847387 847548 282
793695 794332 331
368785 368329 317
627706 628571 310
525878 526031 240
465514 466145 307
964399 963662 383
110164 110415 230
396091 396909 330
477948 477027 382
893471 894135 295
397196 397247 299
670466 670066 292
3055 3382 199
451586 451741 263
865981 865027 388
956275 957161 352
266467 266578 239
861723 862704 326
74840 73841 325
805033 805654 375
30380 31015 254
437203 437810 387
111703 112235 323
780093 779694 362
504141 504185 227
344005 344220 260
926460 927396 476
245629 245814 319
856626 857466 357
22361 22601 269
748761 748541 274
640115 639926 354
836615 837018 344
809735 810286 344
862125 861317 326
879730 880725 344
859197 859345 295
514876 514920 209
992649 992929 352
861055 861628 326
118924 119640 305
226526 226798 368
81279 82259 289
76060 76099 201
498464 499278 289
612177 612745 310
492264 492302 245
531348 532035 346
521818 522547 333
342487 342631 353
220967 220507 249
414947 414689 281
184793 185791 329
615770 615834 310
327171 327188 247
442072 441489 294
454414 454490 232
361778 362421 361
224970 225395 368
381131 380752 286
629002 628641 235
737460 737809 287
776674 776473 300
653227 653515 248
968416 968803 308
578585 578772 253
139832 139899 251
717824 718275 318
492824 492974 227
21098 22050 269
804235 803266 300
449831 450779 387
464372 463859 307
671506 671713 323
57084 58029 304
605512 606501 328
240989 241847 275
720585 720461 230
681316 681734 336
471732 472519 276
308688 308830 327
144131 144716 326
763780 763852 300
849511 850027 357
924359 924477 352
905853 906035 264
718834 719680 318
421027 421795 325
697834 698604 367
91286 92200 333
10986 11338 237
548410 548646 222
799448 800051 375
559786 560332 359
165106 165296 290
227455 228260 337
143314 144245 282
369264 369647 361
286192 285691 283
986614 987488 396
721267 721315 212
994623 995586 290
401581 400784 387
896950 896861 233
377965 377592 361
210183 209344 342
708668 709576 336
584478 585054 359
571008 570362 328
674515 675496 367
870766 871524 295
687327 686753 398
998719 997841 277
625893 625472 310
853216 854022 357
717533 717610 349
699270 700007 367
194040 193439 329
514991 514006 364
372669 373235 286
848307 848971 313
893653 892961 326
199478 200233 311
617554 616567 328
147016 147903 295
643903 644237 261
680465 681435 336
844176 844671 357
497741 497126 289
828969 829399 375
22992 23156 238
508939 509365 377
335272 335655 260
393225 393836 361
136917 135952 313
795840 796151 468
442486 442454 294
44941 45057 283
419499 419075 237
761486 761590 256
557758 558193 315
715675 716219 380
723468 724424 274
150586 151578 295
704131 703762 305
396659 397098 330
884348 885068 295
478985 478626 338
287153 287814 327
16229 16524 266
573696 574625 328
913938 913294 357
678886 679487 292
281872 282107 252
190295 190687 298
406993 406831 343
536504 537114 377
982221 981399 321
744707 745155 243
44582 45453 314
421295 422099 325
116893 117146 274
857168 857464 357
587753 588429 328
319892 320450 353
29379 30176 272
247837 248553 319
362932 363687 317
245636 245698 182
39382 40304 306
540501 541484 408
903199 902370 383
969067 969477 352
776426 776375 194
119973 120912 318
282655 283309 358
909706 909132 326
218245 219190 324
219285 220001 355
829677 828679 375
825223 824420 313
664545 664033 367
939202 940053 507
422926 422449 325
296952 297183 296
866244 866728 326
102644 102197 310
911577 911915 220
802807 803796 300
651351 651828 323
380136 379779 304
844085 844100 313
829843 830536 344
982892 983570 383
613595 613685 279
240864 241371 288
377185 376532 423
626965 627758 341
632605 633468 354
997451 998275 440
536277 536656 333
676245 676956 305
922386 922304 277
755647 756032 362
473890 473143 307
656985 657028 217
467393 467764 413
960541 961367 414
438330 437409 294
21736 21876 238
555530 556083 359
729366 730038 318
103651 104350 297
917521 917554 202
228242 228617 355
563839 563688 253
755441 755518 362
766567 765819 331
117602 117667 199
337652 337842 229
487888 488669 382
164000 163590 321
466544 466689 307
23576 24551 251
744802 745356 256
242493 242931 288
579481 579735 328
653034 652274 354
256800 257094 345
968310 967770 321
791325 791543 269
772812 773460 393
268190 268964 270
251255 251888 319
437056 437947 387
704398 705312 504
279678 280401 345
485074 485405 320
38686 39352 275
291076 292029 296
80092 80387 320
999943 998207 396
964672 965511 277
430534 430528 175
740791 741232 362
589043 589789 297
72565 72644 188
470020 470337 307
214739 215688 280
591899 592335 403
469823 470458 307
686309 687094 398
24506 23928 251
943576 944480 352
631704 632205 385
743743 744020 318
257530 256880 345
852274 852984 313
487031 487857 382
382326 383194 361
339218 338525 291
135052 135863 344
358694 358834 348
845154 845302 401
147124 147274 251
349219 348456 291
804628 805135 313
571323 571760 359
119269 119980 305
652246 651268 336
32234 32908 267
162294 163182 339
787645 788469 406
382664 383470 330
485548 485847 289
741478 742014 318
225014 225275 368
306991 306147 309
57401 58397 273
706962 707622 274
93139 92650 315
802189 801517 406
82479 82143 307
953956 954925 383
132744 132663 207
581305 581475 328
907883 907987 233
139028 139260 300
45247 44539 314
545427 545643 346
821185 821956 375
440057 440236 232
894498 895158 370
436826 437662 387
395034 395385 312
79374 78760 338
566255 565796 284
656683 657171 429
228822 229365 262
313350 313728 309
254266 253805 288
749422 749955 393
208126 208392 280
71870 71314 250
468913 469618 307
642791 643647 354
829101 829348 375
764630 764993 362
892667 893580 326
167450 168037 290
828369 828382 176
851219 851739 344
363340 363957 317
717828 717327 349
129280 130186 344
905715 906691 445
827044 827195 282
910105 910616 476
134483 134716 238
661195 660508 292
211654 212123 311
289197 288418 389
964194 964423 352
898766 898897 370
848374 848393 282
663384 663413 217
80650 80401 245
754899 755309 318
658686 659221 323
452772 453706 369
636797 636329 279
372041 373020 286
309518 309531 190
319798 319897 247
760876 760564 331
689384 689130 336
684072 683171 380
111465 111304 323
764780 764139 362
11833 11346 237
128339 128694 300
624229 624556 341
575462 576161 346
878713 878914 313
701863 702852 380
558729 558530 240
190483 189810 360
471208 471693 232
659620 659784 354
570204 570519 377
28622 29006 228
142128 142565 300
845452 845234 282
576785 576952 209
251610 251863 226
826039 826108 282
554356 554423 240
14987 15570 271
561289 562037 328
773439 772661 393
675014 675468 367
26921 26798 246
756588 757080 349
697119 697478 318
689869 690851 336
26062 26692 308
280028 280833 345
907180 907790 326
156358 156522 295
887681 887852 295
554813 554735 284
390392 391227 361
843705 844498 357
429157 429442 263
687316 688192 380
315412 315030 340
726482 727441 349
971345 971836 339
699699 700552 367
285904 286253 283
639876 640445 354
511534 511357 320
433297 433614 343
263620 263623 102
641341 640994 261
696939 697751 318
821613 822336 357
153417 154176 352
527613 527229 346
661960 661693 292
844669 844740 251
504171 504450 364
278245 279096 345
765530 766207 331
585880 586570 359
949552 949805 352
859807 860662 357
649209 648816 385
552870 551993 315
219456 219428 293
648261 649120 385
323117 323180 203
498738 499558 333
464108 463669 307
642047 642292 416
835456 835753 313
788443 788727 300
176359 176630 303
502730 503360 289
393770 393881 237
264325 265182 332
861032 861182 313
745995 746745 287
470755 470154 307
171842 172830 303
478530 479463 338
988969 988691 308
615576 614895 447
266228 266610 301
292272 292227 296
780513 781504 331
460631 460102 307
438501 439135 400
550984 550822 271
906721 907106 339
548550 549370 333
903773 904549 295
354015 353852 211
22120 21662 269
18408 18028 248
838559 838457 238
103164 104042 279
427726 428367 374
789519 789484 194
862934 863886 344
623305 623589 266
342768 343496 335
518287 519113 439
370998 371552 348
70758 71301 312
722364 722897 367
520353 520692 333
342990 343511 335
394313 394118 255
484624 484631 214
174860 175524 241
451716 452036 294
673770 674188 367
554931 555148 346
861613 861545 282
884879 884487 295
628765 629284 279
130281 130969 331
993971 994268 290
496074 496945 289
946047 945875 308
17017 17569 235
541729 542414 284
54749 55212 229
757175 758095 331
10343 10221 242
541233 541654 364
628535 628658 235
782099 781702 362
349351 350075 366
303060 303573 327
901534 901924 295
705826 705762 305
909818 910336 476
401935 401743 268
497320 497923 289
716367 716627 305
965800 965683 259
174627 175084 303
839223 839849 388
809655 808688 313
285438 285533 296
111717 112443 323
717884 718223 318
231865 230993 350
743031 743676 318
59691 59445 273
885602 885187 370
340488 339551 366
451531 452338 294
766469 766989 300
818819 819032 450
974572 974644 264
155675 155188 308
701960 702819 380
158086 158662 321
692070 691605 442
179394 179346 303
20532 21393 256
88180 88490 196
895917 896322 339
60601 60827 273
281429 281547 252
662811 663221 292
367705 368587 317
193788 193849 267
576032 576381 284
936430 935786 321
617346 617348 173
664919 665106 292
257160 256922 345
530871 531039 346
844379 844712 357
522699 523401 302
142493 142941 375
451920 451193 294
933646 933650 171
474477 474169 245
426162 426936 356
66279 66722 268
697415 698350 367
756403 756183 256
558846 559753 284
139595 140496 344
740573 741004 362
467224 466631 369
360845 360802 211
259204 259427 270
367519 367753 255
296804 296125 327
559896 560354 359
812271 811913 362
327569 327687 291
932715 933146 370
172305 172370 303
226976 227306 306
385059 385086 237
71139 70947 312
369360 369644 361
71541 70774 325
853166 854131 357
93171 92173 315
179975 180950 365
519643 520031 364
205519 204797 355
617218 617236 191
342135 342553 278
838870 839069 282
488934 488655 320
706552 706876 274
712911 712840 243
2403 2895 209
454253 454294 232
620609 621470 310
481957 481668 289
636785 636753 248
757303 757569 318
668094 668298 261
638494 639076 341
965021 965994 321
649062 649689 385
796196 796850 344
234431 234444 182
460783 460910 276
924099 924097 171
761492 761082 300
837586 838239 525
299700 298719 371
700428 700629 305
320285 320608 296
81041 81441 320
120009 120458 318
9206 9766 260
429025 429143 250
279168 278316 314
847910 848542 313
468656 469007 351
169166 168647 334
462477 462753 307
487293 488143 382
208763 208423 311
565418 565066 328
825182 826041 344
402070 403049 268
4574 4912 197
39211 38753 275
474504 474434 245
695492 696069 336
277920 278622 345
582107 581657 328
717975 717632 318
75969 76077 201
634028 634238 310
883383 884163 370
946069 946765 383
801730 802325 406
870959 871264 264
637560 638102 354
844933 845041 326
598885 599421 372
250021 250225 319
559867 559909 271
79427 79414 276
153300 153012 264
425821 426567 312
196326 195837 329
276512 276523 239
779801 780162 362
136728 137012 313
732623 733275 318
784245 783537 331
20193 20335 243
799895 800047 375
115794 115785 212
381996 381389 374
359164 359020 229
212133 213054 355
477660 476704 382
851381 852322 344
556572 557034 346
741714 741915 318
845237 846193 313
431983 432035 250
702109 702117 243
86878 85904 302
970628 971338 352
482106 482563 351
442993 442789 263
257810 258784 301
28325 29063 228
192578 193217 347
488655 488832 320
854107 853687 357
963258 963304 277
8370 8664 203
997074 997294 352
74155 74300 263
472489 473094 338
557910 558063 315
560676 560839 315
508337 509204 377
239245 238597 350
40009 39556 306
775300 775637 300
776036 776900 331
481000 481866 369
20023 20801 243
561288 560911 315
700500 699737 367
780782 781295 331
926863 927280 476
637048 636767 310
420910 421528 325
270613 271435 363
735096 735826 424
940568 940166 383
907158 907503 326
80562 81499 320
403788 403652 237
126876 126538 331
574151 574176 191
844342 843936 357
274189 274003 314
547733 547343 377
13668 12864 276
446178 446971 325
337707 338310 335
391867 392336 330
455475 455525 263
102576 102798 310
141178 141714 282
442228 442857 356
78495 77751 307
348068 348203 229
29145 29783 272
529790 529839 240
345778 346096 441
848552 848554 158
324478 325424 384
98392 97979 266
168071 168535 321
883228 882586 313
156074 156630 383
886680 885810 357
130077 129123 344
675784 675583 274
40963 41848 257
56083 56225 322
968381 967825 321
381782 381817 255
486006 485769 338
189602 190112 360
234544 234722 293
983157 983666 383
558443 559337 284
99397 99553 204
410632 410949 374
449152 449880 369
948062 948283 383
776850 777234 300
527239 527606 346
726221 726963 349
329868 330600 291
484395 484855 320
150577 150748 295
132985 133683 313
592736 593306 328
206343 205463 329
839288 839068 282
396869 396830 268
486825 487703 382
293654 293423 296
904342 904868 383
704209 703994 305
903730 904640 295
180537 181192 285
87396 88175 333
311392 312015 278
560236 560494 359
282548 283125 314
822850 823269 331
960046 960004 202
871014 871626 282
98919 98173 266
211828 212339 311
491963 491411 320
704123 704977 504
854641 853738 419
708754 708701 274
418241 418691 343
977838 978182 383
128297 128629 300
427192 426736 356
556705 557123 315
444593 445219 338
771520 770723 349
522762 522395 333
829991 829378 375
82876 83172 289
796791 797485 375
886796 885937 357
841830 841861 220
178682 178815 272
15002 15372 271
352691 352620 273
455087 454984 263
838379 838672 313
109209 109959 310
722688 723016 380
535776 535044 302
995159 995885 290
681369 682015 336
621171 621244 235
983355 983389 277
525936 526763 408
654016 654903 323
686524 687220 398
332436 331446 353
783536 783560 225
361300 361949 286
127855 128468 331
359338 359526 317
383062 382182 361
195993 196288 236
415895 416235 281
235870 236545 337
582463 581716 328
39012 39999 306
996254 996615 352
54708 55129 216
120567 120770 243
806428 806252 300
227142 226382 368
840918 841209 313
26421 26475 277
601307 602013 403
69169 69342 250
274961 275079 208
571761 571238 359
441188 441627 263
342015 342122 335
69046 69857 299
302517 303202 340
575108 575414 315
900370 900512 383
878326 879299 326
861313 860739 326
442112 441284 294
678838 678546 380
798174 798581 300
522402 522508 271
587210 587606 297
90933 90973 209
916399 916546 233
642527 642601 248
382821 383495 330
549325 548454 333
388830 388960 268
84032 84587 320
805414 805690 375
316126 316404 247
281945 282434 314
182488 181547 316
208967 209018 280
